#
# There is insufficient memory for the Java Runtime Environment to continue.
# Native memory allocation (mmap) failed to map 291504128 bytes for G1 virtual space
# Possible reasons:
#   The system is out of physical RAM or swap space
#   The process is running with CompressedOops enabled, and the Java Heap may be blocking the growth of the native heap
# Possible solutions:
#   Reduce memory load on the system
#   Increase physical memory or swap space
#   Check if swap backing store is full
#   Decrease Java heap size (-Xmx/-Xms)
#   Decrease number of Java threads
#   Decrease Java thread stack sizes (-Xss)
#   Set larger code cache with -XX:ReservedCodeCacheSize=
#   JVM is running with Unscaled Compressed Oops mode in which the Java heap is
#     placed in the first 4GB address space. The Java Heap base address is the
#     maximum limit for the native heap growth. Please use -XX:HeapBaseMinAddress
#     to set the Java Heap base and to place the Java Heap above 4GB virtual address.
# This output file may be truncated or incomplete.
#
#  Out of Memory Error (os_windows.cpp:3557), pid=28896, tid=21056
#
# JRE version: OpenJDK Runtime Environment Temurin-17.0.6+10 (17.0.6+10) (build 17.0.6+10)
# Java VM: OpenJDK 64-Bit Server VM Temurin-17.0.6+10 (17.0.6+10, mixed mode, emulated-client, tiered, compressed oops, compressed class ptrs, g1 gc, windows-amd64)
# No core dump will be written. Minidumps are not enabled by default on client versions of Windows
#

---------------  S U M M A R Y ------------

Command Line: -XX:+HeapDumpOnOutOfMemoryError -Xmx1024m -Dsts.lsp.client=vscode -Dsts.log.file=/dev/null -XX:TieredStopAtLevel=1 -Xlog:jni+resolve=off -Dspring.config.location=file:c:\Users\MILU\.vscode\extensions\vmware.vscode-spring-boot-1.44.0\language-server\BOOT-INF\classes\application.properties org.springframework.ide.vscode.boot.app.BootLanguageServerBootApp

Host: AMD Ryzen 5 7600 6-Core Processor              , 12 cores, 15G,  Windows 11 , 64 bit Build 22000 (10.0.22000.1516)
Time: Sun Feb 26 12:32:50 2023  Windows 11 , 64 bit Build 22000 (10.0.22000.1516) elapsed time: 1.553852 seconds (0d 0h 0m 1s)

---------------  T H R E A D  ---------------

Current thread (0x0000018731e41e00):  VMThread "VM Thread" [stack: 0x0000004143400000,0x0000004143500000] [id=21056]

Stack: [0x0000004143400000,0x0000004143500000]
Native frames: (J=compiled Java code, j=interpreted, Vv=VM code, C=native code)
V  [jvm.dll+0x67741a]
V  [jvm.dll+0x834434]
V  [jvm.dll+0x835bde]
V  [jvm.dll+0x836243]
V  [jvm.dll+0x2457b5]
V  [jvm.dll+0x674329]
V  [jvm.dll+0x6689da]
V  [jvm.dll+0x30489b]
V  [jvm.dll+0x30bd96]
V  [jvm.dll+0x35b57e]
V  [jvm.dll+0x35b7af]
V  [jvm.dll+0x2db778]
V  [jvm.dll+0x2d9a2c]
V  [jvm.dll+0x2d8ffc]
V  [jvm.dll+0x31cdcb]
V  [jvm.dll+0x83a6eb]
V  [jvm.dll+0x83b424]
V  [jvm.dll+0x83b93c]
V  [jvm.dll+0x83bd14]
V  [jvm.dll+0x83bde0]
V  [jvm.dll+0x7e483a]
V  [jvm.dll+0x6762c5]
C  [ucrtbase.dll+0x26c0c]
C  [KERNEL32.DLL+0x155a0]
C  [ntdll.dll+0x485b]

VM_Operation (0x00000041462fd7a0): G1CollectForAllocation, mode: safepoint, requested by thread 0x000001873401f350


---------------  P R O C E S S  ---------------

Threads class SMR info:
_java_thread_list=0x0000018734055610, length=42, elements={
0x0000018731e457b0, 0x0000018731e47e90, 0x0000018732866010, 0x00000187328664e0,
0x00000187328669b0, 0x0000018732866e80, 0x0000018732867400, 0x0000018732843a80,
0x0000018732a52440, 0x0000018732a5c980, 0x0000018732a66ed0, 0x0000018732a83020,
0x0000018733862030, 0x0000018733c3ec90, 0x0000018733ac36f0, 0x0000018733b3f040,
0x0000018733f423f0, 0x0000018724bc9940, 0x0000018733b08350, 0x0000018733f81f90,
0x0000018733d79190, 0x0000018733d79b30, 0x0000018733d7a000, 0x0000018733d78cc0,
0x0000018733d79660, 0x0000018734019cb0, 0x000001873401a180, 0x000001873401e9b0,
0x000001873401c330, 0x00000187340201c0, 0x00000187340197e0, 0x000001873401a650,
0x0000018734020690, 0x000001873401e4e0, 0x000001873401f350, 0x000001873401e010,
0x000001873401ab20, 0x0000018734020b60, 0x000001873401b990, 0x0000018734019310,
0x000001873401db40, 0x000001873401ee80
}

Java Threads: ( => current thread )
  0x0000018731e457b0 JavaThread "Reference Handler" daemon [_thread_blocked, id=21776, stack(0x0000004143500000,0x0000004143600000)]
  0x0000018731e47e90 JavaThread "Finalizer" daemon [_thread_blocked, id=21780, stack(0x0000004143600000,0x0000004143700000)]
  0x0000018732866010 JavaThread "Signal Dispatcher" daemon [_thread_blocked, id=21784, stack(0x0000004143700000,0x0000004143800000)]
  0x00000187328664e0 JavaThread "Attach Listener" daemon [_thread_blocked, id=21680, stack(0x0000004143800000,0x0000004143900000)]
  0x00000187328669b0 JavaThread "Service Thread" daemon [_thread_blocked, id=21556, stack(0x0000004143900000,0x0000004143a00000)]
  0x0000018732866e80 JavaThread "Monitor Deflation Thread" daemon [_thread_blocked, id=21560, stack(0x0000004143a00000,0x0000004143b00000)]
  0x0000018732867400 JavaThread "C1 CompilerThread0" daemon [_thread_blocked, id=21592, stack(0x0000004143b00000,0x0000004143c00000)]
  0x0000018732843a80 JavaThread "Sweeper thread" daemon [_thread_blocked, id=21528, stack(0x0000004143c00000,0x0000004143d00000)]
  0x0000018732a52440 JavaThread "C1 CompilerThread1" daemon [_thread_blocked, id=24532, stack(0x0000004143d00000,0x0000004143e00000)]
  0x0000018732a5c980 JavaThread "C1 CompilerThread2" daemon [_thread_blocked, id=2936, stack(0x0000004143e00000,0x0000004143f00000)]
  0x0000018732a66ed0 JavaThread "Notification Thread" daemon [_thread_blocked, id=25180, stack(0x0000004143f00000,0x0000004144000000)]
  0x0000018732a83020 JavaThread "Common-Cleaner" daemon [_thread_blocked, id=21640, stack(0x0000004144100000,0x0000004144200000)]
  0x0000018733862030 JavaThread "C1 CompilerThread3" daemon [_thread_blocked, id=21824, stack(0x0000004144a00000,0x0000004144b00000)]
  0x0000018733c3ec90 JavaThread "boundedElastic-evictor-1" daemon [_thread_blocked, id=21916, stack(0x0000004144900000,0x0000004144a00000)]
  0x0000018733ac36f0 JavaThread "boundedElastic-evictor-2" daemon [_thread_blocked, id=21940, stack(0x0000004144f00000,0x0000004145000000)]
  0x0000018733b3f040 JavaThread "pool-10-thread-1" [_thread_blocked, id=21924, stack(0x0000004145000000,0x0000004145100000)]
  0x0000018733f423f0 JavaThread "LanguageServerApp-lifecycle" [_thread_blocked, id=21928, stack(0x0000004145100000,0x0000004145200000)]
  0x0000018724bc9940 JavaThread "DestroyJavaVM" [_thread_blocked, id=21888, stack(0x0000004142e00000,0x0000004142f00000)]
  0x0000018733b08350 JavaThread "pool-11-thread-1" [_thread_in_native, id=21932, stack(0x0000004145200000,0x0000004145300000)]
  0x0000018733f81f90 JavaThread "Simple-Language-Server main thread" daemon [_thread_blocked, id=3732, stack(0x0000004145300000,0x0000004145400000)]
  0x0000018733d79190 JavaThread "pool-6-thread-1" [_thread_blocked, id=23780, stack(0x0000004145400000,0x0000004145500000)]
  0x0000018733d79b30 JavaThread "ForkJoinPool.commonPool-worker-1" daemon [_thread_blocked, id=23776, stack(0x0000004145500000,0x0000004145600000)]
  0x0000018733d7a000 JavaThread "pool-3-thread-1" [_thread_blocked, id=23784, stack(0x0000004145600000,0x0000004145700000)]
  0x0000018733d78cc0 JavaThread "ClassGraph-worker-0" daemon [_thread_blocked, id=23624, stack(0x0000004145700000,0x0000004145800000)]
  0x0000018733d79660 JavaThread "ClassGraph-worker-1" daemon [_thread_blocked, id=23616, stack(0x0000004145800000,0x0000004145900000)]
  0x0000018734019cb0 JavaThread "ClassGraph-worker-2" daemon [_thread_blocked, id=23812, stack(0x0000004145900000,0x0000004145a00000)]
  0x000001873401a180 JavaThread "ClassGraph-worker-3" daemon [_thread_blocked, id=23804, stack(0x0000004145a00000,0x0000004145b00000)]
  0x000001873401e9b0 JavaThread "ClassGraph-worker-4" daemon [_thread_blocked, id=23796, stack(0x0000004145b00000,0x0000004145c00000)]
  0x000001873401c330 JavaThread "ClassGraph-worker-5" daemon [_thread_blocked, id=23800, stack(0x0000004145c00000,0x0000004145d00000)]
  0x00000187340201c0 JavaThread "ClassGraph-worker-6" daemon [_thread_blocked, id=23788, stack(0x0000004145d00000,0x0000004145e00000)]
  0x00000187340197e0 JavaThread "ClassGraph-worker-7" daemon [_thread_blocked, id=23792, stack(0x0000004145e00000,0x0000004145f00000)]
  0x000001873401a650 JavaThread "ClassGraph-worker-8" daemon [_thread_blocked, id=23760, stack(0x0000004145f00000,0x0000004146000000)]
  0x0000018734020690 JavaThread "ClassGraph-worker-9" daemon [_thread_blocked, id=23752, stack(0x0000004146000000,0x0000004146100000)]
  0x000001873401e4e0 JavaThread "ClassGraph-worker-10" daemon [_thread_blocked, id=23756, stack(0x0000004146100000,0x0000004146200000)]
  0x000001873401f350 JavaThread "ClassGraph-worker-11" daemon [_thread_blocked, id=23764, stack(0x0000004146200000,0x0000004146300000)]
  0x000001873401e010 JavaThread "ClassGraph-worker-12" daemon [_thread_blocked, id=23744, stack(0x0000004146300000,0x0000004146400000)]
  0x000001873401ab20 JavaThread "ClassGraph-worker-13" daemon [_thread_blocked, id=23720, stack(0x0000004146400000,0x0000004146500000)]
  0x0000018734020b60 JavaThread "ClassGraph-worker-14" daemon [_thread_blocked, id=23748, stack(0x0000004146500000,0x0000004146600000)]
  0x000001873401b990 JavaThread "ClassGraph-worker-15" daemon [_thread_blocked, id=23808, stack(0x0000004146600000,0x0000004146700000)]
  0x0000018734019310 JavaThread "ClassGraph-worker-16" daemon [_thread_blocked, id=24080, stack(0x0000004146700000,0x0000004146800000)]
  0x000001873401db40 JavaThread "ClassGraph-worker-17" daemon [_thread_blocked, id=7692, stack(0x0000004146800000,0x0000004146900000)]
  0x000001873401ee80 JavaThread "ClassGraph-worker-18" daemon [_thread_blocked, id=12364, stack(0x0000004146900000,0x0000004146a00000)]

Other Threads:
=>0x0000018731e41e00 VMThread "VM Thread" [stack: 0x0000004143400000,0x0000004143500000] [id=21056]
  0x0000018724c233c0 WatcherThread [stack: 0x0000004144000000,0x0000004144100000] [id=21632]
  0x0000018724c093b0 GCTaskThread "GC Thread#0" [stack: 0x0000004142f00000,0x0000004143000000] [id=21892]
  0x000001873349e3d0 GCTaskThread "GC Thread#1" [stack: 0x0000004144200000,0x0000004144300000] [id=21792]
  0x00000187334b5480 GCTaskThread "GC Thread#2" [stack: 0x0000004144300000,0x0000004144400000] [id=21796]
  0x00000187334f3400 GCTaskThread "GC Thread#3" [stack: 0x0000004144400000,0x0000004144500000] [id=21800]
  0x00000187334f36b0 GCTaskThread "GC Thread#4" [stack: 0x0000004144500000,0x0000004144600000] [id=21804]
  0x000001873372e8b0 GCTaskThread "GC Thread#5" [stack: 0x0000004144600000,0x0000004144700000] [id=21808]
  0x000001873372eb60 GCTaskThread "GC Thread#6" [stack: 0x0000004144700000,0x0000004144800000] [id=21812]
  0x000001873372f630 GCTaskThread "GC Thread#7" [stack: 0x0000004144800000,0x0000004144900000] [id=21816]
  0x00000187337ebd20 GCTaskThread "GC Thread#8" [stack: 0x0000004144b00000,0x0000004144c00000] [id=21828]
  0x0000018733961860 GCTaskThread "GC Thread#9" [stack: 0x0000004144c00000,0x0000004144d00000] [id=21832]
  0x0000018724c12360 ConcurrentGCThread "G1 Main Marker" [stack: 0x0000004143000000,0x0000004143100000] [id=21764]
  0x0000018724c12c80 ConcurrentGCThread "G1 Conc#0" [stack: 0x0000004143100000,0x0000004143200000] [id=22204]
  0x000001873397aad0 ConcurrentGCThread "G1 Conc#1" [stack: 0x0000004144d00000,0x0000004144e00000] [id=21840]
  0x000001873395f030 ConcurrentGCThread "G1 Conc#2" [stack: 0x0000004144e00000,0x0000004144f00000] [id=21868]
  0x0000018724c8dd40 ConcurrentGCThread "G1 Refine#0" [stack: 0x0000004143200000,0x0000004143300000] [id=1440]
  0x00000187340b4da0 ConcurrentGCThread "G1 Refine#1" [stack: 0x0000004146a00000,0x0000004146b00000] [id=21180]
  0x000001873417fc30 ConcurrentGCThread "G1 Refine#2" [stack: 0x0000004146b00000,0x0000004146c00000] [id=3244]
  0x00000187341480d0 ConcurrentGCThread "G1 Refine#3" [stack: 0x0000004146c00000,0x0000004146d00000] [id=8844]
  0x00000187343cd5d0 ConcurrentGCThread "G1 Refine#4" [stack: 0x0000004146d00000,0x0000004146e00000] [id=26676]
  0x00000187343cd8b0 ConcurrentGCThread "G1 Refine#5" [stack: 0x0000004146e00000,0x0000004146f00000] [id=25304]
  0x0000018724c8e280 ConcurrentGCThread "G1 Service" [stack: 0x0000004143300000,0x0000004143400000] [id=22172]

Threads with active compile tasks:

VM state: at safepoint (normal execution)

VM Mutex/Monitor currently owned by a thread:  ([mutex/lock_event])
[0x0000018724a40920] Threads_lock - owner thread: 0x0000018731e41e00
[0x0000018724bc7f30] Heap_lock - owner thread: 0x000001873401f350

Heap address: 0x00000000c0000000, size: 1024 MB, Compressed Oops mode: 32-bit

CDS archive(s) not mapped
Compressed class space mapped at: 0x0000000100000000-0x0000000140000000, reserved size: 1073741824
Narrow klass base: 0x0000000000000000, Narrow klass shift: 3, Narrow klass range: 0x140000000

GC Precious Log:
 CPUs: 12 total, 12 available
 Memory: 15516M
 Large Page Support: Disabled
 NUMA Support: Disabled
 Compressed Oops: Enabled (32-bit)
 Heap Region Size: 1M
 Heap Min Capacity: 8M
 Heap Initial Capacity: 244M
 Heap Max Capacity: 1G
 Pre-touch: Disabled
 Parallel Workers: 10
 Concurrent Workers: 3
 Concurrent Refinement Workers: 10
 Periodic GC: Disabled

Heap:
 garbage-first heap   total 299008K, used 89777K [0x00000000c0000000, 0x0000000100000000)
  region size 1024K, 12 young (12288K), 12 survivors (12288K)
 Metaspace       used 35745K, committed 36224K, reserved 1081344K
  class space    used 4638K, committed 4864K, reserved 1048576K

Heap Regions: E=young(eden), S=young(survivor), O=old, HS=humongous(starts), HC=humongous(continues), CS=collection set, F=free, OA=open archive, CA=closed archive, TAMS=top-at-mark-start (previous, next)
|   0|0x00000000c0000000, 0x00000000c0100000, 0x00000000c0100000|100%| O|  |TAMS 0x00000000c0100000, 0x00000000c0000000| Untracked 
|   1|0x00000000c0100000, 0x00000000c0200000, 0x00000000c0200000|100%| O|  |TAMS 0x00000000c0200000, 0x00000000c0100000| Untracked 
|   2|0x00000000c0200000, 0x00000000c0300000, 0x00000000c0300000|100%| O|  |TAMS 0x00000000c0300000, 0x00000000c0200000| Untracked 
|   3|0x00000000c0300000, 0x00000000c0400000, 0x00000000c0400000|100%| O|  |TAMS 0x00000000c0400000, 0x00000000c0300000| Untracked 
|   4|0x00000000c0400000, 0x00000000c0500000, 0x00000000c0500000|100%| O|  |TAMS 0x00000000c0500000, 0x00000000c0400000| Untracked 
|   5|0x00000000c0500000, 0x00000000c0600000, 0x00000000c0600000|100%| O|  |TAMS 0x00000000c0600000, 0x00000000c0500000| Untracked 
|   6|0x00000000c0600000, 0x00000000c0700000, 0x00000000c0700000|100%| O|  |TAMS 0x00000000c0700000, 0x00000000c0600000| Untracked 
|   7|0x00000000c0700000, 0x00000000c07ac200, 0x00000000c0800000| 67%| O|  |TAMS 0x00000000c07ac200, 0x00000000c0700000| Untracked 
|   8|0x00000000c0800000, 0x00000000c0900000, 0x00000000c0900000|100%| O|  |TAMS 0x00000000c0900000, 0x00000000c0800000| Untracked 
|   9|0x00000000c0900000, 0x00000000c0a00000, 0x00000000c0a00000|100%| O|  |TAMS 0x00000000c0a00000, 0x00000000c0900000| Untracked 
|  10|0x00000000c0a00000, 0x00000000c0b00000, 0x00000000c0b00000|100%| O|  |TAMS 0x00000000c0b00000, 0x00000000c0a00000| Untracked 
|  11|0x00000000c0b00000, 0x00000000c0c00000, 0x00000000c0c00000|100%| O|  |TAMS 0x00000000c0c00000, 0x00000000c0b00000| Untracked 
|  12|0x00000000c0c00000, 0x00000000c0d00000, 0x00000000c0d00000|100%| O|  |TAMS 0x00000000c0d00000, 0x00000000c0c00000| Untracked 
|  13|0x00000000c0d00000, 0x00000000c0e00000, 0x00000000c0e00000|100%| O|  |TAMS 0x00000000c0e00000, 0x00000000c0d00000| Untracked 
|  14|0x00000000c0e00000, 0x00000000c0f00000, 0x00000000c0f00000|100%| O|  |TAMS 0x00000000c0f00000, 0x00000000c0e00000| Untracked 
|  15|0x00000000c0f00000, 0x00000000c1000000, 0x00000000c1000000|100%| O|  |TAMS 0x00000000c1000000, 0x00000000c0f00000| Untracked 
|  16|0x00000000c1000000, 0x00000000c1100000, 0x00000000c1100000|100%| O|  |TAMS 0x00000000c1100000, 0x00000000c1000000| Untracked 
|  17|0x00000000c1100000, 0x00000000c1200000, 0x00000000c1200000|100%| O|  |TAMS 0x00000000c1200000, 0x00000000c1100000| Untracked 
|  18|0x00000000c1200000, 0x00000000c1300000, 0x00000000c1300000|100%| O|  |TAMS 0x00000000c1300000, 0x00000000c1200000| Untracked 
|  19|0x00000000c1300000, 0x00000000c1400000, 0x00000000c1400000|100%| O|  |TAMS 0x00000000c1400000, 0x00000000c1300000| Untracked 
|  20|0x00000000c1400000, 0x00000000c1500000, 0x00000000c1500000|100%| O|  |TAMS 0x00000000c1400000, 0x00000000c1400000| Untracked 
|  21|0x00000000c1500000, 0x00000000c1600000, 0x00000000c1600000|100%| O|  |TAMS 0x00000000c1600000, 0x00000000c1500000| Untracked 
|  22|0x00000000c1600000, 0x00000000c1700000, 0x00000000c1700000|100%| O|  |TAMS 0x00000000c1700000, 0x00000000c1600000| Untracked 
|  23|0x00000000c1700000, 0x00000000c1800000, 0x00000000c1800000|100%| O|  |TAMS 0x00000000c1800000, 0x00000000c1700000| Untracked 
|  24|0x00000000c1800000, 0x00000000c1900000, 0x00000000c1900000|100%| O|  |TAMS 0x00000000c1900000, 0x00000000c1800000| Untracked 
|  25|0x00000000c1900000, 0x00000000c1a00000, 0x00000000c1a00000|100%| O|  |TAMS 0x00000000c1a00000, 0x00000000c1900000| Untracked 
|  26|0x00000000c1a00000, 0x00000000c1b00000, 0x00000000c1b00000|100%| O|  |TAMS 0x00000000c1b00000, 0x00000000c1a00000| Untracked 
|  27|0x00000000c1b00000, 0x00000000c1c00000, 0x00000000c1c00000|100%| O|  |TAMS 0x00000000c1c00000, 0x00000000c1b00000| Untracked 
|  28|0x00000000c1c00000, 0x00000000c1d00000, 0x00000000c1d00000|100%| O|  |TAMS 0x00000000c1d00000, 0x00000000c1c00000| Untracked 
|  29|0x00000000c1d00000, 0x00000000c1e00000, 0x00000000c1e00000|100%| O|  |TAMS 0x00000000c1e00000, 0x00000000c1d00000| Untracked 
|  30|0x00000000c1e00000, 0x00000000c1f00000, 0x00000000c1f00000|100%| O|  |TAMS 0x00000000c1f00000, 0x00000000c1e00000| Untracked 
|  31|0x00000000c1f00000, 0x00000000c2000000, 0x00000000c2000000|100%| O|  |TAMS 0x00000000c2000000, 0x00000000c1f00000| Untracked 
|  32|0x00000000c2000000, 0x00000000c2100000, 0x00000000c2100000|100%| O|  |TAMS 0x00000000c2100000, 0x00000000c2000000| Untracked 
|  33|0x00000000c2100000, 0x00000000c2200000, 0x00000000c2200000|100%| O|  |TAMS 0x00000000c2200000, 0x00000000c2100000| Untracked 
|  34|0x00000000c2200000, 0x00000000c2300000, 0x00000000c2300000|100%| O|  |TAMS 0x00000000c2300000, 0x00000000c2200000| Untracked 
|  35|0x00000000c2300000, 0x00000000c2400000, 0x00000000c2400000|100%| O|  |TAMS 0x00000000c2400000, 0x00000000c2300000| Untracked 
|  36|0x00000000c2400000, 0x00000000c2500000, 0x00000000c2500000|100%| O|  |TAMS 0x00000000c2500000, 0x00000000c2400000| Untracked 
|  37|0x00000000c2500000, 0x00000000c2600000, 0x00000000c2600000|100%| O|  |TAMS 0x00000000c2600000, 0x00000000c2500000| Untracked 
|  38|0x00000000c2600000, 0x00000000c2700000, 0x00000000c2700000|100%| O|  |TAMS 0x00000000c2658e00, 0x00000000c2600000| Untracked 
|  39|0x00000000c2700000, 0x00000000c2800000, 0x00000000c2800000|100%| O|  |TAMS 0x00000000c2700000, 0x00000000c2700000| Untracked 
|  40|0x00000000c2800000, 0x00000000c2900000, 0x00000000c2900000|100%|HS|  |TAMS 0x00000000c2900000, 0x00000000c2800000| Complete 
|  41|0x00000000c2900000, 0x00000000c2a00000, 0x00000000c2a00000|100%| O|  |TAMS 0x00000000c2900000, 0x00000000c2900000| Untracked 
|  42|0x00000000c2a00000, 0x00000000c2b00000, 0x00000000c2b00000|100%| O|  |TAMS 0x00000000c2a00000, 0x00000000c2a00000| Untracked 
|  43|0x00000000c2b00000, 0x00000000c2c00000, 0x00000000c2c00000|100%| O|  |TAMS 0x00000000c2b00000, 0x00000000c2b00000| Untracked 
|  44|0x00000000c2c00000, 0x00000000c2d00000, 0x00000000c2d00000|100%| O|  |TAMS 0x00000000c2c00000, 0x00000000c2c00000| Untracked 
|  45|0x00000000c2d00000, 0x00000000c2e00000, 0x00000000c2e00000|100%| O|  |TAMS 0x00000000c2d00000, 0x00000000c2d00000| Untracked 
|  46|0x00000000c2e00000, 0x00000000c2f00000, 0x00000000c2f00000|100%| O|  |TAMS 0x00000000c2e00000, 0x00000000c2e00000| Untracked 
|  47|0x00000000c2f00000, 0x00000000c3000000, 0x00000000c3000000|100%| O|  |TAMS 0x00000000c2f00000, 0x00000000c2f00000| Untracked 
|  48|0x00000000c3000000, 0x00000000c3100000, 0x00000000c3100000|100%| O|  |TAMS 0x00000000c3000000, 0x00000000c3000000| Untracked 
|  49|0x00000000c3100000, 0x00000000c3200000, 0x00000000c3200000|100%| O|  |TAMS 0x00000000c3100000, 0x00000000c3100000| Untracked 
|  50|0x00000000c3200000, 0x00000000c3300000, 0x00000000c3300000|100%| O|  |TAMS 0x00000000c3200000, 0x00000000c3200000| Untracked 
|  51|0x00000000c3300000, 0x00000000c3400000, 0x00000000c3400000|100%| O|  |TAMS 0x00000000c3300000, 0x00000000c3300000| Untracked 
|  52|0x00000000c3400000, 0x00000000c3500000, 0x00000000c3500000|100%| O|  |TAMS 0x00000000c3400000, 0x00000000c3400000| Untracked 
|  53|0x00000000c3500000, 0x00000000c3600000, 0x00000000c3600000|100%| O|  |TAMS 0x00000000c3500000, 0x00000000c3500000| Untracked 
|  54|0x00000000c3600000, 0x00000000c3700000, 0x00000000c3700000|100%| O|  |TAMS 0x00000000c3600000, 0x00000000c3600000| Untracked 
|  55|0x00000000c3700000, 0x00000000c3800000, 0x00000000c3800000|100%| O|  |TAMS 0x00000000c3700000, 0x00000000c3700000| Untracked 
|  56|0x00000000c3800000, 0x00000000c3900000, 0x00000000c3900000|100%| O|  |TAMS 0x00000000c3800000, 0x00000000c3800000| Untracked 
|  57|0x00000000c3900000, 0x00000000c3a00000, 0x00000000c3a00000|100%| O|  |TAMS 0x00000000c3900000, 0x00000000c3900000| Untracked 
|  58|0x00000000c3a00000, 0x00000000c3b00000, 0x00000000c3b00000|100%| O|  |TAMS 0x00000000c3a00000, 0x00000000c3a00000| Untracked 
|  59|0x00000000c3b00000, 0x00000000c3c00000, 0x00000000c3c00000|100%| O|  |TAMS 0x00000000c3b00000, 0x00000000c3b00000| Untracked 
|  60|0x00000000c3c00000, 0x00000000c3d00000, 0x00000000c3d00000|100%| O|  |TAMS 0x00000000c3c00000, 0x00000000c3c00000| Untracked 
|  61|0x00000000c3d00000, 0x00000000c3e00000, 0x00000000c3e00000|100%| O|  |TAMS 0x00000000c3d00000, 0x00000000c3d00000| Untracked 
|  62|0x00000000c3e00000, 0x00000000c3f00000, 0x00000000c3f00000|100%| O|  |TAMS 0x00000000c3e00000, 0x00000000c3e00000| Untracked 
|  63|0x00000000c3f00000, 0x00000000c4000000, 0x00000000c4000000|100%| O|  |TAMS 0x00000000c3f00000, 0x00000000c3f00000| Untracked 
|  64|0x00000000c4000000, 0x00000000c40cbc00, 0x00000000c4100000| 79%| O|  |TAMS 0x00000000c4000000, 0x00000000c4000000| Untracked 
|  65|0x00000000c4100000, 0x00000000c4200000, 0x00000000c4200000|100%| O|  |TAMS 0x00000000c4100000, 0x00000000c4100000| Untracked 
|  66|0x00000000c4200000, 0x00000000c4300000, 0x00000000c4300000|100%| O|  |TAMS 0x00000000c4200000, 0x00000000c4200000| Untracked 
|  67|0x00000000c4300000, 0x00000000c4400000, 0x00000000c4400000|100%| O|  |TAMS 0x00000000c4300000, 0x00000000c4300000| Untracked 
|  68|0x00000000c4400000, 0x00000000c4500000, 0x00000000c4500000|100%| O|  |TAMS 0x00000000c4400000, 0x00000000c4400000| Untracked 
|  69|0x00000000c4500000, 0x00000000c4600000, 0x00000000c4600000|100%| O|  |TAMS 0x00000000c4500000, 0x00000000c4500000| Untracked 
|  70|0x00000000c4600000, 0x00000000c4700000, 0x00000000c4700000|100%| O|  |TAMS 0x00000000c4600000, 0x00000000c4600000| Untracked 
|  71|0x00000000c4700000, 0x00000000c4800000, 0x00000000c4800000|100%| O|  |TAMS 0x00000000c4700000, 0x00000000c4700000| Untracked 
|  72|0x00000000c4800000, 0x00000000c4900000, 0x00000000c4900000|100%| O|  |TAMS 0x00000000c4800000, 0x00000000c4800000| Untracked 
|  73|0x00000000c4900000, 0x00000000c4a00000, 0x00000000c4a00000|100%| O|  |TAMS 0x00000000c4900000, 0x00000000c4900000| Untracked 
|  74|0x00000000c4a00000, 0x00000000c4b00000, 0x00000000c4b00000|100%| O|  |TAMS 0x00000000c4a00000, 0x00000000c4a00000| Untracked 
|  75|0x00000000c4b00000, 0x00000000c4c00000, 0x00000000c4c00000|100%| O|  |TAMS 0x00000000c4b00000, 0x00000000c4b00000| Untracked 
|  76|0x00000000c4c00000, 0x00000000c4cdea00, 0x00000000c4d00000| 86%| O|  |TAMS 0x00000000c4c00000, 0x00000000c4c00000| Untracked 
|  77|0x00000000c4d00000, 0x00000000c4d00000, 0x00000000c4e00000|  0%| F|  |TAMS 0x00000000c4d00000, 0x00000000c4d00000| Untracked 
|  78|0x00000000c4e00000, 0x00000000c4e00000, 0x00000000c4f00000|  0%| F|  |TAMS 0x00000000c4e00000, 0x00000000c4e00000| Untracked 
|  79|0x00000000c4f00000, 0x00000000c4f00000, 0x00000000c5000000|  0%| F|  |TAMS 0x00000000c4f00000, 0x00000000c4f00000| Untracked 
|  80|0x00000000c5000000, 0x00000000c5000000, 0x00000000c5100000|  0%| F|  |TAMS 0x00000000c5000000, 0x00000000c5000000| Untracked 
|  81|0x00000000c5100000, 0x00000000c5100000, 0x00000000c5200000|  0%| F|  |TAMS 0x00000000c5100000, 0x00000000c5100000| Untracked 
|  82|0x00000000c5200000, 0x00000000c5200000, 0x00000000c5300000|  0%| F|  |TAMS 0x00000000c5200000, 0x00000000c5200000| Untracked 
|  83|0x00000000c5300000, 0x00000000c5300000, 0x00000000c5400000|  0%| F|  |TAMS 0x00000000c5300000, 0x00000000c5300000| Untracked 
|  84|0x00000000c5400000, 0x00000000c5400000, 0x00000000c5500000|  0%| F|  |TAMS 0x00000000c5400000, 0x00000000c5400000| Untracked 
|  85|0x00000000c5500000, 0x00000000c5500000, 0x00000000c5600000|  0%| F|  |TAMS 0x00000000c5500000, 0x00000000c5500000| Untracked 
|  86|0x00000000c5600000, 0x00000000c5600000, 0x00000000c5700000|  0%| F|  |TAMS 0x00000000c5600000, 0x00000000c5600000| Untracked 
|  87|0x00000000c5700000, 0x00000000c5700000, 0x00000000c5800000|  0%| F|  |TAMS 0x00000000c5700000, 0x00000000c5700000| Untracked 
|  88|0x00000000c5800000, 0x00000000c5800000, 0x00000000c5900000|  0%| F|  |TAMS 0x00000000c5800000, 0x00000000c5800000| Untracked 
|  89|0x00000000c5900000, 0x00000000c5900000, 0x00000000c5a00000|  0%| F|  |TAMS 0x00000000c5900000, 0x00000000c5900000| Untracked 
|  90|0x00000000c5a00000, 0x00000000c5a00000, 0x00000000c5b00000|  0%| F|  |TAMS 0x00000000c5a00000, 0x00000000c5a00000| Untracked 
|  91|0x00000000c5b00000, 0x00000000c5b00000, 0x00000000c5c00000|  0%| F|  |TAMS 0x00000000c5b00000, 0x00000000c5b00000| Untracked 
|  92|0x00000000c5c00000, 0x00000000c5c00000, 0x00000000c5d00000|  0%| F|  |TAMS 0x00000000c5c00000, 0x00000000c5c00000| Untracked 
|  93|0x00000000c5d00000, 0x00000000c5d00000, 0x00000000c5e00000|  0%| F|  |TAMS 0x00000000c5d00000, 0x00000000c5d00000| Untracked 
|  94|0x00000000c5e00000, 0x00000000c5e00000, 0x00000000c5f00000|  0%| F|  |TAMS 0x00000000c5e00000, 0x00000000c5e00000| Untracked 
|  95|0x00000000c5f00000, 0x00000000c5f00000, 0x00000000c6000000|  0%| F|  |TAMS 0x00000000c5f00000, 0x00000000c5f00000| Untracked 
|  96|0x00000000c6000000, 0x00000000c6000000, 0x00000000c6100000|  0%| F|  |TAMS 0x00000000c6000000, 0x00000000c6000000| Untracked 
|  97|0x00000000c6100000, 0x00000000c6100000, 0x00000000c6200000|  0%| F|  |TAMS 0x00000000c6100000, 0x00000000c6100000| Untracked 
|  98|0x00000000c6200000, 0x00000000c6200000, 0x00000000c6300000|  0%| F|  |TAMS 0x00000000c6200000, 0x00000000c6200000| Untracked 
|  99|0x00000000c6300000, 0x00000000c6300000, 0x00000000c6400000|  0%| F|  |TAMS 0x00000000c6300000, 0x00000000c6300000| Untracked 
| 100|0x00000000c6400000, 0x00000000c6400000, 0x00000000c6500000|  0%| F|  |TAMS 0x00000000c6400000, 0x00000000c6400000| Untracked 
| 101|0x00000000c6500000, 0x00000000c6500000, 0x00000000c6600000|  0%| F|  |TAMS 0x00000000c6500000, 0x00000000c6500000| Untracked 
| 102|0x00000000c6600000, 0x00000000c6600000, 0x00000000c6700000|  0%| F|  |TAMS 0x00000000c6600000, 0x00000000c6600000| Untracked 
| 103|0x00000000c6700000, 0x00000000c6700000, 0x00000000c6800000|  0%| F|  |TAMS 0x00000000c6700000, 0x00000000c6700000| Untracked 
| 104|0x00000000c6800000, 0x00000000c6800000, 0x00000000c6900000|  0%| F|  |TAMS 0x00000000c6800000, 0x00000000c6800000| Untracked 
| 105|0x00000000c6900000, 0x00000000c6900000, 0x00000000c6a00000|  0%| F|  |TAMS 0x00000000c6900000, 0x00000000c6900000| Untracked 
| 106|0x00000000c6a00000, 0x00000000c6a00000, 0x00000000c6b00000|  0%| F|  |TAMS 0x00000000c6a00000, 0x00000000c6a00000| Untracked 
| 107|0x00000000c6b00000, 0x00000000c6b00000, 0x00000000c6c00000|  0%| F|  |TAMS 0x00000000c6b00000, 0x00000000c6b00000| Untracked 
| 108|0x00000000c6c00000, 0x00000000c6c00000, 0x00000000c6d00000|  0%| F|  |TAMS 0x00000000c6c00000, 0x00000000c6c00000| Untracked 
| 109|0x00000000c6d00000, 0x00000000c6d00000, 0x00000000c6e00000|  0%| F|  |TAMS 0x00000000c6d00000, 0x00000000c6d00000| Untracked 
| 110|0x00000000c6e00000, 0x00000000c6e00000, 0x00000000c6f00000|  0%| F|  |TAMS 0x00000000c6e00000, 0x00000000c6e00000| Untracked 
| 111|0x00000000c6f00000, 0x00000000c6f00000, 0x00000000c7000000|  0%| F|  |TAMS 0x00000000c6f00000, 0x00000000c6f00000| Untracked 
| 112|0x00000000c7000000, 0x00000000c7000000, 0x00000000c7100000|  0%| F|  |TAMS 0x00000000c7000000, 0x00000000c7000000| Untracked 
| 113|0x00000000c7100000, 0x00000000c7100000, 0x00000000c7200000|  0%| F|  |TAMS 0x00000000c7100000, 0x00000000c7100000| Untracked 
| 114|0x00000000c7200000, 0x00000000c7200000, 0x00000000c7300000|  0%| F|  |TAMS 0x00000000c7200000, 0x00000000c7200000| Untracked 
| 115|0x00000000c7300000, 0x00000000c7300000, 0x00000000c7400000|  0%| F|  |TAMS 0x00000000c7300000, 0x00000000c7300000| Untracked 
| 116|0x00000000c7400000, 0x00000000c7400000, 0x00000000c7500000|  0%| F|  |TAMS 0x00000000c7400000, 0x00000000c7400000| Untracked 
| 117|0x00000000c7500000, 0x00000000c7555f40, 0x00000000c7600000| 33%| S|CS|TAMS 0x00000000c7500000, 0x00000000c7500000| Complete 
| 118|0x00000000c7600000, 0x00000000c7700000, 0x00000000c7700000|100%| S|CS|TAMS 0x00000000c7600000, 0x00000000c7600000| Complete 
| 119|0x00000000c7700000, 0x00000000c7800000, 0x00000000c7800000|100%| S|CS|TAMS 0x00000000c7700000, 0x00000000c7700000| Complete 
| 120|0x00000000c7800000, 0x00000000c7900000, 0x00000000c7900000|100%| S|CS|TAMS 0x00000000c7800000, 0x00000000c7800000| Complete 
| 121|0x00000000c7900000, 0x00000000c7a00000, 0x00000000c7a00000|100%| S|CS|TAMS 0x00000000c7900000, 0x00000000c7900000| Complete 
| 122|0x00000000c7a00000, 0x00000000c7b00000, 0x00000000c7b00000|100%| S|CS|TAMS 0x00000000c7a00000, 0x00000000c7a00000| Complete 
| 123|0x00000000c7b00000, 0x00000000c7b00000, 0x00000000c7c00000|  0%| F|  |TAMS 0x00000000c7b00000, 0x00000000c7b00000| Untracked 
| 124|0x00000000c7c00000, 0x00000000c7c00000, 0x00000000c7d00000|  0%| F|  |TAMS 0x00000000c7c00000, 0x00000000c7c00000| Untracked 
| 125|0x00000000c7d00000, 0x00000000c7d00000, 0x00000000c7e00000|  0%| F|  |TAMS 0x00000000c7d00000, 0x00000000c7d00000| Untracked 
| 126|0x00000000c7e00000, 0x00000000c7e00000, 0x00000000c7f00000|  0%| F|  |TAMS 0x00000000c7e00000, 0x00000000c7e00000| Untracked 
| 127|0x00000000c7f00000, 0x00000000c7f00000, 0x00000000c8000000|  0%| F|  |TAMS 0x00000000c7f00000, 0x00000000c7f00000| Untracked 
| 128|0x00000000c8000000, 0x00000000c8000000, 0x00000000c8100000|  0%| F|  |TAMS 0x00000000c8000000, 0x00000000c8000000| Untracked 
| 129|0x00000000c8100000, 0x00000000c8100000, 0x00000000c8200000|  0%| F|  |TAMS 0x00000000c8100000, 0x00000000c8100000| Untracked 
| 130|0x00000000c8200000, 0x00000000c8200000, 0x00000000c8300000|  0%| F|  |TAMS 0x00000000c8200000, 0x00000000c8200000| Untracked 
| 131|0x00000000c8300000, 0x00000000c8300000, 0x00000000c8400000|  0%| F|  |TAMS 0x00000000c8300000, 0x00000000c8300000| Untracked 
| 132|0x00000000c8400000, 0x00000000c8400000, 0x00000000c8500000|  0%| F|  |TAMS 0x00000000c8400000, 0x00000000c8400000| Untracked 
| 133|0x00000000c8500000, 0x00000000c8500000, 0x00000000c8600000|  0%| F|  |TAMS 0x00000000c8500000, 0x00000000c8500000| Untracked 
| 134|0x00000000c8600000, 0x00000000c8700000, 0x00000000c8700000|100%| S|CS|TAMS 0x00000000c8600000, 0x00000000c8600000| Complete 
| 135|0x00000000c8700000, 0x00000000c8800000, 0x00000000c8800000|100%| S|CS|TAMS 0x00000000c8700000, 0x00000000c8700000| Complete 
| 136|0x00000000c8800000, 0x00000000c8900000, 0x00000000c8900000|100%| S|CS|TAMS 0x00000000c8800000, 0x00000000c8800000| Complete 
| 137|0x00000000c8900000, 0x00000000c8a00000, 0x00000000c8a00000|100%| S|CS|TAMS 0x00000000c8900000, 0x00000000c8900000| Complete 
| 138|0x00000000c8a00000, 0x00000000c8b00000, 0x00000000c8b00000|100%| S|CS|TAMS 0x00000000c8a00000, 0x00000000c8a00000| Complete 
| 139|0x00000000c8b00000, 0x00000000c8c00000, 0x00000000c8c00000|100%| S|CS|TAMS 0x00000000c8b00000, 0x00000000c8b00000| Complete 
| 140|0x00000000c8c00000, 0x00000000c8c00000, 0x00000000c8d00000|  0%| F|  |TAMS 0x00000000c8c00000, 0x00000000c8c00000| Untracked 
| 141|0x00000000c8d00000, 0x00000000c8d00000, 0x00000000c8e00000|  0%| F|  |TAMS 0x00000000c8d00000, 0x00000000c8d00000| Untracked 
| 142|0x00000000c8e00000, 0x00000000c8e00000, 0x00000000c8f00000|  0%| F|  |TAMS 0x00000000c8e00000, 0x00000000c8e00000| Untracked 
| 143|0x00000000c8f00000, 0x00000000c8f00000, 0x00000000c9000000|  0%| F|  |TAMS 0x00000000c8f00000, 0x00000000c8f00000| Untracked 
| 144|0x00000000c9000000, 0x00000000c9000000, 0x00000000c9100000|  0%| F|  |TAMS 0x00000000c9000000, 0x00000000c9000000| Untracked 
| 145|0x00000000c9100000, 0x00000000c9100000, 0x00000000c9200000|  0%| F|  |TAMS 0x00000000c9100000, 0x00000000c9100000| Untracked 
| 146|0x00000000c9200000, 0x00000000c9200000, 0x00000000c9300000|  0%| F|  |TAMS 0x00000000c9200000, 0x00000000c9200000| Untracked 
| 147|0x00000000c9300000, 0x00000000c9300000, 0x00000000c9400000|  0%| F|  |TAMS 0x00000000c9300000, 0x00000000c9300000| Untracked 
| 148|0x00000000c9400000, 0x00000000c9400000, 0x00000000c9500000|  0%| F|  |TAMS 0x00000000c9400000, 0x00000000c9400000| Untracked 
| 149|0x00000000c9500000, 0x00000000c9500000, 0x00000000c9600000|  0%| F|  |TAMS 0x00000000c9500000, 0x00000000c9500000| Untracked 
| 150|0x00000000c9600000, 0x00000000c9600000, 0x00000000c9700000|  0%| F|  |TAMS 0x00000000c9600000, 0x00000000c9600000| Untracked 
| 151|0x00000000c9700000, 0x00000000c9700000, 0x00000000c9800000|  0%| F|  |TAMS 0x00000000c9700000, 0x00000000c9700000| Untracked 
| 152|0x00000000c9800000, 0x00000000c9800000, 0x00000000c9900000|  0%| F|  |TAMS 0x00000000c9800000, 0x00000000c9800000| Untracked 
| 153|0x00000000c9900000, 0x00000000c9900000, 0x00000000c9a00000|  0%| F|  |TAMS 0x00000000c9900000, 0x00000000c9900000| Untracked 
| 154|0x00000000c9a00000, 0x00000000c9a00000, 0x00000000c9b00000|  0%| F|  |TAMS 0x00000000c9a00000, 0x00000000c9a00000| Untracked 
| 155|0x00000000c9b00000, 0x00000000c9b00000, 0x00000000c9c00000|  0%| F|  |TAMS 0x00000000c9b00000, 0x00000000c9b00000| Untracked 
| 156|0x00000000c9c00000, 0x00000000c9c00000, 0x00000000c9d00000|  0%| F|  |TAMS 0x00000000c9c00000, 0x00000000c9c00000| Untracked 
| 157|0x00000000c9d00000, 0x00000000c9d00000, 0x00000000c9e00000|  0%| F|  |TAMS 0x00000000c9d00000, 0x00000000c9d00000| Untracked 
| 158|0x00000000c9e00000, 0x00000000c9e00000, 0x00000000c9f00000|  0%| F|  |TAMS 0x00000000c9e00000, 0x00000000c9e00000| Untracked 
| 159|0x00000000c9f00000, 0x00000000c9f00000, 0x00000000ca000000|  0%| F|  |TAMS 0x00000000c9f00000, 0x00000000c9f00000| Untracked 
| 160|0x00000000ca000000, 0x00000000ca000000, 0x00000000ca100000|  0%| F|  |TAMS 0x00000000ca000000, 0x00000000ca000000| Untracked 
| 161|0x00000000ca100000, 0x00000000ca100000, 0x00000000ca200000|  0%| F|  |TAMS 0x00000000ca100000, 0x00000000ca100000| Untracked 
| 162|0x00000000ca200000, 0x00000000ca200000, 0x00000000ca300000|  0%| F|  |TAMS 0x00000000ca200000, 0x00000000ca200000| Untracked 
| 163|0x00000000ca300000, 0x00000000ca300000, 0x00000000ca400000|  0%| F|  |TAMS 0x00000000ca300000, 0x00000000ca300000| Untracked 
| 164|0x00000000ca400000, 0x00000000ca400000, 0x00000000ca500000|  0%| F|  |TAMS 0x00000000ca400000, 0x00000000ca400000| Untracked 
| 165|0x00000000ca500000, 0x00000000ca500000, 0x00000000ca600000|  0%| F|  |TAMS 0x00000000ca500000, 0x00000000ca500000| Untracked 
| 166|0x00000000ca600000, 0x00000000ca600000, 0x00000000ca700000|  0%| F|  |TAMS 0x00000000ca600000, 0x00000000ca600000| Untracked 
| 167|0x00000000ca700000, 0x00000000ca700000, 0x00000000ca800000|  0%| F|  |TAMS 0x00000000ca700000, 0x00000000ca700000| Untracked 
| 168|0x00000000ca800000, 0x00000000ca800000, 0x00000000ca900000|  0%| F|  |TAMS 0x00000000ca800000, 0x00000000ca800000| Untracked 
| 169|0x00000000ca900000, 0x00000000ca900000, 0x00000000caa00000|  0%| F|  |TAMS 0x00000000ca900000, 0x00000000ca900000| Untracked 
| 170|0x00000000caa00000, 0x00000000caa00000, 0x00000000cab00000|  0%| F|  |TAMS 0x00000000caa00000, 0x00000000caa00000| Untracked 
| 171|0x00000000cab00000, 0x00000000cab00000, 0x00000000cac00000|  0%| F|  |TAMS 0x00000000cab00000, 0x00000000cab00000| Untracked 
| 172|0x00000000cac00000, 0x00000000cac00000, 0x00000000cad00000|  0%| F|  |TAMS 0x00000000cac00000, 0x00000000cac00000| Untracked 
| 173|0x00000000cad00000, 0x00000000cad00000, 0x00000000cae00000|  0%| F|  |TAMS 0x00000000cad00000, 0x00000000cad00000| Untracked 
| 174|0x00000000cae00000, 0x00000000cae00000, 0x00000000caf00000|  0%| F|  |TAMS 0x00000000cae00000, 0x00000000cae00000| Untracked 
| 175|0x00000000caf00000, 0x00000000caf00000, 0x00000000cb000000|  0%| F|  |TAMS 0x00000000caf00000, 0x00000000caf00000| Untracked 
| 176|0x00000000cb000000, 0x00000000cb000000, 0x00000000cb100000|  0%| F|  |TAMS 0x00000000cb000000, 0x00000000cb000000| Untracked 
| 177|0x00000000cb100000, 0x00000000cb100000, 0x00000000cb200000|  0%| F|  |TAMS 0x00000000cb100000, 0x00000000cb100000| Untracked 
| 178|0x00000000cb200000, 0x00000000cb200000, 0x00000000cb300000|  0%| F|  |TAMS 0x00000000cb200000, 0x00000000cb200000| Untracked 
| 179|0x00000000cb300000, 0x00000000cb300000, 0x00000000cb400000|  0%| F|  |TAMS 0x00000000cb300000, 0x00000000cb300000| Untracked 
| 180|0x00000000cb400000, 0x00000000cb400000, 0x00000000cb500000|  0%| F|  |TAMS 0x00000000cb400000, 0x00000000cb400000| Untracked 
| 181|0x00000000cb500000, 0x00000000cb500000, 0x00000000cb600000|  0%| F|  |TAMS 0x00000000cb500000, 0x00000000cb500000| Untracked 
| 182|0x00000000cb600000, 0x00000000cb600000, 0x00000000cb700000|  0%| F|  |TAMS 0x00000000cb600000, 0x00000000cb600000| Untracked 
| 183|0x00000000cb700000, 0x00000000cb700000, 0x00000000cb800000|  0%| F|  |TAMS 0x00000000cb700000, 0x00000000cb700000| Untracked 
| 184|0x00000000cb800000, 0x00000000cb800000, 0x00000000cb900000|  0%| F|  |TAMS 0x00000000cb800000, 0x00000000cb800000| Untracked 
| 185|0x00000000cb900000, 0x00000000cb900000, 0x00000000cba00000|  0%| F|  |TAMS 0x00000000cb900000, 0x00000000cb900000| Untracked 
| 186|0x00000000cba00000, 0x00000000cba00000, 0x00000000cbb00000|  0%| F|  |TAMS 0x00000000cba00000, 0x00000000cba00000| Untracked 
| 187|0x00000000cbb00000, 0x00000000cbb00000, 0x00000000cbc00000|  0%| F|  |TAMS 0x00000000cbb00000, 0x00000000cbb00000| Untracked 
| 188|0x00000000cbc00000, 0x00000000cbc00000, 0x00000000cbd00000|  0%| F|  |TAMS 0x00000000cbc00000, 0x00000000cbc00000| Untracked 
| 189|0x00000000cbd00000, 0x00000000cbd00000, 0x00000000cbe00000|  0%| F|  |TAMS 0x00000000cbd00000, 0x00000000cbd00000| Untracked 
| 190|0x00000000cbe00000, 0x00000000cbe00000, 0x00000000cbf00000|  0%| F|  |TAMS 0x00000000cbe00000, 0x00000000cbe00000| Untracked 
| 191|0x00000000cbf00000, 0x00000000cbf00000, 0x00000000cc000000|  0%| F|  |TAMS 0x00000000cbf00000, 0x00000000cbf00000| Untracked 
| 192|0x00000000cc000000, 0x00000000cc000000, 0x00000000cc100000|  0%| F|  |TAMS 0x00000000cc000000, 0x00000000cc000000| Untracked 
| 193|0x00000000cc100000, 0x00000000cc100000, 0x00000000cc200000|  0%| F|  |TAMS 0x00000000cc100000, 0x00000000cc100000| Untracked 
| 194|0x00000000cc200000, 0x00000000cc200000, 0x00000000cc300000|  0%| F|  |TAMS 0x00000000cc200000, 0x00000000cc200000| Untracked 
| 195|0x00000000cc300000, 0x00000000cc300000, 0x00000000cc400000|  0%| F|  |TAMS 0x00000000cc300000, 0x00000000cc300000| Untracked 
| 196|0x00000000cc400000, 0x00000000cc400000, 0x00000000cc500000|  0%| F|  |TAMS 0x00000000cc400000, 0x00000000cc400000| Untracked 
| 197|0x00000000cc500000, 0x00000000cc500000, 0x00000000cc600000|  0%| F|  |TAMS 0x00000000cc500000, 0x00000000cc500000| Untracked 
| 198|0x00000000cc600000, 0x00000000cc600000, 0x00000000cc700000|  0%| F|  |TAMS 0x00000000cc600000, 0x00000000cc600000| Untracked 
| 199|0x00000000cc700000, 0x00000000cc700000, 0x00000000cc800000|  0%| F|  |TAMS 0x00000000cc700000, 0x00000000cc700000| Untracked 
| 200|0x00000000cc800000, 0x00000000cc800000, 0x00000000cc900000|  0%| F|  |TAMS 0x00000000cc800000, 0x00000000cc800000| Untracked 
| 201|0x00000000cc900000, 0x00000000cc900000, 0x00000000cca00000|  0%| F|  |TAMS 0x00000000cc900000, 0x00000000cc900000| Untracked 
| 202|0x00000000cca00000, 0x00000000cca00000, 0x00000000ccb00000|  0%| F|  |TAMS 0x00000000cca00000, 0x00000000cca00000| Untracked 
| 203|0x00000000ccb00000, 0x00000000ccb00000, 0x00000000ccc00000|  0%| F|  |TAMS 0x00000000ccb00000, 0x00000000ccb00000| Untracked 
| 204|0x00000000ccc00000, 0x00000000ccc00000, 0x00000000ccd00000|  0%| F|  |TAMS 0x00000000ccc00000, 0x00000000ccc00000| Untracked 
| 205|0x00000000ccd00000, 0x00000000ccd00000, 0x00000000cce00000|  0%| F|  |TAMS 0x00000000ccd00000, 0x00000000ccd00000| Untracked 
| 206|0x00000000cce00000, 0x00000000cce00000, 0x00000000ccf00000|  0%| F|  |TAMS 0x00000000cce00000, 0x00000000cce00000| Untracked 
| 207|0x00000000ccf00000, 0x00000000ccf00000, 0x00000000cd000000|  0%| F|  |TAMS 0x00000000ccf00000, 0x00000000ccf00000| Untracked 
| 208|0x00000000cd000000, 0x00000000cd000000, 0x00000000cd100000|  0%| F|  |TAMS 0x00000000cd000000, 0x00000000cd000000| Untracked 
| 209|0x00000000cd100000, 0x00000000cd100000, 0x00000000cd200000|  0%| F|  |TAMS 0x00000000cd100000, 0x00000000cd100000| Untracked 
| 210|0x00000000cd200000, 0x00000000cd200000, 0x00000000cd300000|  0%| F|  |TAMS 0x00000000cd200000, 0x00000000cd200000| Untracked 
| 211|0x00000000cd300000, 0x00000000cd300000, 0x00000000cd400000|  0%| F|  |TAMS 0x00000000cd300000, 0x00000000cd300000| Untracked 
| 212|0x00000000cd400000, 0x00000000cd400000, 0x00000000cd500000|  0%| F|  |TAMS 0x00000000cd400000, 0x00000000cd400000| Untracked 
| 213|0x00000000cd500000, 0x00000000cd500000, 0x00000000cd600000|  0%| F|  |TAMS 0x00000000cd500000, 0x00000000cd500000| Untracked 
| 214|0x00000000cd600000, 0x00000000cd600000, 0x00000000cd700000|  0%| F|  |TAMS 0x00000000cd600000, 0x00000000cd600000| Untracked 
| 215|0x00000000cd700000, 0x00000000cd700000, 0x00000000cd800000|  0%| F|  |TAMS 0x00000000cd700000, 0x00000000cd700000| Untracked 
| 216|0x00000000cd800000, 0x00000000cd800000, 0x00000000cd900000|  0%| F|  |TAMS 0x00000000cd800000, 0x00000000cd800000| Untracked 
| 217|0x00000000cd900000, 0x00000000cd900000, 0x00000000cda00000|  0%| F|  |TAMS 0x00000000cd900000, 0x00000000cd900000| Untracked 
| 218|0x00000000cda00000, 0x00000000cda00000, 0x00000000cdb00000|  0%| F|  |TAMS 0x00000000cda00000, 0x00000000cda00000| Untracked 
| 219|0x00000000cdb00000, 0x00000000cdb00000, 0x00000000cdc00000|  0%| F|  |TAMS 0x00000000cdb00000, 0x00000000cdb00000| Untracked 
| 220|0x00000000cdc00000, 0x00000000cdc00000, 0x00000000cdd00000|  0%| F|  |TAMS 0x00000000cdc00000, 0x00000000cdc00000| Untracked 
| 221|0x00000000cdd00000, 0x00000000cdd00000, 0x00000000cde00000|  0%| F|  |TAMS 0x00000000cdd00000, 0x00000000cdd00000| Untracked 
| 222|0x00000000cde00000, 0x00000000cde00000, 0x00000000cdf00000|  0%| F|  |TAMS 0x00000000cde00000, 0x00000000cde00000| Untracked 
| 223|0x00000000cdf00000, 0x00000000cdf00000, 0x00000000ce000000|  0%| F|  |TAMS 0x00000000cdf00000, 0x00000000cdf00000| Untracked 
| 224|0x00000000ce000000, 0x00000000ce000000, 0x00000000ce100000|  0%| F|  |TAMS 0x00000000ce000000, 0x00000000ce000000| Untracked 
| 225|0x00000000ce100000, 0x00000000ce100000, 0x00000000ce200000|  0%| F|  |TAMS 0x00000000ce100000, 0x00000000ce100000| Untracked 
| 226|0x00000000ce200000, 0x00000000ce200000, 0x00000000ce300000|  0%| F|  |TAMS 0x00000000ce200000, 0x00000000ce200000| Untracked 
| 227|0x00000000ce300000, 0x00000000ce300000, 0x00000000ce400000|  0%| F|  |TAMS 0x00000000ce300000, 0x00000000ce300000| Untracked 
| 228|0x00000000ce400000, 0x00000000ce400000, 0x00000000ce500000|  0%| F|  |TAMS 0x00000000ce400000, 0x00000000ce400000| Untracked 
| 229|0x00000000ce500000, 0x00000000ce500000, 0x00000000ce600000|  0%| F|  |TAMS 0x00000000ce500000, 0x00000000ce500000| Untracked 
| 230|0x00000000ce600000, 0x00000000ce600000, 0x00000000ce700000|  0%| F|  |TAMS 0x00000000ce600000, 0x00000000ce600000| Untracked 
| 231|0x00000000ce700000, 0x00000000ce700000, 0x00000000ce800000|  0%| F|  |TAMS 0x00000000ce700000, 0x00000000ce700000| Untracked 
| 232|0x00000000ce800000, 0x00000000ce800000, 0x00000000ce900000|  0%| F|  |TAMS 0x00000000ce800000, 0x00000000ce800000| Untracked 
| 233|0x00000000ce900000, 0x00000000ce900000, 0x00000000cea00000|  0%| F|  |TAMS 0x00000000ce900000, 0x00000000ce900000| Untracked 
| 234|0x00000000cea00000, 0x00000000cea00000, 0x00000000ceb00000|  0%| F|  |TAMS 0x00000000cea00000, 0x00000000cea00000| Untracked 
| 235|0x00000000ceb00000, 0x00000000ceb00000, 0x00000000cec00000|  0%| F|  |TAMS 0x00000000ceb00000, 0x00000000ceb00000| Untracked 
| 236|0x00000000cec00000, 0x00000000cec00000, 0x00000000ced00000|  0%| F|  |TAMS 0x00000000cec00000, 0x00000000cec00000| Untracked 
| 237|0x00000000ced00000, 0x00000000ced00000, 0x00000000cee00000|  0%| F|  |TAMS 0x00000000ced00000, 0x00000000ced00000| Untracked 
| 238|0x00000000cee00000, 0x00000000cee00000, 0x00000000cef00000|  0%| F|  |TAMS 0x00000000cee00000, 0x00000000cee00000| Untracked 
| 239|0x00000000cef00000, 0x00000000cef00000, 0x00000000cf000000|  0%| F|  |TAMS 0x00000000cef00000, 0x00000000cef00000| Untracked 
| 240|0x00000000cf000000, 0x00000000cf000000, 0x00000000cf100000|  0%| F|  |TAMS 0x00000000cf000000, 0x00000000cf000000| Untracked 
| 241|0x00000000cf100000, 0x00000000cf100000, 0x00000000cf200000|  0%| F|  |TAMS 0x00000000cf100000, 0x00000000cf100000| Untracked 
| 242|0x00000000cf200000, 0x00000000cf200000, 0x00000000cf300000|  0%| F|  |TAMS 0x00000000cf200000, 0x00000000cf200000| Untracked 
| 243|0x00000000cf300000, 0x00000000cf300000, 0x00000000cf400000|  0%| F|  |TAMS 0x00000000cf300000, 0x00000000cf300000| Untracked 
| 244|0x00000000cf400000, 0x00000000cf400000, 0x00000000cf500000|  0%| F|  |TAMS 0x00000000cf400000, 0x00000000cf400000| Untracked 
| 245|0x00000000cf500000, 0x00000000cf500000, 0x00000000cf600000|  0%| F|  |TAMS 0x00000000cf500000, 0x00000000cf500000| Untracked 
| 246|0x00000000cf600000, 0x00000000cf600000, 0x00000000cf700000|  0%| F|  |TAMS 0x00000000cf600000, 0x00000000cf600000| Untracked 
| 247|0x00000000cf700000, 0x00000000cf700000, 0x00000000cf800000|  0%| F|  |TAMS 0x00000000cf700000, 0x00000000cf700000| Untracked 
| 248|0x00000000cf800000, 0x00000000cf800000, 0x00000000cf900000|  0%| F|  |TAMS 0x00000000cf800000, 0x00000000cf800000| Untracked 
| 249|0x00000000cf900000, 0x00000000cf900000, 0x00000000cfa00000|  0%| F|  |TAMS 0x00000000cf900000, 0x00000000cf900000| Untracked 
| 250|0x00000000cfa00000, 0x00000000cfa00000, 0x00000000cfb00000|  0%| F|  |TAMS 0x00000000cfa00000, 0x00000000cfa00000| Untracked 
| 251|0x00000000cfb00000, 0x00000000cfb00000, 0x00000000cfc00000|  0%| F|  |TAMS 0x00000000cfb00000, 0x00000000cfb00000| Untracked 
| 252|0x00000000cfc00000, 0x00000000cfc00000, 0x00000000cfd00000|  0%| F|  |TAMS 0x00000000cfc00000, 0x00000000cfc00000| Untracked 
| 253|0x00000000cfd00000, 0x00000000cfd00000, 0x00000000cfe00000|  0%| F|  |TAMS 0x00000000cfd00000, 0x00000000cfd00000| Untracked 
| 254|0x00000000cfe00000, 0x00000000cfe00000, 0x00000000cff00000|  0%| F|  |TAMS 0x00000000cfe00000, 0x00000000cfe00000| Untracked 
| 255|0x00000000cff00000, 0x00000000cff00000, 0x00000000d0000000|  0%| F|  |TAMS 0x00000000cff00000, 0x00000000cff00000| Untracked 
| 256|0x00000000d0000000, 0x00000000d0000000, 0x00000000d0100000|  0%| F|  |TAMS 0x00000000d0000000, 0x00000000d0000000| Untracked 
| 257|0x00000000d0100000, 0x00000000d0100000, 0x00000000d0200000|  0%| F|  |TAMS 0x00000000d0100000, 0x00000000d0100000| Untracked 
| 258|0x00000000d0200000, 0x00000000d0200000, 0x00000000d0300000|  0%| F|  |TAMS 0x00000000d0200000, 0x00000000d0200000| Untracked 
| 259|0x00000000d0300000, 0x00000000d0300000, 0x00000000d0400000|  0%| F|  |TAMS 0x00000000d0300000, 0x00000000d0300000| Untracked 
| 260|0x00000000d0400000, 0x00000000d0400000, 0x00000000d0500000|  0%| F|  |TAMS 0x00000000d0400000, 0x00000000d0400000| Untracked 
| 261|0x00000000d0500000, 0x00000000d0500000, 0x00000000d0600000|  0%| F|  |TAMS 0x00000000d0500000, 0x00000000d0500000| Untracked 
| 262|0x00000000d0600000, 0x00000000d0600000, 0x00000000d0700000|  0%| F|  |TAMS 0x00000000d0600000, 0x00000000d0600000| Untracked 
| 263|0x00000000d0700000, 0x00000000d0700000, 0x00000000d0800000|  0%| F|  |TAMS 0x00000000d0700000, 0x00000000d0700000| Untracked 
| 264|0x00000000d0800000, 0x00000000d0800000, 0x00000000d0900000|  0%| F|  |TAMS 0x00000000d0800000, 0x00000000d0800000| Untracked 
| 265|0x00000000d0900000, 0x00000000d0900000, 0x00000000d0a00000|  0%| F|  |TAMS 0x00000000d0900000, 0x00000000d0900000| Untracked 
| 266|0x00000000d0a00000, 0x00000000d0a00000, 0x00000000d0b00000|  0%| F|  |TAMS 0x00000000d0a00000, 0x00000000d0a00000| Untracked 
| 267|0x00000000d0b00000, 0x00000000d0b00000, 0x00000000d0c00000|  0%| F|  |TAMS 0x00000000d0b00000, 0x00000000d0b00000| Untracked 
| 268|0x00000000d0c00000, 0x00000000d0c00000, 0x00000000d0d00000|  0%| F|  |TAMS 0x00000000d0c00000, 0x00000000d0c00000| Untracked 
| 269|0x00000000d0d00000, 0x00000000d0d00000, 0x00000000d0e00000|  0%| F|  |TAMS 0x00000000d0d00000, 0x00000000d0d00000| Untracked 
| 270|0x00000000d0e00000, 0x00000000d0e00000, 0x00000000d0f00000|  0%| F|  |TAMS 0x00000000d0e00000, 0x00000000d0e00000| Untracked 
| 271|0x00000000d0f00000, 0x00000000d0f00000, 0x00000000d1000000|  0%| F|  |TAMS 0x00000000d0f00000, 0x00000000d0f00000| Untracked 
| 272|0x00000000d1000000, 0x00000000d1000000, 0x00000000d1100000|  0%| F|  |TAMS 0x00000000d1000000, 0x00000000d1000000| Untracked 
| 273|0x00000000d1100000, 0x00000000d1100000, 0x00000000d1200000|  0%| F|  |TAMS 0x00000000d1100000, 0x00000000d1100000| Untracked 
| 274|0x00000000d1200000, 0x00000000d1200000, 0x00000000d1300000|  0%| F|  |TAMS 0x00000000d1200000, 0x00000000d1200000| Untracked 
| 275|0x00000000d1300000, 0x00000000d1300000, 0x00000000d1400000|  0%| F|  |TAMS 0x00000000d1300000, 0x00000000d1300000| Untracked 
| 276|0x00000000d1400000, 0x00000000d1400000, 0x00000000d1500000|  0%| F|  |TAMS 0x00000000d1400000, 0x00000000d1400000| Untracked 
| 277|0x00000000d1500000, 0x00000000d1500000, 0x00000000d1600000|  0%| F|  |TAMS 0x00000000d1500000, 0x00000000d1500000| Untracked 
| 278|0x00000000d1600000, 0x00000000d1600000, 0x00000000d1700000|  0%| F|  |TAMS 0x00000000d1600000, 0x00000000d1600000| Untracked 
| 279|0x00000000d1700000, 0x00000000d1700000, 0x00000000d1800000|  0%| F|  |TAMS 0x00000000d1700000, 0x00000000d1700000| Untracked 
| 280|0x00000000d1800000, 0x00000000d1800000, 0x00000000d1900000|  0%| F|  |TAMS 0x00000000d1800000, 0x00000000d1800000| Untracked 
| 281|0x00000000d1900000, 0x00000000d1900000, 0x00000000d1a00000|  0%| F|  |TAMS 0x00000000d1900000, 0x00000000d1900000| Untracked 
| 282|0x00000000d1a00000, 0x00000000d1a00000, 0x00000000d1b00000|  0%| F|  |TAMS 0x00000000d1a00000, 0x00000000d1a00000| Untracked 
| 283|0x00000000d1b00000, 0x00000000d1b00000, 0x00000000d1c00000|  0%| F|  |TAMS 0x00000000d1b00000, 0x00000000d1b00000| Untracked 
| 284|0x00000000d1c00000, 0x00000000d1c00000, 0x00000000d1d00000|  0%| F|  |TAMS 0x00000000d1c00000, 0x00000000d1c00000| Untracked 
| 285|0x00000000d1d00000, 0x00000000d1d00000, 0x00000000d1e00000|  0%| F|  |TAMS 0x00000000d1d00000, 0x00000000d1d00000| Untracked 
| 286|0x00000000d1e00000, 0x00000000d1e00000, 0x00000000d1f00000|  0%| F|  |TAMS 0x00000000d1e00000, 0x00000000d1e00000| Untracked 
| 287|0x00000000d1f00000, 0x00000000d1f00000, 0x00000000d2000000|  0%| F|  |TAMS 0x00000000d1f00000, 0x00000000d1f00000| Untracked 
| 288|0x00000000d2000000, 0x00000000d2000000, 0x00000000d2100000|  0%| F|  |TAMS 0x00000000d2000000, 0x00000000d2000000| Untracked 
| 289|0x00000000d2100000, 0x00000000d2100000, 0x00000000d2200000|  0%| F|  |TAMS 0x00000000d2100000, 0x00000000d2100000| Untracked 
| 290|0x00000000d2200000, 0x00000000d2200000, 0x00000000d2300000|  0%| F|  |TAMS 0x00000000d2200000, 0x00000000d2200000| Untracked 
| 291|0x00000000d2300000, 0x00000000d2300000, 0x00000000d2400000|  0%| F|  |TAMS 0x00000000d2300000, 0x00000000d2300000| Untracked 

Card table byte_map: [0x000001872cd50000,0x000001872cf50000] _byte_map_base: 0x000001872c750000

Marking Bits (Prev, Next): (CMBitMap*) 0x0000018724c098d0, (CMBitMap*) 0x0000018724c09910
 Prev Bits: [0x000001872d150000, 0x000001872e150000)
 Next Bits: [0x000001872e150000, 0x000001872f150000)

Polling page: 0x0000018729000000

Metaspace:

Usage:
  Non-class:     30.38 MB used.
      Class:      4.53 MB used.
       Both:     34.91 MB used.

Virtual space:
  Non-class space:       32.00 MB reserved,      30.62 MB ( 96%) committed,  4 nodes.
      Class space:        1.00 GB reserved,       4.75 MB ( <1%) committed,  1 nodes.
             Both:        1.03 GB reserved,      35.38 MB (  3%) committed. 

Chunk freelists:
   Non-Class:  1008.00 KB
       Class:  3.17 MB
        Both:  4.16 MB

MaxMetaspaceSize: unlimited
CompressedClassSpaceSize: 1.00 GB
Initial GC threshold: 21.00 MB
Current GC threshold: 58.75 MB
CDS: off
MetaspaceReclaimPolicy: balanced
 - commit_granule_bytes: 65536.
 - commit_granule_words: 8192.
 - virtual_space_node_default_size: 1048576.
 - enlarge_chunks_in_place: 1.
 - new_chunks_are_fully_committed: 0.
 - uncommit_free_chunks: 1.
 - use_allocation_guard: 0.
 - handle_deallocations: 1.


Internal statistics:

num_allocs_failed_limit: 8.
num_arena_births: 470.
num_arena_deaths: 0.
num_vsnodes_births: 5.
num_vsnodes_deaths: 0.
num_space_committed: 566.
num_space_uncommitted: 0.
num_chunks_returned_to_freelist: 8.
num_chunks_taken_from_freelist: 1529.
num_chunk_merges: 8.
num_chunk_splits: 1031.
num_chunks_enlarged: 758.
num_purges: 0.
num_inconsistent_stats: 0.

CodeCache: size=49152Kb used=9183Kb max_used=9183Kb free=39968Kb
 bounds [0x0000018729020000, 0x0000018729920000, 0x000001872c020000]
 total_blobs=4359 nmethods=3814 adapters=469
 compilation: enabled
              stopped_count=0, restarted_count=0
 full_count=0

Compilation events (20 events):
Event: 1.474 Thread 0x0000018732a5c980 3789       1       jdk.internal.jimage.ImageReader::findLocation (14 bytes)
Event: 1.474 Thread 0x0000018732a52440 3796       1       java.util.zip.Inflater::<init> (6 bytes)
Event: 1.474 Thread 0x0000018732867400 nmethod 3798 0x0000018729912210 code [0x00000187299123c0, 0x0000018729912678]
Event: 1.475 Thread 0x0000018732867400 3806       1       jdk.internal.jimage.ImageReader::releaseByteBuffer (5 bytes)
Event: 1.475 Thread 0x0000018733862030 nmethod 3808 0x0000018729912790 code [0x0000018729912b00, 0x0000018729913928]
Event: 1.475 Thread 0x0000018732a5c980 nmethod 3789 0x0000018729914110 code [0x00000187299142c0, 0x0000018729914458]
Event: 1.475 Thread 0x0000018732a5c980 3807       1       jdk.internal.jimage.BasicImageReader::releaseByteBuffer (16 bytes)
Event: 1.475 Thread 0x0000018732867400 nmethod 3806 0x0000018729914590 code [0x0000018729914720, 0x0000018729914868]
Event: 1.475 Thread 0x0000018733862030 3779       1       java.util.zip.Inflater$InflaterZStreamRef::clean (10 bytes)
Event: 1.475 Thread 0x0000018732a52440 nmethod 3796 0x0000018729914910 code [0x0000018729914ae0, 0x0000018729914e78]
Event: 1.475 Thread 0x0000018733862030 nmethod 3779 0x0000018729915010 code [0x00000187299151c0, 0x0000018729915328]
Event: 1.475 Thread 0x0000018732a5c980 nmethod 3807 0x0000018729915490 code [0x0000018729915620, 0x0000018729915768]
Event: 1.494 Thread 0x0000018732a52440 3811  s!   1       jdk.internal.loader.URLClassPath::getLoader (196 bytes)
Event: 1.495 Thread 0x0000018732a52440 nmethod 3811 0x0000018729915b90 code [0x0000018729915e40, 0x0000018729916858]
Event: 1.518 Thread 0x0000018732a52440 3812       1       java.util.concurrent.locks.ReentrantLock$NonfairSync::tryAcquire (27 bytes)
Event: 1.518 Thread 0x0000018732a52440 nmethod 3812 0x0000018729917190 code [0x0000018729917320, 0x0000018729917498]
Event: 1.524 Thread 0x0000018732a52440 3813       1       java.util.concurrent.ConcurrentHashMap::resizeStamp (9 bytes)
Event: 1.524 Thread 0x0000018732a52440 nmethod 3813 0x0000018729917510 code [0x00000187299176a0, 0x0000018729917768]
Event: 1.543 Thread 0x0000018733862030 3814       1       java.util.concurrent.locks.AbstractQueuedSynchronizer::acquireInterruptibly (36 bytes)
Event: 1.544 Thread 0x0000018733862030 nmethod 3814 0x0000018729917810 code [0x00000187299179e0, 0x0000018729917c38]

GC Heap History (20 events):
Event: 1.117 GC heap after
{Heap after GC invocations=8 (full 0):
 garbage-first heap   total 149504K, used 18925K [0x00000000c0000000, 0x0000000100000000)
  region size 1024K, 2 young (2048K), 2 survivors (2048K)
 Metaspace       used 33844K, committed 34176K, reserved 1081344K
  class space    used 4378K, committed 4544K, reserved 1048576K
}
Event: 1.314 GC heap before
{Heap before GC invocations=8 (full 0):
 garbage-first heap   total 149504K, used 104941K [0x00000000c0000000, 0x0000000100000000)
  region size 1024K, 87 young (89088K), 2 survivors (2048K)
 Metaspace       used 35553K, committed 35968K, reserved 1081344K
  class space    used 4612K, committed 4800K, reserved 1048576K
}
Event: 1.319 GC heap after
{Heap after GC invocations=9 (full 0):
 garbage-first heap   total 149504K, used 33754K [0x00000000c0000000, 0x0000000100000000)
  region size 1024K, 11 young (11264K), 11 survivors (11264K)
 Metaspace       used 35553K, committed 35968K, reserved 1081344K
  class space    used 4612K, committed 4800K, reserved 1048576K
}
Event: 1.408 GC heap before
{Heap before GC invocations=9 (full 0):
 garbage-first heap   total 149504K, used 91098K [0x00000000c0000000, 0x0000000100000000)
  region size 1024K, 68 young (69632K), 11 survivors (11264K)
 Metaspace       used 35562K, committed 35968K, reserved 1081344K
  class space    used 4614K, committed 4800K, reserved 1048576K
}
Event: 1.415 GC heap after
{Heap after GC invocations=10 (full 0):
 garbage-first heap   total 149504K, used 48148K [0x00000000c0000000, 0x0000000100000000)
  region size 1024K, 9 young (9216K), 9 survivors (9216K)
 Metaspace       used 35562K, committed 35968K, reserved 1081344K
  class space    used 4614K, committed 4800K, reserved 1048576K
}
Event: 1.447 GC heap before
{Heap before GC invocations=10 (full 0):
 garbage-first heap   total 149504K, used 74772K [0x00000000c0000000, 0x0000000100000000)
  region size 1024K, 34 young (34816K), 9 survivors (9216K)
 Metaspace       used 35573K, committed 35968K, reserved 1081344K
  class space    used 4616K, committed 4800K, reserved 1048576K
}
Event: 1.459 GC heap after
{Heap after GC invocations=11 (full 0):
 garbage-first heap   total 149504K, used 64674K [0x00000000c0000000, 0x0000000100000000)
  region size 1024K, 8 young (8192K), 8 survivors (8192K)
 Metaspace       used 35573K, committed 35968K, reserved 1081344K
  class space    used 4616K, committed 4800K, reserved 1048576K
}
Event: 1.471 GC heap before
{Heap before GC invocations=11 (full 0):
 garbage-first heap   total 149504K, used 102562K [0x00000000c0000000, 0x0000000100000000)
  region size 1024K, 46 young (47104K), 8 survivors (8192K)
 Metaspace       used 35675K, committed 36096K, reserved 1081344K
  class space    used 4625K, committed 4800K, reserved 1048576K
}
Event: 1.474 GC heap after
{Heap after GC invocations=12 (full 0):
 garbage-first heap   total 149504K, used 68398K [0x00000000c0000000, 0x0000000100000000)
  region size 1024K, 3 young (3072K), 3 survivors (3072K)
 Metaspace       used 35675K, committed 36096K, reserved 1081344K
  class space    used 4625K, committed 4800K, reserved 1048576K
}
Event: 1.479 GC heap before
{Heap before GC invocations=12 (full 0):
 garbage-first heap   total 149504K, used 107310K [0x00000000c0000000, 0x0000000100000000)
  region size 1024K, 42 young (43008K), 3 survivors (3072K)
 Metaspace       used 35681K, committed 36096K, reserved 1081344K
  class space    used 4631K, committed 4800K, reserved 1048576K
}
Event: 1.480 GC heap after
{Heap after GC invocations=13 (full 0):
 garbage-first heap   total 299008K, used 69626K [0x00000000c0000000, 0x0000000100000000)
  region size 1024K, 4 young (4096K), 4 survivors (4096K)
 Metaspace       used 35681K, committed 36096K, reserved 1081344K
  class space    used 4631K, committed 4800K, reserved 1048576K
}
Event: 1.503 GC heap before
{Heap before GC invocations=14 (full 0):
 garbage-first heap   total 273408K, used 198650K [0x00000000c0000000, 0x0000000100000000)
  region size 1024K, 132 young (135168K), 4 survivors (4096K)
 Metaspace       used 35744K, committed 36224K, reserved 1081344K
  class space    used 4638K, committed 4864K, reserved 1048576K
}
Event: 1.505 GC heap after
{Heap after GC invocations=15 (full 0):
 garbage-first heap   total 273408K, used 73763K [0x00000000c0000000, 0x0000000100000000)
  region size 1024K, 9 young (9216K), 9 survivors (9216K)
 Metaspace       used 35744K, committed 36224K, reserved 1081344K
  class space    used 4638K, committed 4864K, reserved 1048576K
}
Event: 1.505 GC heap before
{Heap before GC invocations=15 (full 0):
 garbage-first heap   total 273408K, used 78883K [0x00000000c0000000, 0x0000000100000000)
  region size 1024K, 15 young (15360K), 9 survivors (9216K)
 Metaspace       used 35744K, committed 36224K, reserved 1081344K
  class space    used 4638K, committed 4864K, reserved 1048576K
}
Event: 1.508 GC heap after
{Heap after GC invocations=16 (full 0):
 garbage-first heap   total 273408K, used 74122K [0x00000000c0000000, 0x0000000100000000)
  region size 1024K, 2 young (2048K), 2 survivors (2048K)
 Metaspace       used 35744K, committed 36224K, reserved 1081344K
  class space    used 4638K, committed 4864K, reserved 1048576K
}
Event: 1.520 GC heap before
{Heap before GC invocations=16 (full 0):
 garbage-first heap   total 273408K, used 201098K [0x00000000c0000000, 0x0000000100000000)
  region size 1024K, 127 young (130048K), 2 survivors (2048K)
 Metaspace       used 35744K, committed 36224K, reserved 1081344K
  class space    used 4638K, committed 4864K, reserved 1048576K
}
Event: 1.522 GC heap after
{Heap after GC invocations=17 (full 0):
 garbage-first heap   total 273408K, used 78468K [0x00000000c0000000, 0x0000000100000000)
  region size 1024K, 6 young (6144K), 6 survivors (6144K)
 Metaspace       used 35744K, committed 36224K, reserved 1081344K
  class space    used 4638K, committed 4864K, reserved 1048576K
}
Event: 1.533 GC heap before
{Heap before GC invocations=17 (full 0):
 garbage-first heap   total 273408K, used 207492K [0x00000000c0000000, 0x0000000100000000)
  region size 1024K, 133 young (136192K), 6 survivors (6144K)
 Metaspace       used 35745K, committed 36224K, reserved 1081344K
  class space    used 4638K, committed 4864K, reserved 1048576K
}
Event: 1.536 GC heap after
{Heap after GC invocations=18 (full 0):
 garbage-first heap   total 273408K, used 83658K [0x00000000c0000000, 0x0000000100000000)
  region size 1024K, 11 young (11264K), 11 survivors (11264K)
 Metaspace       used 35745K, committed 36224K, reserved 1081344K
  class space    used 4638K, committed 4864K, reserved 1048576K
}
Event: 1.548 GC heap before
{Heap before GC invocations=18 (full 0):
 garbage-first heap   total 273408K, used 212682K [0x00000000c0000000, 0x0000000100000000)
  region size 1024K, 138 young (141312K), 11 survivors (11264K)
 Metaspace       used 35745K, committed 36224K, reserved 1081344K
  class space    used 4638K, committed 4864K, reserved 1048576K
}

Dll operation events (8 events):
Event: 0.005 Loaded shared library c:\Users\MILU\.vscode\extensions\redhat.java-1.15.0-win32-x64\jre\17.0.6-win32-x86_64\bin\java.dll
Event: 0.090 Loaded shared library C:\Users\MILU\.vscode\extensions\redhat.java-1.15.0-win32-x64\jre\17.0.6-win32-x86_64\bin\net.dll
Event: 0.091 Loaded shared library C:\Users\MILU\.vscode\extensions\redhat.java-1.15.0-win32-x64\jre\17.0.6-win32-x86_64\bin\nio.dll
Event: 0.094 Loaded shared library C:\Users\MILU\.vscode\extensions\redhat.java-1.15.0-win32-x64\jre\17.0.6-win32-x86_64\bin\zip.dll
Event: 0.155 Loaded shared library C:\Users\MILU\.vscode\extensions\redhat.java-1.15.0-win32-x64\jre\17.0.6-win32-x86_64\bin\jimage.dll
Event: 0.198 Loaded shared library c:\Users\MILU\.vscode\extensions\redhat.java-1.15.0-win32-x64\jre\17.0.6-win32-x86_64\bin\verify.dll
Event: 1.056 Loaded shared library C:\Users\MILU\.vscode\extensions\redhat.java-1.15.0-win32-x64\jre\17.0.6-win32-x86_64\bin\management.dll
Event: 1.057 Loaded shared library C:\Users\MILU\.vscode\extensions\redhat.java-1.15.0-win32-x64\jre\17.0.6-win32-x86_64\bin\management_ext.dll

Deoptimization events (12 events):
Event: 0.585 Thread 0x0000018724bc9940 DEOPT PACKING pc=0x00000187295ae399 sp=0x0000004142efd690
Event: 0.585 Thread 0x0000018724bc9940 DEOPT UNPACKING pc=0x000001872907ace3 sp=0x0000004142efcb70 mode 3
Event: 1.055 Thread 0x0000018724bc9940 DEOPT PACKING pc=0x00000187296c819d sp=0x0000004142efd4a0
Event: 1.055 Thread 0x0000018724bc9940 DEOPT UNPACKING pc=0x000001872907ace3 sp=0x0000004142efc9b8 mode 3
Event: 1.139 Thread 0x0000018733f81f90 DEOPT PACKING pc=0x00000187297c65b5 sp=0x00000041453fd160
Event: 1.140 Thread 0x0000018733f81f90 DEOPT UNPACKING pc=0x000001872907ace3 sp=0x00000041453fc688 mode 3
Event: 1.147 Thread 0x0000018733b08350 DEOPT PACKING pc=0x00000187295b0781 sp=0x00000041452fd8d0
Event: 1.147 Thread 0x0000018733b08350 DEOPT UNPACKING pc=0x000001872907ace3 sp=0x00000041452fcd60 mode 3
Event: 1.148 Thread 0x0000018733f81f90 DEOPT PACKING pc=0x00000187295ac117 sp=0x00000041453fee00
Event: 1.148 Thread 0x0000018733f81f90 DEOPT UNPACKING pc=0x000001872907ace3 sp=0x00000041453fe258 mode 3
Event: 1.177 Thread 0x0000018733d79b30 DEOPT PACKING pc=0x00000187297e0aab sp=0x00000041455fe560
Event: 1.177 Thread 0x0000018733d79b30 DEOPT UNPACKING pc=0x000001872907ace3 sp=0x00000041455fdaa8 mode 3

Classes unloaded (0 events):
No events

Classes redefined (0 events):
No events

Internal exceptions (20 events):
Event: 1.192 Thread 0x0000018733d79660 Exception <a 'sun/nio/fs/WindowsException'{0x00000000c84cffc0}> (0x00000000c84cffc0) 
thrown [s\src\hotspot\share\prims\jni.cpp, line 516]
Event: 1.192 Thread 0x0000018733d79660 Exception <a 'sun/nio/fs/WindowsException'{0x00000000c84d0380}> (0x00000000c84d0380) 
thrown [s\src\hotspot\share\prims\jni.cpp, line 516]
Event: 1.192 Thread 0x0000018733d79660 Exception <a 'sun/nio/fs/WindowsException'{0x00000000c84d0db8}> (0x00000000c84d0db8) 
thrown [s\src\hotspot\share\prims\jni.cpp, line 516]
Event: 1.192 Thread 0x0000018733d79660 Exception <a 'sun/nio/fs/WindowsException'{0x00000000c84d11b8}> (0x00000000c84d11b8) 
thrown [s\src\hotspot\share\prims\jni.cpp, line 516]
Event: 1.192 Thread 0x0000018733d79660 Exception <a 'sun/nio/fs/WindowsException'{0x00000000c84d1bc8}> (0x00000000c84d1bc8) 
thrown [s\src\hotspot\share\prims\jni.cpp, line 516]
Event: 1.192 Thread 0x0000018733d79660 Exception <a 'sun/nio/fs/WindowsException'{0x00000000c84d1f98}> (0x00000000c84d1f98) 
thrown [s\src\hotspot\share\prims\jni.cpp, line 516]
Event: 1.192 Thread 0x0000018733d79660 Exception <a 'sun/nio/fs/WindowsException'{0x00000000c84d2980}> (0x00000000c84d2980) 
thrown [s\src\hotspot\share\prims\jni.cpp, line 516]
Event: 1.192 Thread 0x0000018733d79660 Exception <a 'sun/nio/fs/WindowsException'{0x00000000c84d2d10}> (0x00000000c84d2d10) 
thrown [s\src\hotspot\share\prims\jni.cpp, line 516]
Event: 1.192 Thread 0x0000018733d79660 Exception <a 'sun/nio/fs/WindowsException'{0x00000000c84d3708}> (0x00000000c84d3708) 
thrown [s\src\hotspot\share\prims\jni.cpp, line 516]
Event: 1.193 Thread 0x0000018733d79660 Exception <a 'sun/nio/fs/WindowsException'{0x00000000c84d3ab8}> (0x00000000c84d3ab8) 
thrown [s\src\hotspot\share\prims\jni.cpp, line 516]
Event: 1.193 Thread 0x0000018733d79660 Exception <a 'sun/nio/fs/WindowsException'{0x00000000c84d44a0}> (0x00000000c84d44a0) 
thrown [s\src\hotspot\share\prims\jni.cpp, line 516]
Event: 1.193 Thread 0x0000018733d79660 Exception <a 'sun/nio/fs/WindowsException'{0x00000000c84d4840}> (0x00000000c84d4840) 
thrown [s\src\hotspot\share\prims\jni.cpp, line 516]
Event: 1.193 Thread 0x0000018733d79660 Exception <a 'sun/nio/fs/WindowsException'{0x00000000c84d5238}> (0x00000000c84d5238) 
thrown [s\src\hotspot\share\prims\jni.cpp, line 516]
Event: 1.193 Thread 0x0000018733d79660 Exception <a 'sun/nio/fs/WindowsException'{0x00000000c84d55e8}> (0x00000000c84d55e8) 
thrown [s\src\hotspot\share\prims\jni.cpp, line 516]
Event: 1.193 Thread 0x0000018733d79660 Exception <a 'sun/nio/fs/WindowsException'{0x00000000c84d5ff8}> (0x00000000c84d5ff8) 
thrown [s\src\hotspot\share\prims\jni.cpp, line 516]
Event: 1.193 Thread 0x0000018733d79660 Exception <a 'sun/nio/fs/WindowsException'{0x00000000c84d63c8}> (0x00000000c84d63c8) 
thrown [s\src\hotspot\share\prims\jni.cpp, line 516]
Event: 1.193 Thread 0x0000018733d79660 Exception <a 'sun/nio/fs/WindowsException'{0x00000000c84d6df0}> (0x00000000c84d6df0) 
thrown [s\src\hotspot\share\prims\jni.cpp, line 516]
Event: 1.193 Thread 0x0000018733d79660 Exception <a 'sun/nio/fs/WindowsException'{0x00000000c84d71d8}> (0x00000000c84d71d8) 
thrown [s\src\hotspot\share\prims\jni.cpp, line 516]
Event: 1.193 Thread 0x0000018733d79660 Exception <a 'sun/nio/fs/WindowsException'{0x00000000c84d7bf8}> (0x00000000c84d7bf8) 
thrown [s\src\hotspot\share\prims\jni.cpp, line 516]
Event: 1.193 Thread 0x0000018733d79660 Exception <a 'sun/nio/fs/WindowsException'{0x00000000c84d7fd8}> (0x00000000c84d7fd8) 
thrown [s\src\hotspot\share\prims\jni.cpp, line 516]

VM Operations (20 events):
Event: 1.493 Executing VM operation: G1Concurrent done
Event: 1.502 Executing VM operation: G1CollectForAllocation
Event: 1.502 Executing VM operation: G1CollectForAllocation done
Event: 1.502 Executing VM operation: G1CollectForAllocation
Event: 1.505 Executing VM operation: G1CollectForAllocation done
Event: 1.505 Executing VM operation: G1CollectForAllocation
Event: 1.505 Executing VM operation: G1CollectForAllocation done
Event: 1.505 Executing VM operation: G1CollectForAllocation
Event: 1.508 Executing VM operation: G1CollectForAllocation done
Event: 1.520 Executing VM operation: G1CollectForAllocation
Event: 1.520 Executing VM operation: G1CollectForAllocation done
Event: 1.520 Executing VM operation: G1CollectForAllocation
Event: 1.522 Executing VM operation: G1CollectForAllocation done
Event: 1.533 Executing VM operation: G1CollectForAllocation
Event: 1.533 Executing VM operation: G1CollectForAllocation done
Event: 1.533 Executing VM operation: G1CollectForAllocation
Event: 1.536 Executing VM operation: G1CollectForAllocation done
Event: 1.547 Executing VM operation: G1CollectForAllocation
Event: 1.548 Executing VM operation: G1CollectForAllocation done
Event: 1.548 Executing VM operation: G1CollectForAllocation

Events (20 events):
Event: 1.272 loading class java/util/stream/Collectors$1PairBox
Event: 1.272 loading class java/util/stream/Collectors$1PairBox done
Event: 1.272 loading class java/util/concurrent/locks/AbstractQueuedSynchronizer$SharedNode
Event: 1.272 loading class jdk/internal/module/SystemModuleFinders$ModuleContentSpliterator
Event: 1.272 loading class java/util/concurrent/locks/AbstractQueuedSynchronizer$SharedNode done
Event: 1.272 loading class jdk/internal/module/SystemModuleFinders$ModuleContentSpliterator done
Event: 1.272 loading class jdk/internal/jimage/ImageReader$Directory
Event: 1.272 loading class jdk/internal/jimage/ImageReader$Node
Event: 1.272 loading class jdk/internal/jimage/ImageReader$Node done
Event: 1.272 loading class jdk/internal/jimage/ImageReader$Directory done
Event: 1.272 loading class jdk/internal/jimage/ImageReader$SharedImageReader$LocationVisitor
Event: 1.272 loading class jdk/internal/jimage/ImageReader$SharedImageReader$LocationVisitor done
Event: 1.273 loading class java/nio/ByteBufferAsIntBufferL
Event: 1.273 loading class java/nio/ByteBufferAsIntBufferL done
Event: 1.273 loading class jdk/internal/jimage/ImageReader$Resource
Event: 1.273 loading class jdk/internal/jimage/ImageReader$Resource done
Event: 1.273 loading class java/util/stream/LongStream
Event: 1.273 loading class java/util/stream/LongStream done
Event: 1.273 loading class java/util/stream/DoubleStream
Event: 1.273 loading class java/util/stream/DoubleStream done


Dynamic libraries:
0x00007ff700cd0000 - 0x00007ff700cde000 	c:\Users\MILU\.vscode\extensions\redhat.java-1.15.0-win32-x64\jre\17.0.6-win32-x86_64\bin\java.exe
0x00007ffccc840000 - 0x00007ffccca49000 	C:\WINDOWS\SYSTEM32\ntdll.dll
0x00007ffccb870000 - 0x00007ffccb92e000 	C:\WINDOWS\System32\KERNEL32.DLL
0x00007ffcca050000 - 0x00007ffcca3cc000 	C:\WINDOWS\System32\KERNELBASE.dll
0x00007ffcca4e0000 - 0x00007ffcca5f1000 	C:\WINDOWS\System32\ucrtbase.dll
0x00007ffcbd860000 - 0x00007ffcbd877000 	c:\Users\MILU\.vscode\extensions\redhat.java-1.15.0-win32-x64\jre\17.0.6-win32-x86_64\bin\jli.dll
0x00007ffcbd880000 - 0x00007ffcbd899000 	c:\Users\MILU\.vscode\extensions\redhat.java-1.15.0-win32-x64\jre\17.0.6-win32-x86_64\bin\VCRUNTIME140.dll
0x00007ffccbdb0000 - 0x00007ffccbf5d000 	C:\WINDOWS\System32\USER32.dll
0x00007ffcc9d90000 - 0x00007ffcc9db6000 	C:\WINDOWS\System32\win32u.dll
0x00007ffccadb0000 - 0x00007ffccadd9000 	C:\WINDOWS\System32\GDI32.dll
0x00007ffcc9dc0000 - 0x00007ffcc9ed8000 	C:\WINDOWS\System32\gdi32full.dll
0x00007ffcca440000 - 0x00007ffcca4dd000 	C:\WINDOWS\System32\msvcp_win.dll
0x00007ffcb7ca0000 - 0x00007ffcb7f45000 	C:\WINDOWS\WinSxS\amd64_microsoft.windows.common-controls_6595b64144ccf1df_6.0.22000.120_none_9d947278b86cc467\COMCTL32.dll
0x00007ffccad00000 - 0x00007ffccada3000 	C:\WINDOWS\System32\msvcrt.dll
0x00007ffccaeb0000 - 0x00007ffccaee2000 	C:\WINDOWS\System32\IMM32.DLL
0x00007ffcb64a0000 - 0x00007ffcb64ac000 	c:\Users\MILU\.vscode\extensions\redhat.java-1.15.0-win32-x64\jre\17.0.6-win32-x86_64\bin\vcruntime140_1.dll
0x00007ffc7f640000 - 0x00007ffc7f6d1000 	c:\Users\MILU\.vscode\extensions\redhat.java-1.15.0-win32-x64\jre\17.0.6-win32-x86_64\bin\msvcp140.dll
0x00007ffc47b00000 - 0x00007ffc48747000 	c:\Users\MILU\.vscode\extensions\redhat.java-1.15.0-win32-x64\jre\17.0.6-win32-x86_64\bin\server\jvm.dll
0x00007ffccaf80000 - 0x00007ffccb02e000 	C:\WINDOWS\System32\ADVAPI32.dll
0x00007ffccc080000 - 0x00007ffccc11e000 	C:\WINDOWS\System32\sechost.dll
0x00007ffcca7c0000 - 0x00007ffcca8e0000 	C:\WINDOWS\System32\RPCRT4.dll
0x00007ffca39e0000 - 0x00007ffca39e9000 	C:\WINDOWS\SYSTEM32\WSOCK32.dll
0x00007ffcba4b0000 - 0x00007ffcba4e3000 	C:\WINDOWS\SYSTEM32\WINMM.dll
0x00007ffccc320000 - 0x00007ffccc38f000 	C:\WINDOWS\System32\WS2_32.dll
0x00007ffcc09d0000 - 0x00007ffcc09da000 	C:\WINDOWS\SYSTEM32\VERSION.dll
0x00007ffcc8d50000 - 0x00007ffcc8d68000 	C:\WINDOWS\SYSTEM32\kernel.appcore.dll
0x00007ffcb29c0000 - 0x00007ffcb29ca000 	c:\Users\MILU\.vscode\extensions\redhat.java-1.15.0-win32-x64\jre\17.0.6-win32-x86_64\bin\jimage.dll
0x00007ffcc76f0000 - 0x00007ffcc7911000 	C:\WINDOWS\SYSTEM32\DBGHELP.DLL
0x00007ffcb96e0000 - 0x00007ffcb9711000 	C:\WINDOWS\SYSTEM32\dbgcore.DLL
0x00007ffcc9d10000 - 0x00007ffcc9d8f000 	C:\WINDOWS\System32\bcryptPrimitives.dll
0x00007ffcb2690000 - 0x00007ffcb26b5000 	c:\Users\MILU\.vscode\extensions\redhat.java-1.15.0-win32-x64\jre\17.0.6-win32-x86_64\bin\java.dll
0x00007ffcaadf0000 - 0x00007ffcaae08000 	c:\Users\MILU\.vscode\extensions\redhat.java-1.15.0-win32-x64\jre\17.0.6-win32-x86_64\bin\zip.dll
0x00007ffccb030000 - 0x00007ffccb7f5000 	C:\WINDOWS\System32\SHELL32.dll
0x00007ffcc7dc0000 - 0x00007ffcc8625000 	C:\WINDOWS\SYSTEM32\windows.storage.dll
0x00007ffcca8e0000 - 0x00007ffccac58000 	C:\WINDOWS\System32\combase.dll
0x00007ffcc7c50000 - 0x00007ffcc7db6000 	C:\WINDOWS\SYSTEM32\wintypes.dll
0x00007ffccbcc0000 - 0x00007ffccbdaa000 	C:\WINDOWS\System32\SHCORE.dll
0x00007ffccc120000 - 0x00007ffccc17d000 	C:\WINDOWS\System32\shlwapi.dll
0x00007ffcc9c40000 - 0x00007ffcc9c61000 	C:\WINDOWS\SYSTEM32\profapi.dll
0x00007ffcc4aa0000 - 0x00007ffcc4ab9000 	C:\Users\MILU\.vscode\extensions\redhat.java-1.15.0-win32-x64\jre\17.0.6-win32-x86_64\bin\net.dll
0x00007ffcc40b0000 - 0x00007ffcc41c4000 	C:\WINDOWS\SYSTEM32\WINHTTP.dll
0x00007ffcc9250000 - 0x00007ffcc92b7000 	C:\WINDOWS\system32\mswsock.dll
0x00007ffca86e0000 - 0x00007ffca86f5000 	C:\Users\MILU\.vscode\extensions\redhat.java-1.15.0-win32-x64\jre\17.0.6-win32-x86_64\bin\nio.dll
0x00007ffcc4a90000 - 0x00007ffcc4aa0000 	c:\Users\MILU\.vscode\extensions\redhat.java-1.15.0-win32-x64\jre\17.0.6-win32-x86_64\bin\verify.dll
0x00007ffcc95b0000 - 0x00007ffcc95c8000 	C:\WINDOWS\SYSTEM32\CRYPTSP.dll
0x00007ffcc8cb0000 - 0x00007ffcc8ce5000 	C:\WINDOWS\system32\rsaenh.dll
0x00007ffcc9320000 - 0x00007ffcc9349000 	C:\WINDOWS\SYSTEM32\USERENV.dll
0x00007ffcc96f0000 - 0x00007ffcc9717000 	C:\WINDOWS\SYSTEM32\bcrypt.dll
0x00007ffcc9470000 - 0x00007ffcc947c000 	C:\WINDOWS\SYSTEM32\CRYPTBASE.dll
0x00007ffcc8880000 - 0x00007ffcc88ad000 	C:\WINDOWS\SYSTEM32\IPHLPAPI.DLL
0x00007ffcca7b0000 - 0x00007ffcca7b9000 	C:\WINDOWS\System32\NSI.dll
0x00007ffcc3e50000 - 0x00007ffcc3e69000 	C:\WINDOWS\SYSTEM32\dhcpcsvc6.DLL
0x00007ffcc56d0000 - 0x00007ffcc56ee000 	C:\WINDOWS\SYSTEM32\dhcpcsvc.DLL
0x00007ffcc88b0000 - 0x00007ffcc8998000 	C:\WINDOWS\SYSTEM32\DNSAPI.dll
0x00007ffcb2880000 - 0x00007ffcb2889000 	C:\Users\MILU\.vscode\extensions\redhat.java-1.15.0-win32-x64\jre\17.0.6-win32-x86_64\bin\management.dll
0x00007ffcb2870000 - 0x00007ffcb287b000 	C:\Users\MILU\.vscode\extensions\redhat.java-1.15.0-win32-x64\jre\17.0.6-win32-x86_64\bin\management_ext.dll
0x00007ffccb860000 - 0x00007ffccb868000 	C:\WINDOWS\System32\PSAPI.DLL

dbghelp: loaded successfully - version: 4.0.5 - missing functions: none
symbol engine: initialized successfully - sym options: 0x614 - pdb path: .;c:\Users\MILU\.vscode\extensions\redhat.java-1.15.0-win32-x64\jre\17.0.6-win32-x86_64\bin;C:\WINDOWS\SYSTEM32;C:\WINDOWS\WinSxS\amd64_microsoft.windows.common-controls_6595b64144ccf1df_6.0.22000.120_none_9d947278b86cc467;c:\Users\MILU\.vscode\extensions\redhat.java-1.15.0-win32-x64\jre\17.0.6-win32-x86_64\bin\server

VM Arguments:
jvm_args: -XX:+HeapDumpOnOutOfMemoryError -Xmx1024m -Dsts.lsp.client=vscode -Dsts.log.file=/dev/null -XX:TieredStopAtLevel=1 -Xlog:jni+resolve=off -Dspring.config.location=file:c:\Users\MILU\.vscode\extensions\vmware.vscode-spring-boot-1.44.0\language-server\BOOT-INF\classes\application.properties 
java_command: org.springframework.ide.vscode.boot.app.BootLanguageServerBootApp
java_class_path (initial): c:\Users\MILU\.vscode\extensions\vmware.vscode-spring-boot-1.44.0\language-server\BOOT-INF\classes;c:\Users\MILU\.vscode\extensions\vmware.vscode-spring-boot-1.44.0\language-server\BOOT-INF\lib\annotations-24.0.0.jar;c:\Users\MILU\.vscode\extensions\vmware.vscode-spring-boot-1.44.0\language-server\BOOT-INF\lib\ant-1.10.13.jar;c:\Users\MILU\.vscode\extensions\vmware.vscode-spring-boot-1.44.0\language-server\BOOT-INF\lib\ant-launcher-1.10.13.jar;c:\Users\MILU\.vscode\extensions\vmware.vscode-spring-boot-1.44.0\language-server\BOOT-INF\lib\antlr-runtime-3.5.2.jar;c:\Users\MILU\.vscode\extensions\vmware.vscode-spring-boot-1.44.0\language-server\BOOT-INF\lib\antlr4-4.9.3.jar;c:\Users\MILU\.vscode\extensions\vmware.vscode-spring-boot-1.44.0\language-server\BOOT-INF\lib\antlr4-runtime-4.9.3.jar;c:\Users\MILU\.vscode\extensions\vmware.vscode-spring-boot-1.44.0\language-server\BOOT-INF\lib\apiguardian-api-1.1.2.jar;c:\Users\MILU\.vscode\extensions\vmware.vscode-spring-boot-1.44.0\language-server\BOOT-INF\lib\asm-9.4.jar;c:\Users\MILU\.vscode\extensions\vmware.vscode-spring-boot-1.44.0\language-server\BOOT-INF\lib\asm-analysis-9.4.jar;c:\Users\MILU\.vscode\extensions\vmware.vscode-spring-boot-1.44.0\language-server\BOOT-INF\lib\asm-tree-9.4.jar;c:\Users\MILU\.vscode\extensions\vmware.vscode-spring-boot-1.44.0\language-server\BOOT-INF\lib\asm-util-9.4.jar;c:\Users\MILU\.vscode\extensions\vmware.vscode-spring-boot-1.44.0\language-server\BOOT-INF\lib\caffeine-3.1.2.jar;c:\Users\MILU\.vscode\extensions\vmware.vscode-spring-boot-1.44.0\language-server\BOOT-INF\lib\checker-qual-3.12.0.jar;c:\Users\MILU\.vscode\extensions\vmware.vscode-spring-boot-1.44.0\language-server\BOOT-INF\lib\ci-environment-9.1.0.jar;c:\Users\MILU\.vscode\extensions\vmware.vscode-spring-boot-1.44.0\language-server\BOOT-INF\lib\classgraph-4.8.149.jar;c:\Users\MILU\.vscode\extensions\vmware.vscode-spring-boot-1.44.0\language-server\BOOT-INF\lib\commons-codec-1.15.jar;c:\Users\MILU\.
Launcher Type: SUN_STANDARD

[Global flags]
     intx CICompilerCount                          = 4                                         {product} {ergonomic}
     uint ConcGCThreads                            = 3                                         {product} {ergonomic}
     uint G1ConcRefinementThreads                  = 10                                        {product} {ergonomic}
   size_t G1HeapRegionSize                         = 1048576                                   {product} {ergonomic}
    uintx GCDrainStackTargetSize                   = 64                                        {product} {ergonomic}
     bool HeapDumpOnOutOfMemoryError               = true                                   {manageable} {command line}
   size_t InitialHeapSize                          = 255852544                                 {product} {ergonomic}
   size_t MarkStackSize                            = 4194304                                   {product} {ergonomic}
   size_t MaxHeapSize                              = 1073741824                                {product} {command line}
   size_t MaxNewSize                               = 643825664                                 {product} {ergonomic}
   size_t MinHeapDeltaBytes                        = 1048576                                   {product} {ergonomic}
   size_t MinHeapSize                              = 8388608                                   {product} {ergonomic}
    uintx NonProfiledCodeHeapSize                  = 0                                      {pd product} {ergonomic}
     bool ProfileInterpreter                       = false                                  {pd product} {command line}
    uintx ProfiledCodeHeapSize                     = 0                                      {pd product} {ergonomic}
   size_t SoftMaxHeapSize                          = 1073741824                             {manageable} {ergonomic}
     intx TieredStopAtLevel                        = 1                                         {product} {command line}
     bool UseCompressedClassPointers               = true                           {product lp64_product} {ergonomic}
     bool UseCompressedOops                        = true                           {product lp64_product} {ergonomic}
     bool UseG1GC                                  = true                                      {product} {ergonomic}
     bool UseLargePagesIndividualAllocation        = false                                  {pd product} {ergonomic}

Logging:
Log output configuration:
 #0: stdout all=warning,jni+resolve=off uptime,level,tags
 #1: stderr all=off uptime,level,tags

Environment Variables:
JAVA_HOME=C:\Program Files\Java\jdk1.8.0_351
PATH=C:\ffmpeg\bin;C:\Program Files (x86)\Common Files\Oracle\Java\javapath;C:\Program Files\Oculus\Support\oculus-runtime;c:\windows\system32;c:\windows;c:\windows\system32\wbem;c:\windows\system32\windowspowershell\v1.0\;c:\windows\system32\openssh\;C:\Program Files (x86)\NVIDIA Corporation\PhysX\Common;C:\Program Files\dotnet\;C:\WINDOWS\system32;C:\WINDOWS;C:\WINDOWS\System32\Wbem;C:\WINDOWS\System32\WindowsPowerShell\v1.0\;C:\WINDOWS\System32\OpenSSH\;C:\Program Files\NVIDIA Corporation\NVIDIA NvDLISR;C:\WINDOWS\system32;C:\WINDOWS;C:\WINDOWS\System32\Wbem;C:\WINDOWS\System32\WindowsPowerShell\v1.0\;C:\WINDOWS\System32\OpenSSH\;C:\Program Files\IDM Computer Solutions\UltraEdit;C:\Program Files\Git\cmd;C:\Program Files\Cloudflare\Cloudflare WARP\;C:\Program Files\Java\jdk1.8.0_351\bin;C:\Users\MILU\AppData\Local\Programs\Python\Python310\Scripts\;C:\Users\MILU\AppData\Local\Programs\Python\Python310\;C:\Cadence\SPB_17.2\OpenAccess\bin\win32\opt;C:\Cadence\SPB_17.2\tools\pcb\bin;C:\Cadence\SPB_17.2\tools\fet\bi;C:\Program Files\nodejs\;C:\Users\MILU\AppData\Local\Programs\Python\Python310\Scripts\;C:\Users\MILU\AppData\Local\Programs\Python\Python310\;C:\Cadence\SPB_17.2\OpenAccess\bin\win32\opt;C:\Cadence\SPB_17.2\tools\pcb\bin;C:\Cadence\SPB_17.2\tools\fet\bin;C:\Cadence\SPB_17.2\tools\Capture;C:\Cadence\SPB_17.2\tools\PSpice;C:\Cadence\SPB_17.2\tools\specctra\bin;C:\Cadence\SPB_17.2\tools\bin;C:\Users\MILU\AppData\Local\Microsoft\WindowsApps;C:\Program Files\Bandizip\;;C:\Users\MILU\AppData\Local\afreeca;C:\Users\MILU\AppData\Local\Programs\Microsoft VS Code\bin;C:\Program Files\JetBrains\IntelliJ IDEA Community Edition 2022.2.2\bin;;C:\Users\MILU\AppData\Local\Programs\Fiddler;C:\Users\MILU\.dotnet\tools;C:\Users\MILU\AppData\Roaming\npm
USERNAME=MILU
OS=Windows_NT
PROCESSOR_IDENTIFIER=AMD64 Family 25 Model 97 Stepping 2, AuthenticAMD
TMP=C:\Users\MILU\AppData\Local\Temp
TEMP=C:\Users\MILU\AppData\Local\Temp



---------------  S Y S T E M  ---------------

OS:
 Windows 11 , 64 bit Build 22000 (10.0.22000.1516)
OS uptime: 0 days 0:07 hours
Hyper-V role detected

CPU: total 12 (initial active 12) (12 cores per cpu, 2 threads per core) family 25 model 97 stepping 2 microcode 0x0, cx8, cmov, fxsr, ht, mmx, 3dnowpref, sse, sse2, sse3, ssse3, sse4a, sse4.1, sse4.2, popcnt, lzcnt, tsc, tscinvbit, avx, avx2, aes, erms, clmul, bmi1, bmi2, adx, avx512f, avx512dq, avx512cd, avx512bw, avx512vl, sha, fma, vzeroupper, avx512_vpopcntdq, avx512_vpclmulqdq, avx512_vaes, avx512_vnni, clflush, clflushopt, avx512_vbmi2, avx512_vbmi, hv

Memory: 4k page, system-wide physical 15516M (6950M free)
TotalPageFile size 15516M (AvailPageFile size 33M)
current process WorkingSet (physical memory assigned to process): 385M, peak: 385M
current process commit charge ("private bytes"): 446M, peak: 724M

vm_info: OpenJDK 64-Bit Server VM (17.0.6+10) for windows-amd64 JRE (17.0.6+10), built on Jan 18 2023 10:08:59 by "temurin" with MS VC++ 16.7 (VS2019)

END.
