#
# There is insufficient memory for the Java Runtime Environment to continue.
# Native memory allocation (malloc) failed to allocate 32744 bytes for ChunkPool::allocate
# Possible reasons:
#   The system is out of physical RAM or swap space
#   The process is running with CompressedOops enabled, and the Java Heap may be blocking the growth of the native heap
# Possible solutions:
#   Reduce memory load on the system
#   Increase physical memory or swap space
#   Check if swap backing store is full
#   Decrease Java heap size (-Xmx/-Xms)
#   Decrease number of Java threads
#   Decrease Java thread stack sizes (-Xss)
#   Set larger code cache with -XX:ReservedCodeCacheSize=
#   JVM is running with Unscaled Compressed Oops mode in which the Java heap is
#     placed in the first 4GB address space. The Java Heap base address is the
#     maximum limit for the native heap growth. Please use -XX:HeapBaseMinAddress
#     to set the Java Heap base and to place the Java Heap above 4GB virtual address.
# This output file may be truncated or incomplete.
#
#  Out of Memory Error (arena.cpp:78), pid=14796, tid=3188
#
# JRE version: OpenJDK Runtime Environment Temurin-17.0.6+10 (17.0.6+10) (build 17.0.6+10)
# Java VM: OpenJDK 64-Bit Server VM Temurin-17.0.6+10 (17.0.6+10, mixed mode, tiered, compressed oops, compressed class ptrs, parallel gc, windows-amd64)
# No core dump will be written. Minidumps are not enabled by default on client versions of Windows
#

---------------  S U M M A R Y ------------

Command Line: --add-modules=ALL-SYSTEM --add-opens=java.base/java.util=ALL-UNNAMED --add-opens=java.base/java.lang=ALL-UNNAMED --add-opens=java.base/sun.nio.fs=ALL-UNNAMED -Declipse.application=org.eclipse.jdt.ls.core.id1 -Dosgi.bundles.defaultStartLevel=4 -Declipse.product=org.eclipse.jdt.ls.core.product -Djava.import.generatesMetadataFilesAtProjectRoot=false -Dfile.encoding=utf8 -XX:+UseParallelGC -XX:GCTimeRatio=4 -XX:AdaptiveSizePolicyWeight=90 -Dsun.zip.disableMemoryMapping=true -Xmx2G -Xms100m -Xlog:disable -javaagent:c:\Users\MILU\.vscode\extensions\redhat.java-1.15.0-win32-x64\lombok\lombok-1.18.24.jar c:\Users\MILU\.vscode\extensions\redhat.java-1.15.0-win32-x64\server\plugins\org.eclipse.equinox.launcher_1.6.400.v20210924-0641.jar -configuration c:\Users\MILU\AppData\Roaming\Code\User\globalStorage\redhat.java\1.15.0\config_ss_win -data c:\Users\MILU\AppData\Roaming\Code\User\workspaceStorage\fc16c159672cfacfee64a0ca5a9c0ba6\redhat.java\ss_ws

Host: AMD Ryzen 5 7600 6-Core Processor              , 12 cores, 15G,  Windows 11 , 64 bit Build 22000 (10.0.22000.1516)
Time: Sun Feb 26 11:59:46 2023  Windows 11 , 64 bit Build 22000 (10.0.22000.1516) elapsed time: 1.060359 seconds (0d 0h 0m 1s)

---------------  T H R E A D  ---------------

Current thread (0x000001caff3d1640):  JavaThread "C2 CompilerThread2" daemon [_thread_in_native, id=3188, stack(0x0000007b29300000,0x0000007b29400000)]


Current CompileTask:
C2:   1060 2281       4       org.objectweb.asm.ClassReader::readMethod (1066 bytes)

Stack: [0x0000007b29300000,0x0000007b29400000]
Native frames: (J=compiled Java code, j=interpreted, Vv=VM code, C=native code)
V  [jvm.dll+0x67741a]
V  [jvm.dll+0x834434]
V  [jvm.dll+0x835bde]
V  [jvm.dll+0x836243]
V  [jvm.dll+0x2457b5]
V  [jvm.dll+0xabd1c]
V  [jvm.dll+0xac0cc]
V  [jvm.dll+0x11e018]
V  [jvm.dll+0x6a07d1]
V  [jvm.dll+0x1bbe34]
V  [jvm.dll+0x218749]
V  [jvm.dll+0x217a11]
V  [jvm.dll+0x1a3d0d]
V  [jvm.dll+0x22742a]
V  [jvm.dll+0x225565]
V  [jvm.dll+0x7ea2cb]
V  [jvm.dll+0x7e483a]
V  [jvm.dll+0x6762c5]
C  [ucrtbase.dll+0x26c0c]
C  [KERNEL32.DLL+0x155a0]
C  [ntdll.dll+0x485b]


---------------  P R O C E S S  ---------------

Threads class SMR info:
_java_thread_list=0x000001ca859f7950, length=24, elements={
0x000001cae9203d50, 0x000001cafd555030, 0x000001cafd556190, 0x000001caff093010,
0x000001caff093ad0, 0x000001cafd55e3a0, 0x000001caff0b1040, 0x000001caff0bcba0,
0x000001caff0c24c0, 0x000001caff0c49e0, 0x000001caff2172d0, 0x000001caff1e52b0,
0x000001caff3d5da0, 0x000001caff3d1640, 0x000001ca8470aa10, 0x000001ca85bb54d0,
0x000001ca85c02f30, 0x000001ca85bfd650, 0x000001ca85a30470, 0x000001ca85d63400,
0x000001ca85e26000, 0x000001ca85df7e10, 0x000001ca85df5c60, 0x000001ca85df7940
}

Java Threads: ( => current thread )
  0x000001cae9203d50 JavaThread "main" [_thread_blocked, id=24376, stack(0x0000007b28300000,0x0000007b28400000)]
  0x000001cafd555030 JavaThread "Reference Handler" daemon [_thread_blocked, id=11572, stack(0x0000007b28600000,0x0000007b28700000)]
  0x000001cafd556190 JavaThread "Finalizer" daemon [_thread_blocked, id=26576, stack(0x0000007b28700000,0x0000007b28800000)]
  0x000001caff093010 JavaThread "Signal Dispatcher" daemon [_thread_blocked, id=7528, stack(0x0000007b28800000,0x0000007b28900000)]
  0x000001caff093ad0 JavaThread "Attach Listener" daemon [_thread_blocked, id=7300, stack(0x0000007b28900000,0x0000007b28a00000)]
  0x000001cafd55e3a0 JavaThread "Service Thread" daemon [_thread_blocked, id=16820, stack(0x0000007b28a00000,0x0000007b28b00000)]
  0x000001caff0b1040 JavaThread "Monitor Deflation Thread" daemon [_thread_blocked, id=8524, stack(0x0000007b28b00000,0x0000007b28c00000)]
  0x000001caff0bcba0 JavaThread "C2 CompilerThread0" daemon [_thread_blocked, id=27200, stack(0x0000007b28c00000,0x0000007b28d00000)]
  0x000001caff0c24c0 JavaThread "C1 CompilerThread0" daemon [_thread_blocked, id=26432, stack(0x0000007b28d00000,0x0000007b28e00000)]
  0x000001caff0c49e0 JavaThread "Sweeper thread" daemon [_thread_blocked, id=2492, stack(0x0000007b28e00000,0x0000007b28f00000)]
  0x000001caff2172d0 JavaThread "Common-Cleaner" daemon [_thread_blocked, id=6464, stack(0x0000007b28f00000,0x0000007b29000000)]
  0x000001caff1e52b0 JavaThread "C2 CompilerThread1" daemon [_thread_blocked, id=13580, stack(0x0000007b29000000,0x0000007b29100000)]
  0x000001caff3d5da0 JavaThread "Notification Thread" daemon [_thread_blocked, id=8432, stack(0x0000007b29100000,0x0000007b29200000)]
=>0x000001caff3d1640 JavaThread "C2 CompilerThread2" daemon [_thread_in_native, id=3188, stack(0x0000007b29300000,0x0000007b29400000)]
  0x000001ca8470aa10 JavaThread "Active Thread: Equinox Container: b1ecc8bb-3ce1-4da0-9d65-a5db18dbfdfd" [_thread_blocked, id=25300, stack(0x0000007b29a00000,0x0000007b29b00000)]
  0x000001ca85bb54d0 JavaThread "Framework Event Dispatcher: Equinox Container: b1ecc8bb-3ce1-4da0-9d65-a5db18dbfdfd" daemon [_thread_blocked, id=25304, stack(0x0000007b29b00000,0x0000007b29c00000)]
  0x000001ca85c02f30 JavaThread "Start Level: Equinox Container: b1ecc8bb-3ce1-4da0-9d65-a5db18dbfdfd" daemon [_thread_blocked, id=25012, stack(0x0000007b29c00000,0x0000007b29d00000)]
  0x000001ca85bfd650 JavaThread "SCR Component Actor" daemon [_thread_blocked, id=25176, stack(0x0000007b29d00000,0x0000007b29e00000)]
  0x000001ca85a30470 JavaThread "SCR Component Registry" daemon [_thread_blocked, id=25196, stack(0x0000007b29f00000,0x0000007b2a000000)]
  0x000001ca85d63400 JavaThread "Worker-JM" [_thread_blocked, id=22176, stack(0x0000007b2a000000,0x0000007b2a100000)]
  0x000001ca85e26000 JavaThread "Worker-0" [_thread_blocked, id=29456, stack(0x0000007b2a300000,0x0000007b2a400000)]
  0x000001ca85df7e10 JavaThread "Worker-1" [_thread_blocked, id=8536, stack(0x0000007b2a400000,0x0000007b2a500000)]
  0x000001ca85df5c60 JavaThread "Java indexing" daemon [_thread_blocked, id=9896, stack(0x0000007b2a500000,0x0000007b2a600000)]
  0x000001ca85df7940 JavaThread "Worker-2" [_thread_blocked, id=11304, stack(0x0000007b2a600000,0x0000007b2a700000)]

Other Threads:
  0x000001cafd3fc060 VMThread "VM Thread" [stack: 0x0000007b28500000,0x0000007b28600000] [id=21944]
  0x000001caff35d2c0 WatcherThread [stack: 0x0000007b29200000,0x0000007b29300000] [id=3412]
  0x000001cae921a540 GCTaskThread "GC Thread#0" [stack: 0x0000007b28400000,0x0000007b28500000] [id=8872]
  0x000001ca84de9610 GCTaskThread "GC Thread#1" [stack: 0x0000007b29400000,0x0000007b29500000] [id=25148]
  0x000001ca84c4e040 GCTaskThread "GC Thread#2" [stack: 0x0000007b29500000,0x0000007b29600000] [id=25140]
  0x000001ca84c4e2f0 GCTaskThread "GC Thread#3" [stack: 0x0000007b29600000,0x0000007b29700000] [id=26040]
  0x000001ca85960e70 GCTaskThread "GC Thread#4" [stack: 0x0000007b29700000,0x0000007b29800000] [id=26328]
  0x000001ca85961120 GCTaskThread "GC Thread#5" [stack: 0x0000007b29800000,0x0000007b29900000] [id=26384]
  0x000001ca859613d0 GCTaskThread "GC Thread#6" [stack: 0x0000007b29900000,0x0000007b29a00000] [id=25872]
  0x000001cae901b000 GCTaskThread "GC Thread#7" [stack: 0x0000007b29e00000,0x0000007b29f00000] [id=25288]
  0x000001ca85f84a10 GCTaskThread "GC Thread#8" [stack: 0x0000007b2a100000,0x0000007b2a200000] [id=26420]
  0x000001ca85f84cc0 GCTaskThread "GC Thread#9" [stack: 0x0000007b2a200000,0x0000007b2a300000] [id=4924]

Threads with active compile tasks:
C2 CompilerThread2     1070 2281       4       org.objectweb.asm.ClassReader::readMethod (1066 bytes)

VM state: not at safepoint (normal execution)

VM Mutex/Monitor currently owned by a thread: None

Heap address: 0x0000000080000000, size: 2048 MB, Compressed Oops mode: 32-bit

CDS archive(s) not mapped
Compressed class space mapped at: 0x0000000100000000-0x0000000140000000, reserved size: 1073741824
Narrow klass base: 0x0000000000000000, Narrow klass shift: 3, Narrow klass range: 0x140000000

GC Precious Log:
 CPUs: 12 total, 12 available
 Memory: 15516M
 Large Page Support: Disabled
 NUMA Support: Disabled
 Compressed Oops: Enabled (32-bit)
 Alignments: Space 512K, Generation 512K, Heap 2M
 Heap Min Capacity: 100M
 Heap Initial Capacity: 100M
 Heap Max Capacity: 2G
 Pre-touch: Disabled
 Parallel Workers: 10

Heap:
 PSYoungGen      total 26112K, used 2457K [0x00000000d5580000, 0x00000000d7200000, 0x0000000100000000)
  eden space 24576K, 4% used [0x00000000d5580000,0x00000000d56ae280,0x00000000d6d80000)
  from space 1536K, 81% used [0x00000000d7080000,0x00000000d71b8460,0x00000000d7200000)
  to   space 1536K, 0% used [0x00000000d6f00000,0x00000000d6f00000,0x00000000d7080000)
 ParOldGen       total 68608K, used 7294K [0x0000000080000000, 0x0000000084300000, 0x00000000d5580000)
  object space 68608K, 10% used [0x0000000080000000,0x000000008071f930,0x0000000084300000)
 Metaspace       used 27534K, committed 27968K, reserved 1081344K
  class space    used 2649K, committed 2880K, reserved 1048576K

Card table byte_map: [0x000001cafc870000,0x000001cafcc80000] _byte_map_base: 0x000001cafc470000

Marking Bits: (ParMarkBitMap*) 0x00007ffe8b323e70
 Begin Bits: [0x000001ca80000000, 0x000001ca82000000)
 End Bits:   [0x000001ca82000000, 0x000001ca84000000)

Polling page: 0x000001cae92d0000

Metaspace:

Usage:
  Non-class:     24.30 MB used.
      Class:      2.59 MB used.
       Both:     26.89 MB used.

Virtual space:
  Non-class space:       32.00 MB reserved,      24.50 MB ( 77%) committed,  4 nodes.
      Class space:        1.00 GB reserved,       2.81 MB ( <1%) committed,  1 nodes.
             Both:        1.03 GB reserved,      27.31 MB (  3%) committed. 

Chunk freelists:
   Non-Class:  3.45 MB
       Class:  1.04 MB
        Both:  4.49 MB

MaxMetaspaceSize: unlimited
CompressedClassSpaceSize: 1.00 GB
Initial GC threshold: 21.00 MB
Current GC threshold: 35.00 MB
CDS: off
MetaspaceReclaimPolicy: balanced
 - commit_granule_bytes: 65536.
 - commit_granule_words: 8192.
 - virtual_space_node_default_size: 1048576.
 - enlarge_chunks_in_place: 1.
 - new_chunks_are_fully_committed: 0.
 - uncommit_free_chunks: 1.
 - use_allocation_guard: 0.
 - handle_deallocations: 1.


Internal statistics:

num_allocs_failed_limit: 3.
num_arena_births: 214.
num_arena_deaths: 14.
num_vsnodes_births: 5.
num_vsnodes_deaths: 0.
num_space_committed: 437.
num_space_uncommitted: 0.
num_chunks_returned_to_freelist: 17.
num_chunks_taken_from_freelist: 918.
num_chunk_merges: 4.
num_chunk_splits: 634.
num_chunks_enlarged: 452.
num_purges: 2.
num_inconsistent_stats: 0.

CodeHeap 'non-profiled nmethods': size=120000Kb used=962Kb max_used=962Kb free=119037Kb
 bounds [0x000001caf5160000, 0x000001caf53d0000, 0x000001cafc690000]
CodeHeap 'profiled nmethods': size=120000Kb used=4800Kb max_used=4800Kb free=115199Kb
 bounds [0x000001caed690000, 0x000001caedb50000, 0x000001caf4bc0000]
CodeHeap 'non-nmethods': size=5760Kb used=1247Kb max_used=1267Kb free=4512Kb
 bounds [0x000001caf4bc0000, 0x000001caf4e30000, 0x000001caf5160000]
 total_blobs=2970 nmethods=2422 adapters=462
 compilation: enabled
              stopped_count=0, restarted_count=0
 full_count=0

Compilation events (20 events):
Event: 0.944 Thread 0x000001caff1e52b0 nmethod 2381 0x000001caf524c890 code [0x000001caf524ca00, 0x000001caf524ca98]
Event: 0.944 Thread 0x000001caff1e52b0 2382       4       java.lang.StringUTF16::putCharSB (12 bytes)
Event: 0.944 Thread 0x000001caff1e52b0 nmethod 2382 0x000001caf524cb90 code [0x000001caf524cd00, 0x000001caf524cd98]
Event: 0.944 Thread 0x000001caff1e52b0 2417       4       java.util.ArrayList$SubList$1::hasNext (20 bytes)
Event: 0.945 Thread 0x000001caff1e52b0 nmethod 2417 0x000001caf524ce90 code [0x000001caf524d000, 0x000001caf524d098]
Event: 0.945 Thread 0x000001caff1e52b0 2411   !   4       org.eclipse.osgi.internal.framework.EquinoxContainer::getServiceRegistry (17 bytes)
Event: 0.945 Thread 0x000001caff0c24c0 2418       3       org.eclipse.osgi.internal.framework.FilterImpl$Parser::parse_attr (149 bytes)
Event: 0.945 Thread 0x000001caff1e52b0 nmethod 2411 0x000001caf524d190 code [0x000001caf524d300, 0x000001caf524d4d8]
Event: 0.945 Thread 0x000001caff0c24c0 nmethod 2418 0x000001caedb3dc90 code [0x000001caedb3df20, 0x000001caedb3eac8]
Event: 0.946 Thread 0x000001caff0c24c0 2419       3       java.util.TreeMap::leftOf (13 bytes)
Event: 0.946 Thread 0x000001caff0c24c0 nmethod 2419 0x000001caedb3f010 code [0x000001caedb3f1a0, 0x000001caedb3f318]
Event: 0.946 Thread 0x000001caff0c24c0 2420       3       java.lang.Character::toUpperCase (6 bytes)
Event: 0.946 Thread 0x000001caff0c24c0 nmethod 2420 0x000001caedb3f410 code [0x000001caedb3f5c0, 0x000001caedb3f818]
Event: 0.946 Thread 0x000001caff0c24c0 2421       3       java.lang.Character::toUpperCase (9 bytes)
Event: 0.946 Thread 0x000001caff0c24c0 nmethod 2421 0x000001caedb3f910 code [0x000001caedb3fac0, 0x000001caedb3fcb8]
Event: 0.946 Thread 0x000001caff0c24c0 2422       3       java.lang.ProcessEnvironment$NameComparator::compare (13 bytes)
Event: 0.946 Thread 0x000001caff0c24c0 nmethod 2422 0x000001caedb3fd90 code [0x000001caedb3ff40, 0x000001caedb40248]
Event: 0.948 Thread 0x000001caff0bcba0 nmethod 2374 0x000001caf524d590 code [0x000001caf524d800, 0x000001caf524f490]
Event: 1.039 Thread 0x000001caff0c24c0 2423       1       java.util.concurrent.atomic.AtomicReference::set (6 bytes)
Event: 1.039 Thread 0x000001caff0c24c0 nmethod 2423 0x000001caf5250610 code [0x000001caf52507a0, 0x000001caf5250878]

GC Heap History (14 events):
Event: 0.356 GC heap before
{Heap before GC invocations=1 (full 0):
 PSYoungGen      total 29696K, used 25600K [0x00000000d5580000, 0x00000000d7680000, 0x0000000100000000)
  eden space 25600K, 100% used [0x00000000d5580000,0x00000000d6e80000,0x00000000d6e80000)
  from space 4096K, 0% used [0x00000000d7280000,0x00000000d7280000,0x00000000d7680000)
  to   space 4096K, 0% used [0x00000000d6e80000,0x00000000d6e80000,0x00000000d7280000)
 ParOldGen       total 68608K, used 0K [0x0000000080000000, 0x0000000084300000, 0x00000000d5580000)
  object space 68608K, 0% used [0x0000000080000000,0x0000000080000000,0x0000000084300000)
 Metaspace       used 11086K, committed 11264K, reserved 1064960K
  class space    used 1104K, committed 1216K, reserved 1048576K
}
Event: 0.359 GC heap after
{Heap after GC invocations=1 (full 0):
 PSYoungGen      total 29696K, used 3371K [0x00000000d5580000, 0x00000000d7680000, 0x0000000100000000)
  eden space 25600K, 0% used [0x00000000d5580000,0x00000000d5580000,0x00000000d6e80000)
  from space 4096K, 82% used [0x00000000d6e80000,0x00000000d71caca0,0x00000000d7280000)
  to   space 4096K, 0% used [0x00000000d7280000,0x00000000d7280000,0x00000000d7680000)
 ParOldGen       total 68608K, used 16K [0x0000000080000000, 0x0000000084300000, 0x00000000d5580000)
  object space 68608K, 0% used [0x0000000080000000,0x0000000080004000,0x0000000084300000)
 Metaspace       used 11086K, committed 11264K, reserved 1064960K
  class space    used 1104K, committed 1216K, reserved 1048576K
}
Event: 0.549 GC heap before
{Heap before GC invocations=2 (full 0):
 PSYoungGen      total 29696K, used 28971K [0x00000000d5580000, 0x00000000d7680000, 0x0000000100000000)
  eden space 25600K, 100% used [0x00000000d5580000,0x00000000d6e80000,0x00000000d6e80000)
  from space 4096K, 82% used [0x00000000d6e80000,0x00000000d71caca0,0x00000000d7280000)
  to   space 4096K, 0% used [0x00000000d7280000,0x00000000d7280000,0x00000000d7680000)
 ParOldGen       total 68608K, used 16K [0x0000000080000000, 0x0000000084300000, 0x00000000d5580000)
  object space 68608K, 0% used [0x0000000080000000,0x0000000080004000,0x0000000084300000)
 Metaspace       used 15287K, committed 15616K, reserved 1064960K
  class space    used 1560K, committed 1728K, reserved 1048576K
}
Event: 0.551 GC heap after
{Heap after GC invocations=2 (full 0):
 PSYoungGen      total 29696K, used 4087K [0x00000000d5580000, 0x00000000d7680000, 0x0000000100000000)
  eden space 25600K, 0% used [0x00000000d5580000,0x00000000d5580000,0x00000000d6e80000)
  from space 4096K, 99% used [0x00000000d7280000,0x00000000d767dd18,0x00000000d7680000)
  to   space 4096K, 0% used [0x00000000d6e80000,0x00000000d6e80000,0x00000000d7280000)
 ParOldGen       total 68608K, used 930K [0x0000000080000000, 0x0000000084300000, 0x00000000d5580000)
  object space 68608K, 1% used [0x0000000080000000,0x00000000800e8b60,0x0000000084300000)
 Metaspace       used 15287K, committed 15616K, reserved 1064960K
  class space    used 1560K, committed 1728K, reserved 1048576K
}
Event: 0.734 GC heap before
{Heap before GC invocations=3 (full 0):
 PSYoungGen      total 29696K, used 29687K [0x00000000d5580000, 0x00000000d7680000, 0x0000000100000000)
  eden space 25600K, 100% used [0x00000000d5580000,0x00000000d6e80000,0x00000000d6e80000)
  from space 4096K, 99% used [0x00000000d7280000,0x00000000d767dd18,0x00000000d7680000)
  to   space 4096K, 0% used [0x00000000d6e80000,0x00000000d6e80000,0x00000000d7280000)
 ParOldGen       total 68608K, used 930K [0x0000000080000000, 0x0000000084300000, 0x00000000d5580000)
  object space 68608K, 1% used [0x0000000080000000,0x00000000800e8b60,0x0000000084300000)
 Metaspace       used 20364K, committed 20864K, reserved 1073152K
  class space    used 2067K, committed 2304K, reserved 1048576K
}
Event: 0.736 GC heap after
{Heap after GC invocations=3 (full 0):
 PSYoungGen      total 29696K, used 4085K [0x00000000d5580000, 0x00000000d7680000, 0x0000000100000000)
  eden space 25600K, 0% used [0x00000000d5580000,0x00000000d5580000,0x00000000d6e80000)
  from space 4096K, 99% used [0x00000000d6e80000,0x00000000d727d458,0x00000000d7280000)
  to   space 4096K, 0% used [0x00000000d7280000,0x00000000d7280000,0x00000000d7680000)
 ParOldGen       total 68608K, used 3214K [0x0000000080000000, 0x0000000084300000, 0x00000000d5580000)
  object space 68608K, 4% used [0x0000000080000000,0x0000000080323978,0x0000000084300000)
 Metaspace       used 20364K, committed 20864K, reserved 1073152K
  class space    used 2067K, committed 2304K, reserved 1048576K
}
Event: 0.773 GC heap before
{Heap before GC invocations=4 (full 0):
 PSYoungGen      total 29696K, used 8997K [0x00000000d5580000, 0x00000000d7680000, 0x0000000100000000)
  eden space 25600K, 19% used [0x00000000d5580000,0x00000000d5a4c0a0,0x00000000d6e80000)
  from space 4096K, 99% used [0x00000000d6e80000,0x00000000d727d458,0x00000000d7280000)
  to   space 4096K, 0% used [0x00000000d7280000,0x00000000d7280000,0x00000000d7680000)
 ParOldGen       total 68608K, used 3214K [0x0000000080000000, 0x0000000084300000, 0x00000000d5580000)
  object space 68608K, 4% used [0x0000000080000000,0x0000000080323978,0x0000000084300000)
 Metaspace       used 21096K, committed 21504K, reserved 1073152K
  class space    used 2152K, committed 2368K, reserved 1048576K
}
Event: 0.775 GC heap after
{Heap after GC invocations=4 (full 0):
 PSYoungGen      total 29696K, used 4085K [0x00000000d5580000, 0x00000000d7680000, 0x0000000100000000)
  eden space 25600K, 0% used [0x00000000d5580000,0x00000000d5580000,0x00000000d6e80000)
  from space 4096K, 99% used [0x00000000d7280000,0x00000000d767d458,0x00000000d7680000)
  to   space 4096K, 0% used [0x00000000d6e80000,0x00000000d6e80000,0x00000000d7280000)
 ParOldGen       total 68608K, used 3382K [0x0000000080000000, 0x0000000084300000, 0x00000000d5580000)
  object space 68608K, 4% used [0x0000000080000000,0x000000008034d988,0x0000000084300000)
 Metaspace       used 21096K, committed 21504K, reserved 1073152K
  class space    used 2152K, committed 2368K, reserved 1048576K
}
Event: 0.775 GC heap before
{Heap before GC invocations=5 (full 1):
 PSYoungGen      total 29696K, used 4085K [0x00000000d5580000, 0x00000000d7680000, 0x0000000100000000)
  eden space 25600K, 0% used [0x00000000d5580000,0x00000000d5580000,0x00000000d6e80000)
  from space 4096K, 99% used [0x00000000d7280000,0x00000000d767d458,0x00000000d7680000)
  to   space 4096K, 0% used [0x00000000d6e80000,0x00000000d6e80000,0x00000000d7280000)
 ParOldGen       total 68608K, used 3382K [0x0000000080000000, 0x0000000084300000, 0x00000000d5580000)
  object space 68608K, 4% used [0x0000000080000000,0x000000008034d988,0x0000000084300000)
 Metaspace       used 21096K, committed 21504K, reserved 1073152K
  class space    used 2152K, committed 2368K, reserved 1048576K
}
Event: 0.783 GC heap after
{Heap after GC invocations=5 (full 1):
 PSYoungGen      total 29696K, used 0K [0x00000000d5580000, 0x00000000d7680000, 0x0000000100000000)
  eden space 25600K, 0% used [0x00000000d5580000,0x00000000d5580000,0x00000000d6e80000)
  from space 4096K, 0% used [0x00000000d7280000,0x00000000d7280000,0x00000000d7680000)
  to   space 4096K, 0% used [0x00000000d6e80000,0x00000000d6e80000,0x00000000d7280000)
 ParOldGen       total 68608K, used 7278K [0x0000000080000000, 0x0000000084300000, 0x00000000d5580000)
  object space 68608K, 10% used [0x0000000080000000,0x000000008071b930,0x0000000084300000)
 Metaspace       used 21082K, committed 21504K, reserved 1073152K
  class space    used 2148K, committed 2368K, reserved 1048576K
}
Event: 0.862 GC heap before
{Heap before GC invocations=6 (full 1):
 PSYoungGen      total 29696K, used 25583K [0x00000000d5580000, 0x00000000d7680000, 0x0000000100000000)
  eden space 25600K, 99% used [0x00000000d5580000,0x00000000d6e7bf08,0x00000000d6e80000)
  from space 4096K, 0% used [0x00000000d7280000,0x00000000d7280000,0x00000000d7680000)
  to   space 4096K, 0% used [0x00000000d6e80000,0x00000000d6e80000,0x00000000d7280000)
 ParOldGen       total 68608K, used 7278K [0x0000000080000000, 0x0000000084300000, 0x00000000d5580000)
  object space 68608K, 10% used [0x0000000080000000,0x000000008071b930,0x0000000084300000)
 Metaspace       used 24601K, committed 25024K, reserved 1073152K
  class space    used 2407K, committed 2624K, reserved 1048576K
}
Event: 0.863 GC heap after
{Heap after GC invocations=6 (full 1):
 PSYoungGen      total 26112K, used 754K [0x00000000d5580000, 0x00000000d7300000, 0x0000000100000000)
  eden space 25088K, 0% used [0x00000000d5580000,0x00000000d5580000,0x00000000d6e00000)
  from space 1024K, 73% used [0x00000000d6e80000,0x00000000d6f3ca20,0x00000000d6f80000)
  to   space 2560K, 0% used [0x00000000d7080000,0x00000000d7080000,0x00000000d7300000)
 ParOldGen       total 68608K, used 7286K [0x0000000080000000, 0x0000000084300000, 0x00000000d5580000)
  object space 68608K, 10% used [0x0000000080000000,0x000000008071d930,0x0000000084300000)
 Metaspace       used 24601K, committed 25024K, reserved 1073152K
  class space    used 2407K, committed 2624K, reserved 1048576K
}
Event: 0.942 GC heap before
{Heap before GC invocations=7 (full 1):
 PSYoungGen      total 26112K, used 25842K [0x00000000d5580000, 0x00000000d7300000, 0x0000000100000000)
  eden space 25088K, 100% used [0x00000000d5580000,0x00000000d6e00000,0x00000000d6e00000)
  from space 1024K, 73% used [0x00000000d6e80000,0x00000000d6f3ca20,0x00000000d6f80000)
  to   space 2560K, 0% used [0x00000000d7080000,0x00000000d7080000,0x00000000d7300000)
 ParOldGen       total 68608K, used 7286K [0x0000000080000000, 0x0000000084300000, 0x00000000d5580000)
  object space 68608K, 10% used [0x0000000080000000,0x000000008071d930,0x0000000084300000)
 Metaspace       used 27463K, committed 27968K, reserved 1081344K
  class space    used 2637K, committed 2880K, reserved 1048576K
}
Event: 0.943 GC heap after
{Heap after GC invocations=7 (full 1):
 PSYoungGen      total 26112K, used 1249K [0x00000000d5580000, 0x00000000d7200000, 0x0000000100000000)
  eden space 24576K, 0% used [0x00000000d5580000,0x00000000d5580000,0x00000000d6d80000)
  from space 1536K, 81% used [0x00000000d7080000,0x00000000d71b8460,0x00000000d7200000)
  to   space 1536K, 0% used [0x00000000d6f00000,0x00000000d6f00000,0x00000000d7080000)
 ParOldGen       total 68608K, used 7294K [0x0000000080000000, 0x0000000084300000, 0x00000000d5580000)
  object space 68608K, 10% used [0x0000000080000000,0x000000008071f930,0x0000000084300000)
 Metaspace       used 27463K, committed 27968K, reserved 1081344K
  class space    used 2637K, committed 2880K, reserved 1048576K
}

Dll operation events (9 events):
Event: 0.006 Loaded shared library c:\Users\MILU\.vscode\extensions\redhat.java-1.15.0-win32-x64\jre\17.0.6-win32-x86_64\bin\java.dll
Event: 0.070 Loaded shared library c:\Users\MILU\.vscode\extensions\redhat.java-1.15.0-win32-x64\jre\17.0.6-win32-x86_64\bin\zip.dll
Event: 0.074 Loaded shared library C:\Users\MILU\.vscode\extensions\redhat.java-1.15.0-win32-x64\jre\17.0.6-win32-x86_64\bin\instrument.dll
Event: 0.079 Loaded shared library C:\Users\MILU\.vscode\extensions\redhat.java-1.15.0-win32-x64\jre\17.0.6-win32-x86_64\bin\net.dll
Event: 0.080 Loaded shared library C:\Users\MILU\.vscode\extensions\redhat.java-1.15.0-win32-x64\jre\17.0.6-win32-x86_64\bin\nio.dll
Event: 0.084 Loaded shared library C:\Users\MILU\.vscode\extensions\redhat.java-1.15.0-win32-x64\jre\17.0.6-win32-x86_64\bin\zip.dll
Event: 0.089 Loaded shared library C:\Users\MILU\.vscode\extensions\redhat.java-1.15.0-win32-x64\jre\17.0.6-win32-x86_64\bin\jimage.dll
Event: 0.113 Loaded shared library c:\Users\MILU\.vscode\extensions\redhat.java-1.15.0-win32-x64\jre\17.0.6-win32-x86_64\bin\verify.dll
Event: 0.506 Loaded shared library C:\Users\MILU\AppData\Roaming\Code\User\globalStorage\redhat.java\1.15.0\config_ss_win\org.eclipse.equinox.launcher\org.eclipse.equinox.launcher.win32.win32.x86_64_1.2.700.v20221108-1024\eclipse_11801.dll

Deoptimization events (20 events):
Event: 0.925 Thread 0x000001ca85c02f30 Uncommon trap: trap_request=0xffffff76 fr.pc=0x000001caf521f11c relative=0x0000000000000d9c
Event: 0.925 Thread 0x000001ca85c02f30 Uncommon trap: reason=predicate action=maybe_recompile pc=0x000001caf521f11c method=java.util.Properties$LineReader.readLine()I @ 53 c2
Event: 0.925 Thread 0x000001ca85c02f30 DEOPT PACKING pc=0x000001caf521f11c sp=0x0000007b29cf8ec0
Event: 0.925 Thread 0x000001ca85c02f30 DEOPT UNPACKING pc=0x000001caf4c19ea3 sp=0x0000007b29cf8e78 mode 2
Event: 0.946 Thread 0x000001ca85c02f30 Uncommon trap: trap_request=0xffffffc6 fr.pc=0x000001caf51e0d34 relative=0x0000000000000974
Event: 0.946 Thread 0x000001ca85c02f30 Uncommon trap: reason=bimorphic_or_optimized_type_check action=maybe_recompile pc=0x000001caf51e0d34 method=java.util.HashMap.putVal(ILjava/lang/Object;Ljava/lang/Object;ZZ)Ljava/lang/Object; @ 56 c2
Event: 0.946 Thread 0x000001ca85c02f30 DEOPT PACKING pc=0x000001caf51e0d34 sp=0x0000007b29cfdc70
Event: 0.946 Thread 0x000001ca85c02f30 DEOPT UNPACKING pc=0x000001caf4c19ea3 sp=0x0000007b29cfdbc8 mode 2
Event: 0.946 Thread 0x000001ca85c02f30 Uncommon trap: trap_request=0xffffffc6 fr.pc=0x000001caf51e0d6c relative=0x00000000000009ac
Event: 0.946 Thread 0x000001ca85c02f30 Uncommon trap: reason=bimorphic_or_optimized_type_check action=maybe_recompile pc=0x000001caf51e0d6c method=java.util.HashMap.putVal(ILjava/lang/Object;Ljava/lang/Object;ZZ)Ljava/lang/Object; @ 152 c2
Event: 0.946 Thread 0x000001ca85c02f30 DEOPT PACKING pc=0x000001caf51e0d6c sp=0x0000007b29cfdc70
Event: 0.946 Thread 0x000001ca85c02f30 DEOPT UNPACKING pc=0x000001caf4c19ea3 sp=0x0000007b29cfdbd0 mode 2
Event: 0.946 Thread 0x000001ca85c02f30 Uncommon trap: trap_request=0xffffffc6 fr.pc=0x000001caf51e0d34 relative=0x0000000000000974
Event: 0.946 Thread 0x000001ca85c02f30 Uncommon trap: reason=bimorphic_or_optimized_type_check action=maybe_recompile pc=0x000001caf51e0d34 method=java.util.HashMap.putVal(ILjava/lang/Object;Ljava/lang/Object;ZZ)Ljava/lang/Object; @ 56 c2
Event: 0.946 Thread 0x000001ca85c02f30 DEOPT PACKING pc=0x000001caf51e0d34 sp=0x0000007b29cfdc70
Event: 0.946 Thread 0x000001ca85c02f30 DEOPT UNPACKING pc=0x000001caf4c19ea3 sp=0x0000007b29cfdbc8 mode 2
Event: 0.946 Thread 0x000001ca85c02f30 Uncommon trap: trap_request=0xffffffc6 fr.pc=0x000001caf51e0d34 relative=0x0000000000000974
Event: 0.946 Thread 0x000001ca85c02f30 Uncommon trap: reason=bimorphic_or_optimized_type_check action=maybe_recompile pc=0x000001caf51e0d34 method=java.util.HashMap.putVal(ILjava/lang/Object;Ljava/lang/Object;ZZ)Ljava/lang/Object; @ 56 c2
Event: 0.946 Thread 0x000001ca85c02f30 DEOPT PACKING pc=0x000001caf51e0d34 sp=0x0000007b29cfdc70
Event: 0.946 Thread 0x000001ca85c02f30 DEOPT UNPACKING pc=0x000001caf4c19ea3 sp=0x0000007b29cfdbc8 mode 2

Classes unloaded (7 events):
Event: 0.776 Thread 0x000001cafd3fc060 Unloading class 0x0000000100212400 'java/lang/invoke/LambdaForm$MH+0x0000000100212400'
Event: 0.776 Thread 0x000001cafd3fc060 Unloading class 0x0000000100212000 'java/lang/invoke/LambdaForm$MH+0x0000000100212000'
Event: 0.776 Thread 0x000001cafd3fc060 Unloading class 0x0000000100211c00 'java/lang/invoke/LambdaForm$MH+0x0000000100211c00'
Event: 0.776 Thread 0x000001cafd3fc060 Unloading class 0x0000000100211800 'java/lang/invoke/LambdaForm$MH+0x0000000100211800'
Event: 0.776 Thread 0x000001cafd3fc060 Unloading class 0x0000000100211000 'java/lang/invoke/LambdaForm$BMH+0x0000000100211000'
Event: 0.776 Thread 0x000001cafd3fc060 Unloading class 0x0000000100210c00 'java/lang/invoke/LambdaForm$DMH+0x0000000100210c00'
Event: 0.776 Thread 0x000001cafd3fc060 Unloading class 0x000000010020e000 'java/lang/invoke/LambdaForm$DMH+0x000000010020e000'

Classes redefined (0 events):
No events

Internal exceptions (20 events):
Event: 0.688 Thread 0x000001ca85c02f30 Exception <a 'java/lang/NoSuchMethodError'{0x00000000d6969828}: 'java.lang.Object java.lang.invoke.DelegatingMethodHandle$Holder.reinvoke_L(java.lang.Object, java.lang.Object, java.lang.Object, java.lang.Object, int, int)'> (0x00000000d6969828) 
thrown [s\src\hotspot\share\interpreter\linkResolver.cpp, line 759]
Event: 0.689 Thread 0x000001ca85c02f30 Exception <a 'java/lang/NoSuchMethodError'{0x00000000d69813b8}: 'java.lang.Object java.lang.invoke.Invokers$Holder.invokeExact_MT(java.lang.Object, java.lang.Object, java.lang.Object, java.lang.Object)'> (0x00000000d69813b8) 
thrown [s\src\hotspot\share\interpreter\linkResolver.cpp, line 759]
Event: 0.728 Thread 0x000001ca85c02f30 Exception <a 'java/lang/NoSuchMethodError'{0x00000000d6dbe6e0}: 'java.lang.Object java.lang.invoke.DirectMethodHandle$Holder.newInvokeSpecial(java.lang.Object, java.lang.Object, java.lang.Object, java.lang.Object, java.lang.Object)'> (0x00000000d6dbe6e0) 
thrown [s\src\hotspot\share\interpreter\linkResolver.cpp, line 759]
Event: 0.762 Thread 0x000001ca85c02f30 Exception <a 'java/lang/NoSuchMethodError'{0x00000000d5855a18}: 'java.lang.Object java.lang.invoke.DirectMethodHandle$Holder.invokeSpecial(java.lang.Object, java.lang.Object, java.lang.Object, long, java.lang.Object)'> (0x00000000d5855a18) 
thrown [s\src\hotspot\share\interpreter\linkResolver.cpp, line 759]
Event: 0.762 Thread 0x000001ca85c02f30 Exception <a 'java/lang/NoSuchMethodError'{0x00000000d585dbd0}: 'java.lang.Object java.lang.invoke.DirectMethodHandle$Holder.newInvokeSpecial(java.lang.Object, java.lang.Object, java.lang.Object, long)'> (0x00000000d585dbd0) 
thrown [s\src\hotspot\share\interpreter\linkResolver.cpp, line 759]
Event: 0.762 Thread 0x000001ca85c02f30 Exception <a 'java/lang/NoSuchMethodError'{0x00000000d5862170}: 'java.lang.Object java.lang.invoke.DirectMethodHandle$Holder.invokeSpecial(java.lang.Object, java.lang.Object, java.lang.Object, java.lang.Object, long)'> (0x00000000d5862170) 
thrown [s\src\hotspot\share\interpreter\linkResolver.cpp, line 759]
Event: 0.765 Thread 0x000001ca85c02f30 Exception <a 'java/lang/NoSuchMethodError'{0x00000000d58d43e8}: 'int java.lang.invoke.DirectMethodHandle$Holder.invokeStaticInit(java.lang.Object, java.lang.Object, java.lang.Object)'> (0x00000000d58d43e8) 
thrown [s\src\hotspot\share\interpreter\linkResolver.cpp, line 759]
Event: 0.767 Thread 0x000001ca85c02f30 Exception <a 'java/lang/IncompatibleClassChangeError'{0x00000000d593af28}: Found class java.lang.Object, but interface was expected> (0x00000000d593af28) 
thrown [s\src\hotspot\share\interpreter\linkResolver.cpp, line 826]
Event: 0.769 Thread 0x000001ca85c02f30 Exception <a 'java/lang/NoSuchMethodError'{0x00000000d594d628}: 'java.lang.Object java.lang.invoke.DirectMethodHandle$Holder.invokeSpecial(java.lang.Object, java.lang.Object, java.lang.Object, int, java.lang.Object, java.lang.Object)'> (0x00000000d594d628) 
thrown [s\src\hotspot\share\interpreter\linkResolver.cpp, line 759]
Event: 0.769 Thread 0x000001ca85c02f30 Exception <a 'java/lang/NoSuchMethodError'{0x00000000d5955db0}: 'java.lang.Object java.lang.invoke.DirectMethodHandle$Holder.newInvokeSpecial(java.lang.Object, java.lang.Object, java.lang.Object, int, java.lang.Object)'> (0x00000000d5955db0) 
thrown [s\src\hotspot\share\interpreter\linkResolver.cpp, line 759]
Event: 0.769 Thread 0x000001ca85c02f30 Exception <a 'java/lang/NoSuchMethodError'{0x00000000d595a208}: 'java.lang.Object java.lang.invoke.DirectMethodHandle$Holder.invokeSpecial(java.lang.Object, java.lang.Object, java.lang.Object, java.lang.Object, int, java.lang.Object)'> (0x00000000d595a208) 
thrown [s\src\hotspot\share\interpreter\linkResolver.cpp, line 759]
Event: 0.769 Thread 0x000001ca85e26000 Exception <a 'java/lang/NoSuchMethodError'{0x00000000d588bb70}: 'java.lang.Object java.lang.invoke.DirectMethodHandle$Holder.invokeSpecial(java.lang.Object, java.lang.Object, int, java.lang.Object, java.lang.Object)'> (0x00000000d588bb70) 
thrown [s\src\hotspot\share\interpreter\linkResolver.cpp, line 759]
Event: 0.770 Thread 0x000001ca85e26000 Exception <a 'java/lang/NoSuchMethodError'{0x00000000d5893240}: 'java.lang.Object java.lang.invoke.DirectMethodHandle$Holder.newInvokeSpecial(java.lang.Object, java.lang.Object, int, java.lang.Object)'> (0x00000000d5893240) 
thrown [s\src\hotspot\share\interpreter\linkResolver.cpp, line 759]
Event: 0.770 Thread 0x000001ca85e26000 Exception <a 'java/lang/NoSuchMethodError'{0x00000000d5896d50}: 'java.lang.Object java.lang.invoke.DirectMethodHandle$Holder.invokeSpecial(java.lang.Object, java.lang.Object, java.lang.Object, int, java.lang.Object)'> (0x00000000d5896d50) 
thrown [s\src\hotspot\share\interpreter\linkResolver.cpp, line 759]
Event: 0.787 Thread 0x000001ca85e26000 Exception <a 'java/io/FileNotFoundException'{0x00000000d56100d8}> (0x00000000d56100d8) 
thrown [s\src\hotspot\share\prims\jni.cpp, line 516]
Event: 0.924 Thread 0x000001ca85c02f30 Exception <a 'java/lang/ClassNotFoundException'{0x00000000d6ade4a8}: com/sun/org/apache/xerces/internal/impl/msg/spi/DOMMessagesProvider> (0x00000000d6ade4a8) 
thrown [s\src\hotspot\share\classfile\systemDictionary.cpp, line 256]
Event: 0.925 Thread 0x000001ca85c02f30 Implicit null exception at 0x000001caf521e478 to 0x000001caf521f0fc
Event: 0.926 Thread 0x000001ca85c02f30 Exception <a 'java/lang/ClassNotFoundException'{0x00000000d6b176a8}: com/sun/org/apache/xerces/internal/impl/msg/spi/XMLSerializerMessagesProvider> (0x00000000d6b176a8) 
thrown [s\src\hotspot\share\classfile\systemDictionary.cpp, line 256]
Event: 0.926 Thread 0x000001ca85c02f30 Exception <a 'java/lang/ClassNotFoundException'{0x00000000d6b30f38}: com/sun/org/apache/xerces/internal/impl/msg/spi/XMLMessagesProvider> (0x00000000d6b30f38) 
thrown [s\src\hotspot\share\classfile\systemDictionary.cpp, line 256]
Event: 0.935 Thread 0x000001ca85c02f30 Exception <a 'java/lang/NoSuchMethodError'{0x00000000d6c650c8}: 'void java.lang.invoke.DirectMethodHandle$Holder.invokeVirtual(java.lang.Object, java.lang.Object)'> (0x00000000d6c650c8) 
thrown [s\src\hotspot\share\interpreter\linkResolver.cpp, line 759]

VM Operations (20 events):
Event: 0.632 Executing VM operation: HandshakeAllThreads
Event: 0.632 Executing VM operation: HandshakeAllThreads done
Event: 0.649 Executing VM operation: HandshakeAllThreads
Event: 0.649 Executing VM operation: HandshakeAllThreads done
Event: 0.651 Executing VM operation: HandshakeAllThreads
Event: 0.651 Executing VM operation: HandshakeAllThreads done
Event: 0.685 Executing VM operation: HandshakeAllThreads
Event: 0.685 Executing VM operation: HandshakeAllThreads done
Event: 0.733 Executing VM operation: ParallelGCFailedAllocation
Event: 0.736 Executing VM operation: ParallelGCFailedAllocation done
Event: 0.773 Executing VM operation: CollectForMetadataAllocation
Event: 0.783 Executing VM operation: CollectForMetadataAllocation done
Event: 0.783 Executing VM operation: HandshakeAllThreads
Event: 0.783 Executing VM operation: HandshakeAllThreads done
Event: 0.862 Executing VM operation: ParallelGCFailedAllocation
Event: 0.863 Executing VM operation: ParallelGCFailedAllocation done
Event: 0.942 Executing VM operation: ParallelGCFailedAllocation
Event: 0.943 Executing VM operation: ParallelGCFailedAllocation done
Event: 0.945 Executing VM operation: HandshakeAllThreads
Event: 0.945 Executing VM operation: HandshakeAllThreads done

Events (20 events):
Event: 0.939 loading class java/net/SocketAddress
Event: 0.939 loading class java/net/SocketAddress done
Event: 0.939 loading class java/net/InetSocketAddress
Event: 0.939 loading class java/net/InetSocketAddress done
Event: 0.939 loading class java/nio/channels/AsynchronousByteChannel
Event: 0.939 loading class java/nio/channels/AsynchronousChannel
Event: 0.939 loading class java/nio/channels/AsynchronousChannel done
Event: 0.939 loading class java/nio/channels/AsynchronousByteChannel done
Event: 0.945 loading class java/lang/ProcessEnvironment
Event: 0.945 loading class java/lang/ProcessEnvironment done
Event: 0.945 loading class java/lang/ProcessEnvironment$NameComparator
Event: 0.946 loading class java/lang/ProcessEnvironment$NameComparator done
Event: 0.946 loading class java/lang/ProcessEnvironment$EntryComparator
Event: 0.946 loading class java/lang/ProcessEnvironment$EntryComparator done
Event: 0.946 loading class java/lang/ProcessEnvironment$CheckedEntrySet
Event: 0.946 loading class java/lang/ProcessEnvironment$CheckedEntrySet done
Event: 0.946 loading class java/lang/ProcessEnvironment$CheckedEntrySet$1
Event: 0.946 loading class java/lang/ProcessEnvironment$CheckedEntrySet$1 done
Event: 0.946 loading class java/lang/ProcessEnvironment$CheckedEntry
Event: 0.946 loading class java/lang/ProcessEnvironment$CheckedEntry done


Dynamic libraries:
0x00007ff761d90000 - 0x00007ff761d9e000 	c:\Users\MILU\.vscode\extensions\redhat.java-1.15.0-win32-x64\jre\17.0.6-win32-x86_64\bin\java.exe
0x00007ffeea3a0000 - 0x00007ffeea5a9000 	C:\WINDOWS\SYSTEM32\ntdll.dll
0x00007ffee8ca0000 - 0x00007ffee8d5e000 	C:\WINDOWS\System32\KERNEL32.DLL
0x00007ffee7870000 - 0x00007ffee7bec000 	C:\WINDOWS\System32\KERNELBASE.dll
0x00007ffee7f70000 - 0x00007ffee8081000 	C:\WINDOWS\System32\ucrtbase.dll
0x00007ffee0ef0000 - 0x00007ffee0f09000 	c:\Users\MILU\.vscode\extensions\redhat.java-1.15.0-win32-x64\jre\17.0.6-win32-x86_64\bin\VCRUNTIME140.dll
0x00007ffee0ed0000 - 0x00007ffee0ee7000 	c:\Users\MILU\.vscode\extensions\redhat.java-1.15.0-win32-x64\jre\17.0.6-win32-x86_64\bin\jli.dll
0x00007ffee8220000 - 0x00007ffee83cd000 	C:\WINDOWS\System32\USER32.dll
0x00007ffee7ec0000 - 0x00007ffee7ee6000 	C:\WINDOWS\System32\win32u.dll
0x00007ffee8c10000 - 0x00007ffee8c39000 	C:\WINDOWS\System32\GDI32.dll
0x00007ffee8090000 - 0x00007ffee81a8000 	C:\WINDOWS\System32\gdi32full.dll
0x00007ffed5f00000 - 0x00007ffed61a5000 	C:\WINDOWS\WinSxS\amd64_microsoft.windows.common-controls_6595b64144ccf1df_6.0.22000.120_none_9d947278b86cc467\COMCTL32.dll
0x00007ffee7cb0000 - 0x00007ffee7d4d000 	C:\WINDOWS\System32\msvcp_win.dll
0x00007ffee89a0000 - 0x00007ffee8a43000 	C:\WINDOWS\System32\msvcrt.dll
0x00007ffee8580000 - 0x00007ffee85b2000 	C:\WINDOWS\System32\IMM32.DLL
0x00007ffee4030000 - 0x00007ffee403c000 	c:\Users\MILU\.vscode\extensions\redhat.java-1.15.0-win32-x64\jre\17.0.6-win32-x86_64\bin\vcruntime140_1.dll
0x00007ffead4e0000 - 0x00007ffead571000 	c:\Users\MILU\.vscode\extensions\redhat.java-1.15.0-win32-x64\jre\17.0.6-win32-x86_64\bin\msvcp140.dll
0x00007ffe8a7a0000 - 0x00007ffe8b3e7000 	c:\Users\MILU\.vscode\extensions\redhat.java-1.15.0-win32-x64\jre\17.0.6-win32-x86_64\bin\server\jvm.dll
0x00007ffeea160000 - 0x00007ffeea20e000 	C:\WINDOWS\System32\ADVAPI32.dll
0x00007ffee8ae0000 - 0x00007ffee8b7e000 	C:\WINDOWS\System32\sechost.dll
0x00007ffee9460000 - 0x00007ffee9580000 	C:\WINDOWS\System32\RPCRT4.dll
0x00007ffed81e0000 - 0x00007ffed8213000 	C:\WINDOWS\SYSTEM32\WINMM.dll
0x00007ffec14c0000 - 0x00007ffec14c9000 	C:\WINDOWS\SYSTEM32\WSOCK32.dll
0x00007ffede1d0000 - 0x00007ffede1da000 	C:\WINDOWS\SYSTEM32\VERSION.dll
0x00007ffee8a70000 - 0x00007ffee8adf000 	C:\WINDOWS\System32\WS2_32.dll
0x00007ffee68b0000 - 0x00007ffee68c8000 	C:\WINDOWS\SYSTEM32\kernel.appcore.dll
0x00007ffee3600000 - 0x00007ffee360a000 	c:\Users\MILU\.vscode\extensions\redhat.java-1.15.0-win32-x64\jre\17.0.6-win32-x86_64\bin\jimage.dll
0x00007ffee53b0000 - 0x00007ffee55d1000 	C:\WINDOWS\SYSTEM32\DBGHELP.DLL
0x00007ffecfff0000 - 0x00007ffed0021000 	C:\WINDOWS\SYSTEM32\dbgcore.DLL
0x00007ffee7ef0000 - 0x00007ffee7f6f000 	C:\WINDOWS\System32\bcryptPrimitives.dll
0x00007ffee0e90000 - 0x00007ffee0e9e000 	c:\Users\MILU\.vscode\extensions\redhat.java-1.15.0-win32-x64\jre\17.0.6-win32-x86_64\bin\instrument.dll
0x00007ffece330000 - 0x00007ffece355000 	c:\Users\MILU\.vscode\extensions\redhat.java-1.15.0-win32-x64\jre\17.0.6-win32-x86_64\bin\java.dll
0x00007ffee0e70000 - 0x00007ffee0e88000 	c:\Users\MILU\.vscode\extensions\redhat.java-1.15.0-win32-x64\jre\17.0.6-win32-x86_64\bin\zip.dll
0x00007ffee9590000 - 0x00007ffee9d55000 	C:\WINDOWS\System32\SHELL32.dll
0x00007ffee5920000 - 0x00007ffee6185000 	C:\WINDOWS\SYSTEM32\windows.storage.dll
0x00007ffee9de0000 - 0x00007ffeea158000 	C:\WINDOWS\System32\combase.dll
0x00007ffee5740000 - 0x00007ffee58a6000 	C:\WINDOWS\SYSTEM32\wintypes.dll
0x00007ffee8d60000 - 0x00007ffee8e4a000 	C:\WINDOWS\System32\SHCORE.dll
0x00007ffee83d0000 - 0x00007ffee842d000 	C:\WINDOWS\System32\shlwapi.dll
0x00007ffee77a0000 - 0x00007ffee77c1000 	C:\WINDOWS\SYSTEM32\profapi.dll
0x00007ffed0c30000 - 0x00007ffed0c49000 	C:\Users\MILU\.vscode\extensions\redhat.java-1.15.0-win32-x64\jre\17.0.6-win32-x86_64\bin\net.dll
0x00007ffee1f30000 - 0x00007ffee2044000 	C:\WINDOWS\SYSTEM32\WINHTTP.dll
0x00007ffee6d40000 - 0x00007ffee6da7000 	C:\WINDOWS\system32\mswsock.dll
0x00007ffed0840000 - 0x00007ffed0855000 	C:\Users\MILU\.vscode\extensions\redhat.java-1.15.0-win32-x64\jre\17.0.6-win32-x86_64\bin\nio.dll
0x00007ffee00a0000 - 0x00007ffee00b0000 	c:\Users\MILU\.vscode\extensions\redhat.java-1.15.0-win32-x64\jre\17.0.6-win32-x86_64\bin\verify.dll
0x00007ffec6e30000 - 0x00007ffec6e6e000 	C:\Users\MILU\AppData\Roaming\Code\User\globalStorage\redhat.java\1.15.0\config_ss_win\org.eclipse.equinox.launcher\org.eclipse.equinox.launcher.win32.win32.x86_64_1.2.700.v20221108-1024\eclipse_11801.dll
0x00007ffee92c0000 - 0x00007ffee945a000 	C:\WINDOWS\System32\ole32.dll

dbghelp: loaded successfully - version: 4.0.5 - missing functions: none
symbol engine: initialized successfully - sym options: 0x614 - pdb path: .;c:\Users\MILU\.vscode\extensions\redhat.java-1.15.0-win32-x64\jre\17.0.6-win32-x86_64\bin;C:\WINDOWS\SYSTEM32;C:\WINDOWS\WinSxS\amd64_microsoft.windows.common-controls_6595b64144ccf1df_6.0.22000.120_none_9d947278b86cc467;c:\Users\MILU\.vscode\extensions\redhat.java-1.15.0-win32-x64\jre\17.0.6-win32-x86_64\bin\server;C:\Users\MILU\AppData\Roaming\Code\User\globalStorage\redhat.java\1.15.0\config_ss_win\org.eclipse.equinox.launcher\org.eclipse.equinox.launcher.win32.win32.x86_64_1.2.700.v20221108-1024

VM Arguments:
jvm_args: --add-modules=ALL-SYSTEM --add-opens=java.base/java.util=ALL-UNNAMED --add-opens=java.base/java.lang=ALL-UNNAMED --add-opens=java.base/sun.nio.fs=ALL-UNNAMED -Declipse.application=org.eclipse.jdt.ls.core.id1 -Dosgi.bundles.defaultStartLevel=4 -Declipse.product=org.eclipse.jdt.ls.core.product -Djava.import.generatesMetadataFilesAtProjectRoot=false -Dfile.encoding=utf8 -XX:+UseParallelGC -XX:GCTimeRatio=4 -XX:AdaptiveSizePolicyWeight=90 -Dsun.zip.disableMemoryMapping=true -Xmx2G -Xms100m -Xlog:disable -javaagent:c:\Users\MILU\.vscode\extensions\redhat.java-1.15.0-win32-x64\lombok\lombok-1.18.24.jar 
java_command: c:\Users\MILU\.vscode\extensions\redhat.java-1.15.0-win32-x64\server\plugins\org.eclipse.equinox.launcher_1.6.400.v20210924-0641.jar -configuration c:\Users\MILU\AppData\Roaming\Code\User\globalStorage\redhat.java\1.15.0\config_ss_win -data c:\Users\MILU\AppData\Roaming\Code\User\workspaceStorage\fc16c159672cfacfee64a0ca5a9c0ba6\redhat.java\ss_ws
java_class_path (initial): c:\Users\MILU\.vscode\extensions\redhat.java-1.15.0-win32-x64\server\plugins\org.eclipse.equinox.launcher_1.6.400.v20210924-0641.jar
Launcher Type: SUN_STANDARD

[Global flags]
    uintx AdaptiveSizePolicyWeight                 = 90                                        {product} {command line}
     intx CICompilerCount                          = 4                                         {product} {ergonomic}
    uintx GCTimeRatio                              = 4                                         {product} {command line}
   size_t InitialHeapSize                          = 104857600                                 {product} {command line}
   size_t MaxHeapSize                              = 2147483648                                {product} {command line}
   size_t MaxNewSize                               = 715653120                                 {product} {ergonomic}
   size_t MinHeapDeltaBytes                        = 524288                                    {product} {ergonomic}
   size_t MinHeapSize                              = 104857600                                 {product} {command line}
   size_t NewSize                                  = 34603008                                  {product} {ergonomic}
    uintx NonNMethodCodeHeapSize                   = 5839372                                {pd product} {ergonomic}
    uintx NonProfiledCodeHeapSize                  = 122909434                              {pd product} {ergonomic}
   size_t OldSize                                  = 70254592                                  {product} {ergonomic}
    uintx ProfiledCodeHeapSize                     = 122909434                              {pd product} {ergonomic}
    uintx ReservedCodeCacheSize                    = 251658240                              {pd product} {ergonomic}
     bool SegmentedCodeCache                       = true                                      {product} {ergonomic}
   size_t SoftMaxHeapSize                          = 2147483648                             {manageable} {ergonomic}
     bool UseCompressedClassPointers               = true                           {product lp64_product} {ergonomic}
     bool UseCompressedOops                        = true                           {product lp64_product} {ergonomic}
     bool UseLargePagesIndividualAllocation        = false                                  {pd product} {ergonomic}
     bool UseParallelGC                            = true                                      {product} {command line}

Logging:
Log output configuration:
 #0: stdout all=off uptime,level,tags
 #1: stderr all=off uptime,level,tags

Environment Variables:
JAVA_HOME=C:\Program Files\Java\jdk1.8.0_351
PATH=C:\ffmpeg\bin;C:\Program Files (x86)\Common Files\Oracle\Java\javapath;C:\Program Files\Oculus\Support\oculus-runtime;c:\windows\system32;c:\windows;c:\windows\system32\wbem;c:\windows\system32\windowspowershell\v1.0\;c:\windows\system32\openssh\;C:\Program Files (x86)\NVIDIA Corporation\PhysX\Common;C:\Program Files\dotnet\;C:\WINDOWS\system32;C:\WINDOWS;C:\WINDOWS\System32\Wbem;C:\WINDOWS\System32\WindowsPowerShell\v1.0\;C:\WINDOWS\System32\OpenSSH\;C:\Program Files\NVIDIA Corporation\NVIDIA NvDLISR;C:\WINDOWS\system32;C:\WINDOWS;C:\WINDOWS\System32\Wbem;C:\WINDOWS\System32\WindowsPowerShell\v1.0\;C:\WINDOWS\System32\OpenSSH\;C:\Program Files\IDM Computer Solutions\UltraEdit;C:\Program Files\Git\cmd;C:\Program Files\Cloudflare\Cloudflare WARP\;C:\Program Files\Java\jdk1.8.0_351\bin;C:\Users\MILU\AppData\Local\Programs\Python\Python310\Scripts\;C:\Users\MILU\AppData\Local\Programs\Python\Python310\;C:\Cadence\SPB_17.2\OpenAccess\bin\win32\opt;C:\Cadence\SPB_17.2\tools\pcb\bin;C:\Cadence\SPB_17.2\tools\fet\bi;C:\Program Files\nodejs\;C:\Users\MILU\AppData\Local\Programs\Python\Python310\Scripts\;C:\Users\MILU\AppData\Local\Programs\Python\Python310\;C:\Cadence\SPB_17.2\OpenAccess\bin\win32\opt;C:\Cadence\SPB_17.2\tools\pcb\bin;C:\Cadence\SPB_17.2\tools\fet\bin;C:\Cadence\SPB_17.2\tools\Capture;C:\Cadence\SPB_17.2\tools\PSpice;C:\Cadence\SPB_17.2\tools\specctra\bin;C:\Cadence\SPB_17.2\tools\bin;C:\Users\MILU\AppData\Local\Microsoft\WindowsApps;C:\Program Files\Bandizip\;;C:\Users\MILU\AppData\Local\afreeca;C:\Users\MILU\AppData\Local\Programs\Microsoft VS Code\bin;C:\Program Files\JetBrains\IntelliJ IDEA Community Edition 2022.2.2\bin;;C:\Users\MILU\AppData\Local\Programs\Fiddler;C:\Users\MILU\.dotnet\tools;C:\Users\MILU\AppData\Roaming\npm
USERNAME=MILU
OS=Windows_NT
PROCESSOR_IDENTIFIER=AMD64 Family 25 Model 97 Stepping 2, AuthenticAMD
TMP=C:\Users\MILU\AppData\Local\Temp
TEMP=C:\Users\MILU\AppData\Local\Temp



---------------  S Y S T E M  ---------------

OS:
 Windows 11 , 64 bit Build 22000 (10.0.22000.1516)
OS uptime: 0 days 0:04 hours
Hyper-V role detected

CPU: total 12 (initial active 12) (12 cores per cpu, 2 threads per core) family 25 model 97 stepping 2 microcode 0x0, cx8, cmov, fxsr, ht, mmx, 3dnowpref, sse, sse2, sse3, ssse3, sse4a, sse4.1, sse4.2, popcnt, lzcnt, tsc, tscinvbit, avx, avx2, aes, erms, clmul, bmi1, bmi2, adx, avx512f, avx512dq, avx512cd, avx512bw, avx512vl, sha, fma, vzeroupper, avx512_vpopcntdq, avx512_vpclmulqdq, avx512_vaes, avx512_vnni, clflush, clflushopt, avx512_vbmi2, avx512_vbmi, hv

Memory: 4k page, system-wide physical 15516M (8137M free)
TotalPageFile size 15516M (AvailPageFile size 5M)
current process WorkingSet (physical memory assigned to process): 140M, peak: 140M
current process commit charge ("private bytes"): 289M, peak: 289M

vm_info: OpenJDK 64-Bit Server VM (17.0.6+10) for windows-amd64 JRE (17.0.6+10), built on Jan 18 2023 10:08:59 by "temurin" with MS VC++ 16.7 (VS2019)

END.
