#
# There is insufficient memory for the Java Runtime Environment to continue.
# Native memory allocation (malloc) failed to allocate 323328 bytes for Chunk::new
# Possible reasons:
#   The system is out of physical RAM or swap space
#   The process is running with CompressedOops enabled, and the Java Heap may be blocking the growth of the native heap
# Possible solutions:
#   Reduce memory load on the system
#   Increase physical memory or swap space
#   Check if swap backing store is full
#   Decrease Java heap size (-Xmx/-Xms)
#   Decrease number of Java threads
#   Decrease Java thread stack sizes (-Xss)
#   Set larger code cache with -XX:ReservedCodeCacheSize=
#   JVM is running with Unscaled Compressed Oops mode in which the Java heap is
#     placed in the first 4GB address space. The Java Heap base address is the
#     maximum limit for the native heap growth. Please use -XX:HeapBaseMinAddress
#     to set the Java Heap base and to place the Java Heap above 4GB virtual address.
# This output file may be truncated or incomplete.
#
#  Out of Memory Error (arena.cpp:189), pid=8484, tid=23728
#
# JRE version: OpenJDK Runtime Environment Temurin-17.0.6+10 (17.0.6+10) (build 17.0.6+10)
# Java VM: OpenJDK 64-Bit Server VM Temurin-17.0.6+10 (17.0.6+10, mixed mode, tiered, compressed oops, compressed class ptrs, parallel gc, windows-amd64)
# No core dump will be written. Minidumps are not enabled by default on client versions of Windows
#

---------------  S U M M A R Y ------------

Command Line: --add-modules=ALL-SYSTEM --add-opens=java.base/java.util=ALL-UNNAMED --add-opens=java.base/java.lang=ALL-UNNAMED --add-opens=java.base/sun.nio.fs=ALL-UNNAMED -Declipse.application=org.eclipse.jdt.ls.core.id1 -Dosgi.bundles.defaultStartLevel=4 -Declipse.product=org.eclipse.jdt.ls.core.product -Djava.import.generatesMetadataFilesAtProjectRoot=false -Dfile.encoding=utf8 -XX:+UseParallelGC -XX:GCTimeRatio=4 -XX:AdaptiveSizePolicyWeight=90 -Dsun.zip.disableMemoryMapping=true -Xmx2G -Xms100m -Xlog:disable -javaagent:c:\Users\MILU\.vscode\extensions\redhat.java-1.15.0-win32-x64\lombok\lombok-1.18.24.jar c:\Users\MILU\.vscode\extensions\redhat.java-1.15.0-win32-x64\server\plugins\org.eclipse.equinox.launcher_1.6.400.v20210924-0641.jar -configuration c:\Users\MILU\AppData\Roaming\Code\User\globalStorage\redhat.java\1.15.0\config_ss_win -data c:\Users\MILU\AppData\Roaming\Code\User\workspaceStorage\fc16c159672cfacfee64a0ca5a9c0ba6\redhat.java\ss_ws

Host: AMD Ryzen 5 7600 6-Core Processor              , 12 cores, 15G,  Windows 11 , 64 bit Build 22000 (10.0.22000.1516)
Time: Sun Feb 26 11:59:44 2023  Windows 11 , 64 bit Build 22000 (10.0.22000.1516) elapsed time: 0.227563 seconds (0d 0h 0m 0s)

---------------  T H R E A D  ---------------

Current thread (0x000001d0fd19a870):  JavaThread "C2 CompilerThread1" daemon [_thread_in_native, id=23728, stack(0x0000006a20a00000,0x0000006a20b00000)]


Current CompileTask:
C2:    227  481       4       lombok.patcher.PatchScript::classMatches (41 bytes)

Stack: [0x0000006a20a00000,0x0000006a20b00000]
Native frames: (J=compiled Java code, j=interpreted, Vv=VM code, C=native code)
V  [jvm.dll+0x67741a]
V  [jvm.dll+0x834434]
V  [jvm.dll+0x835bde]
V  [jvm.dll+0x836243]
V  [jvm.dll+0x2457b5]
V  [jvm.dll+0xabafc]
V  [jvm.dll+0xac0cc]
V  [jvm.dll+0x3634e7]
V  [jvm.dll+0x32dda1]
V  [jvm.dll+0x32d24a]
V  [jvm.dll+0x2185f1]
V  [jvm.dll+0x217a11]
V  [jvm.dll+0x1a3d0d]
V  [jvm.dll+0x22742a]
V  [jvm.dll+0x225565]
V  [jvm.dll+0x7ea2cb]
V  [jvm.dll+0x7e483a]
V  [jvm.dll+0x6762c5]
C  [ucrtbase.dll+0x26c0c]
C  [KERNEL32.DLL+0x155a0]
C  [ntdll.dll+0x485b]


---------------  P R O C E S S  ---------------

Threads class SMR info:
_java_thread_list=0x000001d0fe576270, length=14, elements={
0x000001d0f40281d0, 0x000001d0fb558260, 0x000001d0fb558c10, 0x000001d0fcf5cc60,
0x000001d0fcf5d220, 0x000001d0fcf61ff0, 0x000001d0fcfa19e0, 0x000001d0fcfa6b00,
0x000001d0fcfa74f0, 0x000001d0fcfa8680, 0x000001d0fd014f40, 0x000001d0fd19a870,
0x000001d0fd26f310, 0x000001d0fe6ce210
}

Java Threads: ( => current thread )
  0x000001d0f40281d0 JavaThread "main" [_thread_in_Java, id=8032, stack(0x0000006a1fd00000,0x0000006a1fe00000)]
  0x000001d0fb558260 JavaThread "Reference Handler" daemon [_thread_blocked, id=26964, stack(0x0000006a20000000,0x0000006a20100000)]
  0x000001d0fb558c10 JavaThread "Finalizer" daemon [_thread_blocked, id=6224, stack(0x0000006a20100000,0x0000006a20200000)]
  0x000001d0fcf5cc60 JavaThread "Signal Dispatcher" daemon [_thread_blocked, id=22504, stack(0x0000006a20200000,0x0000006a20300000)]
  0x000001d0fcf5d220 JavaThread "Attach Listener" daemon [_thread_blocked, id=23532, stack(0x0000006a20300000,0x0000006a20400000)]
  0x000001d0fcf61ff0 JavaThread "Service Thread" daemon [_thread_blocked, id=23804, stack(0x0000006a20400000,0x0000006a20500000)]
  0x000001d0fcfa19e0 JavaThread "Monitor Deflation Thread" daemon [_thread_blocked, id=23812, stack(0x0000006a20500000,0x0000006a20600000)]
  0x000001d0fcfa6b00 JavaThread "C2 CompilerThread0" daemon [_thread_in_native, id=23348, stack(0x0000006a20600000,0x0000006a20700000)]
  0x000001d0fcfa74f0 JavaThread "C1 CompilerThread0" daemon [_thread_blocked, id=14684, stack(0x0000006a20700000,0x0000006a20800000)]
  0x000001d0fcfa8680 JavaThread "Sweeper thread" daemon [_thread_blocked, id=8332, stack(0x0000006a20800000,0x0000006a20900000)]
  0x000001d0fd014f40 JavaThread "Common-Cleaner" daemon [_thread_blocked, id=16888, stack(0x0000006a20900000,0x0000006a20a00000)]
=>0x000001d0fd19a870 JavaThread "C2 CompilerThread1" daemon [_thread_in_native, id=23728, stack(0x0000006a20a00000,0x0000006a20b00000)]
  0x000001d0fd26f310 JavaThread "Notification Thread" daemon [_thread_blocked, id=8028, stack(0x0000006a20b00000,0x0000006a20c00000)]
  0x000001d0fe6ce210 JavaThread "C2 CompilerThread2" daemon [_thread_in_native, id=13496, stack(0x0000006a20d00000,0x0000006a20e00000)]

Other Threads:
  0x000001d0fb540910 VMThread "VM Thread" [stack: 0x0000006a1ff00000,0x0000006a20000000] [id=25228]
  0x000001d0fd26fe30 WatcherThread [stack: 0x0000006a20c00000,0x0000006a20d00000] [id=4628]
  0x000001d0f403d430 GCTaskThread "GC Thread#0" [stack: 0x0000006a1fe00000,0x0000006a1ff00000] [id=21036]

Threads with active compile tasks:
C2 CompilerThread0      240  531       4       java.util.Collections$UnmodifiableCollection::iterator (9 bytes)
C2 CompilerThread1      240  481       4       lombok.patcher.PatchScript::classMatches (41 bytes)
C2 CompilerThread2      240  530       4       lombok.patcher.scripts.MethodLevelPatchScript::patch (21 bytes)

VM state: not at safepoint (normal execution)

VM Mutex/Monitor currently owned by a thread: None

Heap address: 0x0000000080000000, size: 2048 MB, Compressed Oops mode: 32-bit

CDS archive(s) not mapped
Compressed class space mapped at: 0x0000000100000000-0x0000000140000000, reserved size: 1073741824
Narrow klass base: 0x0000000000000000, Narrow klass shift: 3, Narrow klass range: 0x140000000

GC Precious Log:
 CPUs: 12 total, 12 available
 Memory: 15516M
 Large Page Support: Disabled
 NUMA Support: Disabled
 Compressed Oops: Enabled (32-bit)
 Alignments: Space 512K, Generation 512K, Heap 2M
 Heap Min Capacity: 100M
 Heap Initial Capacity: 100M
 Heap Max Capacity: 2G
 Pre-touch: Disabled
 Parallel Workers: 10

Heap:
 PSYoungGen      total 29696K, used 12886K [0x00000000d5580000, 0x00000000d7680000, 0x0000000100000000)
  eden space 25600K, 50% used [0x00000000d5580000,0x00000000d6215a20,0x00000000d6e80000)
  from space 4096K, 0% used [0x00000000d7280000,0x00000000d7280000,0x00000000d7680000)
  to   space 4096K, 0% used [0x00000000d6e80000,0x00000000d6e80000,0x00000000d7280000)
 ParOldGen       total 68608K, used 0K [0x0000000080000000, 0x0000000084300000, 0x00000000d5580000)
  object space 68608K, 0% used [0x0000000080000000,0x0000000080000000,0x0000000084300000)
 Metaspace       used 8939K, committed 9088K, reserved 1064960K
  class space    used 881K, committed 960K, reserved 1048576K

Card table byte_map: [0x000001d0f39d0000,0x000001d0f3de0000] _byte_map_base: 0x000001d0f35d0000

Marking Bits: (ParMarkBitMap*) 0x00007ffe8b323e70
 Begin Bits: [0x000001d0f6f60000, 0x000001d0f8f60000)
 End Bits:   [0x000001d0f8f60000, 0x000001d0faf60000)

Polling page: 0x000001d0f1f80000

Metaspace:

Usage:
  Non-class:      7.87 MB used.
      Class:    881.16 KB used.
       Both:      8.73 MB used.

Virtual space:
  Non-class space:       16.00 MB reserved,       7.94 MB ( 50%) committed,  2 nodes.
      Class space:        1.00 GB reserved,     960.00 KB ( <1%) committed,  1 nodes.
             Both:        1.02 GB reserved,       8.88 MB ( <1%) committed. 

Chunk freelists:
   Non-Class:  3.92 MB
       Class:  3.09 MB
        Both:  7.01 MB

MaxMetaspaceSize: unlimited
CompressedClassSpaceSize: 1.00 GB
Initial GC threshold: 21.00 MB
Current GC threshold: 21.00 MB
CDS: off
MetaspaceReclaimPolicy: balanced
 - commit_granule_bytes: 65536.
 - commit_granule_words: 8192.
 - virtual_space_node_default_size: 1048576.
 - enlarge_chunks_in_place: 1.
 - new_chunks_are_fully_committed: 0.
 - uncommit_free_chunks: 1.
 - use_allocation_guard: 0.
 - handle_deallocations: 1.


Internal statistics:

num_allocs_failed_limit: 0.
num_arena_births: 10.
num_arena_deaths: 0.
num_vsnodes_births: 3.
num_vsnodes_deaths: 0.
num_space_committed: 143.
num_space_uncommitted: 0.
num_chunks_returned_to_freelist: 0.
num_chunks_taken_from_freelist: 44.
num_chunk_merges: 0.
num_chunk_splits: 24.
num_chunks_enlarged: 19.
num_purges: 0.
num_inconsistent_stats: 0.

CodeHeap 'non-profiled nmethods': size=120000Kb used=177Kb max_used=177Kb free=119822Kb
 bounds [0x000001d087ad0000, 0x000001d087d40000, 0x000001d08f000000]
CodeHeap 'profiled nmethods': size=120000Kb used=775Kb max_used=775Kb free=119224Kb
 bounds [0x000001d080000000, 0x000001d080270000, 0x000001d087530000]
CodeHeap 'non-nmethods': size=5760Kb used=1148Kb max_used=1163Kb free=4611Kb
 bounds [0x000001d087530000, 0x000001d0877a0000, 0x000001d087ad0000]
 total_blobs=962 nmethods=536 adapters=341
 compilation: enabled
              stopped_count=0, restarted_count=0
 full_count=0

Compilation events (20 events):
Event: 0.213 Thread 0x000001d0fcfa74f0  486  s    3       java.io.ByteArrayOutputStream::write (32 bytes)
Event: 0.213 Thread 0x000001d0fcfa74f0 nmethod 486 0x000001d0800a4a10 code [0x000001d0800a4bc0, 0x000001d0800a4e08]
Event: 0.213 Thread 0x000001d0fcfa74f0  485       3       java.lang.reflect.Modifier::isPublic (12 bytes)
Event: 0.213 Thread 0x000001d0fcfa74f0 nmethod 485 0x000001d0800a4f10 code [0x000001d0800a50a0, 0x000001d0800a51f8]
Event: 0.214 Thread 0x000001d0fcfa74f0  487       3       java.lang.reflect.Modifier::isProtected (12 bytes)
Event: 0.214 Thread 0x000001d0fcfa74f0 nmethod 487 0x000001d0800a5290 code [0x000001d0800a5420, 0x000001d0800a5578]
Event: 0.214 Thread 0x000001d0fcfa74f0  488       3       jdk.internal.org.objectweb.asm.ByteVector::putByte (39 bytes)
Event: 0.215 Thread 0x000001d0fcfa74f0 nmethod 488 0x000001d0800a5610 code [0x000001d0800a57c0, 0x000001d0800a59a8]
Event: 0.215 Thread 0x000001d0fcfa74f0  489       3       jdk.internal.org.objectweb.asm.SymbolTable$Entry::<init> (17 bytes)
Event: 0.215 Thread 0x000001d0fcfa74f0 nmethod 489 0x000001d0800a5b10 code [0x000001d0800a5cc0, 0x000001d0800a5e48]
Event: 0.215 Thread 0x000001d0fcfa74f0  490       3       java.lang.invoke.MemberName::initResolved (53 bytes)
Event: 0.215 Thread 0x000001d0fcfa74f0 nmethod 490 0x000001d0800a5f10 code [0x000001d0800a60a0, 0x000001d0800a6218]
Event: 0.216 Thread 0x000001d0fe6ce210 nmethod 482 0x000001d087af6890 code [0x000001d087af6a60, 0x000001d087af70b8]
Event: 0.218 Thread 0x000001d0fcfa74f0  493       3       java.util.Arrays::hashCode (44 bytes)
Event: 0.218 Thread 0x000001d0fcfa74f0 nmethod 493 0x000001d0800a6290 code [0x000001d0800a6440, 0x000001d0800a6658]
Event: 0.220 Thread 0x000001d0fcfa6b00 nmethod 458 0x000001d087af7f10 code [0x000001d087af8120, 0x000001d087af92d8]
Event: 0.220 Thread 0x000001d0fcfa74f0  495       3       java.util.zip.Inflater::ensureOpen (47 bytes)
Event: 0.220 Thread 0x000001d0fcfa74f0 nmethod 495 0x000001d0800a6790 code [0x000001d0800a6940, 0x000001d0800a6ba8]
Event: 0.221 Thread 0x000001d0fcfa74f0  496       3       jdk.internal.org.objectweb.asm.ByteVector::put12 (64 bytes)
Event: 0.221 Thread 0x000001d0fcfa74f0 nmethod 496 0x000001d0800a6c90 code [0x000001d0800a6e40, 0x000001d0800a7068]

GC Heap History (0 events):
No events

Dll operation events (8 events):
Event: 0.008 Loaded shared library c:\Users\MILU\.vscode\extensions\redhat.java-1.15.0-win32-x64\jre\17.0.6-win32-x86_64\bin\java.dll
Event: 0.087 Loaded shared library c:\Users\MILU\.vscode\extensions\redhat.java-1.15.0-win32-x64\jre\17.0.6-win32-x86_64\bin\zip.dll
Event: 0.091 Loaded shared library C:\Users\MILU\.vscode\extensions\redhat.java-1.15.0-win32-x64\jre\17.0.6-win32-x86_64\bin\instrument.dll
Event: 0.097 Loaded shared library C:\Users\MILU\.vscode\extensions\redhat.java-1.15.0-win32-x64\jre\17.0.6-win32-x86_64\bin\net.dll
Event: 0.098 Loaded shared library C:\Users\MILU\.vscode\extensions\redhat.java-1.15.0-win32-x64\jre\17.0.6-win32-x86_64\bin\nio.dll
Event: 0.102 Loaded shared library C:\Users\MILU\.vscode\extensions\redhat.java-1.15.0-win32-x64\jre\17.0.6-win32-x86_64\bin\zip.dll
Event: 0.108 Loaded shared library C:\Users\MILU\.vscode\extensions\redhat.java-1.15.0-win32-x64\jre\17.0.6-win32-x86_64\bin\jimage.dll
Event: 0.133 Loaded shared library c:\Users\MILU\.vscode\extensions\redhat.java-1.15.0-win32-x64\jre\17.0.6-win32-x86_64\bin\verify.dll

Deoptimization events (20 events):
Event: 0.193 Thread 0x000001d0f40281d0 Uncommon trap: trap_request=0xffffffde fr.pc=0x000001d087af0724 relative=0x0000000000000104
Event: 0.193 Thread 0x000001d0f40281d0 Uncommon trap: reason=class_check action=maybe_recompile pc=0x000001d087af0724 method=jdk.internal.misc.Unsafe.allocateUninitializedArray(Ljava/lang/Class;I)Ljava/lang/Object; @ 51 c2
Event: 0.193 Thread 0x000001d0f40281d0 DEOPT PACKING pc=0x000001d087af0724 sp=0x0000006a1fdfbaa0
Event: 0.193 Thread 0x000001d0f40281d0 DEOPT UNPACKING pc=0x000001d087589ea3 sp=0x0000006a1fdfba28 mode 2
Event: 0.193 Thread 0x000001d0f40281d0 Uncommon trap: trap_request=0xffffffde fr.pc=0x000001d087af0724 relative=0x0000000000000104
Event: 0.193 Thread 0x000001d0f40281d0 Uncommon trap: reason=class_check action=maybe_recompile pc=0x000001d087af0724 method=jdk.internal.misc.Unsafe.allocateUninitializedArray(Ljava/lang/Class;I)Ljava/lang/Object; @ 51 c2
Event: 0.193 Thread 0x000001d0f40281d0 DEOPT PACKING pc=0x000001d087af0724 sp=0x0000006a1fdfbaa0
Event: 0.193 Thread 0x000001d0f40281d0 DEOPT UNPACKING pc=0x000001d087589ea3 sp=0x0000006a1fdfba28 mode 2
Event: 0.193 Thread 0x000001d0f40281d0 Uncommon trap: trap_request=0xffffffde fr.pc=0x000001d087af0724 relative=0x0000000000000104
Event: 0.193 Thread 0x000001d0f40281d0 Uncommon trap: reason=class_check action=maybe_recompile pc=0x000001d087af0724 method=jdk.internal.misc.Unsafe.allocateUninitializedArray(Ljava/lang/Class;I)Ljava/lang/Object; @ 51 c2
Event: 0.193 Thread 0x000001d0f40281d0 DEOPT PACKING pc=0x000001d087af0724 sp=0x0000006a1fdfbae0
Event: 0.193 Thread 0x000001d0f40281d0 DEOPT UNPACKING pc=0x000001d087589ea3 sp=0x0000006a1fdfba68 mode 2
Event: 0.197 Thread 0x000001d0f40281d0 Uncommon trap: trap_request=0xffffff45 fr.pc=0x000001d087ae48c0 relative=0x00000000000000c0
Event: 0.197 Thread 0x000001d0f40281d0 Uncommon trap: reason=unstable_if action=reinterpret pc=0x000001d087ae48c0 method=java.net.URI.match(CJJ)Z @ 45 c2
Event: 0.197 Thread 0x000001d0f40281d0 DEOPT PACKING pc=0x000001d087ae48c0 sp=0x0000006a1fdfca30
Event: 0.197 Thread 0x000001d0f40281d0 DEOPT UNPACKING pc=0x000001d087589ea3 sp=0x0000006a1fdfc9b8 mode 2
Event: 0.200 Thread 0x000001d0f40281d0 Uncommon trap: trap_request=0xffffff45 fr.pc=0x000001d087af29c8 relative=0x0000000000000608
Event: 0.200 Thread 0x000001d0f40281d0 Uncommon trap: reason=unstable_if action=reinterpret pc=0x000001d087af29c8 method=java.lang.String.replace(Ljava/lang/CharSequence;Ljava/lang/CharSequence;)Ljava/lang/String; @ 48 c2
Event: 0.200 Thread 0x000001d0f40281d0 DEOPT PACKING pc=0x000001d087af29c8 sp=0x0000006a1fdfc9b0
Event: 0.200 Thread 0x000001d0f40281d0 DEOPT UNPACKING pc=0x000001d087589ea3 sp=0x0000006a1fdfc930 mode 2

Classes unloaded (0 events):
No events

Classes redefined (0 events):
No events

Internal exceptions (2 events):
Event: 0.061 Thread 0x000001d0f40281d0 Exception <a 'java/lang/NoSuchMethodError'{0x00000000d56d1a68}: 'void java.lang.invoke.DirectMethodHandle$Holder.invokeStatic(java.lang.Object, java.lang.Object, java.lang.Object)'> (0x00000000d56d1a68) 
thrown [s\src\hotspot\share\interpreter\linkResolver.cpp, line 759]
Event: 0.147 Thread 0x000001d0f40281d0 Exception <a 'java/lang/reflect/InvocationTargetException'{0x00000000d5a35928}> (0x00000000d5a35928) 
thrown [s\src\hotspot\share\runtime\reflection.cpp, line 1121]

VM Operations (2 events):
Event: 0.063 Executing VM operation: HandshakeAllThreads
Event: 0.063 Executing VM operation: HandshakeAllThreads done

Events (20 events):
Event: 0.220 loading class jdk/internal/jimage/decompressor/StringSharingDecompressorFactory done
Event: 0.220 loading class jdk/internal/jimage/decompressor/ZipDecompressor
Event: 0.220 loading class jdk/internal/jimage/decompressor/ResourceDecompressor
Event: 0.220 loading class jdk/internal/jimage/decompressor/ResourceDecompressor done
Event: 0.220 loading class jdk/internal/jimage/decompressor/ZipDecompressor done
Event: 0.221 loading class jdk/internal/icu/util/VersionInfo
Event: 0.221 loading class jdk/internal/icu/util/VersionInfo done
Event: 0.221 loading class jdk/internal/icu/util/CodePointTrie$Fast16
Event: 0.221 loading class jdk/internal/icu/util/CodePointTrie$Fast
Event: 0.221 loading class jdk/internal/icu/util/CodePointTrie
Event: 0.221 loading class jdk/internal/icu/util/CodePointMap
Event: 0.221 loading class jdk/internal/icu/util/CodePointMap done
Event: 0.221 loading class jdk/internal/icu/util/CodePointTrie done
Event: 0.221 loading class jdk/internal/icu/util/CodePointTrie$Fast done
Event: 0.221 loading class jdk/internal/icu/util/CodePointTrie$Fast16 done
Event: 0.221 loading class jdk/internal/icu/util/CodePointTrie$Type
Event: 0.221 loading class jdk/internal/icu/util/CodePointTrie$Type done
Event: 0.221 loading class jdk/internal/icu/util/CodePointTrie$ValueWidth
Event: 0.222 loading class jdk/internal/icu/util/CodePointTrie$ValueWidth done
Event: 0.222 loading class java/nio/ByteBufferAsCharBufferB


Dynamic libraries:
0x00007ff761d90000 - 0x00007ff761d9e000 	c:\Users\MILU\.vscode\extensions\redhat.java-1.15.0-win32-x64\jre\17.0.6-win32-x86_64\bin\java.exe
0x00007ffeea3a0000 - 0x00007ffeea5a9000 	C:\WINDOWS\SYSTEM32\ntdll.dll
0x00007ffee8ca0000 - 0x00007ffee8d5e000 	C:\WINDOWS\System32\KERNEL32.DLL
0x00007ffee7870000 - 0x00007ffee7bec000 	C:\WINDOWS\System32\KERNELBASE.dll
0x00007ffee7f70000 - 0x00007ffee8081000 	C:\WINDOWS\System32\ucrtbase.dll
0x00007ffed0c30000 - 0x00007ffed0c49000 	c:\Users\MILU\.vscode\extensions\redhat.java-1.15.0-win32-x64\jre\17.0.6-win32-x86_64\bin\VCRUNTIME140.dll
0x00007ffed0840000 - 0x00007ffed0857000 	c:\Users\MILU\.vscode\extensions\redhat.java-1.15.0-win32-x64\jre\17.0.6-win32-x86_64\bin\jli.dll
0x00007ffee8220000 - 0x00007ffee83cd000 	C:\WINDOWS\System32\USER32.dll
0x00007ffee7ec0000 - 0x00007ffee7ee6000 	C:\WINDOWS\System32\win32u.dll
0x00007ffee8c10000 - 0x00007ffee8c39000 	C:\WINDOWS\System32\GDI32.dll
0x00007ffed5f00000 - 0x00007ffed61a5000 	C:\WINDOWS\WinSxS\amd64_microsoft.windows.common-controls_6595b64144ccf1df_6.0.22000.120_none_9d947278b86cc467\COMCTL32.dll
0x00007ffee8090000 - 0x00007ffee81a8000 	C:\WINDOWS\System32\gdi32full.dll
0x00007ffee89a0000 - 0x00007ffee8a43000 	C:\WINDOWS\System32\msvcrt.dll
0x00007ffee7cb0000 - 0x00007ffee7d4d000 	C:\WINDOWS\System32\msvcp_win.dll
0x00007ffee8580000 - 0x00007ffee85b2000 	C:\WINDOWS\System32\IMM32.DLL
0x00007ffee4030000 - 0x00007ffee403c000 	c:\Users\MILU\.vscode\extensions\redhat.java-1.15.0-win32-x64\jre\17.0.6-win32-x86_64\bin\vcruntime140_1.dll
0x00007ffead4e0000 - 0x00007ffead571000 	c:\Users\MILU\.vscode\extensions\redhat.java-1.15.0-win32-x64\jre\17.0.6-win32-x86_64\bin\msvcp140.dll
0x00007ffe8a7a0000 - 0x00007ffe8b3e7000 	c:\Users\MILU\.vscode\extensions\redhat.java-1.15.0-win32-x64\jre\17.0.6-win32-x86_64\bin\server\jvm.dll
0x00007ffeea160000 - 0x00007ffeea20e000 	C:\WINDOWS\System32\ADVAPI32.dll
0x00007ffee8ae0000 - 0x00007ffee8b7e000 	C:\WINDOWS\System32\sechost.dll
0x00007ffee9460000 - 0x00007ffee9580000 	C:\WINDOWS\System32\RPCRT4.dll
0x00007ffec14c0000 - 0x00007ffec14c9000 	C:\WINDOWS\SYSTEM32\WSOCK32.dll
0x00007ffed81e0000 - 0x00007ffed8213000 	C:\WINDOWS\SYSTEM32\WINMM.dll
0x00007ffede1d0000 - 0x00007ffede1da000 	C:\WINDOWS\SYSTEM32\VERSION.dll
0x00007ffee8a70000 - 0x00007ffee8adf000 	C:\WINDOWS\System32\WS2_32.dll
0x00007ffee68b0000 - 0x00007ffee68c8000 	C:\WINDOWS\SYSTEM32\kernel.appcore.dll
0x00007ffee3600000 - 0x00007ffee360a000 	c:\Users\MILU\.vscode\extensions\redhat.java-1.15.0-win32-x64\jre\17.0.6-win32-x86_64\bin\jimage.dll
0x00007ffee53b0000 - 0x00007ffee55d1000 	C:\WINDOWS\SYSTEM32\DBGHELP.DLL
0x00007ffecfff0000 - 0x00007ffed0021000 	C:\WINDOWS\SYSTEM32\dbgcore.DLL
0x00007ffee7ef0000 - 0x00007ffee7f6f000 	C:\WINDOWS\System32\bcryptPrimitives.dll
0x00007ffee00a0000 - 0x00007ffee00ae000 	c:\Users\MILU\.vscode\extensions\redhat.java-1.15.0-win32-x64\jre\17.0.6-win32-x86_64\bin\instrument.dll
0x00007ffece330000 - 0x00007ffece355000 	c:\Users\MILU\.vscode\extensions\redhat.java-1.15.0-win32-x64\jre\17.0.6-win32-x86_64\bin\java.dll
0x00007ffed03a0000 - 0x00007ffed03b8000 	c:\Users\MILU\.vscode\extensions\redhat.java-1.15.0-win32-x64\jre\17.0.6-win32-x86_64\bin\zip.dll
0x00007ffee9590000 - 0x00007ffee9d55000 	C:\WINDOWS\System32\SHELL32.dll
0x00007ffee5920000 - 0x00007ffee6185000 	C:\WINDOWS\SYSTEM32\windows.storage.dll
0x00007ffee9de0000 - 0x00007ffeea158000 	C:\WINDOWS\System32\combase.dll
0x00007ffee5740000 - 0x00007ffee58a6000 	C:\WINDOWS\SYSTEM32\wintypes.dll
0x00007ffee8d60000 - 0x00007ffee8e4a000 	C:\WINDOWS\System32\SHCORE.dll
0x00007ffee83d0000 - 0x00007ffee842d000 	C:\WINDOWS\System32\shlwapi.dll
0x00007ffee77a0000 - 0x00007ffee77c1000 	C:\WINDOWS\SYSTEM32\profapi.dll
0x00007ffece310000 - 0x00007ffece329000 	C:\Users\MILU\.vscode\extensions\redhat.java-1.15.0-win32-x64\jre\17.0.6-win32-x86_64\bin\net.dll
0x00007ffee1f30000 - 0x00007ffee2044000 	C:\WINDOWS\SYSTEM32\WINHTTP.dll
0x00007ffee6d40000 - 0x00007ffee6da7000 	C:\WINDOWS\system32\mswsock.dll
0x00007ffecd870000 - 0x00007ffecd885000 	C:\Users\MILU\.vscode\extensions\redhat.java-1.15.0-win32-x64\jre\17.0.6-win32-x86_64\bin\nio.dll
0x00007ffed1c40000 - 0x00007ffed1c50000 	c:\Users\MILU\.vscode\extensions\redhat.java-1.15.0-win32-x64\jre\17.0.6-win32-x86_64\bin\verify.dll

dbghelp: loaded successfully - version: 4.0.5 - missing functions: none
symbol engine: initialized successfully - sym options: 0x614 - pdb path: .;c:\Users\MILU\.vscode\extensions\redhat.java-1.15.0-win32-x64\jre\17.0.6-win32-x86_64\bin;C:\WINDOWS\SYSTEM32;C:\WINDOWS\WinSxS\amd64_microsoft.windows.common-controls_6595b64144ccf1df_6.0.22000.120_none_9d947278b86cc467;c:\Users\MILU\.vscode\extensions\redhat.java-1.15.0-win32-x64\jre\17.0.6-win32-x86_64\bin\server

VM Arguments:
jvm_args: --add-modules=ALL-SYSTEM --add-opens=java.base/java.util=ALL-UNNAMED --add-opens=java.base/java.lang=ALL-UNNAMED --add-opens=java.base/sun.nio.fs=ALL-UNNAMED -Declipse.application=org.eclipse.jdt.ls.core.id1 -Dosgi.bundles.defaultStartLevel=4 -Declipse.product=org.eclipse.jdt.ls.core.product -Djava.import.generatesMetadataFilesAtProjectRoot=false -Dfile.encoding=utf8 -XX:+UseParallelGC -XX:GCTimeRatio=4 -XX:AdaptiveSizePolicyWeight=90 -Dsun.zip.disableMemoryMapping=true -Xmx2G -Xms100m -Xlog:disable -javaagent:c:\Users\MILU\.vscode\extensions\redhat.java-1.15.0-win32-x64\lombok\lombok-1.18.24.jar 
java_command: c:\Users\MILU\.vscode\extensions\redhat.java-1.15.0-win32-x64\server\plugins\org.eclipse.equinox.launcher_1.6.400.v20210924-0641.jar -configuration c:\Users\MILU\AppData\Roaming\Code\User\globalStorage\redhat.java\1.15.0\config_ss_win -data c:\Users\MILU\AppData\Roaming\Code\User\workspaceStorage\fc16c159672cfacfee64a0ca5a9c0ba6\redhat.java\ss_ws
java_class_path (initial): c:\Users\MILU\.vscode\extensions\redhat.java-1.15.0-win32-x64\server\plugins\org.eclipse.equinox.launcher_1.6.400.v20210924-0641.jar
Launcher Type: SUN_STANDARD

[Global flags]
    uintx AdaptiveSizePolicyWeight                 = 90                                        {product} {command line}
     intx CICompilerCount                          = 4                                         {product} {ergonomic}
    uintx GCTimeRatio                              = 4                                         {product} {command line}
   size_t InitialHeapSize                          = 104857600                                 {product} {command line}
   size_t MaxHeapSize                              = 2147483648                                {product} {command line}
   size_t MaxNewSize                               = 715653120                                 {product} {ergonomic}
   size_t MinHeapDeltaBytes                        = 524288                                    {product} {ergonomic}
   size_t MinHeapSize                              = 104857600                                 {product} {command line}
   size_t NewSize                                  = 34603008                                  {product} {ergonomic}
    uintx NonNMethodCodeHeapSize                   = 5839372                                {pd product} {ergonomic}
    uintx NonProfiledCodeHeapSize                  = 122909434                              {pd product} {ergonomic}
   size_t OldSize                                  = 70254592                                  {product} {ergonomic}
    uintx ProfiledCodeHeapSize                     = 122909434                              {pd product} {ergonomic}
    uintx ReservedCodeCacheSize                    = 251658240                              {pd product} {ergonomic}
     bool SegmentedCodeCache                       = true                                      {product} {ergonomic}
   size_t SoftMaxHeapSize                          = 2147483648                             {manageable} {ergonomic}
     bool UseCompressedClassPointers               = true                           {product lp64_product} {ergonomic}
     bool UseCompressedOops                        = true                           {product lp64_product} {ergonomic}
     bool UseLargePagesIndividualAllocation        = false                                  {pd product} {ergonomic}
     bool UseParallelGC                            = true                                      {product} {command line}

Logging:
Log output configuration:
 #0: stdout all=off uptime,level,tags
 #1: stderr all=off uptime,level,tags

Environment Variables:
JAVA_HOME=C:\Program Files\Java\jdk1.8.0_351
PATH=C:\ffmpeg\bin;C:\Program Files (x86)\Common Files\Oracle\Java\javapath;C:\Program Files\Oculus\Support\oculus-runtime;c:\windows\system32;c:\windows;c:\windows\system32\wbem;c:\windows\system32\windowspowershell\v1.0\;c:\windows\system32\openssh\;C:\Program Files (x86)\NVIDIA Corporation\PhysX\Common;C:\Program Files\dotnet\;C:\WINDOWS\system32;C:\WINDOWS;C:\WINDOWS\System32\Wbem;C:\WINDOWS\System32\WindowsPowerShell\v1.0\;C:\WINDOWS\System32\OpenSSH\;C:\Program Files\NVIDIA Corporation\NVIDIA NvDLISR;C:\WINDOWS\system32;C:\WINDOWS;C:\WINDOWS\System32\Wbem;C:\WINDOWS\System32\WindowsPowerShell\v1.0\;C:\WINDOWS\System32\OpenSSH\;C:\Program Files\IDM Computer Solutions\UltraEdit;C:\Program Files\Git\cmd;C:\Program Files\Cloudflare\Cloudflare WARP\;C:\Program Files\Java\jdk1.8.0_351\bin;C:\Users\MILU\AppData\Local\Programs\Python\Python310\Scripts\;C:\Users\MILU\AppData\Local\Programs\Python\Python310\;C:\Cadence\SPB_17.2\OpenAccess\bin\win32\opt;C:\Cadence\SPB_17.2\tools\pcb\bin;C:\Cadence\SPB_17.2\tools\fet\bi;C:\Program Files\nodejs\;C:\Users\MILU\AppData\Local\Programs\Python\Python310\Scripts\;C:\Users\MILU\AppData\Local\Programs\Python\Python310\;C:\Cadence\SPB_17.2\OpenAccess\bin\win32\opt;C:\Cadence\SPB_17.2\tools\pcb\bin;C:\Cadence\SPB_17.2\tools\fet\bin;C:\Cadence\SPB_17.2\tools\Capture;C:\Cadence\SPB_17.2\tools\PSpice;C:\Cadence\SPB_17.2\tools\specctra\bin;C:\Cadence\SPB_17.2\tools\bin;C:\Users\MILU\AppData\Local\Microsoft\WindowsApps;C:\Program Files\Bandizip\;;C:\Users\MILU\AppData\Local\afreeca;C:\Users\MILU\AppData\Local\Programs\Microsoft VS Code\bin;C:\Program Files\JetBrains\IntelliJ IDEA Community Edition 2022.2.2\bin;;C:\Users\MILU\AppData\Local\Programs\Fiddler;C:\Users\MILU\.dotnet\tools;C:\Users\MILU\AppData\Roaming\npm
USERNAME=MILU
OS=Windows_NT
PROCESSOR_IDENTIFIER=AMD64 Family 25 Model 97 Stepping 2, AuthenticAMD
TMP=C:\Users\MILU\AppData\Local\Temp
TEMP=C:\Users\MILU\AppData\Local\Temp



---------------  S Y S T E M  ---------------

OS:
 Windows 11 , 64 bit Build 22000 (10.0.22000.1516)
OS uptime: 0 days 0:04 hours
Hyper-V role detected

CPU: total 12 (initial active 12) (12 cores per cpu, 2 threads per core) family 25 model 97 stepping 2 microcode 0x0, cx8, cmov, fxsr, ht, mmx, 3dnowpref, sse, sse2, sse3, ssse3, sse4a, sse4.1, sse4.2, popcnt, lzcnt, tsc, tscinvbit, avx, avx2, aes, erms, clmul, bmi1, bmi2, adx, avx512f, avx512dq, avx512cd, avx512bw, avx512vl, sha, fma, vzeroupper, avx512_vpopcntdq, avx512_vpclmulqdq, avx512_vaes, avx512_vnni, clflush, clflushopt, avx512_vbmi2, avx512_vbmi, hv

Memory: 4k page, system-wide physical 15516M (8222M free)
TotalPageFile size 15516M (AvailPageFile size 17M)
current process WorkingSet (physical memory assigned to process): 59M, peak: 59M
current process commit charge ("private bytes"): 239M, peak: 239M

vm_info: OpenJDK 64-Bit Server VM (17.0.6+10) for windows-amd64 JRE (17.0.6+10), built on Jan 18 2023 10:08:59 by "temurin" with MS VC++ 16.7 (VS2019)

END.
