#
# There is insufficient memory for the Java Runtime Environment to continue.
# Native memory allocation (mmap) failed to map 65536 bytes for Failed to commit metaspace.
# Possible reasons:
#   The system is out of physical RAM or swap space
#   The process is running with CompressedOops enabled, and the Java Heap may be blocking the growth of the native heap
# Possible solutions:
#   Reduce memory load on the system
#   Increase physical memory or swap space
#   Check if swap backing store is full
#   Decrease Java heap size (-Xmx/-Xms)
#   Decrease number of Java threads
#   Decrease Java thread stack sizes (-Xss)
#   Set larger code cache with -XX:ReservedCodeCacheSize=
#   JVM is running with Unscaled Compressed Oops mode in which the Java heap is
#     placed in the first 4GB address space. The Java Heap base address is the
#     maximum limit for the native heap growth. Please use -XX:HeapBaseMinAddress
#     to set the Java Heap base and to place the Java Heap above 4GB virtual address.
# This output file may be truncated or incomplete.
#
#  Out of Memory Error (virtualSpaceNode.cpp:110), pid=6584, tid=2968
#
# JRE version: OpenJDK Runtime Environment Temurin-17.0.6+10 (17.0.6+10) (build 17.0.6+10)
# Java VM: OpenJDK 64-Bit Server VM Temurin-17.0.6+10 (17.0.6+10, mixed mode, tiered, compressed oops, compressed class ptrs, parallel gc, windows-amd64)
# No core dump will be written. Minidumps are not enabled by default on client versions of Windows
#

---------------  S U M M A R Y ------------

Command Line: --add-modules=ALL-SYSTEM --add-opens=java.base/java.util=ALL-UNNAMED --add-opens=java.base/java.lang=ALL-UNNAMED --add-opens=java.base/sun.nio.fs=ALL-UNNAMED -Declipse.application=org.eclipse.jdt.ls.core.id1 -Dosgi.bundles.defaultStartLevel=4 -Declipse.product=org.eclipse.jdt.ls.core.product -Djava.import.generatesMetadataFilesAtProjectRoot=false -Dfile.encoding=utf8 -XX:+UseParallelGC -XX:GCTimeRatio=4 -XX:AdaptiveSizePolicyWeight=90 -Dsun.zip.disableMemoryMapping=true -Xmx2G -Xms100m -Xlog:disable -javaagent:c:\Users\MILU\.vscode\extensions\redhat.java-1.15.0-win32-x64\lombok\lombok-1.18.24.jar c:\Users\MILU\.vscode\extensions\redhat.java-1.15.0-win32-x64\server\plugins\org.eclipse.equinox.launcher_1.6.400.v20210924-0641.jar -configuration c:\Users\MILU\AppData\Roaming\Code\User\globalStorage\redhat.java\1.15.0\config_ss_win -data c:\Users\MILU\AppData\Roaming\Code\User\workspaceStorage\fc16c159672cfacfee64a0ca5a9c0ba6\redhat.java\ss_ws

Host: AMD Ryzen 5 7600 6-Core Processor              , 12 cores, 15G,  Windows 11 , 64 bit Build 22000 (10.0.22000.1516)
Time: Sun Feb 26 11:59:44 2023  Windows 11 , 64 bit Build 22000 (10.0.22000.1516) elapsed time: 0.145722 seconds (0d 0h 0m 0s)

---------------  T H R E A D  ---------------

Current thread (0x000002ae0a524770):  JavaThread "main" [_thread_in_vm, id=2968, stack(0x000000e437b00000,0x000000e437c00000)]

Stack: [0x000000e437b00000,0x000000e437c00000]
Native frames: (J=compiled Java code, j=interpreted, Vv=VM code, C=native code)
V  [jvm.dll+0x67741a]
V  [jvm.dll+0x834434]
V  [jvm.dll+0x835bde]
V  [jvm.dll+0x836243]
V  [jvm.dll+0x2457b5]
V  [jvm.dll+0x8304cb]
V  [jvm.dll+0x61bca6]
V  [jvm.dll+0x61bd0a]
V  [jvm.dll+0x61e52a]
V  [jvm.dll+0x61c646]
V  [jvm.dll+0x24320c]
V  [jvm.dll+0x6cd84d]
V  [jvm.dll+0x6ce27f]
V  [jvm.dll+0x36fd73]
V  [jvm.dll+0x36ef52]
V  [jvm.dll+0x36eef8]
V  [jvm.dll+0x37ed0a]
C  0x000002ae15efae1b

Java frames: (J=compiled Java code, j=interpreted, Vv=VM code)
j  java.util.regex.Pattern.sequence(Ljava/util/regex/Pattern$Node;)Ljava/util/regex/Pattern$Node;+442 java.base@17.0.6
j  java.util.regex.Pattern.expr(Ljava/util/regex/Pattern$Node;)Ljava/util/regex/Pattern$Node;+12 java.base@17.0.6
j  java.util.regex.Pattern.compile()V+222 java.base@17.0.6
j  java.util.regex.Pattern.<init>(Ljava/lang/String;I)V+109 java.base@17.0.6
j  java.util.regex.Pattern.compile(Ljava/lang/String;)Ljava/util/regex/Pattern;+6 java.base@17.0.6
j  lombok.patcher.MethodTarget.<clinit>()V+10
v  ~StubRoutines::call_stub
j  lombok.eclipse.agent.EclipseLoaderPatcher.patchEquinoxLoaders(Llombok/patcher/ScriptManager;Ljava/lang/Class;)V+4
j  lombok.eclipse.agent.EclipsePatcher.registerPatchScripts(Ljava/lang/instrument/Instrumentation;ZLjava/lang/Class;)V+44
j  lombok.eclipse.agent.EclipsePatcher.runAgent(Ljava/lang/String;Ljava/lang/instrument/Instrumentation;ZLjava/lang/Class;)V+4
j  lombok.core.AgentLauncher.runAgents(Ljava/lang/String;Ljava/lang/instrument/Instrumentation;ZLjava/lang/Class;)V+62
v  ~StubRoutines::call_stub
j  jdk.internal.reflect.NativeMethodAccessorImpl.invoke0(Ljava/lang/reflect/Method;Ljava/lang/Object;[Ljava/lang/Object;)Ljava/lang/Object;+0 java.base@17.0.6
j  jdk.internal.reflect.NativeMethodAccessorImpl.invoke(Ljava/lang/Object;[Ljava/lang/Object;)Ljava/lang/Object;+133 java.base@17.0.6
j  jdk.internal.reflect.DelegatingMethodAccessorImpl.invoke(Ljava/lang/Object;[Ljava/lang/Object;)Ljava/lang/Object;+6 java.base@17.0.6
j  java.lang.reflect.Method.invoke(Ljava/lang/Object;[Ljava/lang/Object;)Ljava/lang/Object;+59 java.base@17.0.6
j  lombok.launch.Agent.runLauncher(Ljava/lang/String;Ljava/lang/instrument/Instrumentation;Z)V+73
j  lombok.launch.Agent.premain(Ljava/lang/String;Ljava/lang/instrument/Instrumentation;)V+3
v  ~StubRoutines::call_stub
j  jdk.internal.reflect.NativeMethodAccessorImpl.invoke0(Ljava/lang/reflect/Method;Ljava/lang/Object;[Ljava/lang/Object;)Ljava/lang/Object;+0 java.base@17.0.6
j  jdk.internal.reflect.NativeMethodAccessorImpl.invoke(Ljava/lang/Object;[Ljava/lang/Object;)Ljava/lang/Object;+133 java.base@17.0.6
j  jdk.internal.reflect.DelegatingMethodAccessorImpl.invoke(Ljava/lang/Object;[Ljava/lang/Object;)Ljava/lang/Object;+6 java.base@17.0.6
j  java.lang.reflect.Method.invoke(Ljava/lang/Object;[Ljava/lang/Object;)Ljava/lang/Object;+59 java.base@17.0.6
j  sun.instrument.InstrumentationImpl.loadClassAndStartAgent(Ljava/lang/String;Ljava/lang/String;Ljava/lang/String;)V+166 java.instrument@17.0.6
j  sun.instrument.InstrumentationImpl.loadClassAndCallPremain(Ljava/lang/String;Ljava/lang/String;)V+6 java.instrument@17.0.6
v  ~StubRoutines::call_stub

---------------  P R O C E S S  ---------------

Threads class SMR info:
_java_thread_list=0x000002ae245322e0, length=12, elements={
0x000002ae0a524770, 0x000002ae22875030, 0x000002ae22876380, 0x000002ae243c6010,
0x000002ae243c69d0, 0x000002ae2439bf10, 0x000002ae2439ef80, 0x000002ae243d4250,
0x000002ae243a0d20, 0x000002ae243a1620, 0x000002ae2449aaf0, 0x000002ae245b1330
}

Java Threads: ( => current thread )
=>0x000002ae0a524770 JavaThread "main" [_thread_in_vm, id=2968, stack(0x000000e437b00000,0x000000e437c00000)]
  0x000002ae22875030 JavaThread "Reference Handler" daemon [_thread_blocked, id=15768, stack(0x000000e437e00000,0x000000e437f00000)]
  0x000002ae22876380 JavaThread "Finalizer" daemon [_thread_blocked, id=11900, stack(0x000000e437f00000,0x000000e438000000)]
  0x000002ae243c6010 JavaThread "Signal Dispatcher" daemon [_thread_blocked, id=13540, stack(0x000000e438000000,0x000000e438100000)]
  0x000002ae243c69d0 JavaThread "Attach Listener" daemon [_thread_blocked, id=29396, stack(0x000000e438100000,0x000000e438200000)]
  0x000002ae2439bf10 JavaThread "Service Thread" daemon [_thread_blocked, id=27092, stack(0x000000e438200000,0x000000e438300000)]
  0x000002ae2439ef80 JavaThread "Monitor Deflation Thread" daemon [_thread_blocked, id=20080, stack(0x000000e438300000,0x000000e438400000)]
  0x000002ae243d4250 JavaThread "C2 CompilerThread0" daemon [_thread_blocked, id=22200, stack(0x000000e438400000,0x000000e438500000)]
  0x000002ae243a0d20 JavaThread "C1 CompilerThread0" daemon [_thread_in_vm, id=3996, stack(0x000000e438500000,0x000000e438600000)]
  0x000002ae243a1620 JavaThread "Sweeper thread" daemon [_thread_blocked, id=5564, stack(0x000000e438600000,0x000000e438700000)]
  0x000002ae2449aaf0 JavaThread "Common-Cleaner" daemon [_thread_blocked, id=25924, stack(0x000000e438700000,0x000000e438800000)]
  0x000002ae245b1330 JavaThread "C2 CompilerThread1" daemon [_thread_blocked, id=2428, stack(0x000000e438800000,0x000000e438900000)]

Other Threads:
  0x000002ae2271d260 VMThread "VM Thread" [stack: 0x000000e437d00000,0x000000e437e00000] [id=8592]
  0x000002ae0a53be90 GCTaskThread "GC Thread#0" [stack: 0x000000e437c00000,0x000000e437d00000] [id=4492]

Threads with active compile tasks:
C1 CompilerThread0      153  320       3       java.util.regex.Pattern::has (15 bytes)

VM state: not at safepoint (normal execution)

VM Mutex/Monitor currently owned by a thread:  ([mutex/lock_event])
[0x000002ae0a51f2e0] Metaspace_lock - owner thread: 0x000002ae0a524770
[0x000002ae0a520e30] MethodData_lock - owner thread: 0x000002ae243a0d20

Heap address: 0x0000000080000000, size: 2048 MB, Compressed Oops mode: 32-bit

CDS archive(s) not mapped
Compressed class space mapped at: 0x0000000100000000-0x0000000140000000, reserved size: 1073741824
Narrow klass base: 0x0000000000000000, Narrow klass shift: 3, Narrow klass range: 0x140000000

GC Precious Log:
 CPUs: 12 total, 12 available
 Memory: 15516M
 Large Page Support: Disabled
 NUMA Support: Disabled
 Compressed Oops: Enabled (32-bit)
 Alignments: Space 512K, Generation 512K, Heap 2M
 Heap Min Capacity: 100M
 Heap Initial Capacity: 100M
 Heap Max Capacity: 2G
 Pre-touch: Disabled
 Parallel Workers: 10

Heap:
 PSYoungGen      total 29696K, used 5845K [0x00000000d5580000, 0x00000000d7680000, 0x0000000100000000)
  eden space 25600K, 22% used [0x00000000d5580000,0x00000000d5b357b8,0x00000000d6e80000)
  from space 4096K, 0% used [0x00000000d7280000,0x00000000d7280000,0x00000000d7680000)
  to   space 4096K, 0% used [0x00000000d6e80000,0x00000000d6e80000,0x00000000d7280000)
 ParOldGen       total 68608K, used 0K [0x0000000080000000, 0x0000000084300000, 0x00000000d5580000)
  object space 68608K, 0% used [0x0000000080000000,0x0000000080000000,0x0000000084300000)
 Metaspace       used 6114K, committed 6272K, reserved 1056768K
  class space    used 597K, committed 704K, reserved 1048576K

Card table byte_map: [0x000002ae1db90000,0x000002ae1dfa0000] _byte_map_base: 0x000002ae1d790000

Marking Bits: (ParMarkBitMap*) 0x00007ffe8b323e70
 Begin Bits: [0x000002ae1e250000, 0x000002ae20250000)
 End Bits:   [0x000002ae20250000, 0x000002ae22250000)

Polling page: 0x000002ae0a5f0000

Metaspace:

Usage:
  Non-class:      5.39 MB used.
      Class:    597.70 KB used.
       Both:      5.97 MB used.

Virtual space:
  Non-class space:        8.00 MB reserved,       5.44 MB ( 68%) committed,  1 nodes.
      Class space:        1.00 GB reserved,     704.00 KB ( <1%) committed,  1 nodes.
             Both:        1.01 GB reserved,       6.12 MB ( <1%) committed. 

Chunk freelists:
   Non-Class:  2.36 MB
       Class:  3.23 MB
        Both:  5.59 MB

MaxMetaspaceSize: unlimited
CompressedClassSpaceSize: 1.00 GB
Initial GC threshold: 21.00 MB
Current GC threshold: 21.00 MB
CDS: off
MetaspaceReclaimPolicy: balanced
 - commit_granule_bytes: 65536.
 - commit_granule_words: 8192.
 - virtual_space_node_default_size: 1048576.
 - enlarge_chunks_in_place: 1.
 - new_chunks_are_fully_committed: 0.
 - uncommit_free_chunks: 1.
 - use_allocation_guard: 0.
 - handle_deallocations: 1.


Internal statistics:

num_allocs_failed_limit: 0.
num_arena_births: 10.
num_arena_deaths: 0.
num_vsnodes_births: 2.
num_vsnodes_deaths: 0.
num_space_committed: 98.
num_space_uncommitted: 0.
num_chunks_returned_to_freelist: 0.
num_chunks_taken_from_freelist: 31.
num_chunk_merges: 0.
num_chunk_splits: 16.
num_chunks_enlarged: 12.
num_purges: 0.
num_inconsistent_stats: 0.

CodeHeap 'non-profiled nmethods': size=120000Kb used=89Kb max_used=89Kb free=119910Kb
 bounds [0x000002ae16480000, 0x000002ae166f0000, 0x000002ae1d9b0000]
CodeHeap 'profiled nmethods': size=120000Kb used=387Kb max_used=387Kb free=119612Kb
 bounds [0x000002ae0e9b0000, 0x000002ae0ec20000, 0x000002ae15ee0000]
CodeHeap 'non-nmethods': size=5760Kb used=1108Kb max_used=1123Kb free=4651Kb
 bounds [0x000002ae15ee0000, 0x000002ae16150000, 0x000002ae16480000]
 total_blobs=695 nmethods=319 adapters=291
 compilation: enabled
              stopped_count=0, restarted_count=0
 full_count=0

Compilation events (20 events):
Event: 0.140 Thread 0x000002ae243a0d20 nmethod 309 0x000002ae0ea0ce90 code [0x000002ae0ea0d0e0, 0x000002ae0ea0dab8]
Event: 0.141 Thread 0x000002ae243a0d20  310       3       java.lang.Character::getType (9 bytes)
Event: 0.141 Thread 0x000002ae243a0d20 nmethod 310 0x000002ae0ea0de10 code [0x000002ae0ea0dfc0, 0x000002ae0ea0e1b8]
Event: 0.141 Thread 0x000002ae243a0d20  311       3       java.lang.CharacterDataLatin1::getType (11 bytes)
Event: 0.141 Thread 0x000002ae243a0d20 nmethod 311 0x000002ae0ea0e290 code [0x000002ae0ea0e440, 0x000002ae0ea0e5f8]
Event: 0.142 Thread 0x000002ae243a0d20  312       1       java.net.URI::getScheme (5 bytes)
Event: 0.142 Thread 0x000002ae245b1330  313       4       java.io.WinNTFileSystem::isSlash (18 bytes)
Event: 0.142 Thread 0x000002ae243a0d20 nmethod 312 0x000002ae16495b90 code [0x000002ae16495d20, 0x000002ae16495df8]
Event: 0.142 Thread 0x000002ae243a0d20  315       3       java.lang.StringLatin1::regionMatchesCI (98 bytes)
Event: 0.143 Thread 0x000002ae243a0d20 nmethod 315 0x000002ae0ea0e710 code [0x000002ae0ea0e940, 0x000002ae0ea0f098]
Event: 0.143 Thread 0x000002ae243a0d20  314       3       java.lang.String::regionMatches (150 bytes)
Event: 0.143 Thread 0x000002ae245b1330 nmethod 313 0x000002ae16495e90 code [0x000002ae16496000, 0x000002ae16496098]
Event: 0.143 Thread 0x000002ae243a0d20 nmethod 314 0x000002ae0ea0f410 code [0x000002ae0ea0f660, 0x000002ae0ea0fe68]
Event: 0.143 Thread 0x000002ae243a0d20  316       3       java.net.URI$Parser::checkChars (44 bytes)
Event: 0.143 Thread 0x000002ae243a0d20 nmethod 316 0x000002ae0ea10110 code [0x000002ae0ea10340, 0x000002ae0ea10988]
Event: 0.144 Thread 0x000002ae243a0d20  318       3       java.lang.invoke.MethodType::parameterCount (6 bytes)
Event: 0.144 Thread 0x000002ae243a0d20 nmethod 318 0x000002ae0ea10c10 code [0x000002ae0ea10da0, 0x000002ae0ea10eb8]
Event: 0.144 Thread 0x000002ae243a0d20  319       1       java.util.ArrayList::size (5 bytes)
Event: 0.144 Thread 0x000002ae243a0d20 nmethod 319 0x000002ae16496490 code [0x000002ae16496620, 0x000002ae164966f8]
Event: 0.144 Thread 0x000002ae243a0d20  320       3       java.util.regex.Pattern::has (15 bytes)

GC Heap History (0 events):
No events

Dll operation events (8 events):
Event: 0.006 Loaded shared library c:\Users\MILU\.vscode\extensions\redhat.java-1.15.0-win32-x64\jre\17.0.6-win32-x86_64\bin\java.dll
Event: 0.077 Loaded shared library c:\Users\MILU\.vscode\extensions\redhat.java-1.15.0-win32-x64\jre\17.0.6-win32-x86_64\bin\zip.dll
Event: 0.081 Loaded shared library C:\Users\MILU\.vscode\extensions\redhat.java-1.15.0-win32-x64\jre\17.0.6-win32-x86_64\bin\instrument.dll
Event: 0.087 Loaded shared library C:\Users\MILU\.vscode\extensions\redhat.java-1.15.0-win32-x64\jre\17.0.6-win32-x86_64\bin\net.dll
Event: 0.089 Loaded shared library C:\Users\MILU\.vscode\extensions\redhat.java-1.15.0-win32-x64\jre\17.0.6-win32-x86_64\bin\nio.dll
Event: 0.092 Loaded shared library C:\Users\MILU\.vscode\extensions\redhat.java-1.15.0-win32-x64\jre\17.0.6-win32-x86_64\bin\zip.dll
Event: 0.097 Loaded shared library C:\Users\MILU\.vscode\extensions\redhat.java-1.15.0-win32-x64\jre\17.0.6-win32-x86_64\bin\jimage.dll
Event: 0.124 Loaded shared library c:\Users\MILU\.vscode\extensions\redhat.java-1.15.0-win32-x64\jre\17.0.6-win32-x86_64\bin\verify.dll

Deoptimization events (2 events):
Event: 0.110 Thread 0x000002ae0a524770 DEOPT PACKING pc=0x000002ae0e9f89a2 sp=0x000000e437bfc5d0
Event: 0.110 Thread 0x000002ae0a524770 DEOPT UNPACKING pc=0x000002ae15f3a9e3 sp=0x000000e437bfba30 mode 0

Classes unloaded (0 events):
No events

Classes redefined (0 events):
No events

Internal exceptions (2 events):
Event: 0.065 Thread 0x000002ae0a524770 Exception <a 'java/lang/NoSuchMethodError'{0x00000000d56d1a68}: 'void java.lang.invoke.DirectMethodHandle$Holder.invokeStatic(java.lang.Object, java.lang.Object, java.lang.Object)'> (0x00000000d56d1a68) 
thrown [s\src\hotspot\share\interpreter\linkResolver.cpp, line 759]
Event: 0.137 Thread 0x000002ae0a524770 Exception <a 'java/lang/reflect/InvocationTargetException'{0x00000000d5a35940}> (0x00000000d5a35940) 
thrown [s\src\hotspot\share\runtime\reflection.cpp, line 1121]

VM Operations (4 events):
Event: 0.067 Executing VM operation: HandshakeAllThreads
Event: 0.067 Executing VM operation: HandshakeAllThreads done
Event: 0.105 Executing VM operation: HandshakeAllThreads
Event: 0.105 Executing VM operation: HandshakeAllThreads done

Events (20 events):
Event: 0.144 loading class java/util/regex/Pattern$GroupTail
Event: 0.144 loading class java/util/regex/Pattern$GroupTail done
Event: 0.144 loading class java/util/regex/Pattern$BitClass
Event: 0.144 loading class java/util/regex/Pattern$BitClass done
Event: 0.144 loading class java/util/regex/Pattern$BranchConn
Event: 0.144 loading class java/util/regex/Pattern$BranchConn done
Event: 0.144 loading class java/util/regex/Pattern$Branch
Event: 0.144 loading class java/util/regex/Pattern$Branch done
Event: 0.144 loading class java/util/regex/Pattern$StartS
Event: 0.144 loading class java/util/regex/Pattern$StartS done
Event: 0.144 loading class java/util/regex/Pattern$Curly
Event: 0.144 loading class java/util/regex/Pattern$Curly done
Event: 0.144 loading class java/util/regex/Pattern$Ques
Event: 0.144 loading class java/util/regex/Pattern$Ques done
Event: 0.144 loading class java/util/regex/Pattern$Loop
Event: 0.144 loading class java/util/regex/Pattern$Loop done
Event: 0.144 loading class java/util/regex/Pattern$Prolog
Event: 0.144 loading class java/util/regex/Pattern$Prolog done
Event: 0.144 loading class java/util/regex/Pattern$Dollar
Event: 0.144 loading class java/util/regex/Pattern$Dollar done


Dynamic libraries:
0x00007ff761d90000 - 0x00007ff761d9e000 	c:\Users\MILU\.vscode\extensions\redhat.java-1.15.0-win32-x64\jre\17.0.6-win32-x86_64\bin\java.exe
0x00007ffeea3a0000 - 0x00007ffeea5a9000 	C:\WINDOWS\SYSTEM32\ntdll.dll
0x00007ffee8ca0000 - 0x00007ffee8d5e000 	C:\WINDOWS\System32\KERNEL32.DLL
0x00007ffee7870000 - 0x00007ffee7bec000 	C:\WINDOWS\System32\KERNELBASE.dll
0x00007ffee7f70000 - 0x00007ffee8081000 	C:\WINDOWS\System32\ucrtbase.dll
0x00007ffed0c30000 - 0x00007ffed0c49000 	c:\Users\MILU\.vscode\extensions\redhat.java-1.15.0-win32-x64\jre\17.0.6-win32-x86_64\bin\VCRUNTIME140.dll
0x00007ffed0840000 - 0x00007ffed0857000 	c:\Users\MILU\.vscode\extensions\redhat.java-1.15.0-win32-x64\jre\17.0.6-win32-x86_64\bin\jli.dll
0x00007ffee8220000 - 0x00007ffee83cd000 	C:\WINDOWS\System32\USER32.dll
0x00007ffee7ec0000 - 0x00007ffee7ee6000 	C:\WINDOWS\System32\win32u.dll
0x00007ffee8c10000 - 0x00007ffee8c39000 	C:\WINDOWS\System32\GDI32.dll
0x00007ffed5f00000 - 0x00007ffed61a5000 	C:\WINDOWS\WinSxS\amd64_microsoft.windows.common-controls_6595b64144ccf1df_6.0.22000.120_none_9d947278b86cc467\COMCTL32.dll
0x00007ffee8090000 - 0x00007ffee81a8000 	C:\WINDOWS\System32\gdi32full.dll
0x00007ffee89a0000 - 0x00007ffee8a43000 	C:\WINDOWS\System32\msvcrt.dll
0x00007ffee7cb0000 - 0x00007ffee7d4d000 	C:\WINDOWS\System32\msvcp_win.dll
0x00007ffee8580000 - 0x00007ffee85b2000 	C:\WINDOWS\System32\IMM32.DLL
0x00007ffee4030000 - 0x00007ffee403c000 	c:\Users\MILU\.vscode\extensions\redhat.java-1.15.0-win32-x64\jre\17.0.6-win32-x86_64\bin\vcruntime140_1.dll
0x00007ffead4e0000 - 0x00007ffead571000 	c:\Users\MILU\.vscode\extensions\redhat.java-1.15.0-win32-x64\jre\17.0.6-win32-x86_64\bin\msvcp140.dll
0x00007ffe8a7a0000 - 0x00007ffe8b3e7000 	c:\Users\MILU\.vscode\extensions\redhat.java-1.15.0-win32-x64\jre\17.0.6-win32-x86_64\bin\server\jvm.dll
0x00007ffeea160000 - 0x00007ffeea20e000 	C:\WINDOWS\System32\ADVAPI32.dll
0x00007ffee8ae0000 - 0x00007ffee8b7e000 	C:\WINDOWS\System32\sechost.dll
0x00007ffee9460000 - 0x00007ffee9580000 	C:\WINDOWS\System32\RPCRT4.dll
0x00007ffede1d0000 - 0x00007ffede1da000 	C:\WINDOWS\SYSTEM32\VERSION.dll
0x00007ffed81e0000 - 0x00007ffed8213000 	C:\WINDOWS\SYSTEM32\WINMM.dll
0x00007ffec14c0000 - 0x00007ffec14c9000 	C:\WINDOWS\SYSTEM32\WSOCK32.dll
0x00007ffee8a70000 - 0x00007ffee8adf000 	C:\WINDOWS\System32\WS2_32.dll
0x00007ffee68b0000 - 0x00007ffee68c8000 	C:\WINDOWS\SYSTEM32\kernel.appcore.dll
0x00007ffee3600000 - 0x00007ffee360a000 	c:\Users\MILU\.vscode\extensions\redhat.java-1.15.0-win32-x64\jre\17.0.6-win32-x86_64\bin\jimage.dll
0x00007ffee53b0000 - 0x00007ffee55d1000 	C:\WINDOWS\SYSTEM32\DBGHELP.DLL
0x00007ffecfff0000 - 0x00007ffed0021000 	C:\WINDOWS\SYSTEM32\dbgcore.DLL
0x00007ffee7ef0000 - 0x00007ffee7f6f000 	C:\WINDOWS\System32\bcryptPrimitives.dll
0x00007ffee00a0000 - 0x00007ffee00ae000 	c:\Users\MILU\.vscode\extensions\redhat.java-1.15.0-win32-x64\jre\17.0.6-win32-x86_64\bin\instrument.dll
0x00007ffece330000 - 0x00007ffece355000 	c:\Users\MILU\.vscode\extensions\redhat.java-1.15.0-win32-x64\jre\17.0.6-win32-x86_64\bin\java.dll
0x00007ffed03a0000 - 0x00007ffed03b8000 	c:\Users\MILU\.vscode\extensions\redhat.java-1.15.0-win32-x64\jre\17.0.6-win32-x86_64\bin\zip.dll
0x00007ffee9590000 - 0x00007ffee9d55000 	C:\WINDOWS\System32\SHELL32.dll
0x00007ffee5920000 - 0x00007ffee6185000 	C:\WINDOWS\SYSTEM32\windows.storage.dll
0x00007ffee9de0000 - 0x00007ffeea158000 	C:\WINDOWS\System32\combase.dll
0x00007ffee5740000 - 0x00007ffee58a6000 	C:\WINDOWS\SYSTEM32\wintypes.dll
0x00007ffee8d60000 - 0x00007ffee8e4a000 	C:\WINDOWS\System32\SHCORE.dll
0x00007ffee83d0000 - 0x00007ffee842d000 	C:\WINDOWS\System32\shlwapi.dll
0x00007ffee77a0000 - 0x00007ffee77c1000 	C:\WINDOWS\SYSTEM32\profapi.dll
0x00007ffece310000 - 0x00007ffece329000 	C:\Users\MILU\.vscode\extensions\redhat.java-1.15.0-win32-x64\jre\17.0.6-win32-x86_64\bin\net.dll
0x00007ffee1f30000 - 0x00007ffee2044000 	C:\WINDOWS\SYSTEM32\WINHTTP.dll
0x00007ffee6d40000 - 0x00007ffee6da7000 	C:\WINDOWS\system32\mswsock.dll
0x00007ffecd870000 - 0x00007ffecd885000 	C:\Users\MILU\.vscode\extensions\redhat.java-1.15.0-win32-x64\jre\17.0.6-win32-x86_64\bin\nio.dll
0x00007ffed1c40000 - 0x00007ffed1c50000 	c:\Users\MILU\.vscode\extensions\redhat.java-1.15.0-win32-x64\jre\17.0.6-win32-x86_64\bin\verify.dll

dbghelp: loaded successfully - version: 4.0.5 - missing functions: none
symbol engine: initialized successfully - sym options: 0x614 - pdb path: .;c:\Users\MILU\.vscode\extensions\redhat.java-1.15.0-win32-x64\jre\17.0.6-win32-x86_64\bin;C:\WINDOWS\SYSTEM32;C:\WINDOWS\WinSxS\amd64_microsoft.windows.common-controls_6595b64144ccf1df_6.0.22000.120_none_9d947278b86cc467;c:\Users\MILU\.vscode\extensions\redhat.java-1.15.0-win32-x64\jre\17.0.6-win32-x86_64\bin\server

VM Arguments:
jvm_args: --add-modules=ALL-SYSTEM --add-opens=java.base/java.util=ALL-UNNAMED --add-opens=java.base/java.lang=ALL-UNNAMED --add-opens=java.base/sun.nio.fs=ALL-UNNAMED -Declipse.application=org.eclipse.jdt.ls.core.id1 -Dosgi.bundles.defaultStartLevel=4 -Declipse.product=org.eclipse.jdt.ls.core.product -Djava.import.generatesMetadataFilesAtProjectRoot=false -Dfile.encoding=utf8 -XX:+UseParallelGC -XX:GCTimeRatio=4 -XX:AdaptiveSizePolicyWeight=90 -Dsun.zip.disableMemoryMapping=true -Xmx2G -Xms100m -Xlog:disable -javaagent:c:\Users\MILU\.vscode\extensions\redhat.java-1.15.0-win32-x64\lombok\lombok-1.18.24.jar 
java_command: c:\Users\MILU\.vscode\extensions\redhat.java-1.15.0-win32-x64\server\plugins\org.eclipse.equinox.launcher_1.6.400.v20210924-0641.jar -configuration c:\Users\MILU\AppData\Roaming\Code\User\globalStorage\redhat.java\1.15.0\config_ss_win -data c:\Users\MILU\AppData\Roaming\Code\User\workspaceStorage\fc16c159672cfacfee64a0ca5a9c0ba6\redhat.java\ss_ws
java_class_path (initial): c:\Users\MILU\.vscode\extensions\redhat.java-1.15.0-win32-x64\server\plugins\org.eclipse.equinox.launcher_1.6.400.v20210924-0641.jar
Launcher Type: SUN_STANDARD

[Global flags]
    uintx AdaptiveSizePolicyWeight                 = 90                                        {product} {command line}
     intx CICompilerCount                          = 4                                         {product} {ergonomic}
    uintx GCTimeRatio                              = 4                                         {product} {command line}
   size_t InitialHeapSize                          = 104857600                                 {product} {command line}
   size_t MaxHeapSize                              = 2147483648                                {product} {command line}
   size_t MaxNewSize                               = 715653120                                 {product} {ergonomic}
   size_t MinHeapDeltaBytes                        = 524288                                    {product} {ergonomic}
   size_t MinHeapSize                              = 104857600                                 {product} {command line}
   size_t NewSize                                  = 34603008                                  {product} {ergonomic}
    uintx NonNMethodCodeHeapSize                   = 5839372                                {pd product} {ergonomic}
    uintx NonProfiledCodeHeapSize                  = 122909434                              {pd product} {ergonomic}
   size_t OldSize                                  = 70254592                                  {product} {ergonomic}
    uintx ProfiledCodeHeapSize                     = 122909434                              {pd product} {ergonomic}
    uintx ReservedCodeCacheSize                    = 251658240                              {pd product} {ergonomic}
     bool SegmentedCodeCache                       = true                                      {product} {ergonomic}
   size_t SoftMaxHeapSize                          = 2147483648                             {manageable} {ergonomic}
     bool UseCompressedClassPointers               = true                           {product lp64_product} {ergonomic}
     bool UseCompressedOops                        = true                           {product lp64_product} {ergonomic}
     bool UseLargePagesIndividualAllocation        = false                                  {pd product} {ergonomic}
     bool UseParallelGC                            = true                                      {product} {command line}

Logging:
Log output configuration:
 #0: stdout all=off uptime,level,tags
 #1: stderr all=off uptime,level,tags

Environment Variables:
JAVA_HOME=C:\Program Files\Java\jdk1.8.0_351
PATH=C:\ffmpeg\bin;C:\Program Files (x86)\Common Files\Oracle\Java\javapath;C:\Program Files\Oculus\Support\oculus-runtime;c:\windows\system32;c:\windows;c:\windows\system32\wbem;c:\windows\system32\windowspowershell\v1.0\;c:\windows\system32\openssh\;C:\Program Files (x86)\NVIDIA Corporation\PhysX\Common;C:\Program Files\dotnet\;C:\WINDOWS\system32;C:\WINDOWS;C:\WINDOWS\System32\Wbem;C:\WINDOWS\System32\WindowsPowerShell\v1.0\;C:\WINDOWS\System32\OpenSSH\;C:\Program Files\NVIDIA Corporation\NVIDIA NvDLISR;C:\WINDOWS\system32;C:\WINDOWS;C:\WINDOWS\System32\Wbem;C:\WINDOWS\System32\WindowsPowerShell\v1.0\;C:\WINDOWS\System32\OpenSSH\;C:\Program Files\IDM Computer Solutions\UltraEdit;C:\Program Files\Git\cmd;C:\Program Files\Cloudflare\Cloudflare WARP\;C:\Program Files\Java\jdk1.8.0_351\bin;C:\Users\MILU\AppData\Local\Programs\Python\Python310\Scripts\;C:\Users\MILU\AppData\Local\Programs\Python\Python310\;C:\Cadence\SPB_17.2\OpenAccess\bin\win32\opt;C:\Cadence\SPB_17.2\tools\pcb\bin;C:\Cadence\SPB_17.2\tools\fet\bi;C:\Program Files\nodejs\;C:\Users\MILU\AppData\Local\Programs\Python\Python310\Scripts\;C:\Users\MILU\AppData\Local\Programs\Python\Python310\;C:\Cadence\SPB_17.2\OpenAccess\bin\win32\opt;C:\Cadence\SPB_17.2\tools\pcb\bin;C:\Cadence\SPB_17.2\tools\fet\bin;C:\Cadence\SPB_17.2\tools\Capture;C:\Cadence\SPB_17.2\tools\PSpice;C:\Cadence\SPB_17.2\tools\specctra\bin;C:\Cadence\SPB_17.2\tools\bin;C:\Users\MILU\AppData\Local\Microsoft\WindowsApps;C:\Program Files\Bandizip\;;C:\Users\MILU\AppData\Local\afreeca;C:\Users\MILU\AppData\Local\Programs\Microsoft VS Code\bin;C:\Program Files\JetBrains\IntelliJ IDEA Community Edition 2022.2.2\bin;;C:\Users\MILU\AppData\Local\Programs\Fiddler;C:\Users\MILU\.dotnet\tools;C:\Users\MILU\AppData\Roaming\npm
USERNAME=MILU
OS=Windows_NT
PROCESSOR_IDENTIFIER=AMD64 Family 25 Model 97 Stepping 2, AuthenticAMD
TMP=C:\Users\MILU\AppData\Local\Temp
TEMP=C:\Users\MILU\AppData\Local\Temp



---------------  S Y S T E M  ---------------

OS:
 Windows 11 , 64 bit Build 22000 (10.0.22000.1516)
OS uptime: 0 days 0:04 hours
Hyper-V role detected

CPU: total 12 (initial active 12) (12 cores per cpu, 2 threads per core) family 25 model 97 stepping 2 microcode 0x0, cx8, cmov, fxsr, ht, mmx, 3dnowpref, sse, sse2, sse3, ssse3, sse4a, sse4.1, sse4.2, popcnt, lzcnt, tsc, tscinvbit, avx, avx2, aes, erms, clmul, bmi1, bmi2, adx, avx512f, avx512dq, avx512cd, avx512bw, avx512vl, sha, fma, vzeroupper, avx512_vpopcntdq, avx512_vpclmulqdq, avx512_vaes, avx512_vnni, clflush, clflushopt, avx512_vbmi2, avx512_vbmi, hv

Memory: 4k page, system-wide physical 15516M (8220M free)
TotalPageFile size 15516M (AvailPageFile size 153M)
current process WorkingSet (physical memory assigned to process): 37M, peak: 37M
current process commit charge ("private bytes"): 227M, peak: 227M

vm_info: OpenJDK 64-Bit Server VM (17.0.6+10) for windows-amd64 JRE (17.0.6+10), built on Jan 18 2023 10:08:59 by "temurin" with MS VC++ 16.7 (VS2019)

END.
