#
# There is insufficient memory for the Java Runtime Environment to continue.
# Native memory allocation (malloc) failed to allocate 1993216 bytes for Chunk::new
# Possible reasons:
#   The system is out of physical RAM or swap space
#   The process is running with CompressedOops enabled, and the Java Heap may be blocking the growth of the native heap
# Possible solutions:
#   Reduce memory load on the system
#   Increase physical memory or swap space
#   Check if swap backing store is full
#   Decrease Java heap size (-Xmx/-Xms)
#   Decrease number of Java threads
#   Decrease Java thread stack sizes (-Xss)
#   Set larger code cache with -XX:ReservedCodeCacheSize=
#   JVM is running with Unscaled Compressed Oops mode in which the Java heap is
#     placed in the first 4GB address space. The Java Heap base address is the
#     maximum limit for the native heap growth. Please use -XX:HeapBaseMinAddress
#     to set the Java Heap base and to place the Java Heap above 4GB virtual address.
# This output file may be truncated or incomplete.
#
#  Out of Memory Error (arena.cpp:189), pid=24296, tid=10500
#
# JRE version: OpenJDK Runtime Environment Temurin-17.0.6+10 (17.0.6+10) (build 17.0.6+10)
# Java VM: OpenJDK 64-Bit Server VM Temurin-17.0.6+10 (17.0.6+10, mixed mode, tiered, compressed oops, compressed class ptrs, parallel gc, windows-amd64)
# No core dump will be written. Minidumps are not enabled by default on client versions of Windows
#

---------------  S U M M A R Y ------------

Command Line: --add-modules=ALL-SYSTEM --add-opens=java.base/java.util=ALL-UNNAMED --add-opens=java.base/java.lang=ALL-UNNAMED --add-opens=java.base/sun.nio.fs=ALL-UNNAMED -Declipse.application=org.eclipse.jdt.ls.core.id1 -Dosgi.bundles.defaultStartLevel=4 -Declipse.product=org.eclipse.jdt.ls.core.product -Djava.import.generatesMetadataFilesAtProjectRoot=false -Dfile.encoding=utf8 -XX:+UseParallelGC -XX:GCTimeRatio=4 -XX:AdaptiveSizePolicyWeight=90 -Dsun.zip.disableMemoryMapping=true -Xmx2G -Xms100m -Xlog:disable -javaagent:c:\Users\MILU\.vscode\extensions\redhat.java-1.15.0-win32-x64\lombok\lombok-1.18.24.jar -XX:+HeapDumpOnOutOfMemoryError -XX:HeapDumpPath=c:\Users\MILU\AppData\Roaming\Code\User\workspaceStorage\fc16c159672cfacfee64a0ca5a9c0ba6\redhat.java c:\Users\MILU\.vscode\extensions\redhat.java-1.15.0-win32-x64\server\plugins\org.eclipse.equinox.launcher_1.6.400.v20210924-0641.jar -configuration c:\Users\MILU\AppData\Roaming\Code\User\globalStorage\redhat.java\1.15.0\config_win -data c:\Users\MILU\AppData\Roaming\Code\User\workspaceStorage\fc16c159672cfacfee64a0ca5a9c0ba6\redhat.java\jdt_ws

Host: AMD Ryzen 5 7600 6-Core Processor              , 12 cores, 15G,  Windows 11 , 64 bit Build 22000 (10.0.22000.1516)
Time: Sun Feb 26 11:56:28 2023  Windows 11 , 64 bit Build 22000 (10.0.22000.1516) elapsed time: 8.195970 seconds (0d 0h 0m 8s)

---------------  T H R E A D  ---------------

Current thread (0x000001af28346c10):  JavaThread "C2 CompilerThread2" daemon [_thread_in_native, id=10500, stack(0x000000a2f0300000,0x000000a2f0400000)]


Current CompileTask:
C2:   8196 5225   !   4       org.eclipse.osgi.internal.loader.BundleLoader::findLocalClass (152 bytes)

Stack: [0x000000a2f0300000,0x000000a2f0400000]
Native frames: (J=compiled Java code, j=interpreted, Vv=VM code, C=native code)
V  [jvm.dll+0x67741a]
V  [jvm.dll+0x834434]
V  [jvm.dll+0x835bde]
V  [jvm.dll+0x836243]
V  [jvm.dll+0x2457b5]
V  [jvm.dll+0xabafc]
V  [jvm.dll+0xac0cc]
V  [jvm.dll+0x3634e7]
V  [jvm.dll+0x32dda1]
V  [jvm.dll+0x32d24a]
V  [jvm.dll+0x2185f1]
V  [jvm.dll+0x217a11]
V  [jvm.dll+0x1a3d0d]
V  [jvm.dll+0x22742a]
V  [jvm.dll+0x225565]
V  [jvm.dll+0x7ea2cb]
V  [jvm.dll+0x7e483a]
V  [jvm.dll+0x6762c5]
C  [ucrtbase.dll+0x26c0c]
C  [KERNEL32.DLL+0x155a0]
C  [ntdll.dll+0x485b]


---------------  P R O C E S S  ---------------

Threads class SMR info:
_java_thread_list=0x000001af25b47b50, length=31, elements={
0x000001af07f65c90, 0x000001af07f19030, 0x000001af07f1a090, 0x000001af1fd91010,
0x000001af1fdb1ad0, 0x000001af1fdb2390, 0x000001af1fdb2c50, 0x000001af1fdb3510,
0x000001af1fe1d450, 0x000001af1fe1f970, 0x000001af08024d10, 0x000001af212c0b30,
0x000001af218a71b0, 0x000001af21945ee0, 0x000001af216cbc10, 0x000001af216ccf20,
0x000001af22732110, 0x000001af228850c0, 0x000001af22a01a90, 0x000001af229fda80,
0x000001af229fd5b0, 0x000001af229fd0e0, 0x000001af229fdf50, 0x000001af229fc740,
0x000001af229fcc10, 0x000001af24f44110, 0x000001af27af4790, 0x000001af28346c10,
0x000001af24f4a620, 0x000001af24f43770, 0x000001af24f45df0
}

Java Threads: ( => current thread )
  0x000001af07f65c90 JavaThread "main" [_thread_blocked, id=25724, stack(0x000000a2edb00000,0x000000a2edc00000)]
  0x000001af07f19030 JavaThread "Reference Handler" daemon [_thread_blocked, id=26672, stack(0x000000a2ede00000,0x000000a2edf00000)]
  0x000001af07f1a090 JavaThread "Finalizer" daemon [_thread_blocked, id=26676, stack(0x000000a2edf00000,0x000000a2ee000000)]
  0x000001af1fd91010 JavaThread "Signal Dispatcher" daemon [_thread_blocked, id=26696, stack(0x000000a2ee000000,0x000000a2ee100000)]
  0x000001af1fdb1ad0 JavaThread "Attach Listener" daemon [_thread_blocked, id=26700, stack(0x000000a2ee100000,0x000000a2ee200000)]
  0x000001af1fdb2390 JavaThread "Service Thread" daemon [_thread_blocked, id=26704, stack(0x000000a2ee200000,0x000000a2ee300000)]
  0x000001af1fdb2c50 JavaThread "Monitor Deflation Thread" daemon [_thread_blocked, id=26708, stack(0x000000a2ee300000,0x000000a2ee400000)]
  0x000001af1fdb3510 JavaThread "C2 CompilerThread0" daemon [_thread_blocked, id=26712, stack(0x000000a2ee400000,0x000000a2ee500000)]
  0x000001af1fe1d450 JavaThread "C1 CompilerThread0" daemon [_thread_blocked, id=26716, stack(0x000000a2ee500000,0x000000a2ee600000)]
  0x000001af1fe1f970 JavaThread "Sweeper thread" daemon [_thread_blocked, id=26720, stack(0x000000a2ee600000,0x000000a2ee700000)]
  0x000001af08024d10 JavaThread "Common-Cleaner" daemon [_thread_blocked, id=26792, stack(0x000000a2ee700000,0x000000a2ee800000)]
  0x000001af212c0b30 JavaThread "Notification Thread" daemon [_thread_blocked, id=26980, stack(0x000000a2ee900000,0x000000a2eea00000)]
  0x000001af218a71b0 JavaThread "Active Thread: Equinox Container: d36b1d8c-3001-4d92-ba55-0ad542ae38e4" [_thread_blocked, id=27084, stack(0x000000a2ef100000,0x000000a2ef200000)]
  0x000001af21945ee0 JavaThread "Framework Event Dispatcher: Equinox Container: d36b1d8c-3001-4d92-ba55-0ad542ae38e4" daemon [_thread_blocked, id=16892, stack(0x000000a2ee800000,0x000000a2ee900000)]
  0x000001af216cbc10 JavaThread "Start Level: Equinox Container: d36b1d8c-3001-4d92-ba55-0ad542ae38e4" daemon [_thread_blocked, id=6864, stack(0x000000a2ef200000,0x000000a2ef300000)]
  0x000001af216ccf20 JavaThread "SCR Component Actor" daemon [_thread_blocked, id=17776, stack(0x000000a2ef300000,0x000000a2ef400000)]
  0x000001af22732110 JavaThread "SCR Component Registry" daemon [_thread_blocked, id=14980, stack(0x000000a2ef500000,0x000000a2ef600000)]
  0x000001af228850c0 JavaThread "Worker-JM" [_thread_blocked, id=27160, stack(0x000000a2ef600000,0x000000a2ef700000)]
  0x000001af22a01a90 JavaThread "Worker-0" [_thread_blocked, id=19044, stack(0x000000a2efa00000,0x000000a2efb00000)]
  0x000001af229fda80 JavaThread "Worker-1" [_thread_blocked, id=27324, stack(0x000000a2efb00000,0x000000a2efc00000)]
  0x000001af229fd5b0 JavaThread "Java indexing" daemon [_thread_blocked, id=7032, stack(0x000000a2efc00000,0x000000a2efd00000)]
  0x000001af229fd0e0 JavaThread "JNA Cleaner" daemon [_thread_blocked, id=26064, stack(0x000000a2efe00000,0x000000a2eff00000)]
  0x000001af229fdf50 JavaThread "pool-2-thread-1" [_thread_blocked, id=19132, stack(0x000000a2ef900000,0x000000a2efa00000)]
  0x000001af229fc740 JavaThread "pool-1-thread-1" [_thread_blocked, id=8532, stack(0x000000a2f0100000,0x000000a2f0200000)]
  0x000001af229fcc10 JavaThread "Worker-2: Initialize Workspace" [_thread_blocked, id=7816, stack(0x000000a2f0200000,0x000000a2f0300000)]
  0x000001af24f44110 JavaThread "Worker-3" [_thread_blocked, id=13760, stack(0x000000a2f0400000,0x000000a2f0500000)]
  0x000001af27af4790 JavaThread "C2 CompilerThread1" daemon [_thread_blocked, id=26640, stack(0x000000a2efd00000,0x000000a2efe00000)]
=>0x000001af28346c10 JavaThread "C2 CompilerThread2" daemon [_thread_in_native, id=10500, stack(0x000000a2f0300000,0x000000a2f0400000)]
  0x000001af24f4a620 JavaThread "Timer-0" [_thread_blocked, id=5052, stack(0x000000a2f0600000,0x000000a2f0700000)]
  0x000001af24f43770 JavaThread "Keep-Alive-Timer" daemon [_thread_blocked, id=5048, stack(0x000000a2f0700000,0x000000a2f0800000)]
  0x000001af24f45df0 JavaThread "Connection worker" [_thread_in_native, id=10224, stack(0x000000a2f0800000,0x000000a2f0900000)]

Other Threads:
  0x000001af07dc0360 VMThread "VM Thread" [stack: 0x000000a2edd00000,0x000000a2ede00000] [id=26656]
  0x000001af212c5e60 WatcherThread [stack: 0x000000a2eea00000,0x000000a2eeb00000] [id=26984]
  0x000001af07f7ce60 GCTaskThread "GC Thread#0" [stack: 0x000000a2edc00000,0x000000a2edd00000] [id=22760]
  0x000001af2157bec0 GCTaskThread "GC Thread#1" [stack: 0x000000a2eeb00000,0x000000a2eec00000] [id=27056]
  0x000001af217b4aa0 GCTaskThread "GC Thread#2" [stack: 0x000000a2eec00000,0x000000a2eed00000] [id=27060]
  0x000001af2268d1d0 GCTaskThread "GC Thread#3" [stack: 0x000000a2eed00000,0x000000a2eee00000] [id=27064]
  0x000001af2268d480 GCTaskThread "GC Thread#4" [stack: 0x000000a2eee00000,0x000000a2eef00000] [id=27068]
  0x000001af21821370 GCTaskThread "GC Thread#5" [stack: 0x000000a2eef00000,0x000000a2ef000000] [id=27072]
  0x000001af21821620 GCTaskThread "GC Thread#6" [stack: 0x000000a2ef000000,0x000000a2ef100000] [id=27076]
  0x000001af22572aa0 GCTaskThread "GC Thread#7" [stack: 0x000000a2ef400000,0x000000a2ef500000] [id=17848]
  0x000001af22a121a0 GCTaskThread "GC Thread#8" [stack: 0x000000a2ef700000,0x000000a2ef800000] [id=27236]
  0x000001af22a12660 GCTaskThread "GC Thread#9" [stack: 0x000000a2ef800000,0x000000a2ef900000] [id=27260]

Threads with active compile tasks:
C2 CompilerThread2     8237 5225   !   4       org.eclipse.osgi.internal.loader.BundleLoader::findLocalClass (152 bytes)

VM state: not at safepoint (normal execution)

VM Mutex/Monitor currently owned by a thread: None

Heap address: 0x0000000080000000, size: 2048 MB, Compressed Oops mode: 32-bit

CDS archive(s) not mapped
Compressed class space mapped at: 0x0000000100000000-0x0000000140000000, reserved size: 1073741824
Narrow klass base: 0x0000000000000000, Narrow klass shift: 3, Narrow klass range: 0x140000000

GC Precious Log:
 CPUs: 12 total, 12 available
 Memory: 15516M
 Large Page Support: Disabled
 NUMA Support: Disabled
 Compressed Oops: Enabled (32-bit)
 Alignments: Space 512K, Generation 512K, Heap 2M
 Heap Min Capacity: 100M
 Heap Initial Capacity: 100M
 Heap Max Capacity: 2G
 Pre-touch: Disabled
 Parallel Workers: 10

Heap:
 PSYoungGen      total 25088K, used 12658K [0x00000000d5580000, 0x00000000d7100000, 0x0000000100000000)
  eden space 22016K, 44% used [0x00000000d5580000,0x00000000d5f15ba8,0x00000000d6b00000)
  from space 3072K, 92% used [0x00000000d6e00000,0x00000000d70c6d28,0x00000000d7100000)
  to   space 3072K, 0% used [0x00000000d6b00000,0x00000000d6b00000,0x00000000d6e00000)
 ParOldGen       total 68608K, used 21026K [0x0000000080000000, 0x0000000084300000, 0x00000000d5580000)
  object space 68608K, 30% used [0x0000000080000000,0x0000000081488828,0x0000000084300000)
 Metaspace       used 52424K, committed 53312K, reserved 1097728K
  class space    used 5818K, committed 6208K, reserved 1048576K

Card table byte_map: [0x000001af07910000,0x000001af07d20000] _byte_map_base: 0x000001af07510000

Marking Bits: (ParMarkBitMap*) 0x00007ffe6fff3e70
 Begin Bits: [0x000001af19ea0000, 0x000001af1bea0000)
 End Bits:   [0x000001af1bea0000, 0x000001af1dea0000)

Polling page: 0x000001af05f20000

Metaspace:

Usage:
  Non-class:     45.51 MB used.
      Class:      5.68 MB used.
       Both:     51.20 MB used.

Virtual space:
  Non-class space:       48.00 MB reserved,      46.00 MB ( 96%) committed,  6 nodes.
      Class space:        1.00 GB reserved,       6.06 MB ( <1%) committed,  1 nodes.
             Both:        1.05 GB reserved,      52.06 MB (  5%) committed. 

Chunk freelists:
   Non-Class:  1.45 MB
       Class:  1.88 MB
        Both:  3.33 MB

MaxMetaspaceSize: unlimited
CompressedClassSpaceSize: 1.00 GB
Initial GC threshold: 21.00 MB
Current GC threshold: 58.38 MB
CDS: off
MetaspaceReclaimPolicy: balanced
 - commit_granule_bytes: 65536.
 - commit_granule_words: 8192.
 - virtual_space_node_default_size: 1048576.
 - enlarge_chunks_in_place: 1.
 - new_chunks_are_fully_committed: 0.
 - uncommit_free_chunks: 1.
 - use_allocation_guard: 0.
 - handle_deallocations: 1.


Internal statistics:

num_allocs_failed_limit: 6.
num_arena_births: 390.
num_arena_deaths: 14.
num_vsnodes_births: 7.
num_vsnodes_deaths: 0.
num_space_committed: 833.
num_space_uncommitted: 0.
num_chunks_returned_to_freelist: 20.
num_chunks_taken_from_freelist: 2120.
num_chunk_merges: 10.
num_chunk_splits: 1365.
num_chunks_enlarged: 870.
num_purges: 2.
num_inconsistent_stats: 0.

CodeHeap 'non-profiled nmethods': size=120000Kb used=2167Kb max_used=2671Kb free=117832Kb
 bounds [0x000001af126c0000, 0x000001af12960000, 0x000001af19bf0000]
CodeHeap 'profiled nmethods': size=120000Kb used=8873Kb max_used=10471Kb free=111126Kb
 bounds [0x000001af0abf0000, 0x000001af0b640000, 0x000001af12120000]
CodeHeap 'non-nmethods': size=5760Kb used=1338Kb max_used=1371Kb free=4421Kb
 bounds [0x000001af12120000, 0x000001af12390000, 0x000001af126c0000]
 total_blobs=5175 nmethods=4518 adapters=570
 compilation: enabled
              stopped_count=0, restarted_count=0
 full_count=0

Compilation events (20 events):
Event: 8.146 Thread 0x000001af1fdb3510 nmethod 5287 0x000001af128cc910 code [0x000001af128ccaa0, 0x000001af128cccc8]
Event: 8.146 Thread 0x000001af1fdb3510 5292       4       java.util.concurrent.ConcurrentHashMap::spread (10 bytes)
Event: 8.147 Thread 0x000001af1fdb3510 nmethod 5292 0x000001af126ce910 code [0x000001af126cea80, 0x000001af126ceaf8]
Event: 8.147 Thread 0x000001af1fdb3510 5295       4       com.google.gson.stream.JsonReader::doPeek (744 bytes)
Event: 8.152 Thread 0x000001af1fe1d450 nmethod 5307 0x000001af0b629d10 code [0x000001af0b62ae60, 0x000001af0b6356e8]
Event: 8.153 Thread 0x000001af1fe1d450 5308       3       java.net.URI::toURL (5 bytes)
Event: 8.153 Thread 0x000001af1fe1d450 nmethod 5308 0x000001af0b19b890 code [0x000001af0b19ba20, 0x000001af0b19bb48]
Event: 8.153 Thread 0x000001af1fe1d450 5309       3       java.net.URL::fromURI (144 bytes)
Event: 8.153 Thread 0x000001af1fdb3510 nmethod 5295 0x000001af127d3510 code [0x000001af127d3740, 0x000001af127d3fb0]
Event: 8.153 Thread 0x000001af1fdb3510 5310       4       java.net.URI$Parser::scan (76 bytes)
Event: 8.153 Thread 0x000001af1fe1d450 nmethod 5309 0x000001af0ad46510 code [0x000001af0ad467e0, 0x000001af0ad47508]
Event: 8.153 Thread 0x000001af1fe1d450 5311       1       org.gradle.internal.classpath.DefaultClassPath$ImmutableUniqueList::size (5 bytes)
Event: 8.153 Thread 0x000001af1fe1d450 nmethod 5311 0x000001af126ce610 code [0x000001af126ce7a0, 0x000001af126ce878]
Event: 8.155 Thread 0x000001af1fdb3510 nmethod 5310 0x000001af126cde90 code [0x000001af126ce020, 0x000001af126ce2a8]
Event: 8.155 Thread 0x000001af1fdb3510 5297       4       com.google.gson.stream.JsonReader::peek (144 bytes)
Event: 8.156 Thread 0x000001af1fdb3510 nmethod 5297 0x000001af12913090 code [0x000001af12913220, 0x000001af12913308]
Event: 8.156 Thread 0x000001af1fdb3510 5298       4       com.google.gson.internal.bind.TypeAdapterRuntimeTypeWrapper::read (9 bytes)
Event: 8.171 Thread 0x000001af27af4790 nmethod 5285 0x000001af12745e10 code [0x000001af12746040, 0x000001af12747ea0]
Event: 8.171 Thread 0x000001af27af4790 5299       4       com.google.gson.internal.bind.TypeAdapters$15::read (6 bytes)
Event: 8.173 Thread 0x000001af27af4790 nmethod 5299 0x000001af12912910 code [0x000001af12912ac0, 0x000001af12912d58]

GC Heap History (20 events):
Event: 5.704 GC heap before
{Heap before GC invocations=9 (full 1):
 PSYoungGen      total 27648K, used 27623K [0x00000000d5580000, 0x00000000d7500000, 0x0000000100000000)
  eden space 24064K, 100% used [0x00000000d5580000,0x00000000d6d00000,0x00000000d6d00000)
  from space 3584K, 99% used [0x00000000d6d80000,0x00000000d70f9c98,0x00000000d7100000)
  to   space 4096K, 0% used [0x00000000d7100000,0x00000000d7100000,0x00000000d7500000)
 ParOldGen       total 68608K, used 8254K [0x0000000080000000, 0x0000000084300000, 0x00000000d5580000)
  object space 68608K, 12% used [0x0000000080000000,0x000000008080fbc0,0x0000000084300000)
 Metaspace       used 34710K, committed 35520K, reserved 1081344K
  class space    used 3510K, committed 3904K, reserved 1048576K
}
Event: 5.706 GC heap after
{Heap after GC invocations=9 (full 1):
 PSYoungGen      total 27136K, used 4076K [0x00000000d5580000, 0x00000000d7680000, 0x0000000100000000)
  eden space 23040K, 0% used [0x00000000d5580000,0x00000000d5580000,0x00000000d6c00000)
  from space 4096K, 99% used [0x00000000d7100000,0x00000000d74fb308,0x00000000d7500000)
  to   space 5120K, 0% used [0x00000000d6c00000,0x00000000d6c00000,0x00000000d7100000)
 ParOldGen       total 68608K, used 9054K [0x0000000080000000, 0x0000000084300000, 0x00000000d5580000)
  object space 68608K, 13% used [0x0000000080000000,0x00000000808d7bf0,0x0000000084300000)
 Metaspace       used 34710K, committed 35520K, reserved 1081344K
  class space    used 3510K, committed 3904K, reserved 1048576K
}
Event: 5.717 GC heap before
{Heap before GC invocations=10 (full 1):
 PSYoungGen      total 27136K, used 7074K [0x00000000d5580000, 0x00000000d7680000, 0x0000000100000000)
  eden space 23040K, 13% used [0x00000000d5580000,0x00000000d586d750,0x00000000d6c00000)
  from space 4096K, 99% used [0x00000000d7100000,0x00000000d74fb308,0x00000000d7500000)
  to   space 5120K, 0% used [0x00000000d6c00000,0x00000000d6c00000,0x00000000d7100000)
 ParOldGen       total 68608K, used 9054K [0x0000000080000000, 0x0000000084300000, 0x00000000d5580000)
  object space 68608K, 13% used [0x0000000080000000,0x00000000808d7bf0,0x0000000084300000)
 Metaspace       used 35143K, committed 35840K, reserved 1081344K
  class space    used 3562K, committed 3904K, reserved 1048576K
}
Event: 5.718 GC heap after
{Heap after GC invocations=10 (full 1):
 PSYoungGen      total 25600K, used 2413K [0x00000000d5580000, 0x00000000d7380000, 0x0000000100000000)
  eden space 23040K, 0% used [0x00000000d5580000,0x00000000d5580000,0x00000000d6c00000)
  from space 2560K, 94% used [0x00000000d6c00000,0x00000000d6e5b7f8,0x00000000d6e80000)
  to   space 3584K, 0% used [0x00000000d7000000,0x00000000d7000000,0x00000000d7380000)
 ParOldGen       total 68608K, used 10964K [0x0000000080000000, 0x0000000084300000, 0x00000000d5580000)
  object space 68608K, 15% used [0x0000000080000000,0x0000000080ab5210,0x0000000084300000)
 Metaspace       used 35143K, committed 35840K, reserved 1081344K
  class space    used 3562K, committed 3904K, reserved 1048576K
}
Event: 5.718 GC heap before
{Heap before GC invocations=11 (full 2):
 PSYoungGen      total 25600K, used 2413K [0x00000000d5580000, 0x00000000d7380000, 0x0000000100000000)
  eden space 23040K, 0% used [0x00000000d5580000,0x00000000d5580000,0x00000000d6c00000)
  from space 2560K, 94% used [0x00000000d6c00000,0x00000000d6e5b7f8,0x00000000d6e80000)
  to   space 3584K, 0% used [0x00000000d7000000,0x00000000d7000000,0x00000000d7380000)
 ParOldGen       total 68608K, used 10964K [0x0000000080000000, 0x0000000084300000, 0x00000000d5580000)
  object space 68608K, 15% used [0x0000000080000000,0x0000000080ab5210,0x0000000084300000)
 Metaspace       used 35143K, committed 35840K, reserved 1081344K
  class space    used 3562K, committed 3904K, reserved 1048576K
}
Event: 5.729 GC heap after
{Heap after GC invocations=11 (full 2):
 PSYoungGen      total 25600K, used 0K [0x00000000d5580000, 0x00000000d7380000, 0x0000000100000000)
  eden space 23040K, 0% used [0x00000000d5580000,0x00000000d5580000,0x00000000d6c00000)
  from space 2560K, 0% used [0x00000000d6c00000,0x00000000d6c00000,0x00000000d6e80000)
  to   space 3584K, 0% used [0x00000000d7000000,0x00000000d7000000,0x00000000d7380000)
 ParOldGen       total 68608K, used 13056K [0x0000000080000000, 0x0000000084300000, 0x00000000d5580000)
  object space 68608K, 19% used [0x0000000080000000,0x0000000080cc03e0,0x0000000084300000)
 Metaspace       used 35143K, committed 35840K, reserved 1081344K
  class space    used 3562K, committed 3904K, reserved 1048576K
}
Event: 5.947 GC heap before
{Heap before GC invocations=12 (full 2):
 PSYoungGen      total 25600K, used 23040K [0x00000000d5580000, 0x00000000d7380000, 0x0000000100000000)
  eden space 23040K, 100% used [0x00000000d5580000,0x00000000d6c00000,0x00000000d6c00000)
  from space 2560K, 0% used [0x00000000d6c00000,0x00000000d6c00000,0x00000000d6e80000)
  to   space 3584K, 0% used [0x00000000d7000000,0x00000000d7000000,0x00000000d7380000)
 ParOldGen       total 68608K, used 13056K [0x0000000080000000, 0x0000000084300000, 0x00000000d5580000)
  object space 68608K, 19% used [0x0000000080000000,0x0000000080cc03e0,0x0000000084300000)
 Metaspace       used 38274K, committed 39104K, reserved 1089536K
  class space    used 3980K, committed 4352K, reserved 1048576K
}
Event: 5.948 GC heap after
{Heap after GC invocations=12 (full 2):
 PSYoungGen      total 24064K, used 1116K [0x00000000d5580000, 0x00000000d7180000, 0x0000000100000000)
  eden space 22528K, 0% used [0x00000000d5580000,0x00000000d5580000,0x00000000d6b80000)
  from space 1536K, 72% used [0x00000000d7000000,0x00000000d7117230,0x00000000d7180000)
  to   space 2048K, 0% used [0x00000000d6d80000,0x00000000d6d80000,0x00000000d6f80000)
 ParOldGen       total 68608K, used 13064K [0x0000000080000000, 0x0000000084300000, 0x00000000d5580000)
  object space 68608K, 19% used [0x0000000080000000,0x0000000080cc23e0,0x0000000084300000)
 Metaspace       used 38274K, committed 39104K, reserved 1089536K
  class space    used 3980K, committed 4352K, reserved 1048576K
}
Event: 6.244 GC heap before
{Heap before GC invocations=13 (full 2):
 PSYoungGen      total 24064K, used 23634K [0x00000000d5580000, 0x00000000d7180000, 0x0000000100000000)
  eden space 22528K, 99% used [0x00000000d5580000,0x00000000d6b7d758,0x00000000d6b80000)
  from space 1536K, 72% used [0x00000000d7000000,0x00000000d7117230,0x00000000d7180000)
  to   space 2048K, 0% used [0x00000000d6d80000,0x00000000d6d80000,0x00000000d6f80000)
 ParOldGen       total 68608K, used 13064K [0x0000000080000000, 0x0000000084300000, 0x00000000d5580000)
  object space 68608K, 19% used [0x0000000080000000,0x0000000080cc23e0,0x0000000084300000)
 Metaspace       used 40449K, committed 41216K, reserved 1089536K
  class space    used 4266K, committed 4608K, reserved 1048576K
}
Event: 6.245 GC heap after
{Heap after GC invocations=13 (full 2):
 PSYoungGen      total 23040K, used 859K [0x00000000d5580000, 0x00000000d7080000, 0x0000000100000000)
  eden space 22016K, 0% used [0x00000000d5580000,0x00000000d5580000,0x00000000d6b00000)
  from space 1024K, 83% used [0x00000000d6d80000,0x00000000d6e56da8,0x00000000d6e80000)
  to   space 1536K, 0% used [0x00000000d6f00000,0x00000000d6f00000,0x00000000d7080000)
 ParOldGen       total 68608K, used 13993K [0x0000000080000000, 0x0000000084300000, 0x00000000d5580000)
  object space 68608K, 20% used [0x0000000080000000,0x0000000080daa4b8,0x0000000084300000)
 Metaspace       used 40449K, committed 41216K, reserved 1089536K
  class space    used 4266K, committed 4608K, reserved 1048576K
}
Event: 6.592 GC heap before
{Heap before GC invocations=14 (full 2):
 PSYoungGen      total 23040K, used 22875K [0x00000000d5580000, 0x00000000d7080000, 0x0000000100000000)
  eden space 22016K, 100% used [0x00000000d5580000,0x00000000d6b00000,0x00000000d6b00000)
  from space 1024K, 83% used [0x00000000d6d80000,0x00000000d6e56da8,0x00000000d6e80000)
  to   space 1536K, 0% used [0x00000000d6f00000,0x00000000d6f00000,0x00000000d7080000)
 ParOldGen       total 68608K, used 13993K [0x0000000080000000, 0x0000000084300000, 0x00000000d5580000)
  object space 68608K, 20% used [0x0000000080000000,0x0000000080daa4b8,0x0000000084300000)
 Metaspace       used 43264K, committed 44032K, reserved 1089536K
  class space    used 4627K, committed 4992K, reserved 1048576K
}
Event: 6.593 GC heap after
{Heap after GC invocations=14 (full 2):
 PSYoungGen      total 23552K, used 1440K [0x00000000d5580000, 0x00000000d7080000, 0x0000000100000000)
  eden space 22016K, 0% used [0x00000000d5580000,0x00000000d5580000,0x00000000d6b00000)
  from space 1536K, 93% used [0x00000000d6f00000,0x00000000d7068000,0x00000000d7080000)
  to   space 2048K, 0% used [0x00000000d6c80000,0x00000000d6c80000,0x00000000d6e80000)
 ParOldGen       total 68608K, used 14657K [0x0000000080000000, 0x0000000084300000, 0x00000000d5580000)
  object space 68608K, 21% used [0x0000000080000000,0x0000000080e504b8,0x0000000084300000)
 Metaspace       used 43264K, committed 44032K, reserved 1089536K
  class space    used 4627K, committed 4992K, reserved 1048576K
}
Event: 7.680 GC heap before
{Heap before GC invocations=15 (full 2):
 PSYoungGen      total 23552K, used 23456K [0x00000000d5580000, 0x00000000d7080000, 0x0000000100000000)
  eden space 22016K, 100% used [0x00000000d5580000,0x00000000d6b00000,0x00000000d6b00000)
  from space 1536K, 93% used [0x00000000d6f00000,0x00000000d7068000,0x00000000d7080000)
  to   space 2048K, 0% used [0x00000000d6c80000,0x00000000d6c80000,0x00000000d6e80000)
 ParOldGen       total 68608K, used 14657K [0x0000000080000000, 0x0000000084300000, 0x00000000d5580000)
  object space 68608K, 21% used [0x0000000080000000,0x0000000080e504b8,0x0000000084300000)
 Metaspace       used 45430K, committed 46272K, reserved 1089536K
  class space    used 4886K, committed 5312K, reserved 1048576K
}
Event: 7.681 GC heap after
{Heap after GC invocations=15 (full 2):
 PSYoungGen      total 24064K, used 1670K [0x00000000d5580000, 0x00000000d6f80000, 0x0000000100000000)
  eden space 22016K, 0% used [0x00000000d5580000,0x00000000d5580000,0x00000000d6b00000)
  from space 2048K, 81% used [0x00000000d6c80000,0x00000000d6e21820,0x00000000d6e80000)
  to   space 1024K, 0% used [0x00000000d6e80000,0x00000000d6e80000,0x00000000d6f80000)
 ParOldGen       total 68608K, used 15936K [0x0000000080000000, 0x0000000084300000, 0x00000000d5580000)
  object space 68608K, 23% used [0x0000000080000000,0x0000000080f901b8,0x0000000084300000)
 Metaspace       used 45430K, committed 46272K, reserved 1089536K
  class space    used 4886K, committed 5312K, reserved 1048576K
}
Event: 7.809 GC heap before
{Heap before GC invocations=16 (full 2):
 PSYoungGen      total 24064K, used 22174K [0x00000000d5580000, 0x00000000d6f80000, 0x0000000100000000)
  eden space 22016K, 93% used [0x00000000d5580000,0x00000000d6986278,0x00000000d6b00000)
  from space 2048K, 81% used [0x00000000d6c80000,0x00000000d6e21820,0x00000000d6e80000)
  to   space 1024K, 0% used [0x00000000d6e80000,0x00000000d6e80000,0x00000000d6f80000)
 ParOldGen       total 68608K, used 15936K [0x0000000080000000, 0x0000000084300000, 0x00000000d5580000)
  object space 68608K, 23% used [0x0000000080000000,0x0000000080f901b8,0x0000000084300000)
 Metaspace       used 48043K, committed 48896K, reserved 1097728K
  class space    used 5195K, committed 5568K, reserved 1048576K
}
Event: 7.811 GC heap after
{Heap after GC invocations=16 (full 2):
 PSYoungGen      total 23040K, used 1024K [0x00000000d5580000, 0x00000000d7200000, 0x0000000100000000)
  eden space 22016K, 0% used [0x00000000d5580000,0x00000000d5580000,0x00000000d6b00000)
  from space 1024K, 100% used [0x00000000d6e80000,0x00000000d6f80000,0x00000000d6f80000)
  to   space 3584K, 0% used [0x00000000d6b00000,0x00000000d6b00000,0x00000000d6e80000)
 ParOldGen       total 68608K, used 17882K [0x0000000080000000, 0x0000000084300000, 0x00000000d5580000)
  object space 68608K, 26% used [0x0000000080000000,0x00000000811768a0,0x0000000084300000)
 Metaspace       used 48043K, committed 48896K, reserved 1097728K
  class space    used 5195K, committed 5568K, reserved 1048576K
}
Event: 7.861 GC heap before
{Heap before GC invocations=17 (full 2):
 PSYoungGen      total 23040K, used 23040K [0x00000000d5580000, 0x00000000d7200000, 0x0000000100000000)
  eden space 22016K, 100% used [0x00000000d5580000,0x00000000d6b00000,0x00000000d6b00000)
  from space 1024K, 100% used [0x00000000d6e80000,0x00000000d6f80000,0x00000000d6f80000)
  to   space 3584K, 0% used [0x00000000d6b00000,0x00000000d6b00000,0x00000000d6e80000)
 ParOldGen       total 68608K, used 17882K [0x0000000080000000, 0x0000000084300000, 0x00000000d5580000)
  object space 68608K, 26% used [0x0000000080000000,0x00000000811768a0,0x0000000084300000)
 Metaspace       used 48963K, committed 49792K, reserved 1097728K
  class space    used 5332K, committed 5696K, reserved 1048576K
}
Event: 7.863 GC heap after
{Heap after GC invocations=17 (full 2):
 PSYoungGen      total 25088K, used 2991K [0x00000000d5580000, 0x00000000d7100000, 0x0000000100000000)
  eden space 22016K, 0% used [0x00000000d5580000,0x00000000d5580000,0x00000000d6b00000)
  from space 3072K, 97% used [0x00000000d6b00000,0x00000000d6debf58,0x00000000d6e00000)
  to   space 3072K, 0% used [0x00000000d6e00000,0x00000000d6e00000,0x00000000d7100000)
 ParOldGen       total 68608K, used 18890K [0x0000000080000000, 0x0000000084300000, 0x00000000d5580000)
  object space 68608K, 27% used [0x0000000080000000,0x00000000812728c0,0x0000000084300000)
 Metaspace       used 48963K, committed 49792K, reserved 1097728K
  class space    used 5332K, committed 5696K, reserved 1048576K
}
Event: 8.075 GC heap before
{Heap before GC invocations=18 (full 2):
 PSYoungGen      total 25088K, used 25006K [0x00000000d5580000, 0x00000000d7100000, 0x0000000100000000)
  eden space 22016K, 99% used [0x00000000d5580000,0x00000000d6affb90,0x00000000d6b00000)
  from space 3072K, 97% used [0x00000000d6b00000,0x00000000d6debf58,0x00000000d6e00000)
  to   space 3072K, 0% used [0x00000000d6e00000,0x00000000d6e00000,0x00000000d7100000)
 ParOldGen       total 68608K, used 18890K [0x0000000080000000, 0x0000000084300000, 0x00000000d5580000)
  object space 68608K, 27% used [0x0000000080000000,0x00000000812728c0,0x0000000084300000)
 Metaspace       used 51154K, committed 52096K, reserved 1097728K
  class space    used 5628K, committed 6080K, reserved 1048576K
}
Event: 8.077 GC heap after
{Heap after GC invocations=18 (full 2):
 PSYoungGen      total 25088K, used 2843K [0x00000000d5580000, 0x00000000d7100000, 0x0000000100000000)
  eden space 22016K, 0% used [0x00000000d5580000,0x00000000d5580000,0x00000000d6b00000)
  from space 3072K, 92% used [0x00000000d6e00000,0x00000000d70c6d28,0x00000000d7100000)
  to   space 3072K, 0% used [0x00000000d6b00000,0x00000000d6b00000,0x00000000d6e00000)
 ParOldGen       total 68608K, used 21026K [0x0000000080000000, 0x0000000084300000, 0x00000000d5580000)
  object space 68608K, 30% used [0x0000000080000000,0x0000000081488828,0x0000000084300000)
 Metaspace       used 51154K, committed 52096K, reserved 1097728K
  class space    used 5628K, committed 6080K, reserved 1048576K
}

Dll operation events (11 events):
Event: 0.009 Loaded shared library c:\Users\MILU\.vscode\extensions\redhat.java-1.15.0-win32-x64\jre\17.0.6-win32-x86_64\bin\java.dll
Event: 0.125 Loaded shared library c:\Users\MILU\.vscode\extensions\redhat.java-1.15.0-win32-x64\jre\17.0.6-win32-x86_64\bin\zip.dll
Event: 0.129 Loaded shared library C:\Users\MILU\.vscode\extensions\redhat.java-1.15.0-win32-x64\jre\17.0.6-win32-x86_64\bin\instrument.dll
Event: 0.136 Loaded shared library C:\Users\MILU\.vscode\extensions\redhat.java-1.15.0-win32-x64\jre\17.0.6-win32-x86_64\bin\net.dll
Event: 0.139 Loaded shared library C:\Users\MILU\.vscode\extensions\redhat.java-1.15.0-win32-x64\jre\17.0.6-win32-x86_64\bin\nio.dll
Event: 0.144 Loaded shared library C:\Users\MILU\.vscode\extensions\redhat.java-1.15.0-win32-x64\jre\17.0.6-win32-x86_64\bin\zip.dll
Event: 0.152 Loaded shared library C:\Users\MILU\.vscode\extensions\redhat.java-1.15.0-win32-x64\jre\17.0.6-win32-x86_64\bin\jimage.dll
Event: 0.180 Loaded shared library c:\Users\MILU\.vscode\extensions\redhat.java-1.15.0-win32-x64\jre\17.0.6-win32-x86_64\bin\verify.dll
Event: 2.144 Loaded shared library C:\Users\MILU\AppData\Roaming\Code\User\globalStorage\redhat.java\1.15.0\config_win\org.eclipse.equinox.launcher\org.eclipse.equinox.launcher.win32.win32.x86_64_1.2.700.v20221108-1024\eclipse_11801.dll
Event: 5.319 Loaded shared library C:\Users\MILU\AppData\Local\Temp\jna-2366501\jna8673830050598740786.dll
Event: 7.577 Loaded shared library C:\Users\MILU\.vscode\extensions\redhat.java-1.15.0-win32-x64\jre\17.0.6-win32-x86_64\bin\sunmscapi.dll

Deoptimization events (20 events):
Event: 8.056 Thread 0x000001af24f44110 DEOPT PACKING pc=0x000001af0af71c71 sp=0x000000a2f04fe380
Event: 8.056 Thread 0x000001af24f44110 DEOPT UNPACKING pc=0x000001af1217a9e3 sp=0x000000a2f04fd7b0 mode 0
Event: 8.056 Thread 0x000001af24f44110 DEOPT PACKING pc=0x000001af0af71c3e sp=0x000000a2f04fe380
Event: 8.056 Thread 0x000001af24f44110 DEOPT UNPACKING pc=0x000001af1217a9e3 sp=0x000000a2f04fd7b0 mode 0
Event: 8.057 Thread 0x000001af24f44110 DEOPT PACKING pc=0x000001af0af71c71 sp=0x000000a2f04fe380
Event: 8.057 Thread 0x000001af24f44110 DEOPT UNPACKING pc=0x000001af1217a9e3 sp=0x000000a2f04fd7b0 mode 0
Event: 8.057 Thread 0x000001af24f44110 DEOPT PACKING pc=0x000001af0af71c3e sp=0x000000a2f04fe380
Event: 8.057 Thread 0x000001af24f44110 DEOPT UNPACKING pc=0x000001af1217a9e3 sp=0x000000a2f04fd7b0 mode 0
Event: 8.057 Thread 0x000001af24f44110 DEOPT PACKING pc=0x000001af0af71c71 sp=0x000000a2f04fe380
Event: 8.057 Thread 0x000001af24f44110 DEOPT UNPACKING pc=0x000001af1217a9e3 sp=0x000000a2f04fd7b0 mode 0
Event: 8.057 Thread 0x000001af24f44110 DEOPT PACKING pc=0x000001af0af71c3e sp=0x000000a2f04fe380
Event: 8.057 Thread 0x000001af24f44110 DEOPT UNPACKING pc=0x000001af1217a9e3 sp=0x000000a2f04fd7b0 mode 0
Event: 8.057 Thread 0x000001af24f44110 DEOPT PACKING pc=0x000001af0af71c71 sp=0x000000a2f04fe380
Event: 8.057 Thread 0x000001af24f44110 DEOPT UNPACKING pc=0x000001af1217a9e3 sp=0x000000a2f04fd7b0 mode 0
Event: 8.057 Thread 0x000001af24f44110 DEOPT PACKING pc=0x000001af0af71c3e sp=0x000000a2f04fe380
Event: 8.057 Thread 0x000001af24f44110 DEOPT UNPACKING pc=0x000001af1217a9e3 sp=0x000000a2f04fd7b0 mode 0
Event: 8.099 Thread 0x000001af24f45df0 Uncommon trap: trap_request=0xffffff45 fr.pc=0x000001af128d4114 relative=0x0000000000000354
Event: 8.099 Thread 0x000001af24f45df0 Uncommon trap: reason=unstable_if action=reinterpret pc=0x000001af128d4114 method=java.lang.ThreadLocal.set(Ljava/lang/Object;)V @ 11 c2
Event: 8.099 Thread 0x000001af24f45df0 DEOPT PACKING pc=0x000001af128d4114 sp=0x000000a2f08ff560
Event: 8.099 Thread 0x000001af24f45df0 DEOPT UNPACKING pc=0x000001af12179ea3 sp=0x000000a2f08ff510 mode 2

Classes unloaded (7 events):
Event: 2.810 Thread 0x000001af07dc0360 Unloading class 0x0000000100216400 'java/lang/invoke/LambdaForm$MH+0x0000000100216400'
Event: 2.810 Thread 0x000001af07dc0360 Unloading class 0x0000000100216000 'java/lang/invoke/LambdaForm$MH+0x0000000100216000'
Event: 2.810 Thread 0x000001af07dc0360 Unloading class 0x0000000100215c00 'java/lang/invoke/LambdaForm$MH+0x0000000100215c00'
Event: 2.810 Thread 0x000001af07dc0360 Unloading class 0x0000000100215400 'java/lang/invoke/LambdaForm$MH+0x0000000100215400'
Event: 2.810 Thread 0x000001af07dc0360 Unloading class 0x0000000100215000 'java/lang/invoke/LambdaForm$BMH+0x0000000100215000'
Event: 2.810 Thread 0x000001af07dc0360 Unloading class 0x0000000100214c00 'java/lang/invoke/LambdaForm$DMH+0x0000000100214c00'
Event: 2.810 Thread 0x000001af07dc0360 Unloading class 0x0000000100212000 'java/lang/invoke/LambdaForm$DMH+0x0000000100212000'

Classes redefined (0 events):
No events

Internal exceptions (20 events):
Event: 5.611 Thread 0x000001af07f65c90 Exception <a 'java/lang/NoSuchMethodError'{0x00000000d64a46b8}: 'java.lang.Object java.lang.invoke.DirectMethodHandle$Holder.invokeStatic(java.lang.Object, java.lang.Object, long, java.lang.Object)'> (0x00000000d64a46b8) 
thrown [s\src\hotspot\share\interpreter\linkResolver.cpp, line 759]
Event: 5.612 Thread 0x000001af07f65c90 Exception <a 'java/lang/NoSuchMethodError'{0x00000000d64a8150}: 'java.lang.Object java.lang.invoke.DirectMethodHandle$Holder.invokeStaticInit(java.lang.Object, java.lang.Object, long, java.lang.Object)'> (0x00000000d64a8150) 
thrown [s\src\hotspot\share\interpreter\linkResolver.cpp, line 759]
Event: 5.612 Thread 0x000001af07f65c90 Exception <a 'java/lang/NoSuchMethodError'{0x00000000d64aec58}: 'java.lang.Object java.lang.invoke.DirectMethodHandle$Holder.newInvokeSpecial(java.lang.Object, java.lang.Object, long)'> (0x00000000d64aec58) 
thrown [s\src\hotspot\share\interpreter\linkResolver.cpp, line 759]
Event: 5.613 Thread 0x000001af07f65c90 Exception <a 'java/lang/NoSuchMethodError'{0x00000000d64b2698}: 'java.lang.Object java.lang.invoke.Invokers$Holder.linkToTargetMethod(java.lang.Object, long, java.lang.Object)'> (0x00000000d64b2698) 
thrown [s\src\hotspot\share\interpreter\linkResolver.cpp, line 759]
Event: 5.654 Thread 0x000001af07f65c90 Exception <a 'java/lang/NoSuchMethodError'{0x00000000d663e398}: 'void java.lang.invoke.DirectMethodHandle$Holder.invokeStatic(java.lang.Object, java.lang.Object, java.lang.Object, java.lang.Object)'> (0x00000000d663e398) 
thrown [s\src\hotspot\share\interpreter\linkResolver.cpp, line 759]
Event: 5.734 Thread 0x000001af07f65c90 Exception <a 'java/lang/NoSuchMethodError'{0x00000000d5640a38}: 'void java.lang.invoke.DirectMethodHandle$Holder.invokeSpecial(java.lang.Object, java.lang.Object, java.lang.Object, java.lang.Object, java.lang.Object, java.lang.Object)'> (0x00000000d5640a38) 
thrown [s\src\hotspot\share\interpreter\linkResolver.cpp, line 759]
Event: 5.798 Thread 0x000001af229fc740 Exception <a 'java/io/FileNotFoundException'{0x00000000d5efa950}> (0x00000000d5efa950) 
thrown [s\src\hotspot\share\prims\jni.cpp, line 516]
Event: 5.917 Thread 0x000001af22a01a90 Exception <a 'java/lang/NoClassDefFoundError'{0x00000000d68c99f8}: javax/enterprise/inject/Typed> (0x00000000d68c99f8) 
thrown [s\src\hotspot\share\classfile\systemDictionary.cpp, line 245]
Event: 6.500 Thread 0x000001af22a01a90 Exception <a 'java/lang/NoClassDefFoundError'{0x00000000d6654d90}: com/google/inject/servlet/ServletModuleTargetVisitor> (0x00000000d6654d90) 
thrown [s\src\hotspot\share\classfile\systemDictionary.cpp, line 245]
Event: 7.612 Thread 0x000001af24f44110 Exception <a 'sun/nio/fs/WindowsException'{0x00000000d63b7f58}> (0x00000000d63b7f58) 
thrown [s\src\hotspot\share\prims\jni.cpp, line 516]
Event: 7.728 Thread 0x000001af229fcc10 Exception <a 'java/lang/NoSuchMethodError'{0x00000000d5e93a50}: 'int java.lang.invoke.DirectMethodHandle$Holder.invokeInterface(java.lang.Object, java.lang.Object)'> (0x00000000d5e93a50) 
thrown [s\src\hotspot\share\interpreter\linkResolver.cpp, line 759]
Event: 7.728 Thread 0x000001af229fcc10 Exception <a 'java/lang/IncompatibleClassChangeError'{0x00000000d5e96d38}: Found class java.lang.Object, but interface was expected> (0x00000000d5e96d38) 
thrown [s\src\hotspot\share\interpreter\linkResolver.cpp, line 826]
Event: 7.885 Thread 0x000001af229fcc10 Exception <a 'java/io/FileNotFoundException'{0x00000000d5af3058}> (0x00000000d5af3058) 
thrown [s\src\hotspot\share\prims\jni.cpp, line 516]
Event: 7.886 Thread 0x000001af229fcc10 Exception <a 'java/io/FileNotFoundException'{0x00000000d5af4eb0}> (0x00000000d5af4eb0) 
thrown [s\src\hotspot\share\prims\jni.cpp, line 516]
Event: 7.887 Thread 0x000001af229fcc10 Exception <a 'java/lang/NoSuchMethodError'{0x00000000d5b014f8}: 'void java.lang.invoke.DirectMethodHandle$Holder.invokeStaticInit(java.lang.Object, java.lang.Object, java.lang.Object)'> (0x00000000d5b014f8) 
thrown [s\src\hotspot\share\interpreter\linkResolver.cpp, line 759]
Event: 7.899 Thread 0x000001af24f44110 Implicit null exception at 0x000001af12912538 to 0x000001af12912c94
Event: 7.949 Thread 0x000001af229fcc10 Exception <a 'java/lang/NoSuchMethodError'{0x00000000d62e7da8}: 'java.lang.Object java.lang.invoke.DirectMethodHandle$Holder.newInvokeSpecial(java.lang.Object, java.lang.Object, java.lang.Object, int)'> (0x00000000d62e7da8) 
thrown [s\src\hotspot\share\interpreter\linkResolver.cpp, line 759]
Event: 7.950 Thread 0x000001af229fcc10 Exception <a 'java/lang/NoSuchMethodError'{0x00000000d62ebc08}: 'java.lang.Object java.lang.invoke.DirectMethodHandle$Holder.invokeSpecial(java.lang.Object, java.lang.Object, java.lang.Object, java.lang.Object, int)'> (0x00000000d62ebc08) 
thrown [s\src\hotspot\share\interpreter\linkResolver.cpp, line 759]
Event: 7.950 Thread 0x000001af229fcc10 Exception <a 'java/lang/NoSuchMethodError'{0x00000000d62ef068}: 'java.lang.Object java.lang.invoke.Invokers$Holder.linkToTargetMethod(java.lang.Object, java.lang.Object, int, java.lang.Object)'> (0x00000000d62ef068) 
thrown [s\src\hotspot\share\interpreter\linkResolver.cpp, line 759]
Event: 8.099 Thread 0x000001af24f45df0 Implicit null exception at 0x000001af128d3e1c to 0x000001af128d4108

VM Operations (20 events):
Event: 7.860 Executing VM operation: ParallelGCFailedAllocation
Event: 7.863 Executing VM operation: ParallelGCFailedAllocation done
Event: 7.902 Executing VM operation: HandshakeAllThreads
Event: 7.902 Executing VM operation: HandshakeAllThreads done
Event: 7.911 Executing VM operation: HandshakeAllThreads
Event: 7.911 Executing VM operation: HandshakeAllThreads done
Event: 7.921 Executing VM operation: HandshakeAllThreads
Event: 7.921 Executing VM operation: HandshakeAllThreads done
Event: 8.042 Executing VM operation: HandshakeAllThreads
Event: 8.042 Executing VM operation: HandshakeAllThreads done
Event: 8.042 Executing VM operation: HandshakeAllThreads
Event: 8.042 Executing VM operation: HandshakeAllThreads done
Event: 8.060 Executing VM operation: HandshakeAllThreads
Event: 8.060 Executing VM operation: HandshakeAllThreads done
Event: 8.061 Executing VM operation: ICBufferFull
Event: 8.061 Executing VM operation: ICBufferFull done
Event: 8.075 Executing VM operation: ParallelGCFailedAllocation
Event: 8.077 Executing VM operation: ParallelGCFailedAllocation done
Event: 8.131 Executing VM operation: HandshakeAllThreads
Event: 8.131 Executing VM operation: HandshakeAllThreads done

Events (20 events):
Event: 8.060 loading class sun/net/www/http/ClientVector done
Event: 8.060 loading class sun/net/www/http/KeepAliveEntry
Event: 8.060 loading class sun/net/www/http/KeepAliveEntry done
Event: 8.088 loading class java/util/concurrent/ArrayBlockingQueue
Event: 8.089 loading class java/util/concurrent/ArrayBlockingQueue done
Event: 8.099 Thread 0x000001af24f45df0 Thread added: 0x000001af24f45df0
Event: 8.119 loading class java/lang/StrictMath
Event: 8.120 loading class java/lang/StrictMath done
Event: 8.126 loading class java/io/FileFilter
Event: 8.126 loading class java/io/FileFilter done
Event: 8.133 loading class java/util/concurrent/ConcurrentHashMap$ValueSpliterator
Event: 8.133 loading class java/util/concurrent/ConcurrentHashMap$ValueSpliterator done
Event: 8.133 loading class java/util/stream/Streams$ConcatSpliterator$OfRef
Event: 8.134 loading class java/util/stream/Streams$ConcatSpliterator
Event: 8.134 loading class java/util/stream/Streams$ConcatSpliterator done
Event: 8.134 loading class java/util/stream/Streams$ConcatSpliterator$OfRef done
Event: 8.134 loading class java/util/stream/Streams$2
Event: 8.134 loading class java/util/stream/Streams$2 done
Event: 8.135 loading class jdk/internal/loader/BootLoader$PackageHelper
Event: 8.135 loading class jdk/internal/loader/BootLoader$PackageHelper done


Dynamic libraries:
0x00007ff761d90000 - 0x00007ff761d9e000 	c:\Users\MILU\.vscode\extensions\redhat.java-1.15.0-win32-x64\jre\17.0.6-win32-x86_64\bin\java.exe
0x00007ffeea3a0000 - 0x00007ffeea5a9000 	C:\WINDOWS\SYSTEM32\ntdll.dll
0x00007ffee8ca0000 - 0x00007ffee8d5e000 	C:\WINDOWS\System32\KERNEL32.DLL
0x00007ffee7870000 - 0x00007ffee7bec000 	C:\WINDOWS\System32\KERNELBASE.dll
0x00007ffee7f70000 - 0x00007ffee8081000 	C:\WINDOWS\System32\ucrtbase.dll
0x00007ffea1b00000 - 0x00007ffea1b17000 	c:\Users\MILU\.vscode\extensions\redhat.java-1.15.0-win32-x64\jre\17.0.6-win32-x86_64\bin\jli.dll
0x00007ffe9a650000 - 0x00007ffe9a669000 	c:\Users\MILU\.vscode\extensions\redhat.java-1.15.0-win32-x64\jre\17.0.6-win32-x86_64\bin\VCRUNTIME140.dll
0x00007ffee8220000 - 0x00007ffee83cd000 	C:\WINDOWS\System32\USER32.dll
0x00007ffee7ec0000 - 0x00007ffee7ee6000 	C:\WINDOWS\System32\win32u.dll
0x00007ffed5f00000 - 0x00007ffed61a5000 	C:\WINDOWS\WinSxS\amd64_microsoft.windows.common-controls_6595b64144ccf1df_6.0.22000.120_none_9d947278b86cc467\COMCTL32.dll
0x00007ffee8c10000 - 0x00007ffee8c39000 	C:\WINDOWS\System32\GDI32.dll
0x00007ffee89a0000 - 0x00007ffee8a43000 	C:\WINDOWS\System32\msvcrt.dll
0x00007ffee8090000 - 0x00007ffee81a8000 	C:\WINDOWS\System32\gdi32full.dll
0x00007ffee7cb0000 - 0x00007ffee7d4d000 	C:\WINDOWS\System32\msvcp_win.dll
0x00007ffee8580000 - 0x00007ffee85b2000 	C:\WINDOWS\System32\IMM32.DLL
0x00007ffebefd0000 - 0x00007ffebefdc000 	c:\Users\MILU\.vscode\extensions\redhat.java-1.15.0-win32-x64\jre\17.0.6-win32-x86_64\bin\vcruntime140_1.dll
0x00007ffe70680000 - 0x00007ffe70711000 	c:\Users\MILU\.vscode\extensions\redhat.java-1.15.0-win32-x64\jre\17.0.6-win32-x86_64\bin\msvcp140.dll
0x00007ffe6f470000 - 0x00007ffe700b7000 	c:\Users\MILU\.vscode\extensions\redhat.java-1.15.0-win32-x64\jre\17.0.6-win32-x86_64\bin\server\jvm.dll
0x00007ffeea160000 - 0x00007ffeea20e000 	C:\WINDOWS\System32\ADVAPI32.dll
0x00007ffee8ae0000 - 0x00007ffee8b7e000 	C:\WINDOWS\System32\sechost.dll
0x00007ffee9460000 - 0x00007ffee9580000 	C:\WINDOWS\System32\RPCRT4.dll
0x00007ffec14c0000 - 0x00007ffec14c9000 	C:\WINDOWS\SYSTEM32\WSOCK32.dll
0x00007ffee8a70000 - 0x00007ffee8adf000 	C:\WINDOWS\System32\WS2_32.dll
0x00007ffed81e0000 - 0x00007ffed8213000 	C:\WINDOWS\SYSTEM32\WINMM.dll
0x00007ffede1d0000 - 0x00007ffede1da000 	C:\WINDOWS\SYSTEM32\VERSION.dll
0x00007ffee68b0000 - 0x00007ffee68c8000 	C:\WINDOWS\SYSTEM32\kernel.appcore.dll
0x00007ffeb2070000 - 0x00007ffeb207a000 	c:\Users\MILU\.vscode\extensions\redhat.java-1.15.0-win32-x64\jre\17.0.6-win32-x86_64\bin\jimage.dll
0x00007ffee53b0000 - 0x00007ffee55d1000 	C:\WINDOWS\SYSTEM32\DBGHELP.DLL
0x00007ffecfff0000 - 0x00007ffed0021000 	C:\WINDOWS\SYSTEM32\dbgcore.DLL
0x00007ffee7ef0000 - 0x00007ffee7f6f000 	C:\WINDOWS\System32\bcryptPrimitives.dll
0x00007ffea3eb0000 - 0x00007ffea3ebe000 	c:\Users\MILU\.vscode\extensions\redhat.java-1.15.0-win32-x64\jre\17.0.6-win32-x86_64\bin\instrument.dll
0x00007ffe7f030000 - 0x00007ffe7f055000 	c:\Users\MILU\.vscode\extensions\redhat.java-1.15.0-win32-x64\jre\17.0.6-win32-x86_64\bin\java.dll
0x00007ffe7f010000 - 0x00007ffe7f028000 	c:\Users\MILU\.vscode\extensions\redhat.java-1.15.0-win32-x64\jre\17.0.6-win32-x86_64\bin\zip.dll
0x00007ffee9590000 - 0x00007ffee9d55000 	C:\WINDOWS\System32\SHELL32.dll
0x00007ffee5920000 - 0x00007ffee6185000 	C:\WINDOWS\SYSTEM32\windows.storage.dll
0x00007ffee9de0000 - 0x00007ffeea158000 	C:\WINDOWS\System32\combase.dll
0x00007ffee5740000 - 0x00007ffee58a6000 	C:\WINDOWS\SYSTEM32\wintypes.dll
0x00007ffee8d60000 - 0x00007ffee8e4a000 	C:\WINDOWS\System32\SHCORE.dll
0x00007ffee83d0000 - 0x00007ffee842d000 	C:\WINDOWS\System32\shlwapi.dll
0x00007ffee77a0000 - 0x00007ffee77c1000 	C:\WINDOWS\SYSTEM32\profapi.dll
0x00007ffe6f450000 - 0x00007ffe6f469000 	C:\Users\MILU\.vscode\extensions\redhat.java-1.15.0-win32-x64\jre\17.0.6-win32-x86_64\bin\net.dll
0x00007ffee1f30000 - 0x00007ffee2044000 	C:\WINDOWS\SYSTEM32\WINHTTP.dll
0x00007ffee6d40000 - 0x00007ffee6da7000 	C:\WINDOWS\system32\mswsock.dll
0x00007ffe6f1b0000 - 0x00007ffe6f1c5000 	C:\Users\MILU\.vscode\extensions\redhat.java-1.15.0-win32-x64\jre\17.0.6-win32-x86_64\bin\nio.dll
0x00007ffecf260000 - 0x00007ffecf270000 	c:\Users\MILU\.vscode\extensions\redhat.java-1.15.0-win32-x64\jre\17.0.6-win32-x86_64\bin\verify.dll
0x00007ffe9f9d0000 - 0x00007ffe9fa0e000 	C:\Users\MILU\AppData\Roaming\Code\User\globalStorage\redhat.java\1.15.0\config_win\org.eclipse.equinox.launcher\org.eclipse.equinox.launcher.win32.win32.x86_64_1.2.700.v20221108-1024\eclipse_11801.dll
0x00007ffee92c0000 - 0x00007ffee945a000 	C:\WINDOWS\System32\ole32.dll
0x00007ffee70c0000 - 0x00007ffee70d8000 	C:\WINDOWS\SYSTEM32\CRYPTSP.dll
0x00007ffee6810000 - 0x00007ffee6845000 	C:\WINDOWS\system32\rsaenh.dll
0x00007ffee6de0000 - 0x00007ffee6e09000 	C:\WINDOWS\SYSTEM32\USERENV.dll
0x00007ffee7250000 - 0x00007ffee7277000 	C:\WINDOWS\SYSTEM32\bcrypt.dll
0x00007ffee6f30000 - 0x00007ffee6f3c000 	C:\WINDOWS\SYSTEM32\CRYPTBASE.dll
0x00007ffee63e0000 - 0x00007ffee640d000 	C:\WINDOWS\SYSTEM32\IPHLPAPI.DLL
0x00007ffee8bf0000 - 0x00007ffee8bf9000 	C:\WINDOWS\System32\NSI.dll
0x00007ffee1dd0000 - 0x00007ffee1de9000 	C:\WINDOWS\SYSTEM32\dhcpcsvc6.DLL
0x00007ffee3190000 - 0x00007ffee31ae000 	C:\WINDOWS\SYSTEM32\dhcpcsvc.DLL
0x00007ffee6410000 - 0x00007ffee64f8000 	C:\WINDOWS\SYSTEM32\DNSAPI.dll
0x00007ffec6840000 - 0x00007ffec6885000 	C:\Users\MILU\AppData\Local\Temp\jna-2366501\jna8673830050598740786.dll
0x00007ffee9580000 - 0x00007ffee9588000 	C:\WINDOWS\System32\PSAPI.DLL
0x00007ffed1800000 - 0x00007ffed180e000 	C:\Users\MILU\.vscode\extensions\redhat.java-1.15.0-win32-x64\jre\17.0.6-win32-x86_64\bin\sunmscapi.dll
0x00007ffee7d50000 - 0x00007ffee7eb2000 	C:\WINDOWS\System32\CRYPT32.dll
0x00007ffee7220000 - 0x00007ffee7248000 	C:\WINDOWS\SYSTEM32\ncrypt.dll
0x00007ffee71e0000 - 0x00007ffee7217000 	C:\WINDOWS\SYSTEM32\NTASN1.dll
0x00007ffedea70000 - 0x00007ffedea7a000 	C:\Windows\System32\rasadhlp.dll
0x00007ffee1050000 - 0x00007ffee10d1000 	C:\WINDOWS\System32\fwpuclnt.dll

dbghelp: loaded successfully - version: 4.0.5 - missing functions: none
symbol engine: initialized successfully - sym options: 0x614 - pdb path: .;c:\Users\MILU\.vscode\extensions\redhat.java-1.15.0-win32-x64\jre\17.0.6-win32-x86_64\bin;C:\WINDOWS\SYSTEM32;C:\WINDOWS\WinSxS\amd64_microsoft.windows.common-controls_6595b64144ccf1df_6.0.22000.120_none_9d947278b86cc467;c:\Users\MILU\.vscode\extensions\redhat.java-1.15.0-win32-x64\jre\17.0.6-win32-x86_64\bin\server;C:\Users\MILU\AppData\Roaming\Code\User\globalStorage\redhat.java\1.15.0\config_win\org.eclipse.equinox.launcher\org.eclipse.equinox.launcher.win32.win32.x86_64_1.2.700.v20221108-1024;C:\Users\MILU\AppData\Local\Temp\jna-2366501

VM Arguments:
jvm_args: --add-modules=ALL-SYSTEM --add-opens=java.base/java.util=ALL-UNNAMED --add-opens=java.base/java.lang=ALL-UNNAMED --add-opens=java.base/sun.nio.fs=ALL-UNNAMED -Declipse.application=org.eclipse.jdt.ls.core.id1 -Dosgi.bundles.defaultStartLevel=4 -Declipse.product=org.eclipse.jdt.ls.core.product -Djava.import.generatesMetadataFilesAtProjectRoot=false -Dfile.encoding=utf8 -XX:+UseParallelGC -XX:GCTimeRatio=4 -XX:AdaptiveSizePolicyWeight=90 -Dsun.zip.disableMemoryMapping=true -Xmx2G -Xms100m -Xlog:disable -javaagent:c:\Users\MILU\.vscode\extensions\redhat.java-1.15.0-win32-x64\lombok\lombok-1.18.24.jar -XX:+HeapDumpOnOutOfMemoryError -XX:HeapDumpPath=c:\Users\MILU\AppData\Roaming\Code\User\workspaceStorage\fc16c159672cfacfee64a0ca5a9c0ba6\redhat.java 
java_command: c:\Users\MILU\.vscode\extensions\redhat.java-1.15.0-win32-x64\server\plugins\org.eclipse.equinox.launcher_1.6.400.v20210924-0641.jar -configuration c:\Users\MILU\AppData\Roaming\Code\User\globalStorage\redhat.java\1.15.0\config_win -data c:\Users\MILU\AppData\Roaming\Code\User\workspaceStorage\fc16c159672cfacfee64a0ca5a9c0ba6\redhat.java\jdt_ws
java_class_path (initial): c:\Users\MILU\.vscode\extensions\redhat.java-1.15.0-win32-x64\server\plugins\org.eclipse.equinox.launcher_1.6.400.v20210924-0641.jar
Launcher Type: SUN_STANDARD

[Global flags]
    uintx AdaptiveSizePolicyWeight                 = 90                                        {product} {command line}
     intx CICompilerCount                          = 4                                         {product} {ergonomic}
    uintx GCTimeRatio                              = 4                                         {product} {command line}
     bool HeapDumpOnOutOfMemoryError               = true                                   {manageable} {command line}
    ccstr HeapDumpPath                             = c:\Users\MILU\AppData\Roaming\Code\User\workspaceStorage\fc16c159672cfacfee64a0ca5a9c0ba6\redhat.java         {manageable} {command line}
   size_t InitialHeapSize                          = 104857600                                 {product} {command line}
   size_t MaxHeapSize                              = 2147483648                                {product} {command line}
   size_t MaxNewSize                               = 715653120                                 {product} {ergonomic}
   size_t MinHeapDeltaBytes                        = 524288                                    {product} {ergonomic}
   size_t MinHeapSize                              = 104857600                                 {product} {command line}
   size_t NewSize                                  = 34603008                                  {product} {ergonomic}
    uintx NonNMethodCodeHeapSize                   = 5839372                                {pd product} {ergonomic}
    uintx NonProfiledCodeHeapSize                  = 122909434                              {pd product} {ergonomic}
   size_t OldSize                                  = 70254592                                  {product} {ergonomic}
    uintx ProfiledCodeHeapSize                     = 122909434                              {pd product} {ergonomic}
    uintx ReservedCodeCacheSize                    = 251658240                              {pd product} {ergonomic}
     bool SegmentedCodeCache                       = true                                      {product} {ergonomic}
   size_t SoftMaxHeapSize                          = 2147483648                             {manageable} {ergonomic}
     bool UseCompressedClassPointers               = true                           {product lp64_product} {ergonomic}
     bool UseCompressedOops                        = true                           {product lp64_product} {ergonomic}
     bool UseLargePagesIndividualAllocation        = false                                  {pd product} {ergonomic}
     bool UseParallelGC                            = true                                      {product} {command line}

Logging:
Log output configuration:
 #0: stdout all=off uptime,level,tags
 #1: stderr all=off uptime,level,tags

Environment Variables:
JAVA_HOME=C:\Program Files\Java\jdk1.8.0_351
PATH=C:\ffmpeg\bin;C:\Program Files (x86)\Common Files\Oracle\Java\javapath;C:\Program Files\Oculus\Support\oculus-runtime;c:\windows\system32;c:\windows;c:\windows\system32\wbem;c:\windows\system32\windowspowershell\v1.0\;c:\windows\system32\openssh\;C:\Program Files (x86)\NVIDIA Corporation\PhysX\Common;C:\Program Files\dotnet\;C:\WINDOWS\system32;C:\WINDOWS;C:\WINDOWS\System32\Wbem;C:\WINDOWS\System32\WindowsPowerShell\v1.0\;C:\WINDOWS\System32\OpenSSH\;C:\Program Files\NVIDIA Corporation\NVIDIA NvDLISR;C:\WINDOWS\system32;C:\WINDOWS;C:\WINDOWS\System32\Wbem;C:\WINDOWS\System32\WindowsPowerShell\v1.0\;C:\WINDOWS\System32\OpenSSH\;C:\Program Files\IDM Computer Solutions\UltraEdit;C:\Program Files\Git\cmd;C:\Program Files\Cloudflare\Cloudflare WARP\;C:\Program Files\Java\jdk1.8.0_351\bin;C:\Users\MILU\AppData\Local\Programs\Python\Python310\Scripts\;C:\Users\MILU\AppData\Local\Programs\Python\Python310\;C:\Cadence\SPB_17.2\OpenAccess\bin\win32\opt;C:\Cadence\SPB_17.2\tools\pcb\bin;C:\Cadence\SPB_17.2\tools\fet\bi;C:\Program Files\nodejs\;C:\Users\MILU\AppData\Local\Programs\Python\Python310\Scripts\;C:\Users\MILU\AppData\Local\Programs\Python\Python310\;C:\Cadence\SPB_17.2\OpenAccess\bin\win32\opt;C:\Cadence\SPB_17.2\tools\pcb\bin;C:\Cadence\SPB_17.2\tools\fet\bin;C:\Cadence\SPB_17.2\tools\Capture;C:\Cadence\SPB_17.2\tools\PSpice;C:\Cadence\SPB_17.2\tools\specctra\bin;C:\Cadence\SPB_17.2\tools\bin;C:\Users\MILU\AppData\Local\Microsoft\WindowsApps;C:\Program Files\Bandizip\;;C:\Users\MILU\AppData\Local\afreeca;C:\Users\MILU\AppData\Local\Programs\Microsoft VS Code\bin;C:\Program Files\JetBrains\IntelliJ IDEA Community Edition 2022.2.2\bin;;C:\Users\MILU\AppData\Local\Programs\Fiddler;C:\Users\MILU\.dotnet\tools;C:\Users\MILU\AppData\Roaming\npm
USERNAME=MILU
OS=Windows_NT
PROCESSOR_IDENTIFIER=AMD64 Family 25 Model 97 Stepping 2, AuthenticAMD
TMP=C:\Users\MILU\AppData\Local\Temp
TEMP=C:\Users\MILU\AppData\Local\Temp



---------------  S Y S T E M  ---------------

OS:
 Windows 11 , 64 bit Build 22000 (10.0.22000.1516)
OS uptime: 0 days 0:00 hours
Hyper-V role detected

CPU: total 12 (initial active 12) (12 cores per cpu, 2 threads per core) family 25 model 97 stepping 2 microcode 0x0, cx8, cmov, fxsr, ht, mmx, 3dnowpref, sse, sse2, sse3, ssse3, sse4a, sse4.1, sse4.2, popcnt, lzcnt, tsc, tscinvbit, avx, avx2, aes, erms, clmul, bmi1, bmi2, adx, avx512f, avx512dq, avx512cd, avx512bw, avx512vl, sha, fma, vzeroupper, avx512_vpopcntdq, avx512_vpclmulqdq, avx512_vaes, avx512_vnni, clflush, clflushopt, avx512_vbmi2, avx512_vbmi, hv

Memory: 4k page, system-wide physical 15516M (7695M free)
TotalPageFile size 15516M (AvailPageFile size 4M)
current process WorkingSet (physical memory assigned to process): 228M, peak: 228M
current process commit charge ("private bytes"): 359M, peak: 361M

vm_info: OpenJDK 64-Bit Server VM (17.0.6+10) for windows-amd64 JRE (17.0.6+10), built on Jan 18 2023 10:08:59 by "temurin" with MS VC++ 16.7 (VS2019)

END.
