#
# There is insufficient memory for the Java Runtime Environment to continue.
# Native memory allocation (malloc) failed to allocate 47504 bytes for Chunk::new
# Possible reasons:
#   The system is out of physical RAM or swap space
#   The process is running with CompressedOops enabled, and the Java Heap may be blocking the growth of the native heap
# Possible solutions:
#   Reduce memory load on the system
#   Increase physical memory or swap space
#   Check if swap backing store is full
#   Decrease Java heap size (-Xmx/-Xms)
#   Decrease number of Java threads
#   Decrease Java thread stack sizes (-Xss)
#   Set larger code cache with -XX:ReservedCodeCacheSize=
#   JVM is running with Unscaled Compressed Oops mode in which the Java heap is
#     placed in the first 4GB address space. The Java Heap base address is the
#     maximum limit for the native heap growth. Please use -XX:HeapBaseMinAddress
#     to set the Java Heap base and to place the Java Heap above 4GB virtual address.
# This output file may be truncated or incomplete.
#
#  Out of Memory Error (allocation.cpp:389), pid=27000, tid=0x00000000000072b4
#
# JRE version: Java(TM) SE Runtime Environment (8.0_351-b10) (build 1.8.0_351-b10)
# Java VM: Java HotSpot(TM) 64-Bit Server VM (25.351-b10 mixed mode windows-amd64 compressed oops)
# Failed to write core dump. Minidumps are not enabled by default on client versions of Windows
#

---------------  T H R E A D  ---------------

Current thread (0x0000020b18c08000):  JavaThread "C2 CompilerThread2" daemon [_thread_in_native, id=29364, stack(0x00000068bfd00000,0x00000068bfe00000)]

Stack: [0x00000068bfd00000,0x00000068bfe00000]
Native frames: (J=compiled Java code, j=interpreted, Vv=VM code, C=native code)
V  [jvm.dll+0x3300b9]
V  [jvm.dll+0x276632]
V  [jvm.dll+0x2772dd]
V  [jvm.dll+0x26dc85]
V  [jvm.dll+0xd584c]
V  [jvm.dll+0xd604c]
V  [jvm.dll+0x4b8597]
V  [jvm.dll+0x4b74fe]
V  [jvm.dll+0x441f1e]
V  [jvm.dll+0x4414d5]
V  [jvm.dll+0x42c27b]
V  [jvm.dll+0xac69b]
V  [jvm.dll+0xaacfb]
V  [jvm.dll+0x23ec62]
V  [jvm.dll+0x29330c]
C  [ucrtbase.dll+0x26c0c]
C  [KERNEL32.DLL+0x155a0]
C  [ntdll.dll+0x485b]


Current CompileTask:
C2:   1744 1540       4       java.util.regex.Matcher::matches (10 bytes)


---------------  P R O C E S S  ---------------

Java Threads: ( => current thread )
  0x0000020b1b44e800 JavaThread "File lock request listener" [_thread_blocked, id=27584, stack(0x00000068c0c00000,0x00000068c0d00000)]
  0x0000020b1d0c8800 JavaThread "Cache worker for journal cache (C:\Users\MILU\.gradle\caches\journal-1)" [_thread_blocked, id=28440, stack(0x00000068c0b00000,0x00000068c0c00000)]
  0x0000020b1d017000 JavaThread "Daemon client event forwarder" [_thread_blocked, id=17984, stack(0x00000068c0a00000,0x00000068c0b00000)]
  0x0000020b1d014800 JavaThread "Stdin handler" [_thread_blocked, id=18688, stack(0x00000068c0900000,0x00000068c0a00000)]
  0x0000020b1d070800 JavaThread "Asynchronous log dispatcher for DefaultDaemonConnection: socket connection from /127.0.0.1:10366 to /127.0.0.1:10367" [_thread_blocked, id=18632, stack(0x00000068c0800000,0x00000068c0900000)]
  0x0000020b1d00a800 JavaThread "Daemon worker" [_thread_blocked, id=18648, stack(0x00000068c0700000,0x00000068c0800000)]
  0x0000020b1d011800 JavaThread "Cancel handler" [_thread_blocked, id=18656, stack(0x00000068c0600000,0x00000068c0700000)]
  0x0000020b1cf2c800 JavaThread "Handler for socket connection from /127.0.0.1:10366 to /127.0.0.1:10367" [_thread_in_native, id=28380, stack(0x00000068c0500000,0x00000068c0600000)]
  0x0000020b1cf61800 JavaThread "Daemon" [_thread_blocked, id=14816, stack(0x00000068c0400000,0x00000068c0500000)]
  0x0000020b1cf49000 JavaThread "Daemon periodic checks" [_thread_blocked, id=26056, stack(0x00000068c0300000,0x00000068c0400000)]
  0x0000020b1cf2b800 JavaThread "Incoming local TCP Connector on port 10366" [_thread_in_native, id=15480, stack(0x00000068c0200000,0x00000068c0300000)]
  0x0000020b1c870800 JavaThread "Daemon health stats" [_thread_blocked, id=28952, stack(0x00000068c0100000,0x00000068c0200000)]
  0x0000020b1b0be800 JavaThread "Service Thread" daemon [_thread_blocked, id=12436, stack(0x00000068bff00000,0x00000068c0000000)]
  0x0000020b18c0d000 JavaThread "C1 CompilerThread3" daemon [_thread_blocked, id=14016, stack(0x00000068bfe00000,0x00000068bff00000)]
=>0x0000020b18c08000 JavaThread "C2 CompilerThread2" daemon [_thread_in_native, id=29364, stack(0x00000068bfd00000,0x00000068bfe00000)]
  0x0000020b18c05000 JavaThread "C2 CompilerThread1" daemon [_thread_blocked, id=29308, stack(0x00000068bfc00000,0x00000068bfd00000)]
  0x0000020b18c04000 JavaThread "C2 CompilerThread0" daemon [_thread_blocked, id=29456, stack(0x00000068bfb00000,0x00000068bfc00000)]
  0x0000020b18bee800 JavaThread "Attach Listener" daemon [_thread_blocked, id=29332, stack(0x00000068bfa00000,0x00000068bfb00000)]
  0x0000020b18c01800 JavaThread "Signal Dispatcher" daemon [_thread_blocked, id=20840, stack(0x00000068bf900000,0x00000068bfa00000)]
  0x0000020b18bb8800 JavaThread "Finalizer" daemon [_thread_blocked, id=20560, stack(0x00000068bf800000,0x00000068bf900000)]
  0x0000020b18bb1000 JavaThread "Reference Handler" daemon [_thread_blocked, id=29372, stack(0x00000068bf700000,0x00000068bf800000)]
  0x0000020b06035800 JavaThread "main" [_thread_blocked, id=29388, stack(0x00000068beb00000,0x00000068bec00000)]

Other Threads:
  0x0000020b18b8c000 VMThread [stack: 0x00000068bf600000,0x00000068bf700000] [id=29312]
  0x0000020b18c1e800 WatcherThread [stack: 0x00000068c0000000,0x00000068c0100000] [id=17176]

VM state:at safepoint (normal execution)

VM Mutex/Monitor currently owned by a thread:  ([mutex/lock_event])
[0x0000020b06032550] Threads_lock - owner thread: 0x0000020b18b8c000
[0x0000020b060322d0] Heap_lock - owner thread: 0x0000020b1d00a800

heap address: 0x00000000e0000000, size: 512 MB, Compressed Oops mode: 32-bit
Narrow klass base: 0x0000000000000000, Narrow klass shift: 3
Compressed class space size: 1073741824 Address: 0x0000000100000000

Heap:
 PSYoungGen      total 76288K, used 6627K [0x00000000f5580000, 0x00000000faa80000, 0x0000000100000000)
  eden space 65536K, 0% used [0x00000000f5580000,0x00000000f5580000,0x00000000f9580000)
  from space 10752K, 61% used [0x00000000f9580000,0x00000000f9bf8e30,0x00000000fa000000)
  to   space 10752K, 0% used [0x00000000fa000000,0x00000000fa000000,0x00000000faa80000)
 ParOldGen       total 175104K, used 32K [0x00000000e0000000, 0x00000000eab00000, 0x00000000f5580000)
  object space 175104K, 0% used [0x00000000e0000000,0x00000000e0008000,0x00000000eab00000)
 Metaspace       used 14462K, capacity 14856K, committed 14976K, reserved 1067008K
  class space    used 1988K, capacity 2104K, committed 2176K, reserved 1048576K

Card table byte_map: [0x0000020b16e50000,0x0000020b16f60000] byte_map_base: 0x0000020b16750000

Marking Bits: (ParMarkBitMap*) 0x0000000072bf8fd0
 Begin Bits: [0x0000020b17010000, 0x0000020b17810000)
 End Bits:   [0x0000020b17810000, 0x0000020b18010000)

Polling page: 0x0000020b06240000

CodeCache: size=245760Kb used=5646Kb max_used=5648Kb free=240113Kb
 bounds [0x0000020b07a90000, 0x0000020b08020000, 0x0000020b16a90000]
 total_blobs=1972 nmethods=1564 adapters=321
 compilation: enabled

Compilation events (10 events):
Event: 1.732 Thread 0x0000020b18c0d000 1550       3       java.util.ArrayList$SubList::rangeCheckForAdd (26 bytes)
Event: 1.732 Thread 0x0000020b18c0d000 nmethod 1550 0x0000020b08008110 code [0x0000020b08008320, 0x0000020b08008e60]
Event: 1.732 Thread 0x0000020b18c0d000 1551       3       java.util.ArrayList$SubList$1::<init> (47 bytes)
Event: 1.732 Thread 0x0000020b18c0d000 nmethod 1551 0x0000020b08000350 code [0x0000020b080004c0, 0x0000020b080006b8]
Event: 1.732 Thread 0x0000020b18c0d000 1553       3       java.util.ArrayList$SubList::<init> (46 bytes)
Event: 1.732 Thread 0x0000020b18c0d000 nmethod 1553 0x0000020b08003190 code [0x0000020b08003300, 0x0000020b080035d8]
Event: 1.732 Thread 0x0000020b18c0d000 1557       3       java.util.TreeMap::colorOf (13 bytes)
Event: 1.732 Thread 0x0000020b18c0d000 nmethod 1557 0x0000020b08007d90 code [0x0000020b08007ee0, 0x0000020b08008078]
Event: 1.732 Thread 0x0000020b18c0d000 1555       1       java.lang.Character::charValue (5 bytes)
Event: 1.732 Thread 0x0000020b18c0d000 nmethod 1555 0x0000020b08010f90 code [0x0000020b080110e0, 0x0000020b080111f8]

GC Heap History (4 events):
Event: 0.540 GC heap before
{Heap before GC invocations=1 (full 0):
 PSYoungGen      total 76288K, used 65536K [0x00000000f5580000, 0x00000000faa80000, 0x0000000100000000)
  eden space 65536K, 100% used [0x00000000f5580000,0x00000000f9580000,0x00000000f9580000)
  from space 10752K, 0% used [0x00000000fa000000,0x00000000fa000000,0x00000000faa80000)
  to   space 10752K, 0% used [0x00000000f9580000,0x00000000f9580000,0x00000000fa000000)
 ParOldGen       total 175104K, used 0K [0x00000000e0000000, 0x00000000eab00000, 0x00000000f5580000)
  object space 175104K, 0% used [0x00000000e0000000,0x00000000e0000000,0x00000000eab00000)
 Metaspace       used 7906K, capacity 8232K, committed 8320K, reserved 1056768K
  class space    used 983K, capacity 1088K, committed 1152K, reserved 1048576K
Event: 0.544 GC heap after
Heap after GC invocations=1 (full 0):
 PSYoungGen      total 76288K, used 7084K [0x00000000f5580000, 0x00000000faa80000, 0x0000000100000000)
  eden space 65536K, 0% used [0x00000000f5580000,0x00000000f5580000,0x00000000f9580000)
  from space 10752K, 65% used [0x00000000f9580000,0x00000000f9c6b370,0x00000000fa000000)
  to   space 10752K, 0% used [0x00000000fa000000,0x00000000fa000000,0x00000000faa80000)
 ParOldGen       total 175104K, used 16K [0x00000000e0000000, 0x00000000eab00000, 0x00000000f5580000)
  object space 175104K, 0% used [0x00000000e0000000,0x00000000e0004000,0x00000000eab00000)
 Metaspace       used 7906K, capacity 8232K, committed 8320K, reserved 1056768K
  class space    used 983K, capacity 1088K, committed 1152K, reserved 1048576K
}
Event: 1.418 GC heap before
{Heap before GC invocations=2 (full 0):
 PSYoungGen      total 76288K, used 72620K [0x00000000f5580000, 0x00000000faa80000, 0x0000000100000000)
  eden space 65536K, 100% used [0x00000000f5580000,0x00000000f9580000,0x00000000f9580000)
  from space 10752K, 65% used [0x00000000f9580000,0x00000000f9c6b370,0x00000000fa000000)
  to   space 10752K, 0% used [0x00000000fa000000,0x00000000fa000000,0x00000000faa80000)
 ParOldGen       total 175104K, used 16K [0x00000000e0000000, 0x00000000eab00000, 0x00000000f5580000)
  object space 175104K, 0% used [0x00000000e0000000,0x00000000e0004000,0x00000000eab00000)
 Metaspace       used 13536K, capacity 14014K, committed 14080K, reserved 1060864K
  class space    used 1862K, capacity 1999K, committed 2048K, reserved 1048576K
Event: 1.425 GC heap after
Heap after GC invocations=2 (full 0):
 PSYoungGen      total 76288K, used 9282K [0x00000000f5580000, 0x00000000faa80000, 0x0000000100000000)
  eden space 65536K, 0% used [0x00000000f5580000,0x00000000f5580000,0x00000000f9580000)
  from space 10752K, 86% used [0x00000000fa000000,0x00000000fa910b60,0x00000000faa80000)
  to   space 10752K, 0% used [0x00000000f9580000,0x00000000f9580000,0x00000000fa000000)
 ParOldGen       total 175104K, used 24K [0x00000000e0000000, 0x00000000eab00000, 0x00000000f5580000)
  object space 175104K, 0% used [0x00000000e0000000,0x00000000e0006000,0x00000000eab00000)
 Metaspace       used 13536K, capacity 14014K, committed 14080K, reserved 1060864K
  class space    used 1862K, capacity 1999K, committed 2048K, reserved 1048576K
}

Deoptimization events (10 events):
Event: 0.721 Thread 0x0000020b06035800 Uncommon trap: reason=unstable_if action=reinterpret pc=0x0000020b07ecd104 method=java.util.Properties$LineReader.readLine()I @ 252
Event: 0.722 Thread 0x0000020b06035800 Uncommon trap: reason=unstable_if action=reinterpret pc=0x0000020b07e3ad64 method=java.util.Properties$LineReader.readLine()I @ 252
Event: 0.936 Thread 0x0000020b06035800 Uncommon trap: reason=unstable_if action=reinterpret pc=0x0000020b07cc7eb4 method=java.io.WinNTFileSystem.normalize(Ljava/lang/String;)Ljava/lang/String; @ 128
Event: 0.936 Thread 0x0000020b06035800 Uncommon trap: reason=unstable_if action=reinterpret pc=0x0000020b07eb9a20 method=java.io.WinNTFileSystem.normalize(Ljava/lang/String;II)Ljava/lang/String; @ 90
Event: 1.337 Thread 0x0000020b1d00a800 Uncommon trap: reason=bimorphic action=maybe_recompile pc=0x0000020b07d13f50 method=java.util.HashMap.putVal(ILjava/lang/Object;Ljava/lang/Object;ZZ)Ljava/lang/Object; @ 253
Event: 1.337 Thread 0x0000020b1d00a800 Uncommon trap: reason=bimorphic action=maybe_recompile pc=0x0000020b07d13f50 method=java.util.HashMap.putVal(ILjava/lang/Object;Ljava/lang/Object;ZZ)Ljava/lang/Object; @ 253
Event: 1.411 Thread 0x0000020b1d00a800 Uncommon trap: reason=class_check action=maybe_recompile pc=0x0000020b07e38540 method=java.util.regex.Matcher.match(II)Z @ 86
Event: 1.427 Thread 0x0000020b1d00a800 Uncommon trap: reason=class_check action=maybe_recompile pc=0x0000020b07e38540 method=java.util.regex.Matcher.match(II)Z @ 86
Event: 1.726 Thread 0x0000020b1d00a800 Uncommon trap: reason=class_check action=maybe_recompile pc=0x0000020b07e38540 method=java.util.regex.Matcher.match(II)Z @ 86
Event: 1.726 Thread 0x0000020b1d00a800 Uncommon trap: reason=class_check action=maybe_recompile pc=0x0000020b07c5069c method=java.util.regex.Matcher.match(II)Z @ 86

Classes redefined (0 events):
No events

Internal exceptions (9 events):
Event: 0.019 Thread 0x0000020b06035800 Exception <a 'java/lang/NoSuchMethodError': Method sun.misc.Unsafe.defineClass(Ljava/lang/String;[BII)Ljava/lang/Class; name or signature does not match> (0x00000000f5587ce0) thrown at [C:\jenkins\workspace\8-2-build-windows-x64-cygwin\jdk8u351\2908\hotsp
Event: 0.019 Thread 0x0000020b06035800 Exception <a 'java/lang/NoSuchMethodError': Method sun.misc.Unsafe.prefetchRead(Ljava/lang/Object;J)V name or signature does not match> (0x00000000f5587fc8) thrown at [C:\jenkins\workspace\8-2-build-windows-x64-cygwin\jdk8u351\2908\hotspot\src\share\vm\pr
Event: 0.080 Thread 0x0000020b06035800 Exception <a 'java/lang/NoSuchFieldError': method resolution failed> (0x00000000f58b92e0) thrown at [C:\jenkins\workspace\8-2-build-windows-x64-cygwin\jdk8u351\2908\hotspot\src\share\vm\prims\methodHandles.cpp, line 1188]
Event: 0.081 Thread 0x0000020b06035800 Exception <a 'java/lang/NoSuchFieldError': method resolution failed> (0x00000000f58c66e0) thrown at [C:\jenkins\workspace\8-2-build-windows-x64-cygwin\jdk8u351\2908\hotspot\src\share\vm\prims\methodHandles.cpp, line 1188]
Event: 0.175 Thread 0x0000020b06035800 Exception <a 'java/security/PrivilegedActionException'> (0x00000000f629a3a0) thrown at [C:\jenkins\workspace\8-2-build-windows-x64-cygwin\jdk8u351\2908\hotspot\src\share\vm\prims\jvm.cpp, line 1513]
Event: 0.175 Thread 0x0000020b06035800 Exception <a 'java/security/PrivilegedActionException'> (0x00000000f629a5b0) thrown at [C:\jenkins\workspace\8-2-build-windows-x64-cygwin\jdk8u351\2908\hotspot\src\share\vm\prims\jvm.cpp, line 1513]
Event: 0.227 Thread 0x0000020b06035800 Exception <a 'java/lang/NoClassDefFoundError': org/slf4j/impl/StaticMarkerBinder> (0x00000000f65534e8) thrown at [C:\jenkins\workspace\8-2-build-windows-x64-cygwin\jdk8u351\2908\hotspot\src\share\vm\classfile\systemDictionary.cpp, line 201]
Event: 0.716 Thread 0x0000020b06035800 Exception <a 'java/lang/NoSuchMethodError': java.lang.Object.lambda$get$0(Ljava/util/function/Supplier;Ljava/lang/Object;)Ljava/lang/Object;> (0x00000000f7b52f98) thrown at [C:\jenkins\workspace\8-2-build-windows-x64-cygwin\jdk8u351\2908\hotspot\src\share
Event: 1.258 Thread 0x0000020b06035800 Exception <a 'java/io/IOException'> (0x00000000f7f43618) thrown at [C:\jenkins\workspace\8-2-build-windows-x64-cygwin\jdk8u351\2908\hotspot\src\share\vm\prims\jni.cpp, line 710]

Events (10 events):
Event: 1.731 loading class org/gradle/cache/CacheRepository
Event: 1.731 loading class org/gradle/cache/CacheRepository done
Event: 1.731 loading class org/gradle/api/internal/artifacts/ivyservice/WritableArtifactCacheLockingManager
Event: 1.731 loading class org/gradle/api/internal/artifacts/ivyservice/WritableArtifactCacheLockingManager done
Event: 1.731 loading class org/gradle/api/internal/artifacts/ivyservice/WritableArtifactCacheLockingManager
Event: 1.731 loading class org/gradle/api/internal/artifacts/ivyservice/WritableArtifactCacheLockingManager done
Event: 1.731 loading class org/gradle/api/internal/artifacts/ivyservice/DefaultArtifactCaches
Event: 1.731 loading class org/gradle/api/internal/artifacts/ivyservice/DefaultArtifactCaches done
Event: 1.731 loading class org/apache/commons/lang/StringUtils
Event: 1.731 loading class org/apache/commons/lang/StringUtils done


Dynamic libraries:
0x00007ff7f9220000 - 0x00007ff7f9267000 	C:\Program Files\Java\jdk1.8.0_351\bin\java.exe
0x00007ffccc840000 - 0x00007ffccca49000 	C:\WINDOWS\SYSTEM32\ntdll.dll
0x00007ffccb870000 - 0x00007ffccb92e000 	C:\WINDOWS\System32\KERNEL32.DLL
0x00007ffcca050000 - 0x00007ffcca3cc000 	C:\WINDOWS\System32\KERNELBASE.dll
0x00007ffccaf80000 - 0x00007ffccb02e000 	C:\WINDOWS\System32\ADVAPI32.dll
0x00007ffccad00000 - 0x00007ffccada3000 	C:\WINDOWS\System32\msvcrt.dll
0x00007ffccc080000 - 0x00007ffccc11e000 	C:\WINDOWS\System32\sechost.dll
0x00007ffcca7c0000 - 0x00007ffcca8e0000 	C:\WINDOWS\System32\RPCRT4.dll
0x00007ffccbdb0000 - 0x00007ffccbf5d000 	C:\WINDOWS\System32\USER32.dll
0x00007ffcc9d90000 - 0x00007ffcc9db6000 	C:\WINDOWS\System32\win32u.dll
0x00007ffccadb0000 - 0x00007ffccadd9000 	C:\WINDOWS\System32\GDI32.dll
0x00007ffcc9dc0000 - 0x00007ffcc9ed8000 	C:\WINDOWS\System32\gdi32full.dll
0x00007ffcca440000 - 0x00007ffcca4dd000 	C:\WINDOWS\System32\msvcp_win.dll
0x00007ffcca4e0000 - 0x00007ffcca5f1000 	C:\WINDOWS\System32\ucrtbase.dll
0x00007ffcb7ca0000 - 0x00007ffcb7f45000 	C:\WINDOWS\WinSxS\amd64_microsoft.windows.common-controls_6595b64144ccf1df_6.0.22000.120_none_9d947278b86cc467\COMCTL32.dll
0x00007ffccaeb0000 - 0x00007ffccaee2000 	C:\WINDOWS\System32\IMM32.DLL
0x00007ffcad2d0000 - 0x00007ffcad2e5000 	C:\Program Files\Java\jdk1.8.0_351\jre\bin\vcruntime140.dll
0x00007ffc46bd0000 - 0x00007ffc46c6b000 	C:\Program Files\Java\jdk1.8.0_351\jre\bin\msvcp140.dll
0x0000000072410000 - 0x0000000072c71000 	C:\Program Files\Java\jdk1.8.0_351\jre\bin\server\jvm.dll
0x00007ffccb860000 - 0x00007ffccb868000 	C:\WINDOWS\System32\PSAPI.DLL
0x00007ffcba4b0000 - 0x00007ffcba4e3000 	C:\WINDOWS\SYSTEM32\WINMM.dll
0x00007ffcc09d0000 - 0x00007ffcc09da000 	C:\WINDOWS\SYSTEM32\VERSION.dll
0x00007ffca39e0000 - 0x00007ffca39e9000 	C:\WINDOWS\SYSTEM32\WSOCK32.dll
0x00007ffccc320000 - 0x00007ffccc38f000 	C:\WINDOWS\System32\WS2_32.dll
0x00007ffcc8d50000 - 0x00007ffcc8d68000 	C:\WINDOWS\SYSTEM32\kernel.appcore.dll
0x00007ffcadc40000 - 0x00007ffcadc50000 	C:\Program Files\Java\jdk1.8.0_351\jre\bin\verify.dll
0x00007ffcaae30000 - 0x00007ffcaae5b000 	C:\Program Files\Java\jdk1.8.0_351\jre\bin\java.dll
0x00007ffcad180000 - 0x00007ffcad198000 	C:\Program Files\Java\jdk1.8.0_351\jre\bin\zip.dll
0x00007ffccb030000 - 0x00007ffccb7f5000 	C:\WINDOWS\System32\SHELL32.dll
0x00007ffcc7dc0000 - 0x00007ffcc8625000 	C:\WINDOWS\SYSTEM32\windows.storage.dll
0x00007ffcca8e0000 - 0x00007ffccac58000 	C:\WINDOWS\System32\combase.dll
0x00007ffcc7c50000 - 0x00007ffcc7db6000 	C:\WINDOWS\SYSTEM32\wintypes.dll
0x00007ffccbcc0000 - 0x00007ffccbdaa000 	C:\WINDOWS\System32\SHCORE.dll
0x00007ffccc120000 - 0x00007ffccc17d000 	C:\WINDOWS\System32\shlwapi.dll
0x00007ffcc9c40000 - 0x00007ffcc9c61000 	C:\WINDOWS\SYSTEM32\profapi.dll
0x00007ffc92d80000 - 0x00007ffc92d9c000 	C:\Program Files\Java\jdk1.8.0_351\jre\bin\net.dll
0x00007ffcc9250000 - 0x00007ffcc92b7000 	C:\WINDOWS\system32\mswsock.dll
0x00007ffc6b340000 - 0x00007ffc6b353000 	C:\Program Files\Java\jdk1.8.0_351\jre\bin\nio.dll
0x00007ffcb28d0000 - 0x00007ffcb28f7000 	C:\Users\MILU\.gradle\native\68d5fa5c4cc2d200863cafc0d521ce42e7d3e7ee720ec0a83991735586a16f82\windows-amd64\native-platform.dll
0x00007ffc82be0000 - 0x00007ffc82d24000 	C:\Users\MILU\.gradle\native\e376f236ea51e6404a007f0833ffe2c6e607c4080706a723a18a27aeea778392\windows-amd64\native-platform-file-events.dll
0x00007ffc96a00000 - 0x00007ffc96a0d000 	C:\Program Files\Java\jdk1.8.0_351\jre\bin\management.dll
0x00007ffcc95b0000 - 0x00007ffcc95c8000 	C:\WINDOWS\SYSTEM32\CRYPTSP.dll
0x00007ffcc8cb0000 - 0x00007ffcc8ce5000 	C:\WINDOWS\system32\rsaenh.dll
0x00007ffcc9320000 - 0x00007ffcc9349000 	C:\WINDOWS\SYSTEM32\USERENV.dll
0x00007ffcc96f0000 - 0x00007ffcc9717000 	C:\WINDOWS\SYSTEM32\bcrypt.dll
0x00007ffcc9d10000 - 0x00007ffcc9d8f000 	C:\WINDOWS\System32\bcryptprimitives.dll
0x00007ffcc9470000 - 0x00007ffcc947c000 	C:\WINDOWS\SYSTEM32\CRYPTBASE.dll
0x00007ffcc8880000 - 0x00007ffcc88ad000 	C:\WINDOWS\SYSTEM32\IPHLPAPI.DLL
0x00007ffcca7b0000 - 0x00007ffcca7b9000 	C:\WINDOWS\System32\NSI.dll
0x00007ffcc3e50000 - 0x00007ffcc3e69000 	C:\WINDOWS\SYSTEM32\dhcpcsvc6.DLL
0x00007ffcc56d0000 - 0x00007ffcc56ee000 	C:\WINDOWS\SYSTEM32\dhcpcsvc.DLL
0x00007ffcc88b0000 - 0x00007ffcc8998000 	C:\WINDOWS\SYSTEM32\DNSAPI.dll
0x00007ffcc76f0000 - 0x00007ffcc7911000 	C:\WINDOWS\SYSTEM32\dbghelp.dll

VM Arguments:
jvm_args: -XX:MaxMetaspaceSize=256m -XX:+HeapDumpOnOutOfMemoryError -Xms256m -Xmx512m -Dfile.encoding=utf8 -Duser.country=KR -Duser.language=ko -Duser.variant 
java_command: org.gradle.launcher.daemon.bootstrap.GradleDaemon 7.6
java_class_path (initial): C:\Users\MILU\.gradle\wrapper\dists\gradle-7.6-bin\9l9tetv7ltxvx3i8an4pb86ye\gradle-7.6\lib\gradle-launcher-7.6.jar
Launcher Type: SUN_STANDARD

Environment Variables:
JAVA_HOME=C:\Program Files\Java\jdk1.8.0_351
PATH=C:\ffmpeg\bin;C:\Program Files (x86)\Common Files\Oracle\Java\javapath;C:\Program Files\Oculus\Support\oculus-runtime;c:\windows\system32;c:\windows;c:\windows\system32\wbem;c:\windows\system32\windowspowershell\v1.0\;c:\windows\system32\openssh\;C:\Program Files (x86)\NVIDIA Corporation\PhysX\Common;C:\Program Files\dotnet\;C:\WINDOWS\system32;C:\WINDOWS;C:\WINDOWS\System32\Wbem;C:\WINDOWS\System32\WindowsPowerShell\v1.0\;C:\WINDOWS\System32\OpenSSH\;C:\Program Files\NVIDIA Corporation\NVIDIA NvDLISR;C:\WINDOWS\system32;C:\WINDOWS;C:\WINDOWS\System32\Wbem;C:\WINDOWS\System32\WindowsPowerShell\v1.0\;C:\WINDOWS\System32\OpenSSH\;C:\Program Files\IDM Computer Solutions\UltraEdit;C:\Program Files\Git\cmd;C:\Program Files\Cloudflare\Cloudflare WARP\;C:\Program Files\Java\jdk1.8.0_351\bin;C:\Users\MILU\AppData\Local\Programs\Python\Python310\Scripts\;C:\Users\MILU\AppData\Local\Programs\Python\Python310\;C:\Cadence\SPB_17.2\OpenAccess\bin\win32\opt;C:\Cadence\SPB_17.2\tools\pcb\bin;C:\Cadence\SPB_17.2\tools\fet\bi;C:\Program Files\nodejs\;C:\Users\MILU\AppData\Local\Programs\Python\Python310\Scripts\;C:\Users\MILU\AppData\Local\Programs\Python\Python310\;C:\Cadence\SPB_17.2\OpenAccess\bin\win32\opt;C:\Cadence\SPB_17.2\tools\pcb\bin;C:\Cadence\SPB_17.2\tools\fet\bin;C:\Cadence\SPB_17.2\tools\Capture;C:\Cadence\SPB_17.2\tools\PSpice;C:\Cadence\SPB_17.2\tools\specctra\bin;C:\Cadence\SPB_17.2\tools\bin;C:\Users\MILU\AppData\Local\Microsoft\WindowsApps;C:\Program Files\Bandizip\;;C:\Users\MILU\AppData\Local\afreeca;C:\Users\MILU\AppData\Local\Programs\Microsoft VS Code\bin;C:\Program Files\JetBrains\IntelliJ IDEA Community Edition 2022.2.2\bin;;C:\Users\MILU\AppData\Local\Programs\Fiddler;C:\Users\MILU\.dotnet\tools;C:\Users\MILU\AppData\Roaming\npm
USERNAME=MILU
OS=Windows_NT
PROCESSOR_IDENTIFIER=AMD64 Family 25 Model 97 Stepping 2, AuthenticAMD



---------------  S Y S T E M  ---------------

OS: Windows 11 , 64 bit Build 22000 (10.0.22000.1516)

CPU:total 12 (initial active 12) (12 cores per cpu, 1 threads per core) family 25 model 97 stepping 2, cmov, cx8, fxsr, mmx, sse, sse2, sse3, ssse3, sse4.1, sse4.2, popcnt, avx, avx2, aes, clmul, erms, mmxext, 3dnowpref, lzcnt, sse4a, tsc, tscinvbit, tscinv, bmi1

Memory: 4k page, physical 15889100k(7590536k free), swap 15889100k(4140k free)

vm_info: Java HotSpot(TM) 64-Bit Server VM (25.351-b10) for windows-amd64 JRE (1.8.0_351-b10), built on Sep 15 2022 02:58:06 by "java_re" with MS VC++ 15.9 (VS2017)

time: Sun Feb 26 12:26:37 2023
timezone: AMD64 Family 25 Model 97 Stepping 2, AuthenticAMD
elapsed time: 1.748610 seconds (0d 0h 0m 1s)

