#
# There is insufficient memory for the Java Runtime Environment to continue.
# Native memory allocation (mmap) failed to map 133169152 bytes for G1 virtual space
# Possible reasons:
#   The system is out of physical RAM or swap space
#   The process is running with CompressedOops enabled, and the Java Heap may be blocking the growth of the native heap
# Possible solutions:
#   Reduce memory load on the system
#   Increase physical memory or swap space
#   Check if swap backing store is full
#   Decrease Java heap size (-Xmx/-Xms)
#   Decrease number of Java threads
#   Decrease Java thread stack sizes (-Xss)
#   Set larger code cache with -XX:ReservedCodeCacheSize=
#   JVM is running with Unscaled Compressed Oops mode in which the Java heap is
#     placed in the first 4GB address space. The Java Heap base address is the
#     maximum limit for the native heap growth. Please use -XX:HeapBaseMinAddress
#     to set the Java Heap base and to place the Java Heap above 4GB virtual address.
# This output file may be truncated or incomplete.
#
#  Out of Memory Error (os_windows.cpp:3557), pid=26856, tid=17136
#
# JRE version: OpenJDK Runtime Environment Temurin-17.0.6+10 (17.0.6+10) (build 17.0.6+10)
# Java VM: OpenJDK 64-Bit Server VM Temurin-17.0.6+10 (17.0.6+10, mixed mode, emulated-client, tiered, compressed oops, compressed class ptrs, g1 gc, windows-amd64)
# No core dump will be written. Minidumps are not enabled by default on client versions of Windows
#

---------------  S U M M A R Y ------------

Command Line: -XX:+HeapDumpOnOutOfMemoryError -Xmx1024m -Dsts.lsp.client=vscode -Dsts.log.file=/dev/null -XX:TieredStopAtLevel=1 -Xlog:jni+resolve=off -Dspring.config.location=file:c:\Users\MILU\.vscode\extensions\vmware.vscode-spring-boot-1.44.0\language-server\BOOT-INF\classes\application.properties org.springframework.ide.vscode.boot.app.BootLanguageServerBootApp

Host: AMD Ryzen 5 7600 6-Core Processor              , 12 cores, 15G,  Windows 11 , 64 bit Build 22000 (10.0.22000.1516)
Time: Sun Feb 26 12:32:49 2023  Windows 11 , 64 bit Build 22000 (10.0.22000.1516) elapsed time: 2.422923 seconds (0d 0h 0m 2s)

---------------  T H R E A D  ---------------

Current thread (0x0000016bdf80bbd0):  VMThread "VM Thread" [stack: 0x0000001b2a500000,0x0000001b2a600000] [id=17136]

Stack: [0x0000001b2a500000,0x0000001b2a600000]
Native frames: (J=compiled Java code, j=interpreted, Vv=VM code, C=native code)
V  [jvm.dll+0x67741a]
V  [jvm.dll+0x834434]
V  [jvm.dll+0x835bde]
V  [jvm.dll+0x836243]
V  [jvm.dll+0x2457b5]
V  [jvm.dll+0x674329]
V  [jvm.dll+0x6689da]
V  [jvm.dll+0x30489b]
V  [jvm.dll+0x30bd96]
V  [jvm.dll+0x35b57e]
V  [jvm.dll+0x35b7af]
V  [jvm.dll+0x2db778]
V  [jvm.dll+0x2d9a2c]
V  [jvm.dll+0x2d8ffc]
V  [jvm.dll+0x31cdcb]
V  [jvm.dll+0x83a6eb]
V  [jvm.dll+0x83b424]
V  [jvm.dll+0x83b93c]
V  [jvm.dll+0x83bd14]
V  [jvm.dll+0x83bde0]
V  [jvm.dll+0x7e483a]
V  [jvm.dll+0x6762c5]
C  [ucrtbase.dll+0x26c0c]
C  [KERNEL32.DLL+0x155a0]
C  [ntdll.dll+0x485b]

VM_Operation (0x0000001b2d3fdd10): G1CollectForAllocation, mode: safepoint, requested by thread 0x0000016be0f9e070


---------------  P R O C E S S  ---------------

Threads class SMR info:
_java_thread_list=0x0000016be0cc7b00, length=42, elements={
0x0000016bdeebe260, 0x0000016bdf8217d0, 0x0000016bdf855010, 0x0000016bdf872c40,
0x0000016bdf873500, 0x0000016bdf874560, 0x0000016bdf874e20, 0x0000016bdf87bf70,
0x0000016bdfa791d0, 0x0000016bdfa8a5c0, 0x0000016bdfaa2030, 0x0000016be08591e0,
0x0000016be085ab10, 0x0000016be0e40b90, 0x0000016be0e41060, 0x0000016be0f6f050,
0x0000016be0eed060, 0x0000016bd3c699b0, 0x0000016be0f93920, 0x0000016be0fbb210,
0x0000016be1008c70, 0x0000016be10355a0, 0x0000016be0f9cd30, 0x0000016be0f9d200,
0x0000016be0f9eee0, 0x0000016be0f9f880, 0x0000016be0f9e540, 0x0000016be0fa06f0,
0x0000016be0f9dba0, 0x0000016be0f9ea10, 0x0000016be0f9f3b0, 0x0000016be0f9fd50,
0x0000016be0f9d6d0, 0x0000016be0fa0220, 0x0000016be0f9e070, 0x0000016be1144e00,
0x0000016be11457a0, 0x0000016be1141910, 0x0000016be1140aa0, 0x0000016be1140f70,
0x0000016be11435f0, 0x0000016be1141440
}

Java Threads: ( => current thread )
  0x0000016bdeebe260 JavaThread "Reference Handler" daemon [_thread_blocked, id=20276, stack(0x0000001b2a600000,0x0000001b2a700000)]
  0x0000016bdf8217d0 JavaThread "Finalizer" daemon [_thread_blocked, id=8748, stack(0x0000001b2a700000,0x0000001b2a800000)]
  0x0000016bdf855010 JavaThread "Signal Dispatcher" daemon [_thread_blocked, id=7496, stack(0x0000001b2a800000,0x0000001b2a900000)]
  0x0000016bdf872c40 JavaThread "Attach Listener" daemon [_thread_blocked, id=22348, stack(0x0000001b2a900000,0x0000001b2aa00000)]
  0x0000016bdf873500 JavaThread "Service Thread" daemon [_thread_blocked, id=26620, stack(0x0000001b2aa00000,0x0000001b2ab00000)]
  0x0000016bdf874560 JavaThread "Monitor Deflation Thread" daemon [_thread_blocked, id=18688, stack(0x0000001b2ab00000,0x0000001b2ac00000)]
  0x0000016bdf874e20 JavaThread "C1 CompilerThread0" daemon [_thread_blocked, id=3188, stack(0x0000001b2ac00000,0x0000001b2ad00000)]
  0x0000016bdf87bf70 JavaThread "Sweeper thread" daemon [_thread_blocked, id=2216, stack(0x0000001b2ad00000,0x0000001b2ae00000)]
  0x0000016bdfa791d0 JavaThread "C1 CompilerThread1" daemon [_thread_blocked, id=2916, stack(0x0000001b2ae00000,0x0000001b2af00000)]
  0x0000016bdfa8a5c0 JavaThread "Notification Thread" daemon [_thread_blocked, id=2152, stack(0x0000001b2af00000,0x0000001b2b000000)]
  0x0000016bdfaa2030 JavaThread "Common-Cleaner" daemon [_thread_blocked, id=2144, stack(0x0000001b2b100000,0x0000001b2b200000)]
  0x0000016be08591e0 JavaThread "C1 CompilerThread2" daemon [_thread_blocked, id=23704, stack(0x0000001b2bb00000,0x0000001b2bc00000)]
  0x0000016be085ab10 JavaThread "C1 CompilerThread3" daemon [_thread_blocked, id=1992, stack(0x0000001b2bc00000,0x0000001b2bd00000)]
  0x0000016be0e40b90 JavaThread "boundedElastic-evictor-1" daemon [_thread_blocked, id=27644, stack(0x0000001b2ba00000,0x0000001b2bb00000)]
  0x0000016be0e41060 JavaThread "boundedElastic-evictor-2" daemon [_thread_blocked, id=20852, stack(0x0000001b2c000000,0x0000001b2c100000)]
  0x0000016be0f6f050 JavaThread "pool-10-thread-1" [_thread_blocked, id=25540, stack(0x0000001b2c100000,0x0000001b2c200000)]
  0x0000016be0eed060 JavaThread "LanguageServerApp-lifecycle" [_thread_blocked, id=27528, stack(0x0000001b2c200000,0x0000001b2c300000)]
  0x0000016bd3c699b0 JavaThread "DestroyJavaVM" [_thread_blocked, id=9440, stack(0x0000001b29f00000,0x0000001b2a000000)]
  0x0000016be0f93920 JavaThread "pool-11-thread-1" [_thread_in_native, id=27496, stack(0x0000001b2c300000,0x0000001b2c400000)]
  0x0000016be0fbb210 JavaThread "Simple-Language-Server main thread" daemon [_thread_blocked, id=7080, stack(0x0000001b2c400000,0x0000001b2c500000)]
  0x0000016be1008c70 JavaThread "pool-6-thread-1" [_thread_blocked, id=20440, stack(0x0000001b2c500000,0x0000001b2c600000)]
  0x0000016be10355a0 JavaThread "ForkJoinPool.commonPool-worker-1" daemon [_thread_blocked, id=25268, stack(0x0000001b2c600000,0x0000001b2c700000)]
  0x0000016be0f9cd30 JavaThread "pool-3-thread-1" [_thread_blocked, id=25988, stack(0x0000001b2c700000,0x0000001b2c800000)]
  0x0000016be0f9d200 JavaThread "ClassGraph-worker-0" daemon [_thread_blocked, id=19188, stack(0x0000001b2c800000,0x0000001b2c900000)]
  0x0000016be0f9eee0 JavaThread "ClassGraph-worker-1" daemon [_thread_blocked, id=9360, stack(0x0000001b2c900000,0x0000001b2ca00000)]
  0x0000016be0f9f880 JavaThread "ClassGraph-worker-2" daemon [_thread_blocked, id=28688, stack(0x0000001b2ca00000,0x0000001b2cb00000)]
  0x0000016be0f9e540 JavaThread "ClassGraph-worker-3" daemon [_thread_blocked, id=22604, stack(0x0000001b2cb00000,0x0000001b2cc00000)]
  0x0000016be0fa06f0 JavaThread "ClassGraph-worker-4" daemon [_thread_blocked, id=21484, stack(0x0000001b2cc00000,0x0000001b2cd00000)]
  0x0000016be0f9dba0 JavaThread "ClassGraph-worker-5" daemon [_thread_blocked, id=4688, stack(0x0000001b2cd00000,0x0000001b2ce00000)]
  0x0000016be0f9ea10 JavaThread "ClassGraph-worker-6" daemon [_thread_blocked, id=7296, stack(0x0000001b2ce00000,0x0000001b2cf00000)]
  0x0000016be0f9f3b0 JavaThread "ClassGraph-worker-7" daemon [_thread_blocked, id=6372, stack(0x0000001b2cf00000,0x0000001b2d000000)]
  0x0000016be0f9fd50 JavaThread "ClassGraph-worker-8" daemon [_thread_blocked, id=14052, stack(0x0000001b2d000000,0x0000001b2d100000)]
  0x0000016be0f9d6d0 JavaThread "ClassGraph-worker-9" daemon [_thread_blocked, id=5072, stack(0x0000001b2d100000,0x0000001b2d200000)]
  0x0000016be0fa0220 JavaThread "ClassGraph-worker-10" daemon [_thread_blocked, id=8544, stack(0x0000001b2d200000,0x0000001b2d300000)]
  0x0000016be0f9e070 JavaThread "ClassGraph-worker-11" daemon [_thread_blocked, id=14788, stack(0x0000001b2d300000,0x0000001b2d400000)]
  0x0000016be1144e00 JavaThread "ClassGraph-worker-12" daemon [_thread_blocked, id=17164, stack(0x0000001b2d400000,0x0000001b2d500000)]
  0x0000016be11457a0 JavaThread "ClassGraph-worker-13" daemon [_thread_blocked, id=20448, stack(0x0000001b2d500000,0x0000001b2d600000)]
  0x0000016be1141910 JavaThread "ClassGraph-worker-14" daemon [_thread_blocked, id=10216, stack(0x0000001b2d600000,0x0000001b2d700000)]
  0x0000016be1140aa0 JavaThread "ClassGraph-worker-15" daemon [_thread_blocked, id=8828, stack(0x0000001b2d700000,0x0000001b2d800000)]
  0x0000016be1140f70 JavaThread "ClassGraph-worker-16" daemon [_thread_blocked, id=25328, stack(0x0000001b2d800000,0x0000001b2d900000)]
  0x0000016be11435f0 JavaThread "ClassGraph-worker-17" daemon [_thread_blocked, id=11736, stack(0x0000001b2d900000,0x0000001b2da00000)]
  0x0000016be1141440 JavaThread "ClassGraph-worker-18" daemon [_thread_blocked, id=29480, stack(0x0000001b2da00000,0x0000001b2db00000)]

Other Threads:
=>0x0000016bdf80bbd0 VMThread "VM Thread" [stack: 0x0000001b2a500000,0x0000001b2a600000] [id=17136]
  0x0000016bdfa8aea0 WatcherThread [stack: 0x0000001b2b000000,0x0000001b2b100000] [id=2756]
  0x0000016bd3ca8410 GCTaskThread "GC Thread#0" [stack: 0x0000001b2a000000,0x0000001b2a100000] [id=6692]
  0x0000016be02f8570 GCTaskThread "GC Thread#1" [stack: 0x0000001b2b200000,0x0000001b2b300000] [id=22920]
  0x0000016be02f8820 GCTaskThread "GC Thread#2" [stack: 0x0000001b2b300000,0x0000001b2b400000] [id=8240]
  0x0000016be05a5e60 GCTaskThread "GC Thread#3" [stack: 0x0000001b2b400000,0x0000001b2b500000] [id=6292]
  0x0000016be05a6920 GCTaskThread "GC Thread#4" [stack: 0x0000001b2b500000,0x0000001b2b600000] [id=7212]
  0x0000016be0834200 GCTaskThread "GC Thread#5" [stack: 0x0000001b2b600000,0x0000001b2b700000] [id=15488]
  0x0000016be08358d0 GCTaskThread "GC Thread#6" [stack: 0x0000001b2b700000,0x0000001b2b800000] [id=29536]
  0x0000016be083abc0 GCTaskThread "GC Thread#7" [stack: 0x0000001b2b800000,0x0000001b2b900000] [id=27156]
  0x0000016be083ae70 GCTaskThread "GC Thread#8" [stack: 0x0000001b2b900000,0x0000001b2ba00000] [id=24056]
  0x0000016be08b1c40 GCTaskThread "GC Thread#9" [stack: 0x0000001b2bd00000,0x0000001b2be00000] [id=8120]
  0x0000016bd3cb23d0 ConcurrentGCThread "G1 Main Marker" [stack: 0x0000001b2a100000,0x0000001b2a200000] [id=16944]
  0x0000016bd3cb2cf0 ConcurrentGCThread "G1 Conc#0" [stack: 0x0000001b2a200000,0x0000001b2a300000] [id=3316]
  0x0000016be0a11e80 ConcurrentGCThread "G1 Conc#1" [stack: 0x0000001b2be00000,0x0000001b2bf00000] [id=27568]
  0x0000016be0a5c580 ConcurrentGCThread "G1 Conc#2" [stack: 0x0000001b2bf00000,0x0000001b2c000000] [id=10272]
  0x0000016bded38590 ConcurrentGCThread "G1 Refine#0" [stack: 0x0000001b2a300000,0x0000001b2a400000] [id=13564]
  0x0000016be09bc480 ConcurrentGCThread "G1 Refine#1" [stack: 0x0000001b2db00000,0x0000001b2dc00000] [id=25076]
  0x0000016be09bb340 ConcurrentGCThread "G1 Refine#2" [stack: 0x0000001b2dc00000,0x0000001b2dd00000] [id=7648]
  0x0000016be09bc760 ConcurrentGCThread "G1 Refine#3" [stack: 0x0000001b2dd00000,0x0000001b2de00000] [id=24264]
  0x0000016be09bca40 ConcurrentGCThread "G1 Refine#4" [stack: 0x0000001b2de00000,0x0000001b2df00000] [id=8008]
  0x0000016be09bbbe0 ConcurrentGCThread "G1 Refine#5" [stack: 0x0000001b2df00000,0x0000001b2e000000] [id=12604]
  0x0000016be09bbec0 ConcurrentGCThread "G1 Refine#6" [stack: 0x0000001b2e000000,0x0000001b2e100000] [id=13364]
  0x0000016bded38c60 ConcurrentGCThread "G1 Service" [stack: 0x0000001b2a400000,0x0000001b2a500000] [id=10852]

Threads with active compile tasks:

VM state: at safepoint (normal execution)

VM Mutex/Monitor currently owned by a thread:  ([mutex/lock_event])
[0x0000016bd1932210] Threads_lock - owner thread: 0x0000016bdf80bbd0
[0x0000016bd3c673d0] Heap_lock - owner thread: 0x0000016be0f9e070

Heap address: 0x00000000c0000000, size: 1024 MB, Compressed Oops mode: 32-bit

CDS archive(s) not mapped
Compressed class space mapped at: 0x0000000100000000-0x0000000140000000, reserved size: 1073741824
Narrow klass base: 0x0000000000000000, Narrow klass shift: 3, Narrow klass range: 0x140000000

GC Precious Log:
 CPUs: 12 total, 12 available
 Memory: 15516M
 Large Page Support: Disabled
 NUMA Support: Disabled
 Compressed Oops: Enabled (32-bit)
 Heap Region Size: 1M
 Heap Min Capacity: 8M
 Heap Initial Capacity: 244M
 Heap Max Capacity: 1G
 Pre-touch: Disabled
 Parallel Workers: 10
 Concurrent Workers: 3
 Concurrent Refinement Workers: 10
 Periodic GC: Disabled

Heap:
 garbage-first heap   total 249856K, used 70400K [0x00000000c0000000, 0x0000000100000000)
  region size 1024K, 4 young (4096K), 4 survivors (4096K)
 Metaspace       used 35721K, committed 36160K, reserved 1081344K
  class space    used 4637K, committed 4864K, reserved 1048576K

Heap Regions: E=young(eden), S=young(survivor), O=old, HS=humongous(starts), HC=humongous(continues), CS=collection set, F=free, OA=open archive, CA=closed archive, TAMS=top-at-mark-start (previous, next)
|   0|0x00000000c0000000, 0x00000000c0100000, 0x00000000c0100000|100%| O|  |TAMS 0x00000000c0100000, 0x00000000c0000000| Untracked 
|   1|0x00000000c0100000, 0x00000000c0200000, 0x00000000c0200000|100%| O|  |TAMS 0x00000000c0200000, 0x00000000c0100000| Untracked 
|   2|0x00000000c0200000, 0x00000000c0300000, 0x00000000c0300000|100%| O|  |TAMS 0x00000000c0300000, 0x00000000c0200000| Updating 
|   3|0x00000000c0300000, 0x00000000c0400000, 0x00000000c0400000|100%| O|  |TAMS 0x00000000c0400000, 0x00000000c0300000| Untracked 
|   4|0x00000000c0400000, 0x00000000c0500000, 0x00000000c0500000|100%| O|  |TAMS 0x00000000c0500000, 0x00000000c0400000| Updating 
|   5|0x00000000c0500000, 0x00000000c0600000, 0x00000000c0600000|100%| O|  |TAMS 0x00000000c0600000, 0x00000000c0500000| Untracked 
|   6|0x00000000c0600000, 0x00000000c0700000, 0x00000000c0700000|100%| O|  |TAMS 0x00000000c0700000, 0x00000000c0600000| Untracked 
|   7|0x00000000c0700000, 0x00000000c07a6400, 0x00000000c0800000| 64%| O|  |TAMS 0x00000000c07a6400, 0x00000000c0700000| Updating 
|   8|0x00000000c0800000, 0x00000000c0900000, 0x00000000c0900000|100%| O|  |TAMS 0x00000000c0900000, 0x00000000c0800000| Untracked 
|   9|0x00000000c0900000, 0x00000000c0a00000, 0x00000000c0a00000|100%| O|  |TAMS 0x00000000c0a00000, 0x00000000c0900000| Updating 
|  10|0x00000000c0a00000, 0x00000000c0b00000, 0x00000000c0b00000|100%| O|  |TAMS 0x00000000c0b00000, 0x00000000c0a00000| Untracked 
|  11|0x00000000c0b00000, 0x00000000c0c00000, 0x00000000c0c00000|100%| O|  |TAMS 0x00000000c0c00000, 0x00000000c0b00000| Untracked 
|  12|0x00000000c0c00000, 0x00000000c0d00000, 0x00000000c0d00000|100%| O|  |TAMS 0x00000000c0d00000, 0x00000000c0c00000| Untracked 
|  13|0x00000000c0d00000, 0x00000000c0e00000, 0x00000000c0e00000|100%| O|  |TAMS 0x00000000c0e00000, 0x00000000c0d00000| Untracked 
|  14|0x00000000c0e00000, 0x00000000c0f00000, 0x00000000c0f00000|100%| O|  |TAMS 0x00000000c0f00000, 0x00000000c0e00000| Updating 
|  15|0x00000000c0f00000, 0x00000000c1000000, 0x00000000c1000000|100%| O|  |TAMS 0x00000000c1000000, 0x00000000c0f00000| Untracked 
|  16|0x00000000c1000000, 0x00000000c1100000, 0x00000000c1100000|100%| O|  |TAMS 0x00000000c1100000, 0x00000000c1000000| Untracked 
|  17|0x00000000c1100000, 0x00000000c1200000, 0x00000000c1200000|100%| O|  |TAMS 0x00000000c1200000, 0x00000000c1100000| Untracked 
|  18|0x00000000c1200000, 0x00000000c1300000, 0x00000000c1300000|100%| O|  |TAMS 0x00000000c1300000, 0x00000000c1200000| Untracked 
|  19|0x00000000c1300000, 0x00000000c1400000, 0x00000000c1400000|100%| O|  |TAMS 0x00000000c1400000, 0x00000000c1300000| Untracked 
|  20|0x00000000c1400000, 0x00000000c1500000, 0x00000000c1500000|100%| O|  |TAMS 0x00000000c1500000, 0x00000000c1400000| Updating 
|  21|0x00000000c1500000, 0x00000000c1600000, 0x00000000c1600000|100%| O|  |TAMS 0x00000000c1600000, 0x00000000c1500000| Untracked 
|  22|0x00000000c1600000, 0x00000000c1700000, 0x00000000c1700000|100%| O|  |TAMS 0x00000000c1700000, 0x00000000c1600000| Updating 
|  23|0x00000000c1700000, 0x00000000c1800000, 0x00000000c1800000|100%| O|  |TAMS 0x00000000c1800000, 0x00000000c1700000| Untracked 
|  24|0x00000000c1800000, 0x00000000c1900000, 0x00000000c1900000|100%| O|  |TAMS 0x00000000c1900000, 0x00000000c1800000| Untracked 
|  25|0x00000000c1900000, 0x00000000c1a00000, 0x00000000c1a00000|100%| O|  |TAMS 0x00000000c1a00000, 0x00000000c1900000| Untracked 
|  26|0x00000000c1a00000, 0x00000000c1b00000, 0x00000000c1b00000|100%| O|  |TAMS 0x00000000c1b00000, 0x00000000c1a00000| Untracked 
|  27|0x00000000c1b00000, 0x00000000c1c00000, 0x00000000c1c00000|100%| O|  |TAMS 0x00000000c1c00000, 0x00000000c1b00000| Untracked 
|  28|0x00000000c1c00000, 0x00000000c1d00000, 0x00000000c1d00000|100%| O|  |TAMS 0x00000000c1d00000, 0x00000000c1c00000| Untracked 
|  29|0x00000000c1d00000, 0x00000000c1e00000, 0x00000000c1e00000|100%| O|  |TAMS 0x00000000c1e00000, 0x00000000c1d00000| Untracked 
|  30|0x00000000c1e00000, 0x00000000c1f00000, 0x00000000c1f00000|100%| O|  |TAMS 0x00000000c1f00000, 0x00000000c1e00000| Untracked 
|  31|0x00000000c1f00000, 0x00000000c2000000, 0x00000000c2000000|100%| O|  |TAMS 0x00000000c2000000, 0x00000000c1f00000| Untracked 
|  32|0x00000000c2000000, 0x00000000c2100000, 0x00000000c2100000|100%| O|  |TAMS 0x00000000c2100000, 0x00000000c2000000| Untracked 
|  33|0x00000000c2100000, 0x00000000c2200000, 0x00000000c2200000|100%| O|  |TAMS 0x00000000c2200000, 0x00000000c2100000| Untracked 
|  34|0x00000000c2200000, 0x00000000c2300000, 0x00000000c2300000|100%| O|  |TAMS 0x00000000c2300000, 0x00000000c2200000| Untracked 
|  35|0x00000000c2300000, 0x00000000c2400000, 0x00000000c2400000|100%| O|  |TAMS 0x00000000c2400000, 0x00000000c2300000| Updating 
|  36|0x00000000c2400000, 0x00000000c2500000, 0x00000000c2500000|100%| O|  |TAMS 0x00000000c2500000, 0x00000000c2400000| Updating 
|  37|0x00000000c2500000, 0x00000000c2600000, 0x00000000c2600000|100%| O|  |TAMS 0x00000000c2600000, 0x00000000c2500000| Updating 
|  38|0x00000000c2600000, 0x00000000c2700000, 0x00000000c2700000|100%| O|  |TAMS 0x00000000c262d200, 0x00000000c2600000| Updating 
|  39|0x00000000c2700000, 0x00000000c2800000, 0x00000000c2800000|100%| O|  |TAMS 0x00000000c2700000, 0x00000000c2700000| Untracked 
|  40|0x00000000c2800000, 0x00000000c2900000, 0x00000000c2900000|100%|HS|  |TAMS 0x00000000c2900000, 0x00000000c2800000| Complete 
|  41|0x00000000c2900000, 0x00000000c2a00000, 0x00000000c2a00000|100%| O|  |TAMS 0x00000000c2900000, 0x00000000c2900000| Untracked 
|  42|0x00000000c2a00000, 0x00000000c2b00000, 0x00000000c2b00000|100%| O|  |TAMS 0x00000000c2a00000, 0x00000000c2a00000| Untracked 
|  43|0x00000000c2b00000, 0x00000000c2c00000, 0x00000000c2c00000|100%| O|  |TAMS 0x00000000c2b00000, 0x00000000c2b00000| Untracked 
|  44|0x00000000c2c00000, 0x00000000c2d00000, 0x00000000c2d00000|100%| O|  |TAMS 0x00000000c2c00000, 0x00000000c2c00000| Untracked 
|  45|0x00000000c2d00000, 0x00000000c2e00000, 0x00000000c2e00000|100%| O|  |TAMS 0x00000000c2d00000, 0x00000000c2d00000| Untracked 
|  46|0x00000000c2e00000, 0x00000000c2f00000, 0x00000000c2f00000|100%| O|  |TAMS 0x00000000c2e00000, 0x00000000c2e00000| Untracked 
|  47|0x00000000c2f00000, 0x00000000c3000000, 0x00000000c3000000|100%| O|  |TAMS 0x00000000c2f00000, 0x00000000c2f00000| Untracked 
|  48|0x00000000c3000000, 0x00000000c3100000, 0x00000000c3100000|100%| O|  |TAMS 0x00000000c3000000, 0x00000000c3000000| Untracked 
|  49|0x00000000c3100000, 0x00000000c3200000, 0x00000000c3200000|100%| O|  |TAMS 0x00000000c3100000, 0x00000000c3100000| Untracked 
|  50|0x00000000c3200000, 0x00000000c3300000, 0x00000000c3300000|100%| O|  |TAMS 0x00000000c3200000, 0x00000000c3200000| Untracked 
|  51|0x00000000c3300000, 0x00000000c3400000, 0x00000000c3400000|100%| O|  |TAMS 0x00000000c3300000, 0x00000000c3300000| Untracked 
|  52|0x00000000c3400000, 0x00000000c3500000, 0x00000000c3500000|100%| O|  |TAMS 0x00000000c3400000, 0x00000000c3400000| Untracked 
|  53|0x00000000c3500000, 0x00000000c3600000, 0x00000000c3600000|100%| O|  |TAMS 0x00000000c3500000, 0x00000000c3500000| Untracked 
|  54|0x00000000c3600000, 0x00000000c3700000, 0x00000000c3700000|100%| O|  |TAMS 0x00000000c3600000, 0x00000000c3600000| Untracked 
|  55|0x00000000c3700000, 0x00000000c3800000, 0x00000000c3800000|100%| O|  |TAMS 0x00000000c3700000, 0x00000000c3700000| Untracked 
|  56|0x00000000c3800000, 0x00000000c3900000, 0x00000000c3900000|100%| O|  |TAMS 0x00000000c3800000, 0x00000000c3800000| Untracked 
|  57|0x00000000c3900000, 0x00000000c3a00000, 0x00000000c3a00000|100%| O|  |TAMS 0x00000000c3900000, 0x00000000c3900000| Untracked 
|  58|0x00000000c3a00000, 0x00000000c3b00000, 0x00000000c3b00000|100%| O|  |TAMS 0x00000000c3a00000, 0x00000000c3a00000| Untracked 
|  59|0x00000000c3b00000, 0x00000000c3c00000, 0x00000000c3c00000|100%| O|  |TAMS 0x00000000c3b00000, 0x00000000c3b00000| Untracked 
|  60|0x00000000c3c00000, 0x00000000c3d00000, 0x00000000c3d00000|100%| O|  |TAMS 0x00000000c3c00000, 0x00000000c3c00000| Untracked 
|  61|0x00000000c3d00000, 0x00000000c3e00000, 0x00000000c3e00000|100%| O|  |TAMS 0x00000000c3d00000, 0x00000000c3d00000| Untracked 
|  62|0x00000000c3e00000, 0x00000000c3f00000, 0x00000000c3f00000|100%| O|  |TAMS 0x00000000c3e00000, 0x00000000c3e00000| Untracked 
|  63|0x00000000c3f00000, 0x00000000c4000000, 0x00000000c4000000|100%| O|  |TAMS 0x00000000c3f00000, 0x00000000c3f00000| Untracked 
|  64|0x00000000c4000000, 0x00000000c4100000, 0x00000000c4100000|100%| O|  |TAMS 0x00000000c4000000, 0x00000000c4000000| Updating 
|  65|0x00000000c4100000, 0x00000000c4176c00, 0x00000000c4200000| 46%| O|  |TAMS 0x00000000c4100000, 0x00000000c4100000| Untracked 
|  66|0x00000000c4200000, 0x00000000c4200000, 0x00000000c4300000|  0%| F|  |TAMS 0x00000000c4200000, 0x00000000c4200000| Untracked 
|  67|0x00000000c4300000, 0x00000000c4300000, 0x00000000c4400000|  0%| F|  |TAMS 0x00000000c4300000, 0x00000000c4300000| Untracked 
|  68|0x00000000c4400000, 0x00000000c4400000, 0x00000000c4500000|  0%| F|  |TAMS 0x00000000c4400000, 0x00000000c4400000| Untracked 
|  69|0x00000000c4500000, 0x00000000c4500000, 0x00000000c4600000|  0%| F|  |TAMS 0x00000000c4500000, 0x00000000c4500000| Untracked 
|  70|0x00000000c4600000, 0x00000000c4600000, 0x00000000c4700000|  0%| F|  |TAMS 0x00000000c4600000, 0x00000000c4600000| Untracked 
|  71|0x00000000c4700000, 0x00000000c4700000, 0x00000000c4800000|  0%| F|  |TAMS 0x00000000c4700000, 0x00000000c4700000| Untracked 
|  72|0x00000000c4800000, 0x00000000c4800000, 0x00000000c4900000|  0%| F|  |TAMS 0x00000000c4800000, 0x00000000c4800000| Untracked 
|  73|0x00000000c4900000, 0x00000000c4900000, 0x00000000c4a00000|  0%| F|  |TAMS 0x00000000c4900000, 0x00000000c4900000| Untracked 
|  74|0x00000000c4a00000, 0x00000000c4a00000, 0x00000000c4b00000|  0%| F|  |TAMS 0x00000000c4a00000, 0x00000000c4a00000| Untracked 
|  75|0x00000000c4b00000, 0x00000000c4b00000, 0x00000000c4c00000|  0%| F|  |TAMS 0x00000000c4b00000, 0x00000000c4b00000| Untracked 
|  76|0x00000000c4c00000, 0x00000000c4c00000, 0x00000000c4d00000|  0%| F|  |TAMS 0x00000000c4c00000, 0x00000000c4c00000| Untracked 
|  77|0x00000000c4d00000, 0x00000000c4d00000, 0x00000000c4e00000|  0%| F|  |TAMS 0x00000000c4d00000, 0x00000000c4d00000| Untracked 
|  78|0x00000000c4e00000, 0x00000000c4e00000, 0x00000000c4f00000|  0%| F|  |TAMS 0x00000000c4e00000, 0x00000000c4e00000| Untracked 
|  79|0x00000000c4f00000, 0x00000000c4f00000, 0x00000000c5000000|  0%| F|  |TAMS 0x00000000c4f00000, 0x00000000c4f00000| Untracked 
|  80|0x00000000c5000000, 0x00000000c5000000, 0x00000000c5100000|  0%| F|  |TAMS 0x00000000c5000000, 0x00000000c5000000| Untracked 
|  81|0x00000000c5100000, 0x00000000c5100000, 0x00000000c5200000|  0%| F|  |TAMS 0x00000000c5100000, 0x00000000c5100000| Untracked 
|  82|0x00000000c5200000, 0x00000000c5200000, 0x00000000c5300000|  0%| F|  |TAMS 0x00000000c5200000, 0x00000000c5200000| Untracked 
|  83|0x00000000c5300000, 0x00000000c5300000, 0x00000000c5400000|  0%| F|  |TAMS 0x00000000c5300000, 0x00000000c5300000| Untracked 
|  84|0x00000000c5400000, 0x00000000c5400000, 0x00000000c5500000|  0%| F|  |TAMS 0x00000000c5400000, 0x00000000c5400000| Untracked 
|  85|0x00000000c5500000, 0x00000000c5500000, 0x00000000c5600000|  0%| F|  |TAMS 0x00000000c5500000, 0x00000000c5500000| Untracked 
|  86|0x00000000c5600000, 0x00000000c5600000, 0x00000000c5700000|  0%| F|  |TAMS 0x00000000c5600000, 0x00000000c5600000| Untracked 
|  87|0x00000000c5700000, 0x00000000c5700000, 0x00000000c5800000|  0%| F|  |TAMS 0x00000000c5700000, 0x00000000c5700000| Untracked 
|  88|0x00000000c5800000, 0x00000000c5800000, 0x00000000c5900000|  0%| F|  |TAMS 0x00000000c5800000, 0x00000000c5800000| Untracked 
|  89|0x00000000c5900000, 0x00000000c5900000, 0x00000000c5a00000|  0%| F|  |TAMS 0x00000000c5900000, 0x00000000c5900000| Untracked 
|  90|0x00000000c5a00000, 0x00000000c5a00000, 0x00000000c5b00000|  0%| F|  |TAMS 0x00000000c5a00000, 0x00000000c5a00000| Untracked 
|  91|0x00000000c5b00000, 0x00000000c5b00000, 0x00000000c5c00000|  0%| F|  |TAMS 0x00000000c5b00000, 0x00000000c5b00000| Untracked 
|  92|0x00000000c5c00000, 0x00000000c5c00000, 0x00000000c5d00000|  0%| F|  |TAMS 0x00000000c5c00000, 0x00000000c5c00000| Untracked 
|  93|0x00000000c5d00000, 0x00000000c5d00000, 0x00000000c5e00000|  0%| F|  |TAMS 0x00000000c5d00000, 0x00000000c5d00000| Untracked 
|  94|0x00000000c5e00000, 0x00000000c5e00000, 0x00000000c5f00000|  0%| F|  |TAMS 0x00000000c5e00000, 0x00000000c5e00000| Untracked 
|  95|0x00000000c5f00000, 0x00000000c5f00000, 0x00000000c6000000|  0%| F|  |TAMS 0x00000000c5f00000, 0x00000000c5f00000| Untracked 
|  96|0x00000000c6000000, 0x00000000c6000000, 0x00000000c6100000|  0%| F|  |TAMS 0x00000000c6000000, 0x00000000c6000000| Untracked 
|  97|0x00000000c6100000, 0x00000000c6100000, 0x00000000c6200000|  0%| F|  |TAMS 0x00000000c6100000, 0x00000000c6100000| Untracked 
|  98|0x00000000c6200000, 0x00000000c6200000, 0x00000000c6300000|  0%| F|  |TAMS 0x00000000c6200000, 0x00000000c6200000| Untracked 
|  99|0x00000000c6300000, 0x00000000c6300000, 0x00000000c6400000|  0%| F|  |TAMS 0x00000000c6300000, 0x00000000c6300000| Untracked 
| 100|0x00000000c6400000, 0x00000000c6400000, 0x00000000c6500000|  0%| F|  |TAMS 0x00000000c6400000, 0x00000000c6400000| Untracked 
| 101|0x00000000c6500000, 0x00000000c6500000, 0x00000000c6600000|  0%| F|  |TAMS 0x00000000c6500000, 0x00000000c6500000| Untracked 
| 102|0x00000000c6600000, 0x00000000c6600000, 0x00000000c6700000|  0%| F|  |TAMS 0x00000000c6600000, 0x00000000c6600000| Untracked 
| 103|0x00000000c6700000, 0x00000000c6700000, 0x00000000c6800000|  0%| F|  |TAMS 0x00000000c6700000, 0x00000000c6700000| Untracked 
| 104|0x00000000c6800000, 0x00000000c6800000, 0x00000000c6900000|  0%| F|  |TAMS 0x00000000c6800000, 0x00000000c6800000| Untracked 
| 105|0x00000000c6900000, 0x00000000c6900000, 0x00000000c6a00000|  0%| F|  |TAMS 0x00000000c6900000, 0x00000000c6900000| Untracked 
| 106|0x00000000c6a00000, 0x00000000c6a00000, 0x00000000c6b00000|  0%| F|  |TAMS 0x00000000c6a00000, 0x00000000c6a00000| Untracked 
| 107|0x00000000c6b00000, 0x00000000c6b00000, 0x00000000c6c00000|  0%| F|  |TAMS 0x00000000c6b00000, 0x00000000c6b00000| Untracked 
| 108|0x00000000c6c00000, 0x00000000c6c00000, 0x00000000c6d00000|  0%| F|  |TAMS 0x00000000c6c00000, 0x00000000c6c00000| Untracked 
| 109|0x00000000c6d00000, 0x00000000c6d00000, 0x00000000c6e00000|  0%| F|  |TAMS 0x00000000c6d00000, 0x00000000c6d00000| Untracked 
| 110|0x00000000c6e00000, 0x00000000c6e00000, 0x00000000c6f00000|  0%| F|  |TAMS 0x00000000c6e00000, 0x00000000c6e00000| Untracked 
| 111|0x00000000c6f00000, 0x00000000c6f00000, 0x00000000c7000000|  0%| F|  |TAMS 0x00000000c6f00000, 0x00000000c6f00000| Untracked 
| 112|0x00000000c7000000, 0x00000000c7000000, 0x00000000c7100000|  0%| F|  |TAMS 0x00000000c7000000, 0x00000000c7000000| Untracked 
| 113|0x00000000c7100000, 0x00000000c7100000, 0x00000000c7200000|  0%| F|  |TAMS 0x00000000c7100000, 0x00000000c7100000| Untracked 
| 114|0x00000000c7200000, 0x00000000c7200000, 0x00000000c7300000|  0%| F|  |TAMS 0x00000000c7200000, 0x00000000c7200000| Untracked 
| 115|0x00000000c7300000, 0x00000000c7300000, 0x00000000c7400000|  0%| F|  |TAMS 0x00000000c7300000, 0x00000000c7300000| Untracked 
| 116|0x00000000c7400000, 0x00000000c7400000, 0x00000000c7500000|  0%| F|  |TAMS 0x00000000c7400000, 0x00000000c7400000| Untracked 
| 117|0x00000000c7500000, 0x00000000c7500000, 0x00000000c7600000|  0%| F|  |TAMS 0x00000000c7500000, 0x00000000c7500000| Untracked 
| 118|0x00000000c7600000, 0x00000000c7600000, 0x00000000c7700000|  0%| F|  |TAMS 0x00000000c7600000, 0x00000000c7600000| Untracked 
| 119|0x00000000c7700000, 0x00000000c7700000, 0x00000000c7800000|  0%| F|  |TAMS 0x00000000c7700000, 0x00000000c7700000| Untracked 
| 120|0x00000000c7800000, 0x00000000c7800000, 0x00000000c7900000|  0%| F|  |TAMS 0x00000000c7800000, 0x00000000c7800000| Untracked 
| 121|0x00000000c7900000, 0x00000000c7900000, 0x00000000c7a00000|  0%| F|  |TAMS 0x00000000c7900000, 0x00000000c7900000| Untracked 
| 122|0x00000000c7a00000, 0x00000000c7a00000, 0x00000000c7b00000|  0%| F|  |TAMS 0x00000000c7a00000, 0x00000000c7a00000| Untracked 
| 123|0x00000000c7b00000, 0x00000000c7b00000, 0x00000000c7c00000|  0%| F|  |TAMS 0x00000000c7b00000, 0x00000000c7b00000| Untracked 
| 124|0x00000000c7c00000, 0x00000000c7c00000, 0x00000000c7d00000|  0%| F|  |TAMS 0x00000000c7c00000, 0x00000000c7c00000| Untracked 
| 125|0x00000000c7d00000, 0x00000000c7d00000, 0x00000000c7e00000|  0%| F|  |TAMS 0x00000000c7d00000, 0x00000000c7d00000| Untracked 
| 126|0x00000000c7e00000, 0x00000000c7e00000, 0x00000000c7f00000|  0%| F|  |TAMS 0x00000000c7e00000, 0x00000000c7e00000| Untracked 
| 127|0x00000000c7f00000, 0x00000000c7f00000, 0x00000000c8000000|  0%| F|  |TAMS 0x00000000c7f00000, 0x00000000c7f00000| Untracked 
| 128|0x00000000c8000000, 0x00000000c8000000, 0x00000000c8100000|  0%| F|  |TAMS 0x00000000c8000000, 0x00000000c8000000| Untracked 
| 129|0x00000000c8100000, 0x00000000c8100000, 0x00000000c8200000|  0%| F|  |TAMS 0x00000000c8100000, 0x00000000c8100000| Untracked 
| 130|0x00000000c8200000, 0x00000000c8200000, 0x00000000c8300000|  0%| F|  |TAMS 0x00000000c8200000, 0x00000000c8200000| Untracked 
| 131|0x00000000c8300000, 0x00000000c8300000, 0x00000000c8400000|  0%| F|  |TAMS 0x00000000c8300000, 0x00000000c8300000| Untracked 
| 132|0x00000000c8400000, 0x00000000c8400000, 0x00000000c8500000|  0%| F|  |TAMS 0x00000000c8400000, 0x00000000c8400000| Untracked 
| 133|0x00000000c8500000, 0x00000000c8500000, 0x00000000c8600000|  0%| F|  |TAMS 0x00000000c8500000, 0x00000000c8500000| Untracked 
| 134|0x00000000c8600000, 0x00000000c8600000, 0x00000000c8700000|  0%| F|  |TAMS 0x00000000c8600000, 0x00000000c8600000| Untracked 
| 135|0x00000000c8700000, 0x00000000c8700000, 0x00000000c8800000|  0%| F|  |TAMS 0x00000000c8700000, 0x00000000c8700000| Untracked 
| 136|0x00000000c8800000, 0x00000000c8800000, 0x00000000c8900000|  0%| F|  |TAMS 0x00000000c8800000, 0x00000000c8800000| Untracked 
| 137|0x00000000c8900000, 0x00000000c8900000, 0x00000000c8a00000|  0%| F|  |TAMS 0x00000000c8900000, 0x00000000c8900000| Untracked 
| 138|0x00000000c8a00000, 0x00000000c8a00000, 0x00000000c8b00000|  0%| F|  |TAMS 0x00000000c8a00000, 0x00000000c8a00000| Untracked 
| 139|0x00000000c8b00000, 0x00000000c8b00000, 0x00000000c8c00000|  0%| F|  |TAMS 0x00000000c8b00000, 0x00000000c8b00000| Untracked 
| 140|0x00000000c8c00000, 0x00000000c8c00000, 0x00000000c8d00000|  0%| F|  |TAMS 0x00000000c8c00000, 0x00000000c8c00000| Untracked 
| 141|0x00000000c8d00000, 0x00000000c8d00000, 0x00000000c8e00000|  0%| F|  |TAMS 0x00000000c8d00000, 0x00000000c8d00000| Untracked 
| 142|0x00000000c8e00000, 0x00000000c8e00000, 0x00000000c8f00000|  0%| F|  |TAMS 0x00000000c8e00000, 0x00000000c8e00000| Untracked 
| 143|0x00000000c8f00000, 0x00000000c8f00000, 0x00000000c9000000|  0%| F|  |TAMS 0x00000000c8f00000, 0x00000000c8f00000| Untracked 
| 144|0x00000000c9000000, 0x00000000c9000000, 0x00000000c9100000|  0%| F|  |TAMS 0x00000000c9000000, 0x00000000c9000000| Untracked 
| 145|0x00000000c9100000, 0x00000000c9100000, 0x00000000c9200000|  0%| F|  |TAMS 0x00000000c9100000, 0x00000000c9100000| Untracked 
| 146|0x00000000c9200000, 0x00000000c9200000, 0x00000000c9300000|  0%| F|  |TAMS 0x00000000c9200000, 0x00000000c9200000| Untracked 
| 147|0x00000000c9300000, 0x00000000c9300000, 0x00000000c9400000|  0%| F|  |TAMS 0x00000000c9300000, 0x00000000c9300000| Untracked 
| 148|0x00000000c9400000, 0x00000000c9400000, 0x00000000c9500000|  0%| F|  |TAMS 0x00000000c9400000, 0x00000000c9400000| Untracked 
| 149|0x00000000c9500000, 0x00000000c9500000, 0x00000000c9600000|  0%| F|  |TAMS 0x00000000c9500000, 0x00000000c9500000| Untracked 
| 150|0x00000000c9600000, 0x00000000c9600000, 0x00000000c9700000|  0%| F|  |TAMS 0x00000000c9600000, 0x00000000c9600000| Untracked 
| 151|0x00000000c9700000, 0x00000000c9700000, 0x00000000c9800000|  0%| F|  |TAMS 0x00000000c9700000, 0x00000000c9700000| Untracked 
| 152|0x00000000c9800000, 0x00000000c9800000, 0x00000000c9900000|  0%| F|  |TAMS 0x00000000c9800000, 0x00000000c9800000| Untracked 
| 153|0x00000000c9900000, 0x00000000c9900000, 0x00000000c9a00000|  0%| F|  |TAMS 0x00000000c9900000, 0x00000000c9900000| Untracked 
| 154|0x00000000c9a00000, 0x00000000c9a00000, 0x00000000c9b00000|  0%| F|  |TAMS 0x00000000c9a00000, 0x00000000c9a00000| Untracked 
| 155|0x00000000c9b00000, 0x00000000c9b00000, 0x00000000c9c00000|  0%| F|  |TAMS 0x00000000c9b00000, 0x00000000c9b00000| Untracked 
| 156|0x00000000c9c00000, 0x00000000c9ca30f8, 0x00000000c9d00000| 63%| S|CS|TAMS 0x00000000c9c00000, 0x00000000c9c00000| Complete 
| 157|0x00000000c9d00000, 0x00000000c9e00000, 0x00000000c9e00000|100%| S|CS|TAMS 0x00000000c9d00000, 0x00000000c9d00000| Complete 
| 158|0x00000000c9e00000, 0x00000000c9f00000, 0x00000000c9f00000|100%| S|CS|TAMS 0x00000000c9e00000, 0x00000000c9e00000| Complete 
| 159|0x00000000c9f00000, 0x00000000ca000000, 0x00000000ca000000|100%| S|CS|TAMS 0x00000000c9f00000, 0x00000000c9f00000| Complete 
| 160|0x00000000ca000000, 0x00000000ca000000, 0x00000000ca100000|  0%| F|  |TAMS 0x00000000ca000000, 0x00000000ca000000| Untracked 
| 161|0x00000000ca100000, 0x00000000ca100000, 0x00000000ca200000|  0%| F|  |TAMS 0x00000000ca100000, 0x00000000ca100000| Untracked 
| 162|0x00000000ca200000, 0x00000000ca200000, 0x00000000ca300000|  0%| F|  |TAMS 0x00000000ca200000, 0x00000000ca200000| Untracked 
| 163|0x00000000ca300000, 0x00000000ca300000, 0x00000000ca400000|  0%| F|  |TAMS 0x00000000ca300000, 0x00000000ca300000| Untracked 
| 164|0x00000000ca400000, 0x00000000ca400000, 0x00000000ca500000|  0%| F|  |TAMS 0x00000000ca400000, 0x00000000ca400000| Untracked 
| 165|0x00000000ca500000, 0x00000000ca500000, 0x00000000ca600000|  0%| F|  |TAMS 0x00000000ca500000, 0x00000000ca500000| Untracked 
| 166|0x00000000ca600000, 0x00000000ca600000, 0x00000000ca700000|  0%| F|  |TAMS 0x00000000ca600000, 0x00000000ca600000| Untracked 
| 167|0x00000000ca700000, 0x00000000ca700000, 0x00000000ca800000|  0%| F|  |TAMS 0x00000000ca700000, 0x00000000ca700000| Untracked 
| 168|0x00000000ca800000, 0x00000000ca800000, 0x00000000ca900000|  0%| F|  |TAMS 0x00000000ca800000, 0x00000000ca800000| Untracked 
| 169|0x00000000ca900000, 0x00000000ca900000, 0x00000000caa00000|  0%| F|  |TAMS 0x00000000ca900000, 0x00000000ca900000| Untracked 
| 170|0x00000000caa00000, 0x00000000caa00000, 0x00000000cab00000|  0%| F|  |TAMS 0x00000000caa00000, 0x00000000caa00000| Untracked 
| 171|0x00000000cab00000, 0x00000000cab00000, 0x00000000cac00000|  0%| F|  |TAMS 0x00000000cab00000, 0x00000000cab00000| Untracked 
| 172|0x00000000cac00000, 0x00000000cac00000, 0x00000000cad00000|  0%| F|  |TAMS 0x00000000cac00000, 0x00000000cac00000| Untracked 
| 173|0x00000000cad00000, 0x00000000cad00000, 0x00000000cae00000|  0%| F|  |TAMS 0x00000000cad00000, 0x00000000cad00000| Untracked 
| 174|0x00000000cae00000, 0x00000000cae00000, 0x00000000caf00000|  0%| F|  |TAMS 0x00000000cae00000, 0x00000000cae00000| Untracked 
| 175|0x00000000caf00000, 0x00000000caf00000, 0x00000000cb000000|  0%| F|  |TAMS 0x00000000caf00000, 0x00000000caf00000| Untracked 
| 176|0x00000000cb000000, 0x00000000cb000000, 0x00000000cb100000|  0%| F|  |TAMS 0x00000000cb000000, 0x00000000cb000000| Untracked 
| 177|0x00000000cb100000, 0x00000000cb100000, 0x00000000cb200000|  0%| F|  |TAMS 0x00000000cb100000, 0x00000000cb100000| Untracked 
| 178|0x00000000cb200000, 0x00000000cb200000, 0x00000000cb300000|  0%| F|  |TAMS 0x00000000cb200000, 0x00000000cb200000| Untracked 
| 179|0x00000000cb300000, 0x00000000cb300000, 0x00000000cb400000|  0%| F|  |TAMS 0x00000000cb300000, 0x00000000cb300000| Untracked 
| 180|0x00000000cb400000, 0x00000000cb400000, 0x00000000cb500000|  0%| F|  |TAMS 0x00000000cb400000, 0x00000000cb400000| Untracked 
| 181|0x00000000cb500000, 0x00000000cb500000, 0x00000000cb600000|  0%| F|  |TAMS 0x00000000cb500000, 0x00000000cb500000| Untracked 
| 182|0x00000000cb600000, 0x00000000cb600000, 0x00000000cb700000|  0%| F|  |TAMS 0x00000000cb600000, 0x00000000cb600000| Untracked 
| 183|0x00000000cb700000, 0x00000000cb700000, 0x00000000cb800000|  0%| F|  |TAMS 0x00000000cb700000, 0x00000000cb700000| Untracked 
| 184|0x00000000cb800000, 0x00000000cb800000, 0x00000000cb900000|  0%| F|  |TAMS 0x00000000cb800000, 0x00000000cb800000| Untracked 
| 185|0x00000000cb900000, 0x00000000cb900000, 0x00000000cba00000|  0%| F|  |TAMS 0x00000000cb900000, 0x00000000cb900000| Untracked 
| 186|0x00000000cba00000, 0x00000000cba00000, 0x00000000cbb00000|  0%| F|  |TAMS 0x00000000cba00000, 0x00000000cba00000| Untracked 
| 187|0x00000000cbb00000, 0x00000000cbb00000, 0x00000000cbc00000|  0%| F|  |TAMS 0x00000000cbb00000, 0x00000000cbb00000| Untracked 
| 188|0x00000000cbc00000, 0x00000000cbc00000, 0x00000000cbd00000|  0%| F|  |TAMS 0x00000000cbc00000, 0x00000000cbc00000| Untracked 
| 189|0x00000000cbd00000, 0x00000000cbd00000, 0x00000000cbe00000|  0%| F|  |TAMS 0x00000000cbd00000, 0x00000000cbd00000| Untracked 
| 190|0x00000000cbe00000, 0x00000000cbe00000, 0x00000000cbf00000|  0%| F|  |TAMS 0x00000000cbe00000, 0x00000000cbe00000| Untracked 
| 191|0x00000000cbf00000, 0x00000000cbf00000, 0x00000000cc000000|  0%| F|  |TAMS 0x00000000cbf00000, 0x00000000cbf00000| Untracked 
| 192|0x00000000cc000000, 0x00000000cc000000, 0x00000000cc100000|  0%| F|  |TAMS 0x00000000cc000000, 0x00000000cc000000| Untracked 
| 193|0x00000000cc100000, 0x00000000cc100000, 0x00000000cc200000|  0%| F|  |TAMS 0x00000000cc100000, 0x00000000cc100000| Untracked 
| 194|0x00000000cc200000, 0x00000000cc200000, 0x00000000cc300000|  0%| F|  |TAMS 0x00000000cc200000, 0x00000000cc200000| Untracked 
| 195|0x00000000cc300000, 0x00000000cc300000, 0x00000000cc400000|  0%| F|  |TAMS 0x00000000cc300000, 0x00000000cc300000| Untracked 
| 196|0x00000000cc400000, 0x00000000cc400000, 0x00000000cc500000|  0%| F|  |TAMS 0x00000000cc400000, 0x00000000cc400000| Untracked 
| 197|0x00000000cc500000, 0x00000000cc500000, 0x00000000cc600000|  0%| F|  |TAMS 0x00000000cc500000, 0x00000000cc500000| Untracked 
| 198|0x00000000cc600000, 0x00000000cc600000, 0x00000000cc700000|  0%| F|  |TAMS 0x00000000cc600000, 0x00000000cc600000| Untracked 
| 199|0x00000000cc700000, 0x00000000cc700000, 0x00000000cc800000|  0%| F|  |TAMS 0x00000000cc700000, 0x00000000cc700000| Untracked 
| 200|0x00000000cc800000, 0x00000000cc800000, 0x00000000cc900000|  0%| F|  |TAMS 0x00000000cc800000, 0x00000000cc800000| Untracked 
| 201|0x00000000cc900000, 0x00000000cc900000, 0x00000000cca00000|  0%| F|  |TAMS 0x00000000cc900000, 0x00000000cc900000| Untracked 
| 202|0x00000000cca00000, 0x00000000cca00000, 0x00000000ccb00000|  0%| F|  |TAMS 0x00000000cca00000, 0x00000000cca00000| Untracked 
| 203|0x00000000ccb00000, 0x00000000ccb00000, 0x00000000ccc00000|  0%| F|  |TAMS 0x00000000ccb00000, 0x00000000ccb00000| Untracked 
| 204|0x00000000ccc00000, 0x00000000ccc00000, 0x00000000ccd00000|  0%| F|  |TAMS 0x00000000ccc00000, 0x00000000ccc00000| Untracked 
| 205|0x00000000ccd00000, 0x00000000ccd00000, 0x00000000cce00000|  0%| F|  |TAMS 0x00000000ccd00000, 0x00000000ccd00000| Untracked 
| 206|0x00000000cce00000, 0x00000000cce00000, 0x00000000ccf00000|  0%| F|  |TAMS 0x00000000cce00000, 0x00000000cce00000| Untracked 
| 207|0x00000000ccf00000, 0x00000000ccf00000, 0x00000000cd000000|  0%| F|  |TAMS 0x00000000ccf00000, 0x00000000ccf00000| Untracked 
| 208|0x00000000cd000000, 0x00000000cd000000, 0x00000000cd100000|  0%| F|  |TAMS 0x00000000cd000000, 0x00000000cd000000| Untracked 
| 209|0x00000000cd100000, 0x00000000cd100000, 0x00000000cd200000|  0%| F|  |TAMS 0x00000000cd100000, 0x00000000cd100000| Untracked 
| 210|0x00000000cd200000, 0x00000000cd200000, 0x00000000cd300000|  0%| F|  |TAMS 0x00000000cd200000, 0x00000000cd200000| Untracked 
| 211|0x00000000cd300000, 0x00000000cd300000, 0x00000000cd400000|  0%| F|  |TAMS 0x00000000cd300000, 0x00000000cd300000| Untracked 
| 212|0x00000000cd400000, 0x00000000cd400000, 0x00000000cd500000|  0%| F|  |TAMS 0x00000000cd400000, 0x00000000cd400000| Untracked 
| 213|0x00000000cd500000, 0x00000000cd500000, 0x00000000cd600000|  0%| F|  |TAMS 0x00000000cd500000, 0x00000000cd500000| Untracked 
| 214|0x00000000cd600000, 0x00000000cd600000, 0x00000000cd700000|  0%| F|  |TAMS 0x00000000cd600000, 0x00000000cd600000| Untracked 
| 215|0x00000000cd700000, 0x00000000cd700000, 0x00000000cd800000|  0%| F|  |TAMS 0x00000000cd700000, 0x00000000cd700000| Untracked 
| 216|0x00000000cd800000, 0x00000000cd800000, 0x00000000cd900000|  0%| F|  |TAMS 0x00000000cd800000, 0x00000000cd800000| Untracked 
| 217|0x00000000cd900000, 0x00000000cd900000, 0x00000000cda00000|  0%| F|  |TAMS 0x00000000cd900000, 0x00000000cd900000| Untracked 
| 218|0x00000000cda00000, 0x00000000cda00000, 0x00000000cdb00000|  0%| F|  |TAMS 0x00000000cda00000, 0x00000000cda00000| Untracked 
| 219|0x00000000cdb00000, 0x00000000cdb00000, 0x00000000cdc00000|  0%| F|  |TAMS 0x00000000cdb00000, 0x00000000cdb00000| Untracked 
| 220|0x00000000cdc00000, 0x00000000cdc00000, 0x00000000cdd00000|  0%| F|  |TAMS 0x00000000cdc00000, 0x00000000cdc00000| Untracked 
| 221|0x00000000cdd00000, 0x00000000cdd00000, 0x00000000cde00000|  0%| F|  |TAMS 0x00000000cdd00000, 0x00000000cdd00000| Untracked 
| 222|0x00000000cde00000, 0x00000000cde00000, 0x00000000cdf00000|  0%| F|  |TAMS 0x00000000cde00000, 0x00000000cde00000| Untracked 
| 223|0x00000000cdf00000, 0x00000000cdf00000, 0x00000000ce000000|  0%| F|  |TAMS 0x00000000cdf00000, 0x00000000cdf00000| Untracked 
| 224|0x00000000ce000000, 0x00000000ce000000, 0x00000000ce100000|  0%| F|  |TAMS 0x00000000ce000000, 0x00000000ce000000| Untracked 
| 225|0x00000000ce100000, 0x00000000ce100000, 0x00000000ce200000|  0%| F|  |TAMS 0x00000000ce100000, 0x00000000ce100000| Untracked 
| 226|0x00000000ce200000, 0x00000000ce200000, 0x00000000ce300000|  0%| F|  |TAMS 0x00000000ce200000, 0x00000000ce200000| Untracked 
| 227|0x00000000ce300000, 0x00000000ce300000, 0x00000000ce400000|  0%| F|  |TAMS 0x00000000ce300000, 0x00000000ce300000| Untracked 
| 228|0x00000000ce400000, 0x00000000ce400000, 0x00000000ce500000|  0%| F|  |TAMS 0x00000000ce400000, 0x00000000ce400000| Untracked 
| 229|0x00000000ce500000, 0x00000000ce500000, 0x00000000ce600000|  0%| F|  |TAMS 0x00000000ce500000, 0x00000000ce500000| Untracked 
| 230|0x00000000ce600000, 0x00000000ce600000, 0x00000000ce700000|  0%| F|  |TAMS 0x00000000ce600000, 0x00000000ce600000| Untracked 
| 231|0x00000000ce700000, 0x00000000ce700000, 0x00000000ce800000|  0%| F|  |TAMS 0x00000000ce700000, 0x00000000ce700000| Untracked 
| 232|0x00000000ce800000, 0x00000000ce800000, 0x00000000ce900000|  0%| F|  |TAMS 0x00000000ce800000, 0x00000000ce800000| Untracked 
| 233|0x00000000ce900000, 0x00000000ce900000, 0x00000000cea00000|  0%| F|  |TAMS 0x00000000ce900000, 0x00000000ce900000| Untracked 
| 234|0x00000000cea00000, 0x00000000cea00000, 0x00000000ceb00000|  0%| F|  |TAMS 0x00000000cea00000, 0x00000000cea00000| Untracked 
| 235|0x00000000ceb00000, 0x00000000ceb00000, 0x00000000cec00000|  0%| F|  |TAMS 0x00000000ceb00000, 0x00000000ceb00000| Untracked 
| 236|0x00000000cec00000, 0x00000000cec00000, 0x00000000ced00000|  0%| F|  |TAMS 0x00000000cec00000, 0x00000000cec00000| Untracked 
| 237|0x00000000ced00000, 0x00000000ced00000, 0x00000000cee00000|  0%| F|  |TAMS 0x00000000ced00000, 0x00000000ced00000| Untracked 
| 238|0x00000000cee00000, 0x00000000cee00000, 0x00000000cef00000|  0%| F|  |TAMS 0x00000000cee00000, 0x00000000cee00000| Untracked 
| 239|0x00000000cef00000, 0x00000000cef00000, 0x00000000cf000000|  0%| F|  |TAMS 0x00000000cef00000, 0x00000000cef00000| Untracked 
| 240|0x00000000cf000000, 0x00000000cf000000, 0x00000000cf100000|  0%| F|  |TAMS 0x00000000cf000000, 0x00000000cf000000| Untracked 
| 241|0x00000000cf100000, 0x00000000cf100000, 0x00000000cf200000|  0%| F|  |TAMS 0x00000000cf100000, 0x00000000cf100000| Untracked 
| 242|0x00000000cf200000, 0x00000000cf200000, 0x00000000cf300000|  0%| F|  |TAMS 0x00000000cf200000, 0x00000000cf200000| Untracked 
| 243|0x00000000cf300000, 0x00000000cf300000, 0x00000000cf400000|  0%| F|  |TAMS 0x00000000cf300000, 0x00000000cf300000| Untracked 

Card table byte_map: [0x0000016bd9e20000,0x0000016bda020000] _byte_map_base: 0x0000016bd9820000

Marking Bits (Prev, Next): (CMBitMap*) 0x0000016bd3ca9940, (CMBitMap*) 0x0000016bd3ca9980
 Prev Bits: [0x0000016bda220000, 0x0000016bdb220000)
 Next Bits: [0x0000016bdb220000, 0x0000016bdc220000)

Polling page: 0x0000016bd1bc0000

Metaspace:

Usage:
  Non-class:     30.36 MB used.
      Class:      4.53 MB used.
       Both:     34.88 MB used.

Virtual space:
  Non-class space:       32.00 MB reserved,      30.56 MB ( 96%) committed,  4 nodes.
      Class space:        1.00 GB reserved,       4.75 MB ( <1%) committed,  1 nodes.
             Both:        1.03 GB reserved,      35.31 MB (  3%) committed. 

Chunk freelists:
   Non-Class:  1.01 MB
       Class:  3.17 MB
        Both:  4.18 MB

MaxMetaspaceSize: unlimited
CompressedClassSpaceSize: 1.00 GB
Initial GC threshold: 21.00 MB
Current GC threshold: 58.88 MB
CDS: off
MetaspaceReclaimPolicy: balanced
 - commit_granule_bytes: 65536.
 - commit_granule_words: 8192.
 - virtual_space_node_default_size: 1048576.
 - enlarge_chunks_in_place: 1.
 - new_chunks_are_fully_committed: 0.
 - uncommit_free_chunks: 1.
 - use_allocation_guard: 0.
 - handle_deallocations: 1.


Internal statistics:

num_allocs_failed_limit: 8.
num_arena_births: 470.
num_arena_deaths: 0.
num_vsnodes_births: 5.
num_vsnodes_deaths: 0.
num_space_committed: 565.
num_space_uncommitted: 0.
num_chunks_returned_to_freelist: 8.
num_chunks_taken_from_freelist: 1525.
num_chunk_merges: 8.
num_chunk_splits: 1032.
num_chunks_enlarged: 757.
num_purges: 0.
num_inconsistent_stats: 0.

CodeCache: size=49152Kb used=9193Kb max_used=9193Kb free=39958Kb
 bounds [0x0000016bd68f0000, 0x0000016bd71f0000, 0x0000016bd98f0000]
 total_blobs=4364 nmethods=3819 adapters=468
 compilation: enabled
              stopped_count=0, restarted_count=0
 full_count=0

Compilation events (20 events):
Event: 2.414 Thread 0x0000016be08591e0 3805       1       nonapi.io.github.classgraph.utils.ProxyingInputStream::<init> (10 bytes)
Event: 2.414 Thread 0x0000016be085ab10 3807       1       io.github.classgraph.Classfile::readBasicClassInfo (339 bytes)
Event: 2.414 Thread 0x0000016be08591e0 nmethod 3805 0x0000016bd71e0790 code [0x0000016bd71e0920, 0x0000016bd71e0a38]
Event: 2.414 Thread 0x0000016be08591e0 3819   !   1       nonapi.io.github.classgraph.fileslice.reader.ClassfileReader::close (43 bytes)
Event: 2.414 Thread 0x0000016be08591e0 nmethod 3819 0x0000016bd71e0a90 code [0x0000016bd71e0c40, 0x0000016bd71e0e18]
Event: 2.414 Thread 0x0000016be08591e0 3792   !   1       jdk.internal.reflect.GeneratedMethodAccessor20::invoke (67 bytes)
Event: 2.414 Thread 0x0000016be08591e0 nmethod 3792 0x0000016bd71e0f10 code [0x0000016bd71e1100, 0x0000016bd71e1538]
Event: 2.414 Thread 0x0000016be08591e0 3798       1       jdk.internal.jimage.BasicImageReader::releaseByteBuffer (16 bytes)
Event: 2.414 Thread 0x0000016bdf874e20 nmethod 3814 0x0000016bd71e1810 code [0x0000016bd71e1ac0, 0x0000016bd71e2578]
Event: 2.414 Thread 0x0000016bdf874e20 3809       1       nonapi.io.github.classgraph.fileslice.reader.ClassfileReader::<init> (29 bytes)
Event: 2.414 Thread 0x0000016be08591e0 nmethod 3798 0x0000016bd71e2b90 code [0x0000016bd71e2d20, 0x0000016bd71e2e68]
Event: 2.414 Thread 0x0000016be08591e0 3766       1       java.io.ByteArrayOutputStream::close (1 bytes)
Event: 2.414 Thread 0x0000016be08591e0 nmethod 3766 0x0000016bd71e2f10 code [0x0000016bd71e30a0, 0x0000016bd71e3158]
Event: 2.414 Thread 0x0000016be08591e0 3769   !   1       jdk.internal.misc.ScopedMemoryAccess::getLongUnalignedInternal (38 bytes)
Event: 2.414 Thread 0x0000016bdf874e20 nmethod 3809 0x0000016bd71e3210 code [0x0000016bd71e33a0, 0x0000016bd71e3618]
Event: 2.414 Thread 0x0000016bdf874e20 3776       1       io.github.classgraph.Classfile$ClassContainment::<init> (20 bytes)
Event: 2.415 Thread 0x0000016bdf874e20 nmethod 3776 0x0000016bd71e3690 code [0x0000016bd71e3820, 0x0000016bd71e3978]
Event: 2.415 Thread 0x0000016be08591e0 nmethod 3769 0x0000016bd71e3a10 code [0x0000016bd71e3bc0, 0x0000016bd71e3d38]
Event: 2.415 Thread 0x0000016be085ab10 nmethod 3807 0x0000016bd71e3e90 code [0x0000016bd71e4200, 0x0000016bd71e5028]
Event: 2.416 Thread 0x0000016bdfa791d0 nmethod 3812 0x0000016bd71e5810 code [0x0000016bd71e6040, 0x0000016bd71e8b88]

GC Heap History (20 events):
Event: 0.689 GC heap after
{Heap after GC invocations=3 (full 0):
 garbage-first heap   total 249856K, used 12417K [0x00000000c0000000, 0x0000000100000000)
  region size 1024K, 5 young (5120K), 5 survivors (5120K)
 Metaspace       used 21309K, committed 21504K, reserved 1073152K
  class space    used 2614K, committed 2688K, reserved 1048576K
}
Event: 0.798 GC heap before
{Heap before GC invocations=4 (full 0):
 garbage-first heap   total 48128K, used 34945K [0x00000000c0000000, 0x0000000100000000)
  region size 1024K, 28 young (28672K), 5 survivors (5120K)
 Metaspace       used 24958K, committed 25216K, reserved 1073152K
  class space    used 3099K, committed 3200K, reserved 1048576K
}
Event: 0.802 GC heap after
{Heap after GC invocations=5 (full 0):
 garbage-first heap   total 48128K, used 14230K [0x00000000c0000000, 0x0000000100000000)
  region size 1024K, 7 young (7168K), 7 survivors (7168K)
 Metaspace       used 24958K, committed 25216K, reserved 1073152K
  class space    used 3099K, committed 3200K, reserved 1048576K
}
Event: 1.097 GC heap before
{Heap before GC invocations=5 (full 0):
 garbage-first heap   total 48128K, used 30614K [0x00000000c0000000, 0x0000000100000000)
  region size 1024K, 24 young (24576K), 7 survivors (7168K)
 Metaspace       used 28159K, committed 28480K, reserved 1081344K
  class space    used 3559K, committed 3712K, reserved 1048576K
}
Event: 1.104 GC heap after
{Heap after GC invocations=6 (full 0):
 garbage-first heap   total 48128K, used 15443K [0x00000000c0000000, 0x0000000100000000)
  region size 1024K, 2 young (2048K), 2 survivors (2048K)
 Metaspace       used 28159K, committed 28480K, reserved 1081344K
  class space    used 3559K, committed 3712K, reserved 1048576K
}
Event: 1.242 GC heap before
{Heap before GC invocations=6 (full 0):
 garbage-first heap   total 48128K, used 31827K [0x00000000c0000000, 0x0000000100000000)
  region size 1024K, 19 young (19456K), 2 survivors (2048K)
 Metaspace       used 30332K, committed 30656K, reserved 1081344K
  class space    used 3867K, committed 4032K, reserved 1048576K
}
Event: 1.246 GC heap after
{Heap after GC invocations=7 (full 0):
 garbage-first heap   total 48128K, used 17049K [0x00000000c0000000, 0x0000000100000000)
  region size 1024K, 3 young (3072K), 3 survivors (3072K)
 Metaspace       used 30332K, committed 30656K, reserved 1081344K
  class space    used 3867K, committed 4032K, reserved 1048576K
}
Event: 1.510 GC heap before
{Heap before GC invocations=7 (full 0):
 garbage-first heap   total 48128K, used 33433K [0x00000000c0000000, 0x0000000100000000)
  region size 1024K, 20 young (20480K), 3 survivors (3072K)
 Metaspace       used 33850K, committed 34176K, reserved 1081344K
  class space    used 4384K, committed 4544K, reserved 1048576K
}
Event: 1.513 GC heap after
{Heap after GC invocations=8 (full 0):
 garbage-first heap   total 149504K, used 18827K [0x00000000c0000000, 0x0000000100000000)
  region size 1024K, 2 young (2048K), 2 survivors (2048K)
 Metaspace       used 33850K, committed 34176K, reserved 1081344K
  class space    used 4384K, committed 4544K, reserved 1048576K
}
Event: 2.239 GC heap before
{Heap before GC invocations=8 (full 0):
 garbage-first heap   total 149504K, used 105867K [0x00000000c0000000, 0x0000000100000000)
  region size 1024K, 87 young (89088K), 2 survivors (2048K)
 Metaspace       used 35557K, committed 35968K, reserved 1081344K
  class space    used 4617K, committed 4800K, reserved 1048576K
}
Event: 2.245 GC heap after
{Heap after GC invocations=9 (full 0):
 garbage-first heap   total 149504K, used 33779K [0x00000000c0000000, 0x0000000100000000)
  region size 1024K, 11 young (11264K), 11 survivors (11264K)
 Metaspace       used 35557K, committed 35968K, reserved 1081344K
  class space    used 4617K, committed 4800K, reserved 1048576K
}
Event: 2.341 GC heap before
{Heap before GC invocations=9 (full 0):
 garbage-first heap   total 149504K, used 92147K [0x00000000c0000000, 0x0000000100000000)
  region size 1024K, 68 young (69632K), 11 survivors (11264K)
 Metaspace       used 35563K, committed 35968K, reserved 1081344K
  class space    used 4617K, committed 4800K, reserved 1048576K
}
Event: 2.348 GC heap after
{Heap after GC invocations=10 (full 0):
 garbage-first heap   total 149504K, used 47949K [0x00000000c0000000, 0x0000000100000000)
  region size 1024K, 9 young (9216K), 9 survivors (9216K)
 Metaspace       used 35563K, committed 35968K, reserved 1081344K
  class space    used 4617K, committed 4800K, reserved 1048576K
}
Event: 2.381 GC heap before
{Heap before GC invocations=10 (full 0):
 garbage-first heap   total 149504K, used 74573K [0x00000000c0000000, 0x0000000100000000)
  region size 1024K, 34 young (34816K), 9 survivors (9216K)
 Metaspace       used 35573K, committed 35968K, reserved 1081344K
  class space    used 4619K, committed 4800K, reserved 1048576K
}
Event: 2.393 GC heap after
{Heap after GC invocations=11 (full 0):
 garbage-first heap   total 149504K, used 64919K [0x00000000c0000000, 0x0000000100000000)
  region size 1024K, 8 young (8192K), 8 survivors (8192K)
 Metaspace       used 35573K, committed 35968K, reserved 1081344K
  class space    used 4619K, committed 4800K, reserved 1048576K
}
Event: 2.404 GC heap before
{Heap before GC invocations=11 (full 0):
 garbage-first heap   total 149504K, used 102807K [0x00000000c0000000, 0x0000000100000000)
  region size 1024K, 46 young (47104K), 8 survivors (8192K)
 Metaspace       used 35674K, committed 36096K, reserved 1081344K
  class space    used 4628K, committed 4800K, reserved 1048576K
}
Event: 2.406 GC heap after
{Heap after GC invocations=12 (full 0):
 garbage-first heap   total 149504K, used 68014K [0x00000000c0000000, 0x0000000100000000)
  region size 1024K, 2 young (2048K), 2 survivors (2048K)
 Metaspace       used 35674K, committed 36096K, reserved 1081344K
  class space    used 4628K, committed 4800K, reserved 1048576K
}
Event: 2.411 GC heap before
{Heap before GC invocations=12 (full 0):
 garbage-first heap   total 149504K, used 107950K [0x00000000c0000000, 0x0000000100000000)
  region size 1024K, 42 young (43008K), 2 survivors (2048K)
 Metaspace       used 35683K, committed 36160K, reserved 1081344K
  class space    used 4636K, committed 4864K, reserved 1048576K
}
Event: 2.412 GC heap after
{Heap after GC invocations=13 (full 0):
 garbage-first heap   total 149504K, used 69566K [0x00000000c0000000, 0x0000000100000000)
  region size 1024K, 4 young (4096K), 4 survivors (4096K)
 Metaspace       used 35683K, committed 36160K, reserved 1081344K
  class space    used 4636K, committed 4864K, reserved 1048576K
}
Event: 2.420 GC heap before
{Heap before GC invocations=13 (full 0):
 garbage-first heap   total 176128K, used 109501K [0x00000000c0000000, 0x0000000100000000)
  region size 1024K, 45 young (46080K), 4 survivors (4096K)
 Metaspace       used 35721K, committed 36160K, reserved 1081344K
  class space    used 4637K, committed 4864K, reserved 1048576K
}

Dll operation events (8 events):
Event: 0.005 Loaded shared library c:\Users\MILU\.vscode\extensions\redhat.java-1.15.0-win32-x64\jre\17.0.6-win32-x86_64\bin\java.dll
Event: 0.106 Loaded shared library C:\Users\MILU\.vscode\extensions\redhat.java-1.15.0-win32-x64\jre\17.0.6-win32-x86_64\bin\net.dll
Event: 0.107 Loaded shared library C:\Users\MILU\.vscode\extensions\redhat.java-1.15.0-win32-x64\jre\17.0.6-win32-x86_64\bin\nio.dll
Event: 0.112 Loaded shared library C:\Users\MILU\.vscode\extensions\redhat.java-1.15.0-win32-x64\jre\17.0.6-win32-x86_64\bin\zip.dll
Event: 0.195 Loaded shared library C:\Users\MILU\.vscode\extensions\redhat.java-1.15.0-win32-x64\jre\17.0.6-win32-x86_64\bin\jimage.dll
Event: 0.250 Loaded shared library c:\Users\MILU\.vscode\extensions\redhat.java-1.15.0-win32-x64\jre\17.0.6-win32-x86_64\bin\verify.dll
Event: 1.399 Loaded shared library C:\Users\MILU\.vscode\extensions\redhat.java-1.15.0-win32-x64\jre\17.0.6-win32-x86_64\bin\management.dll
Event: 1.402 Loaded shared library C:\Users\MILU\.vscode\extensions\redhat.java-1.15.0-win32-x64\jre\17.0.6-win32-x86_64\bin\management_ext.dll

Deoptimization events (12 events):
Event: 0.679 Thread 0x0000016bd3c699b0 DEOPT PACKING pc=0x0000016bd6e80299 sp=0x0000001b29ffd340
Event: 0.680 Thread 0x0000016bd3c699b0 DEOPT UNPACKING pc=0x0000016bd694ace3 sp=0x0000001b29ffc820 mode 3
Event: 1.398 Thread 0x0000016bd3c699b0 DEOPT PACKING pc=0x0000016bd6f98e9d sp=0x0000001b29ffd150
Event: 1.398 Thread 0x0000016bd3c699b0 DEOPT UNPACKING pc=0x0000016bd694ace3 sp=0x0000001b29ffc668 mode 3
Event: 2.013 Thread 0x0000016be0fbb210 DEOPT PACKING pc=0x0000016bd70971b5 sp=0x0000001b2c4fd640
Event: 2.013 Thread 0x0000016be0fbb210 DEOPT UNPACKING pc=0x0000016bd694ace3 sp=0x0000001b2c4fcb68 mode 3
Event: 2.031 Thread 0x0000016be0f93920 DEOPT PACKING pc=0x0000016bd6e82581 sp=0x0000001b2c3fdcc0
Event: 2.031 Thread 0x0000016be0f93920 DEOPT UNPACKING pc=0x0000016bd694ace3 sp=0x0000001b2c3fd150 mode 3
Event: 2.032 Thread 0x0000016be0fbb210 DEOPT PACKING pc=0x0000016bd6e7d117 sp=0x0000001b2c4ff2e0
Event: 2.032 Thread 0x0000016be0fbb210 DEOPT UNPACKING pc=0x0000016bd694ace3 sp=0x0000001b2c4fe738 mode 3
Event: 2.072 Thread 0x0000016be10355a0 DEOPT PACKING pc=0x0000016bd70b272b sp=0x0000001b2c6fe8d0
Event: 2.072 Thread 0x0000016be10355a0 DEOPT UNPACKING pc=0x0000016bd694ace3 sp=0x0000001b2c6fde18 mode 3

Classes unloaded (0 events):
No events

Classes redefined (0 events):
No events

Internal exceptions (20 events):
Event: 2.089 Thread 0x0000016be0f9eee0 Exception <a 'sun/nio/fs/WindowsException'{0x00000000c87530f0}> (0x00000000c87530f0) 
thrown [s\src\hotspot\share\prims\jni.cpp, line 516]
Event: 2.089 Thread 0x0000016be0f9eee0 Exception <a 'sun/nio/fs/WindowsException'{0x00000000c87534b0}> (0x00000000c87534b0) 
thrown [s\src\hotspot\share\prims\jni.cpp, line 516]
Event: 2.089 Thread 0x0000016be0f9eee0 Exception <a 'sun/nio/fs/WindowsException'{0x00000000c8753ee8}> (0x00000000c8753ee8) 
thrown [s\src\hotspot\share\prims\jni.cpp, line 516]
Event: 2.089 Thread 0x0000016be0f9eee0 Exception <a 'sun/nio/fs/WindowsException'{0x00000000c87542e8}> (0x00000000c87542e8) 
thrown [s\src\hotspot\share\prims\jni.cpp, line 516]
Event: 2.089 Thread 0x0000016be0f9eee0 Exception <a 'sun/nio/fs/WindowsException'{0x00000000c8754cf8}> (0x00000000c8754cf8) 
thrown [s\src\hotspot\share\prims\jni.cpp, line 516]
Event: 2.089 Thread 0x0000016be0f9eee0 Exception <a 'sun/nio/fs/WindowsException'{0x00000000c87550c8}> (0x00000000c87550c8) 
thrown [s\src\hotspot\share\prims\jni.cpp, line 516]
Event: 2.089 Thread 0x0000016be0f9eee0 Exception <a 'sun/nio/fs/WindowsException'{0x00000000c8755ab0}> (0x00000000c8755ab0) 
thrown [s\src\hotspot\share\prims\jni.cpp, line 516]
Event: 2.090 Thread 0x0000016be0f9eee0 Exception <a 'sun/nio/fs/WindowsException'{0x00000000c8755e40}> (0x00000000c8755e40) 
thrown [s\src\hotspot\share\prims\jni.cpp, line 516]
Event: 2.090 Thread 0x0000016be0f9eee0 Exception <a 'sun/nio/fs/WindowsException'{0x00000000c8756838}> (0x00000000c8756838) 
thrown [s\src\hotspot\share\prims\jni.cpp, line 516]
Event: 2.090 Thread 0x0000016be0f9eee0 Exception <a 'sun/nio/fs/WindowsException'{0x00000000c8756be8}> (0x00000000c8756be8) 
thrown [s\src\hotspot\share\prims\jni.cpp, line 516]
Event: 2.090 Thread 0x0000016be0f9eee0 Exception <a 'sun/nio/fs/WindowsException'{0x00000000c87575d0}> (0x00000000c87575d0) 
thrown [s\src\hotspot\share\prims\jni.cpp, line 516]
Event: 2.090 Thread 0x0000016be0f9eee0 Exception <a 'sun/nio/fs/WindowsException'{0x00000000c8757970}> (0x00000000c8757970) 
thrown [s\src\hotspot\share\prims\jni.cpp, line 516]
Event: 2.090 Thread 0x0000016be0f9eee0 Exception <a 'sun/nio/fs/WindowsException'{0x00000000c8758368}> (0x00000000c8758368) 
thrown [s\src\hotspot\share\prims\jni.cpp, line 516]
Event: 2.090 Thread 0x0000016be0f9eee0 Exception <a 'sun/nio/fs/WindowsException'{0x00000000c8758718}> (0x00000000c8758718) 
thrown [s\src\hotspot\share\prims\jni.cpp, line 516]
Event: 2.090 Thread 0x0000016be0f9eee0 Exception <a 'sun/nio/fs/WindowsException'{0x00000000c8759128}> (0x00000000c8759128) 
thrown [s\src\hotspot\share\prims\jni.cpp, line 516]
Event: 2.090 Thread 0x0000016be0f9eee0 Exception <a 'sun/nio/fs/WindowsException'{0x00000000c87594f8}> (0x00000000c87594f8) 
thrown [s\src\hotspot\share\prims\jni.cpp, line 516]
Event: 2.090 Thread 0x0000016be0f9eee0 Exception <a 'sun/nio/fs/WindowsException'{0x00000000c8759f20}> (0x00000000c8759f20) 
thrown [s\src\hotspot\share\prims\jni.cpp, line 516]
Event: 2.090 Thread 0x0000016be0f9eee0 Exception <a 'sun/nio/fs/WindowsException'{0x00000000c875a308}> (0x00000000c875a308) 
thrown [s\src\hotspot\share\prims\jni.cpp, line 516]
Event: 2.090 Thread 0x0000016be0f9eee0 Exception <a 'sun/nio/fs/WindowsException'{0x00000000c875ad28}> (0x00000000c875ad28) 
thrown [s\src\hotspot\share\prims\jni.cpp, line 516]
Event: 2.090 Thread 0x0000016be0f9eee0 Exception <a 'sun/nio/fs/WindowsException'{0x00000000c875b108}> (0x00000000c875b108) 
thrown [s\src\hotspot\share\prims\jni.cpp, line 516]

VM Operations (20 events):
Event: 2.190 Executing VM operation: HandshakeAllThreads done
Event: 2.239 Executing VM operation: G1CollectForAllocation
Event: 2.245 Executing VM operation: G1CollectForAllocation done
Event: 2.248 Executing VM operation: HandshakeAllThreads
Event: 2.248 Executing VM operation: HandshakeAllThreads done
Event: 2.341 Executing VM operation: G1CollectForAllocation
Event: 2.348 Executing VM operation: G1CollectForAllocation done
Event: 2.381 Executing VM operation: CollectForMetadataAllocation
Event: 2.393 Executing VM operation: CollectForMetadataAllocation done
Event: 2.404 Executing VM operation: G1CollectForAllocation
Event: 2.404 Executing VM operation: G1CollectForAllocation done
Event: 2.404 Executing VM operation: G1CollectForAllocation
Event: 2.406 Executing VM operation: G1CollectForAllocation done
Event: 2.411 Executing VM operation: G1CollectForAllocation
Event: 2.412 Executing VM operation: G1CollectForAllocation done
Event: 2.412 Executing VM operation: HandshakeAllThreads
Event: 2.412 Executing VM operation: HandshakeAllThreads done
Event: 2.417 Executing VM operation: G1Concurrent
Event: 2.418 Executing VM operation: G1Concurrent done
Event: 2.419 Executing VM operation: G1CollectForAllocation

Events (20 events):
Event: 2.184 loading class java/util/stream/Collectors$1PairBox
Event: 2.184 loading class java/util/stream/Collectors$1PairBox done
Event: 2.184 loading class java/util/concurrent/locks/AbstractQueuedSynchronizer$SharedNode
Event: 2.184 loading class java/util/concurrent/locks/AbstractQueuedSynchronizer$SharedNode done
Event: 2.184 loading class jdk/internal/module/SystemModuleFinders$ModuleContentSpliterator
Event: 2.184 loading class jdk/internal/module/SystemModuleFinders$ModuleContentSpliterator done
Event: 2.184 loading class jdk/internal/jimage/ImageReader$Directory
Event: 2.184 loading class jdk/internal/jimage/ImageReader$Node
Event: 2.185 loading class jdk/internal/jimage/ImageReader$Node done
Event: 2.185 loading class jdk/internal/jimage/ImageReader$Directory done
Event: 2.185 loading class jdk/internal/jimage/ImageReader$SharedImageReader$LocationVisitor
Event: 2.185 loading class jdk/internal/jimage/ImageReader$SharedImageReader$LocationVisitor done
Event: 2.185 loading class java/nio/ByteBufferAsIntBufferL
Event: 2.185 loading class java/nio/ByteBufferAsIntBufferL done
Event: 2.190 loading class jdk/internal/jimage/ImageReader$Resource
Event: 2.191 loading class jdk/internal/jimage/ImageReader$Resource done
Event: 2.191 loading class java/util/stream/LongStream
Event: 2.191 loading class java/util/stream/LongStream done
Event: 2.191 loading class java/util/stream/DoubleStream
Event: 2.191 loading class java/util/stream/DoubleStream done


Dynamic libraries:
0x00007ff700cd0000 - 0x00007ff700cde000 	c:\Users\MILU\.vscode\extensions\redhat.java-1.15.0-win32-x64\jre\17.0.6-win32-x86_64\bin\java.exe
0x00007ffccc840000 - 0x00007ffccca49000 	C:\WINDOWS\SYSTEM32\ntdll.dll
0x00007ffccb870000 - 0x00007ffccb92e000 	C:\WINDOWS\System32\KERNEL32.DLL
0x00007ffcca050000 - 0x00007ffcca3cc000 	C:\WINDOWS\System32\KERNELBASE.dll
0x00007ffcca4e0000 - 0x00007ffcca5f1000 	C:\WINDOWS\System32\ucrtbase.dll
0x00007ffcbd860000 - 0x00007ffcbd877000 	c:\Users\MILU\.vscode\extensions\redhat.java-1.15.0-win32-x64\jre\17.0.6-win32-x86_64\bin\jli.dll
0x00007ffcbd880000 - 0x00007ffcbd899000 	c:\Users\MILU\.vscode\extensions\redhat.java-1.15.0-win32-x64\jre\17.0.6-win32-x86_64\bin\VCRUNTIME140.dll
0x00007ffccbdb0000 - 0x00007ffccbf5d000 	C:\WINDOWS\System32\USER32.dll
0x00007ffcc9d90000 - 0x00007ffcc9db6000 	C:\WINDOWS\System32\win32u.dll
0x00007ffccadb0000 - 0x00007ffccadd9000 	C:\WINDOWS\System32\GDI32.dll
0x00007ffcc9dc0000 - 0x00007ffcc9ed8000 	C:\WINDOWS\System32\gdi32full.dll
0x00007ffcca440000 - 0x00007ffcca4dd000 	C:\WINDOWS\System32\msvcp_win.dll
0x00007ffcb7ca0000 - 0x00007ffcb7f45000 	C:\WINDOWS\WinSxS\amd64_microsoft.windows.common-controls_6595b64144ccf1df_6.0.22000.120_none_9d947278b86cc467\COMCTL32.dll
0x00007ffccad00000 - 0x00007ffccada3000 	C:\WINDOWS\System32\msvcrt.dll
0x00007ffccaeb0000 - 0x00007ffccaee2000 	C:\WINDOWS\System32\IMM32.DLL
0x00007ffcb64a0000 - 0x00007ffcb64ac000 	c:\Users\MILU\.vscode\extensions\redhat.java-1.15.0-win32-x64\jre\17.0.6-win32-x86_64\bin\vcruntime140_1.dll
0x00007ffc7f640000 - 0x00007ffc7f6d1000 	c:\Users\MILU\.vscode\extensions\redhat.java-1.15.0-win32-x64\jre\17.0.6-win32-x86_64\bin\msvcp140.dll
0x00007ffc47b00000 - 0x00007ffc48747000 	c:\Users\MILU\.vscode\extensions\redhat.java-1.15.0-win32-x64\jre\17.0.6-win32-x86_64\bin\server\jvm.dll
0x00007ffccaf80000 - 0x00007ffccb02e000 	C:\WINDOWS\System32\ADVAPI32.dll
0x00007ffccc080000 - 0x00007ffccc11e000 	C:\WINDOWS\System32\sechost.dll
0x00007ffcca7c0000 - 0x00007ffcca8e0000 	C:\WINDOWS\System32\RPCRT4.dll
0x00007ffca39e0000 - 0x00007ffca39e9000 	C:\WINDOWS\SYSTEM32\WSOCK32.dll
0x00007ffcba4b0000 - 0x00007ffcba4e3000 	C:\WINDOWS\SYSTEM32\WINMM.dll
0x00007ffccc320000 - 0x00007ffccc38f000 	C:\WINDOWS\System32\WS2_32.dll
0x00007ffcc09d0000 - 0x00007ffcc09da000 	C:\WINDOWS\SYSTEM32\VERSION.dll
0x00007ffcc8d50000 - 0x00007ffcc8d68000 	C:\WINDOWS\SYSTEM32\kernel.appcore.dll
0x00007ffcb29c0000 - 0x00007ffcb29ca000 	c:\Users\MILU\.vscode\extensions\redhat.java-1.15.0-win32-x64\jre\17.0.6-win32-x86_64\bin\jimage.dll
0x00007ffcc76f0000 - 0x00007ffcc7911000 	C:\WINDOWS\SYSTEM32\DBGHELP.DLL
0x00007ffcb96e0000 - 0x00007ffcb9711000 	C:\WINDOWS\SYSTEM32\dbgcore.DLL
0x00007ffcc9d10000 - 0x00007ffcc9d8f000 	C:\WINDOWS\System32\bcryptPrimitives.dll
0x00007ffcb2690000 - 0x00007ffcb26b5000 	c:\Users\MILU\.vscode\extensions\redhat.java-1.15.0-win32-x64\jre\17.0.6-win32-x86_64\bin\java.dll
0x00007ffcaadf0000 - 0x00007ffcaae08000 	c:\Users\MILU\.vscode\extensions\redhat.java-1.15.0-win32-x64\jre\17.0.6-win32-x86_64\bin\zip.dll
0x00007ffccb030000 - 0x00007ffccb7f5000 	C:\WINDOWS\System32\SHELL32.dll
0x00007ffcc7dc0000 - 0x00007ffcc8625000 	C:\WINDOWS\SYSTEM32\windows.storage.dll
0x00007ffcca8e0000 - 0x00007ffccac58000 	C:\WINDOWS\System32\combase.dll
0x00007ffcc7c50000 - 0x00007ffcc7db6000 	C:\WINDOWS\SYSTEM32\wintypes.dll
0x00007ffccbcc0000 - 0x00007ffccbdaa000 	C:\WINDOWS\System32\SHCORE.dll
0x00007ffccc120000 - 0x00007ffccc17d000 	C:\WINDOWS\System32\shlwapi.dll
0x00007ffcc9c40000 - 0x00007ffcc9c61000 	C:\WINDOWS\SYSTEM32\profapi.dll
0x00007ffcc4aa0000 - 0x00007ffcc4ab9000 	C:\Users\MILU\.vscode\extensions\redhat.java-1.15.0-win32-x64\jre\17.0.6-win32-x86_64\bin\net.dll
0x00007ffcc40b0000 - 0x00007ffcc41c4000 	C:\WINDOWS\SYSTEM32\WINHTTP.dll
0x00007ffcc9250000 - 0x00007ffcc92b7000 	C:\WINDOWS\system32\mswsock.dll
0x00007ffca86e0000 - 0x00007ffca86f5000 	C:\Users\MILU\.vscode\extensions\redhat.java-1.15.0-win32-x64\jre\17.0.6-win32-x86_64\bin\nio.dll
0x00007ffcc4a90000 - 0x00007ffcc4aa0000 	c:\Users\MILU\.vscode\extensions\redhat.java-1.15.0-win32-x64\jre\17.0.6-win32-x86_64\bin\verify.dll
0x00007ffcc95b0000 - 0x00007ffcc95c8000 	C:\WINDOWS\SYSTEM32\CRYPTSP.dll
0x00007ffcc8cb0000 - 0x00007ffcc8ce5000 	C:\WINDOWS\system32\rsaenh.dll
0x00007ffcc9320000 - 0x00007ffcc9349000 	C:\WINDOWS\SYSTEM32\USERENV.dll
0x00007ffcc96f0000 - 0x00007ffcc9717000 	C:\WINDOWS\SYSTEM32\bcrypt.dll
0x00007ffcc9470000 - 0x00007ffcc947c000 	C:\WINDOWS\SYSTEM32\CRYPTBASE.dll
0x00007ffcc8880000 - 0x00007ffcc88ad000 	C:\WINDOWS\SYSTEM32\IPHLPAPI.DLL
0x00007ffcca7b0000 - 0x00007ffcca7b9000 	C:\WINDOWS\System32\NSI.dll
0x00007ffcc3e50000 - 0x00007ffcc3e69000 	C:\WINDOWS\SYSTEM32\dhcpcsvc6.DLL
0x00007ffcc56d0000 - 0x00007ffcc56ee000 	C:\WINDOWS\SYSTEM32\dhcpcsvc.DLL
0x00007ffcc88b0000 - 0x00007ffcc8998000 	C:\WINDOWS\SYSTEM32\DNSAPI.dll
0x00007ffcb2880000 - 0x00007ffcb2889000 	C:\Users\MILU\.vscode\extensions\redhat.java-1.15.0-win32-x64\jre\17.0.6-win32-x86_64\bin\management.dll
0x00007ffcb2870000 - 0x00007ffcb287b000 	C:\Users\MILU\.vscode\extensions\redhat.java-1.15.0-win32-x64\jre\17.0.6-win32-x86_64\bin\management_ext.dll
0x00007ffccb860000 - 0x00007ffccb868000 	C:\WINDOWS\System32\PSAPI.DLL

dbghelp: loaded successfully - version: 4.0.5 - missing functions: none
symbol engine: initialized successfully - sym options: 0x614 - pdb path: .;c:\Users\MILU\.vscode\extensions\redhat.java-1.15.0-win32-x64\jre\17.0.6-win32-x86_64\bin;C:\WINDOWS\SYSTEM32;C:\WINDOWS\WinSxS\amd64_microsoft.windows.common-controls_6595b64144ccf1df_6.0.22000.120_none_9d947278b86cc467;c:\Users\MILU\.vscode\extensions\redhat.java-1.15.0-win32-x64\jre\17.0.6-win32-x86_64\bin\server

VM Arguments:
jvm_args: -XX:+HeapDumpOnOutOfMemoryError -Xmx1024m -Dsts.lsp.client=vscode -Dsts.log.file=/dev/null -XX:TieredStopAtLevel=1 -Xlog:jni+resolve=off -Dspring.config.location=file:c:\Users\MILU\.vscode\extensions\vmware.vscode-spring-boot-1.44.0\language-server\BOOT-INF\classes\application.properties 
java_command: org.springframework.ide.vscode.boot.app.BootLanguageServerBootApp
java_class_path (initial): c:\Users\MILU\.vscode\extensions\vmware.vscode-spring-boot-1.44.0\language-server\BOOT-INF\classes;c:\Users\MILU\.vscode\extensions\vmware.vscode-spring-boot-1.44.0\language-server\BOOT-INF\lib\annotations-24.0.0.jar;c:\Users\MILU\.vscode\extensions\vmware.vscode-spring-boot-1.44.0\language-server\BOOT-INF\lib\ant-1.10.13.jar;c:\Users\MILU\.vscode\extensions\vmware.vscode-spring-boot-1.44.0\language-server\BOOT-INF\lib\ant-launcher-1.10.13.jar;c:\Users\MILU\.vscode\extensions\vmware.vscode-spring-boot-1.44.0\language-server\BOOT-INF\lib\antlr-runtime-3.5.2.jar;c:\Users\MILU\.vscode\extensions\vmware.vscode-spring-boot-1.44.0\language-server\BOOT-INF\lib\antlr4-4.9.3.jar;c:\Users\MILU\.vscode\extensions\vmware.vscode-spring-boot-1.44.0\language-server\BOOT-INF\lib\antlr4-runtime-4.9.3.jar;c:\Users\MILU\.vscode\extensions\vmware.vscode-spring-boot-1.44.0\language-server\BOOT-INF\lib\apiguardian-api-1.1.2.jar;c:\Users\MILU\.vscode\extensions\vmware.vscode-spring-boot-1.44.0\language-server\BOOT-INF\lib\asm-9.4.jar;c:\Users\MILU\.vscode\extensions\vmware.vscode-spring-boot-1.44.0\language-server\BOOT-INF\lib\asm-analysis-9.4.jar;c:\Users\MILU\.vscode\extensions\vmware.vscode-spring-boot-1.44.0\language-server\BOOT-INF\lib\asm-tree-9.4.jar;c:\Users\MILU\.vscode\extensions\vmware.vscode-spring-boot-1.44.0\language-server\BOOT-INF\lib\asm-util-9.4.jar;c:\Users\MILU\.vscode\extensions\vmware.vscode-spring-boot-1.44.0\language-server\BOOT-INF\lib\caffeine-3.1.2.jar;c:\Users\MILU\.vscode\extensions\vmware.vscode-spring-boot-1.44.0\language-server\BOOT-INF\lib\checker-qual-3.12.0.jar;c:\Users\MILU\.vscode\extensions\vmware.vscode-spring-boot-1.44.0\language-server\BOOT-INF\lib\ci-environment-9.1.0.jar;c:\Users\MILU\.vscode\extensions\vmware.vscode-spring-boot-1.44.0\language-server\BOOT-INF\lib\classgraph-4.8.149.jar;c:\Users\MILU\.vscode\extensions\vmware.vscode-spring-boot-1.44.0\language-server\BOOT-INF\lib\commons-codec-1.15.jar;c:\Users\MILU\.
Launcher Type: SUN_STANDARD

[Global flags]
     intx CICompilerCount                          = 4                                         {product} {ergonomic}
     uint ConcGCThreads                            = 3                                         {product} {ergonomic}
     uint G1ConcRefinementThreads                  = 10                                        {product} {ergonomic}
   size_t G1HeapRegionSize                         = 1048576                                   {product} {ergonomic}
    uintx GCDrainStackTargetSize                   = 64                                        {product} {ergonomic}
     bool HeapDumpOnOutOfMemoryError               = true                                   {manageable} {command line}
   size_t InitialHeapSize                          = 255852544                                 {product} {ergonomic}
   size_t MarkStackSize                            = 4194304                                   {product} {ergonomic}
   size_t MaxHeapSize                              = 1073741824                                {product} {command line}
   size_t MaxNewSize                               = 643825664                                 {product} {ergonomic}
   size_t MinHeapDeltaBytes                        = 1048576                                   {product} {ergonomic}
   size_t MinHeapSize                              = 8388608                                   {product} {ergonomic}
    uintx NonProfiledCodeHeapSize                  = 0                                      {pd product} {ergonomic}
     bool ProfileInterpreter                       = false                                  {pd product} {command line}
    uintx ProfiledCodeHeapSize                     = 0                                      {pd product} {ergonomic}
   size_t SoftMaxHeapSize                          = 1073741824                             {manageable} {ergonomic}
     intx TieredStopAtLevel                        = 1                                         {product} {command line}
     bool UseCompressedClassPointers               = true                           {product lp64_product} {ergonomic}
     bool UseCompressedOops                        = true                           {product lp64_product} {ergonomic}
     bool UseG1GC                                  = true                                      {product} {ergonomic}
     bool UseLargePagesIndividualAllocation        = false                                  {pd product} {ergonomic}

Logging:
Log output configuration:
 #0: stdout all=warning,jni+resolve=off uptime,level,tags
 #1: stderr all=off uptime,level,tags

Environment Variables:
JAVA_HOME=C:\Program Files\Java\jdk1.8.0_351
PATH=C:\ffmpeg\bin;C:\Program Files (x86)\Common Files\Oracle\Java\javapath;C:\Program Files\Oculus\Support\oculus-runtime;c:\windows\system32;c:\windows;c:\windows\system32\wbem;c:\windows\system32\windowspowershell\v1.0\;c:\windows\system32\openssh\;C:\Program Files (x86)\NVIDIA Corporation\PhysX\Common;C:\Program Files\dotnet\;C:\WINDOWS\system32;C:\WINDOWS;C:\WINDOWS\System32\Wbem;C:\WINDOWS\System32\WindowsPowerShell\v1.0\;C:\WINDOWS\System32\OpenSSH\;C:\Program Files\NVIDIA Corporation\NVIDIA NvDLISR;C:\WINDOWS\system32;C:\WINDOWS;C:\WINDOWS\System32\Wbem;C:\WINDOWS\System32\WindowsPowerShell\v1.0\;C:\WINDOWS\System32\OpenSSH\;C:\Program Files\IDM Computer Solutions\UltraEdit;C:\Program Files\Git\cmd;C:\Program Files\Cloudflare\Cloudflare WARP\;C:\Program Files\Java\jdk1.8.0_351\bin;C:\Users\MILU\AppData\Local\Programs\Python\Python310\Scripts\;C:\Users\MILU\AppData\Local\Programs\Python\Python310\;C:\Cadence\SPB_17.2\OpenAccess\bin\win32\opt;C:\Cadence\SPB_17.2\tools\pcb\bin;C:\Cadence\SPB_17.2\tools\fet\bi;C:\Program Files\nodejs\;C:\Users\MILU\AppData\Local\Programs\Python\Python310\Scripts\;C:\Users\MILU\AppData\Local\Programs\Python\Python310\;C:\Cadence\SPB_17.2\OpenAccess\bin\win32\opt;C:\Cadence\SPB_17.2\tools\pcb\bin;C:\Cadence\SPB_17.2\tools\fet\bin;C:\Cadence\SPB_17.2\tools\Capture;C:\Cadence\SPB_17.2\tools\PSpice;C:\Cadence\SPB_17.2\tools\specctra\bin;C:\Cadence\SPB_17.2\tools\bin;C:\Users\MILU\AppData\Local\Microsoft\WindowsApps;C:\Program Files\Bandizip\;;C:\Users\MILU\AppData\Local\afreeca;C:\Users\MILU\AppData\Local\Programs\Microsoft VS Code\bin;C:\Program Files\JetBrains\IntelliJ IDEA Community Edition 2022.2.2\bin;;C:\Users\MILU\AppData\Local\Programs\Fiddler;C:\Users\MILU\.dotnet\tools;C:\Users\MILU\AppData\Roaming\npm
USERNAME=MILU
OS=Windows_NT
PROCESSOR_IDENTIFIER=AMD64 Family 25 Model 97 Stepping 2, AuthenticAMD
TMP=C:\Users\MILU\AppData\Local\Temp
TEMP=C:\Users\MILU\AppData\Local\Temp



---------------  S Y S T E M  ---------------

OS:
 Windows 11 , 64 bit Build 22000 (10.0.22000.1516)
OS uptime: 0 days 0:07 hours
Hyper-V role detected

CPU: total 12 (initial active 12) (12 cores per cpu, 2 threads per core) family 25 model 97 stepping 2 microcode 0x0, cx8, cmov, fxsr, ht, mmx, 3dnowpref, sse, sse2, sse3, ssse3, sse4a, sse4.1, sse4.2, popcnt, lzcnt, tsc, tscinvbit, avx, avx2, aes, erms, clmul, bmi1, bmi2, adx, avx512f, avx512dq, avx512cd, avx512bw, avx512vl, sha, fma, vzeroupper, avx512_vpopcntdq, avx512_vpclmulqdq, avx512_vaes, avx512_vnni, clflush, clflushopt, avx512_vbmi2, avx512_vbmi, hv

Memory: 4k page, system-wide physical 15516M (7059M free)
TotalPageFile size 15516M (AvailPageFile size 85M)
current process WorkingSet (physical memory assigned to process): 256M, peak: 256M
current process commit charge ("private bytes"): 394M, peak: 521M

vm_info: OpenJDK 64-Bit Server VM (17.0.6+10) for windows-amd64 JRE (17.0.6+10), built on Jan 18 2023 10:08:59 by "temurin" with MS VC++ 16.7 (VS2019)

END.
