#
# There is insufficient memory for the Java Runtime Environment to continue.
# Native memory allocation (malloc) failed to allocate 131088 bytes for Chunk::new
# Possible reasons:
#   The system is out of physical RAM or swap space
#   The process is running with CompressedOops enabled, and the Java Heap may be blocking the growth of the native heap
# Possible solutions:
#   Reduce memory load on the system
#   Increase physical memory or swap space
#   Check if swap backing store is full
#   Decrease Java heap size (-Xmx/-Xms)
#   Decrease number of Java threads
#   Decrease Java thread stack sizes (-Xss)
#   Set larger code cache with -XX:ReservedCodeCacheSize=
#   JVM is running with Zero Based Compressed Oops mode in which the Java heap is
#     placed in the first 32GB address space. The Java Heap base address is the
#     maximum limit for the native heap growth. Please use -XX:HeapBaseMinAddress
#     to set the Java Heap base and to place the Java Heap above 32GB virtual address.
# This output file may be truncated or incomplete.
#
#  Out of Memory Error (allocation.cpp:389), pid=20064, tid=0x000000000000384c
#
# JRE version: Java(TM) SE Runtime Environment (8.0_351-b10) (build 1.8.0_351-b10)
# Java VM: Java HotSpot(TM) 64-Bit Server VM (25.351-b10 mixed mode windows-amd64 compressed oops)
# Failed to write core dump. Minidumps are not enabled by default on client versions of Windows
#

---------------  T H R E A D  ---------------

Current thread (0x0000023e4f73e800):  JavaThread "C2 CompilerThread0" daemon [_thread_in_native, id=14412, stack(0x000000799f500000,0x000000799f600000)]

Stack: [0x000000799f500000,0x000000799f600000]
Native frames: (J=compiled Java code, j=interpreted, Vv=VM code, C=native code)
V  [jvm.dll+0x3300b9]
V  [jvm.dll+0x276632]
V  [jvm.dll+0x2772dd]
V  [jvm.dll+0x26dc85]
V  [jvm.dll+0xd584c]
V  [jvm.dll+0xd604c]
V  [jvm.dll+0xd5b9d]
V  [jvm.dll+0x4c7f1f]
V  [jvm.dll+0x44873b]
V  [jvm.dll+0x4ddfd9]
V  [jvm.dll+0x441321]
V  [jvm.dll+0x42c27b]
V  [jvm.dll+0xac69b]
V  [jvm.dll+0xaacfb]
V  [jvm.dll+0x23ec62]
V  [jvm.dll+0x29330c]
C  [ucrtbase.dll+0x26c0c]
C  [KERNEL32.DLL+0x155a0]
C  [ntdll.dll+0x485b]


Current CompileTask:
C2:    408  618       4       java.nio.file.FileTreeIterator::fetchNextIfNeeded (65 bytes)


---------------  P R O C E S S  ---------------

Java Threads: ( => current thread )
  0x0000023e51c0e000 JavaThread "Service Thread" daemon [_thread_blocked, id=4120, stack(0x000000799f900000,0x000000799fa00000)]
  0x0000023e4f761000 JavaThread "C1 CompilerThread3" daemon [_thread_blocked, id=24364, stack(0x000000799f800000,0x000000799f900000)]
  0x0000023e4f756000 JavaThread "C2 CompilerThread2" daemon [_thread_blocked, id=11844, stack(0x000000799f700000,0x000000799f800000)]
  0x0000023e4f740800 JavaThread "C2 CompilerThread1" daemon [_thread_blocked, id=18908, stack(0x000000799f600000,0x000000799f700000)]
=>0x0000023e4f73e800 JavaThread "C2 CompilerThread0" daemon [_thread_in_native, id=14412, stack(0x000000799f500000,0x000000799f600000)]
  0x0000023e51b93800 JavaThread "Attach Listener" daemon [_thread_blocked, id=4184, stack(0x000000799f400000,0x000000799f500000)]
  0x0000023e4f727800 JavaThread "Signal Dispatcher" daemon [_thread_blocked, id=17380, stack(0x000000799f300000,0x000000799f400000)]
  0x0000023e4f70a800 JavaThread "Finalizer" daemon [_thread_blocked, id=21040, stack(0x000000799f200000,0x000000799f300000)]
  0x0000023e4f703800 JavaThread "Reference Handler" daemon [_thread_blocked, id=18892, stack(0x000000799f100000,0x000000799f200000)]
  0x0000023e34ff6000 JavaThread "main" [_thread_in_native, id=3900, stack(0x000000799e500000,0x000000799e600000)]

Other Threads:
  0x0000023e4f6db800 VMThread [stack: 0x000000799f000000,0x000000799f100000] [id=21544]
  0x0000023e51c35800 WatcherThread [stack: 0x000000799fa00000,0x000000799fb00000] [id=5516]

VM state:not at safepoint (normal execution)

VM Mutex/Monitor currently owned by a thread: None

heap address: 0x00000006cd800000, size: 3880 MB, Compressed Oops mode: Zero based, Oop shift amount: 3
Narrow klass base: 0x0000000000000000, Narrow klass shift: 3
Compressed class space size: 1073741824 Address: 0x00000007c0000000

Heap:
 PSYoungGen      total 72704K, used 15076K [0x000000076f300000, 0x0000000774400000, 0x00000007c0000000)
  eden space 62464K, 24% used [0x000000076f300000,0x00000007701b91c8,0x0000000773000000)
  from space 10240K, 0% used [0x0000000773a00000,0x0000000773a00000,0x0000000774400000)
  to   space 10240K, 0% used [0x0000000773000000,0x0000000773000000,0x0000000773a00000)
 ParOldGen       total 166912K, used 0K [0x00000006cd800000, 0x00000006d7b00000, 0x000000076f300000)
  object space 166912K, 0% used [0x00000006cd800000,0x00000006cd800000,0x00000006d7b00000)
 Metaspace       used 7216K, capacity 7410K, committed 7552K, reserved 1056768K
  class space    used 806K, capacity 870K, committed 896K, reserved 1048576K

Card table byte_map: [0x0000023e45e90000,0x0000023e46630000] byte_map_base: 0x0000023e42824000

Marking Bits: (ParMarkBitMap*) 0x0000000071d38fd0
 Begin Bits: [0x0000023e46b40000, 0x0000023e4a7e0000)
 End Bits:   [0x0000023e4a7e0000, 0x0000023e4e480000)

Polling page: 0x0000023e36aa0000

CodeCache: size=245760Kb used=2490Kb max_used=2503Kb free=243269Kb
 bounds [0x0000023e36ad0000, 0x0000023e36d50000, 0x0000023e45ad0000]
 total_blobs=934 nmethods=620 adapters=228
 compilation: enabled

Compilation events (10 events):
Event: 0.322 Thread 0x0000023e4f761000 nmethod 614 0x0000023e36d3cb50 code [0x0000023e36d3cd00, 0x0000023e36d3d1c0]
Event: 0.322 Thread 0x0000023e4f761000  615       3       sun.nio.fs.WindowsPath::needsSlashWhenResolving (37 bytes)
Event: 0.322 Thread 0x0000023e4f761000 nmethod 615 0x0000023e36d3c150 code [0x0000023e36d3c2e0, 0x0000023e36d3c8d0]
Event: 0.367 Thread 0x0000023e4f761000  616       3       java.util.stream.ReduceOps$3ReducingSink::accept (15 bytes)
Event: 0.367 Thread 0x0000023e4f761000 nmethod 616 0x0000023e36d3ac50 code [0x0000023e36d3adc0, 0x0000023e36d3aff0]
Event: 0.367 Thread 0x0000023e4f761000  617       3       java.util.stream.Collectors$$Lambda$6/1407343478::accept (11 bytes)
Event: 0.367 Thread 0x0000023e4f761000 nmethod 617 0x0000023e36d3ebd0 code [0x0000023e36d3ed40, 0x0000023e36d3f070]
Event: 0.388 Thread 0x0000023e4f73e800  618       4       java.nio.file.FileTreeIterator::fetchNextIfNeeded (65 bytes)
Event: 0.396 Thread 0x0000023e4f756000  619       4       java.io.WinNTFileSystem::prefixLength (91 bytes)
Event: 0.397 Thread 0x0000023e4f756000 nmethod 619 0x0000023e36d3e510 code [0x0000023e36d3e660, 0x0000023e36d3e8b8]

GC Heap History (0 events):
No events

Deoptimization events (0 events):
No events

Classes redefined (0 events):
No events

Internal exceptions (6 events):
Event: 0.021 Thread 0x0000023e34ff6000 Exception <a 'java/lang/NoSuchMethodError': Method sun.misc.Unsafe.defineClass(Ljava/lang/String;[BII)Ljava/lang/Class; name or signature does not match> (0x000000076f307ce0) thrown at [C:\jenkins\workspace\8-2-build-windows-x64-cygwin\jdk8u351\2908\hotsp
Event: 0.021 Thread 0x0000023e34ff6000 Exception <a 'java/lang/NoSuchMethodError': Method sun.misc.Unsafe.prefetchRead(Ljava/lang/Object;J)V name or signature does not match> (0x000000076f307fc8) thrown at [C:\jenkins\workspace\8-2-build-windows-x64-cygwin\jdk8u351\2908\hotspot\src\share\vm\pr
Event: 0.109 Thread 0x0000023e34ff6000 Exception <a 'java/security/PrivilegedActionException'> (0x000000076f84e478) thrown at [C:\jenkins\workspace\8-2-build-windows-x64-cygwin\jdk8u351\2908\hotspot\src\share\vm\prims\jvm.cpp, line 1513]
Event: 0.109 Thread 0x0000023e34ff6000 Exception <a 'java/security/PrivilegedActionException'> (0x000000076f84ea58) thrown at [C:\jenkins\workspace\8-2-build-windows-x64-cygwin\jdk8u351\2908\hotspot\src\share\vm\prims\jvm.cpp, line 1513]
Event: 0.177 Thread 0x0000023e34ff6000 Exception <a 'java/lang/NoSuchFieldError': method resolution failed> (0x000000076fbfd858) thrown at [C:\jenkins\workspace\8-2-build-windows-x64-cygwin\jdk8u351\2908\hotspot\src\share\vm\prims\methodHandles.cpp, line 1188]
Event: 0.178 Thread 0x0000023e34ff6000 Exception <a 'java/lang/NoSuchFieldError': method resolution failed> (0x000000076fc0abc8) thrown at [C:\jenkins\workspace\8-2-build-windows-x64-cygwin\jdk8u351\2908\hotspot\src\share\vm\prims\methodHandles.cpp, line 1188]

Events (10 events):
Event: 0.190 loading class java/util/stream/Sink$ChainedReference done
Event: 0.190 loading class java/util/stream/ReferencePipeline$3$1 done
Event: 0.190 loading class java/util/stream/ReferencePipeline$2$1
Event: 0.190 loading class java/util/stream/ReferencePipeline$2$1 done
Event: 0.190 loading class sun/nio/fs/WindowsPath$WindowsPathWithAttributes
Event: 0.190 loading class sun/nio/fs/BasicFileAttributesHolder
Event: 0.190 loading class sun/nio/fs/BasicFileAttributesHolder done
Event: 0.190 loading class sun/nio/fs/WindowsPath$WindowsPathWithAttributes done
Event: 0.214 Thread 0x0000023e34ff6000 DEOPT PACKING pc=0x0000023e36c9e595 sp=0x000000799e5fefb0
Event: 0.214 Thread 0x0000023e34ff6000 DEOPT UNPACKING pc=0x0000023e36b17518 sp=0x000000799e5fed00 mode 0


Dynamic libraries:
0x00007ff69dad0000 - 0x00007ff69db17000 	C:\Program Files\Java\jdk1.8.0_351\bin\java.exe
0x00007ffeea3a0000 - 0x00007ffeea5a9000 	C:\WINDOWS\SYSTEM32\ntdll.dll
0x00007ffee8ca0000 - 0x00007ffee8d5e000 	C:\WINDOWS\System32\KERNEL32.DLL
0x00007ffee7870000 - 0x00007ffee7bec000 	C:\WINDOWS\System32\KERNELBASE.dll
0x00007ffeea160000 - 0x00007ffeea20e000 	C:\WINDOWS\System32\ADVAPI32.dll
0x00007ffee89a0000 - 0x00007ffee8a43000 	C:\WINDOWS\System32\msvcrt.dll
0x00007ffee8ae0000 - 0x00007ffee8b7e000 	C:\WINDOWS\System32\sechost.dll
0x00007ffee9460000 - 0x00007ffee9580000 	C:\WINDOWS\System32\RPCRT4.dll
0x00007ffee8220000 - 0x00007ffee83cd000 	C:\WINDOWS\System32\USER32.dll
0x00007ffee7ec0000 - 0x00007ffee7ee6000 	C:\WINDOWS\System32\win32u.dll
0x00007ffee8c10000 - 0x00007ffee8c39000 	C:\WINDOWS\System32\GDI32.dll
0x00007ffee8090000 - 0x00007ffee81a8000 	C:\WINDOWS\System32\gdi32full.dll
0x00007ffee7cb0000 - 0x00007ffee7d4d000 	C:\WINDOWS\System32\msvcp_win.dll
0x00007ffee7f70000 - 0x00007ffee8081000 	C:\WINDOWS\System32\ucrtbase.dll
0x00007ffed5f00000 - 0x00007ffed61a5000 	C:\WINDOWS\WinSxS\amd64_microsoft.windows.common-controls_6595b64144ccf1df_6.0.22000.120_none_9d947278b86cc467\COMCTL32.dll
0x00007ffee8580000 - 0x00007ffee85b2000 	C:\WINDOWS\System32\IMM32.DLL
0x00007ffea4c60000 - 0x00007ffea4c75000 	C:\Program Files\Java\jdk1.8.0_351\jre\bin\vcruntime140.dll
0x00007ffe70460000 - 0x00007ffe704fb000 	C:\Program Files\Java\jdk1.8.0_351\jre\bin\msvcp140.dll
0x0000000071550000 - 0x0000000071db1000 	C:\Program Files\Java\jdk1.8.0_351\jre\bin\server\jvm.dll
0x00007ffee9580000 - 0x00007ffee9588000 	C:\WINDOWS\System32\PSAPI.DLL
0x00007ffed81e0000 - 0x00007ffed8213000 	C:\WINDOWS\SYSTEM32\WINMM.dll
0x00007ffec14c0000 - 0x00007ffec14c9000 	C:\WINDOWS\SYSTEM32\WSOCK32.dll
0x00007ffede1d0000 - 0x00007ffede1da000 	C:\WINDOWS\SYSTEM32\VERSION.dll
0x00007ffee8a70000 - 0x00007ffee8adf000 	C:\WINDOWS\System32\WS2_32.dll
0x00007ffee68b0000 - 0x00007ffee68c8000 	C:\WINDOWS\SYSTEM32\kernel.appcore.dll
0x00007ffece5f0000 - 0x00007ffece600000 	C:\Program Files\Java\jdk1.8.0_351\jre\bin\verify.dll
0x00007ffea1b40000 - 0x00007ffea1b6b000 	C:\Program Files\Java\jdk1.8.0_351\jre\bin\java.dll
0x00007ffece3d0000 - 0x00007ffece3e8000 	C:\Program Files\Java\jdk1.8.0_351\jre\bin\zip.dll
0x00007ffee9590000 - 0x00007ffee9d55000 	C:\WINDOWS\System32\SHELL32.dll
0x00007ffee5920000 - 0x00007ffee6185000 	C:\WINDOWS\SYSTEM32\windows.storage.dll
0x00007ffee9de0000 - 0x00007ffeea158000 	C:\WINDOWS\System32\combase.dll
0x00007ffee5740000 - 0x00007ffee58a6000 	C:\WINDOWS\SYSTEM32\wintypes.dll
0x00007ffee8d60000 - 0x00007ffee8e4a000 	C:\WINDOWS\System32\SHCORE.dll
0x00007ffee83d0000 - 0x00007ffee842d000 	C:\WINDOWS\System32\shlwapi.dll
0x00007ffee77a0000 - 0x00007ffee77c1000 	C:\WINDOWS\SYSTEM32\profapi.dll
0x00007ffe7ef60000 - 0x00007ffe7ef7c000 	C:\Program Files\Java\jdk1.8.0_351\jre\bin\net.dll
0x00007ffee6d40000 - 0x00007ffee6da7000 	C:\WINDOWS\system32\mswsock.dll
0x00007ffe70510000 - 0x00007ffe70523000 	C:\Program Files\Java\jdk1.8.0_351\jre\bin\nio.dll
0x00007ffee53b0000 - 0x00007ffee55d1000 	C:\WINDOWS\SYSTEM32\dbghelp.dll
0x00007ffee7ef0000 - 0x00007ffee7f6f000 	C:\WINDOWS\System32\bcryptPrimitives.dll

VM Arguments:
jvm_args: -Dfile.encoding=utf8 
java_command: c:\Users\MILU\.vscode\extensions\vscjava.vscode-gradle-3.12.6\lib\gradle-language-server.jar
java_class_path (initial): c:\Users\MILU\.vscode\extensions\vscjava.vscode-gradle-3.12.6\lib\gradle-language-server.jar
Launcher Type: SUN_STANDARD

Environment Variables:
JAVA_HOME=C:\Program Files\Java\jdk1.8.0_351
PATH=C:\ffmpeg\bin;C:\Program Files (x86)\Common Files\Oracle\Java\javapath;C:\Program Files\Oculus\Support\oculus-runtime;c:\windows\system32;c:\windows;c:\windows\system32\wbem;c:\windows\system32\windowspowershell\v1.0\;c:\windows\system32\openssh\;C:\Program Files (x86)\NVIDIA Corporation\PhysX\Common;C:\Program Files\dotnet\;C:\WINDOWS\system32;C:\WINDOWS;C:\WINDOWS\System32\Wbem;C:\WINDOWS\System32\WindowsPowerShell\v1.0\;C:\WINDOWS\System32\OpenSSH\;C:\Program Files\NVIDIA Corporation\NVIDIA NvDLISR;C:\WINDOWS\system32;C:\WINDOWS;C:\WINDOWS\System32\Wbem;C:\WINDOWS\System32\WindowsPowerShell\v1.0\;C:\WINDOWS\System32\OpenSSH\;C:\Program Files\IDM Computer Solutions\UltraEdit;C:\Program Files\Git\cmd;C:\Program Files\Cloudflare\Cloudflare WARP\;C:\Program Files\Java\jdk1.8.0_351\bin;C:\Users\MILU\AppData\Local\Programs\Python\Python310\Scripts\;C:\Users\MILU\AppData\Local\Programs\Python\Python310\;C:\Cadence\SPB_17.2\OpenAccess\bin\win32\opt;C:\Cadence\SPB_17.2\tools\pcb\bin;C:\Cadence\SPB_17.2\tools\fet\bi;C:\Program Files\nodejs\;C:\Users\MILU\AppData\Local\Programs\Python\Python310\Scripts\;C:\Users\MILU\AppData\Local\Programs\Python\Python310\;C:\Cadence\SPB_17.2\OpenAccess\bin\win32\opt;C:\Cadence\SPB_17.2\tools\pcb\bin;C:\Cadence\SPB_17.2\tools\fet\bin;C:\Cadence\SPB_17.2\tools\Capture;C:\Cadence\SPB_17.2\tools\PSpice;C:\Cadence\SPB_17.2\tools\specctra\bin;C:\Cadence\SPB_17.2\tools\bin;C:\Users\MILU\AppData\Local\Microsoft\WindowsApps;C:\Program Files\Bandizip\;;C:\Users\MILU\AppData\Local\afreeca;C:\Users\MILU\AppData\Local\Programs\Microsoft VS Code\bin;C:\Program Files\JetBrains\IntelliJ IDEA Community Edition 2022.2.2\bin;;C:\Users\MILU\AppData\Local\Programs\Fiddler;C:\Users\MILU\.dotnet\tools;C:\Users\MILU\AppData\Roaming\npm
USERNAME=MILU
OS=Windows_NT
PROCESSOR_IDENTIFIER=AMD64 Family 25 Model 97 Stepping 2, AuthenticAMD



---------------  S Y S T E M  ---------------

OS: Windows 11 , 64 bit Build 22000 (10.0.22000.1516)

CPU:total 12 (initial active 12) (12 cores per cpu, 1 threads per core) family 25 model 97 stepping 2, cmov, cx8, fxsr, mmx, sse, sse2, sse3, ssse3, sse4.1, sse4.2, popcnt, avx, avx2, aes, clmul, erms, mmxext, 3dnowpref, lzcnt, sse4a, tsc, tscinvbit, tscinv, bmi1

Memory: 4k page, physical 15889100k(8444316k free), swap 15889100k(3900k free)

vm_info: Java HotSpot(TM) 64-Bit Server VM (25.351-b10) for windows-amd64 JRE (1.8.0_351-b10), built on Sep 15 2022 02:58:06 by "java_re" with MS VC++ 15.9 (VS2017)

time: Sun Feb 26 12:00:40 2023
timezone: AMD64 Family 25 Model 97 Stepping 2, AuthenticAMD
elapsed time: 0.411590 seconds (0d 0h 0m 0s)

