#
# There is insufficient memory for the Java Runtime Environment to continue.
# Native memory allocation (malloc) failed to allocate 1106496 bytes for Chunk::new
# Possible reasons:
#   The system is out of physical RAM or swap space
#   The process is running with CompressedOops enabled, and the Java Heap may be blocking the growth of the native heap
# Possible solutions:
#   Reduce memory load on the system
#   Increase physical memory or swap space
#   Check if swap backing store is full
#   Decrease Java heap size (-Xmx/-Xms)
#   Decrease number of Java threads
#   Decrease Java thread stack sizes (-Xss)
#   Set larger code cache with -XX:ReservedCodeCacheSize=
#   JVM is running with Unscaled Compressed Oops mode in which the Java heap is
#     placed in the first 4GB address space. The Java Heap base address is the
#     maximum limit for the native heap growth. Please use -XX:HeapBaseMinAddress
#     to set the Java Heap base and to place the Java Heap above 4GB virtual address.
# This output file may be truncated or incomplete.
#
#  Out of Memory Error (arena.cpp:189), pid=21404, tid=29604
#
# JRE version: OpenJDK Runtime Environment Temurin-17.0.6+10 (17.0.6+10) (build 17.0.6+10)
# Java VM: OpenJDK 64-Bit Server VM Temurin-17.0.6+10 (17.0.6+10, mixed mode, tiered, compressed oops, compressed class ptrs, parallel gc, windows-amd64)
# No core dump will be written. Minidumps are not enabled by default on client versions of Windows
#

---------------  S U M M A R Y ------------

Command Line: --add-modules=ALL-SYSTEM --add-opens=java.base/java.util=ALL-UNNAMED --add-opens=java.base/java.lang=ALL-UNNAMED --add-opens=java.base/sun.nio.fs=ALL-UNNAMED -Declipse.application=org.eclipse.jdt.ls.core.id1 -Dosgi.bundles.defaultStartLevel=4 -Declipse.product=org.eclipse.jdt.ls.core.product -Djava.import.generatesMetadataFilesAtProjectRoot=false -Dfile.encoding=utf8 -XX:+UseParallelGC -XX:GCTimeRatio=4 -XX:AdaptiveSizePolicyWeight=90 -Dsun.zip.disableMemoryMapping=true -Xmx2G -Xms100m -Xlog:disable -javaagent:c:\Users\MILU\.vscode\extensions\redhat.java-1.15.0-win32-x64\lombok\lombok-1.18.24.jar -XX:+HeapDumpOnOutOfMemoryError -XX:HeapDumpPath=c:\Users\MILU\AppData\Roaming\Code\User\workspaceStorage\fc16c159672cfacfee64a0ca5a9c0ba6\redhat.java c:\Users\MILU\.vscode\extensions\redhat.java-1.15.0-win32-x64\server\plugins\org.eclipse.equinox.launcher_1.6.400.v20210924-0641.jar -configuration c:\Users\MILU\AppData\Roaming\Code\User\globalStorage\redhat.java\1.15.0\config_win -data c:\Users\MILU\AppData\Roaming\Code\User\workspaceStorage\fc16c159672cfacfee64a0ca5a9c0ba6\redhat.java\jdt_ws

Host: AMD Ryzen 5 7600 6-Core Processor              , 12 cores, 15G,  Windows 11 , 64 bit Build 22000 (10.0.22000.1516)
Time: Sun Feb 26 12:32:43 2023  Windows 11 , 64 bit Build 22000 (10.0.22000.1516) elapsed time: 3.894739 seconds (0d 0h 0m 3s)

---------------  T H R E A D  ---------------

Current thread (0x000001be634d62b0):  JavaThread "C2 CompilerThread0" daemon [_thread_in_native, id=29604, stack(0x0000009c11400000,0x0000009c11500000)]


Current CompileTask:
C2:   3894 6369       4       jdk.internal.module.SystemModuleFinders$SystemModuleReader::find (59 bytes)

Stack: [0x0000009c11400000,0x0000009c11500000]
Native frames: (J=compiled Java code, j=interpreted, Vv=VM code, C=native code)
V  [jvm.dll+0x67741a]
V  [jvm.dll+0x834434]
V  [jvm.dll+0x835bde]
V  [jvm.dll+0x836243]
V  [jvm.dll+0x2457b5]
V  [jvm.dll+0xabafc]
V  [jvm.dll+0xac0cc]
V  [jvm.dll+0x2ac94f]
V  [jvm.dll+0x57de47]
V  [jvm.dll+0x220812]
V  [jvm.dll+0x220bef]
V  [jvm.dll+0x21a445]
V  [jvm.dll+0x21790b]
V  [jvm.dll+0x1a3d0d]
V  [jvm.dll+0x22742a]
V  [jvm.dll+0x225565]
V  [jvm.dll+0x7ea2cb]
V  [jvm.dll+0x7e483a]
V  [jvm.dll+0x6762c5]
C  [ucrtbase.dll+0x26c0c]
C  [KERNEL32.DLL+0x155a0]
C  [ntdll.dll+0x485b]


---------------  P R O C E S S  ---------------

Threads class SMR info:
_java_thread_list=0x000001be6ca90a00, length=34, elements={
0x000001be4b606110, 0x000001be4b5b9030, 0x000001be4b5ba290, 0x000001be634a3970,
0x000001be634a4230, 0x000001be634d5130, 0x000001be634d59f0, 0x000001be634d62b0,
0x000001be634da0b0, 0x000001be634da9b0, 0x000001be635c8050, 0x000001be64930b30,
0x000001be64db8350, 0x000001be65e469b0, 0x000001be65c70630, 0x000001be65de5010,
0x000001be66232710, 0x000001be6635cc30, 0x000001be6612db30, 0x000001be663ee250,
0x000001be663f0400, 0x000001be663efa60, 0x000001be663ef0c0, 0x000001be663eff30,
0x000001be663f1740, 0x000001be663f08d0, 0x000001be663f1c10, 0x000001be6b02c350,
0x000001be6b02d690, 0x000001be6b031ec0, 0x000001be6849cf70, 0x000001be6b02be80,
0x000001be6b02db60, 0x000001be6849bb30
}

Java Threads: ( => current thread )
  0x000001be4b606110 JavaThread "main" [_thread_blocked, id=8664, stack(0x0000009c10b00000,0x0000009c10c00000)]
  0x000001be4b5b9030 JavaThread "Reference Handler" daemon [_thread_blocked, id=24712, stack(0x0000009c10e00000,0x0000009c10f00000)]
  0x000001be4b5ba290 JavaThread "Finalizer" daemon [_thread_blocked, id=20564, stack(0x0000009c10f00000,0x0000009c11000000)]
  0x000001be634a3970 JavaThread "Signal Dispatcher" daemon [_thread_blocked, id=4612, stack(0x0000009c11000000,0x0000009c11100000)]
  0x000001be634a4230 JavaThread "Attach Listener" daemon [_thread_blocked, id=29592, stack(0x0000009c11100000,0x0000009c11200000)]
  0x000001be634d5130 JavaThread "Service Thread" daemon [_thread_blocked, id=29596, stack(0x0000009c11200000,0x0000009c11300000)]
  0x000001be634d59f0 JavaThread "Monitor Deflation Thread" daemon [_thread_blocked, id=29600, stack(0x0000009c11300000,0x0000009c11400000)]
=>0x000001be634d62b0 JavaThread "C2 CompilerThread0" daemon [_thread_in_native, id=29604, stack(0x0000009c11400000,0x0000009c11500000)]
  0x000001be634da0b0 JavaThread "C1 CompilerThread0" daemon [_thread_blocked, id=29608, stack(0x0000009c11500000,0x0000009c11600000)]
  0x000001be634da9b0 JavaThread "Sweeper thread" daemon [_thread_blocked, id=29612, stack(0x0000009c11600000,0x0000009c11700000)]
  0x000001be635c8050 JavaThread "Common-Cleaner" daemon [_thread_blocked, id=28744, stack(0x0000009c11700000,0x0000009c11800000)]
  0x000001be64930b30 JavaThread "Notification Thread" daemon [_thread_blocked, id=10644, stack(0x0000009c11800000,0x0000009c11900000)]
  0x000001be64db8350 JavaThread "Active Thread: Equinox Container: f530900b-cb76-4676-ac40-f1efd8dc769d" [_thread_blocked, id=25276, stack(0x0000009c12200000,0x0000009c12300000)]
  0x000001be65e469b0 JavaThread "Framework Event Dispatcher: Equinox Container: f530900b-cb76-4676-ac40-f1efd8dc769d" daemon [_thread_blocked, id=16928, stack(0x0000009c12300000,0x0000009c12400000)]
  0x000001be65c70630 JavaThread "Start Level: Equinox Container: f530900b-cb76-4676-ac40-f1efd8dc769d" daemon [_thread_blocked, id=20320, stack(0x0000009c12400000,0x0000009c12500000)]
  0x000001be65de5010 JavaThread "SCR Component Actor" daemon [_thread_blocked, id=28616, stack(0x0000009c12500000,0x0000009c12600000)]
  0x000001be66232710 JavaThread "SCR Component Registry" daemon [_thread_blocked, id=8088, stack(0x0000009c12700000,0x0000009c12800000)]
  0x000001be6635cc30 JavaThread "Worker-JM" [_thread_blocked, id=9396, stack(0x0000009c12800000,0x0000009c12900000)]
  0x000001be6612db30 JavaThread "Worker-0: Initialize Workspace" [_thread_blocked, id=7296, stack(0x0000009c12b00000,0x0000009c12c00000)]
  0x000001be663ee250 JavaThread "Worker-1" [_thread_blocked, id=4292, stack(0x0000009c12c00000,0x0000009c12d00000)]
  0x000001be663f0400 JavaThread "Java indexing" daemon [_thread_blocked, id=25268, stack(0x0000009c12d00000,0x0000009c12e00000)]
  0x000001be663efa60 JavaThread "JNA Cleaner" daemon [_thread_blocked, id=25988, stack(0x0000009c12e00000,0x0000009c12f00000)]
  0x000001be663ef0c0 JavaThread "pool-2-thread-1" [_thread_blocked, id=19188, stack(0x0000009c13100000,0x0000009c13200000)]
  0x000001be663eff30 JavaThread "pool-1-thread-1" [_thread_in_vm, id=27412, stack(0x0000009c13200000,0x0000009c13300000)]
  0x000001be663f1740 JavaThread "Worker-2: Initialize workspace" [_thread_blocked, id=24076, stack(0x0000009c13300000,0x0000009c13400000)]
  0x000001be663f08d0 JavaThread "Worker-3" [_thread_blocked, id=9360, stack(0x0000009c13400000,0x0000009c13500000)]
  0x000001be663f1c10 JavaThread "Timer-0" [_thread_blocked, id=28688, stack(0x0000009c13500000,0x0000009c13600000)]
  0x000001be6b02c350 JavaThread "Exec process" [_thread_blocked, id=22604, stack(0x0000009c13700000,0x0000009c13800000)]
  0x000001be6b02d690 JavaThread "Exec process Thread 2" [_thread_blocked, id=21484, stack(0x0000009c13800000,0x0000009c13900000)]
  0x000001be6b031ec0 JavaThread "Exec process Thread 3" [_thread_blocked, id=4688, stack(0x0000009c13900000,0x0000009c13a00000)]
  0x000001be6849cf70 JavaThread "C2 CompilerThread1" daemon [_thread_blocked, id=6372, stack(0x0000009c13b00000,0x0000009c13c00000)]
  0x000001be6b02be80 JavaThread "Worker-4" [_thread_blocked, id=14052, stack(0x0000009c11b00000,0x0000009c11c00000)]
  0x000001be6b02db60 JavaThread "ForkJoinPool.commonPool-worker-1" daemon [_thread_blocked, id=3284, stack(0x0000009c13600000,0x0000009c13700000)]
  0x000001be6849bb30 JavaThread "C2 CompilerThread2" daemon [_thread_in_native, id=5072, stack(0x0000009c13a00000,0x0000009c13b00000)]

Other Threads:
  0x000001be63472fe0 VMThread "VM Thread" [stack: 0x0000009c10d00000,0x0000009c10e00000] [id=27956]
  0x000001be64931000 WatcherThread [stack: 0x0000009c11900000,0x0000009c11a00000] [id=3844]
  0x000001be4b61c490 GCTaskThread "GC Thread#0" [stack: 0x0000009c10c00000,0x0000009c10d00000] [id=14324]
  0x000001be6512e5f0 GCTaskThread "GC Thread#1" [stack: 0x0000009c11c00000,0x0000009c11d00000] [id=25540]
  0x000001be650b67d0 GCTaskThread "GC Thread#2" [stack: 0x0000009c11d00000,0x0000009c11e00000] [id=20852]
  0x000001be650b6a80 GCTaskThread "GC Thread#3" [stack: 0x0000009c11e00000,0x0000009c11f00000] [id=27644]
  0x000001be64ee4020 GCTaskThread "GC Thread#4" [stack: 0x0000009c11f00000,0x0000009c12000000] [id=27528]
  0x000001be64ee42d0 GCTaskThread "GC Thread#5" [stack: 0x0000009c12000000,0x0000009c12100000] [id=27496]
  0x000001be64ee4580 GCTaskThread "GC Thread#6" [stack: 0x0000009c12100000,0x0000009c12200000] [id=27504]
  0x000001be662f91d0 GCTaskThread "GC Thread#7" [stack: 0x0000009c12600000,0x0000009c12700000] [id=5112]
  0x000001be663987d0 GCTaskThread "GC Thread#8" [stack: 0x0000009c12900000,0x0000009c12a00000] [id=7080]
  0x000001be661d0680 GCTaskThread "GC Thread#9" [stack: 0x0000009c12a00000,0x0000009c12b00000] [id=20440]

Threads with active compile tasks:
C2 CompilerThread0     3909 6369       4       jdk.internal.module.SystemModuleFinders$SystemModuleReader::find (59 bytes)
C2 CompilerThread2     3909 6384       4       sun.nio.fs.WindowsPathParser::normalize (233 bytes)

VM state: not at safepoint (normal execution)

VM Mutex/Monitor currently owned by a thread: None

Heap address: 0x0000000080000000, size: 2048 MB, Compressed Oops mode: 32-bit

CDS archive(s) not mapped
Compressed class space mapped at: 0x0000000100000000-0x0000000140000000, reserved size: 1073741824
Narrow klass base: 0x0000000000000000, Narrow klass shift: 3, Narrow klass range: 0x140000000

GC Precious Log:
 CPUs: 12 total, 12 available
 Memory: 15516M
 Large Page Support: Disabled
 NUMA Support: Disabled
 Compressed Oops: Enabled (32-bit)
 Alignments: Space 512K, Generation 512K, Heap 2M
 Heap Min Capacity: 100M
 Heap Initial Capacity: 100M
 Heap Max Capacity: 2G
 Pre-touch: Disabled
 Parallel Workers: 10

Heap:
 PSYoungGen      total 11264K, used 4091K [0x00000000d5580000, 0x00000000d6280000, 0x0000000100000000)
  eden space 10240K, 36% used [0x00000000d5580000,0x00000000d592ef38,0x00000000d5f80000)
  from space 1024K, 31% used [0x00000000d6080000,0x00000000d60d0000,0x00000000d6180000)
  to   space 512K, 0% used [0x00000000d6200000,0x00000000d6200000,0x00000000d6280000)
 ParOldGen       total 68608K, used 47878K [0x0000000080000000, 0x0000000084300000, 0x00000000d5580000)
  object space 68608K, 69% used [0x0000000080000000,0x0000000082ec1950,0x0000000084300000)
 Metaspace       used 62250K, committed 63232K, reserved 1105920K
  class space    used 7245K, committed 7744K, reserved 1048576K

Card table byte_map: [0x000001be4afb0000,0x000001be4b3c0000] _byte_map_base: 0x000001be4abb0000

Marking Bits: (ParMarkBitMap*) 0x00007ffc48683e70
 Begin Bits: [0x000001be5d540000, 0x000001be5f540000)
 End Bits:   [0x000001be5f540000, 0x000001be61540000)

Polling page: 0x000001be495b0000

Metaspace:

Usage:
  Non-class:     53.72 MB used.
      Class:      7.08 MB used.
       Both:     60.79 MB used.

Virtual space:
  Non-class space:       56.00 MB reserved,      54.19 MB ( 97%) committed,  7 nodes.
      Class space:        1.00 GB reserved,       7.56 MB ( <1%) committed,  1 nodes.
             Both:        1.05 GB reserved,      61.75 MB (  6%) committed. 

Chunk freelists:
   Non-Class:  1.38 MB
       Class:  352.00 KB
        Both:  1.72 MB

MaxMetaspaceSize: unlimited
CompressedClassSpaceSize: 1.00 GB
Initial GC threshold: 21.00 MB
Current GC threshold: 97.31 MB
CDS: off
MetaspaceReclaimPolicy: balanced
 - commit_granule_bytes: 65536.
 - commit_granule_words: 8192.
 - virtual_space_node_default_size: 1048576.
 - enlarge_chunks_in_place: 1.
 - new_chunks_are_fully_committed: 0.
 - uncommit_free_chunks: 1.
 - use_allocation_guard: 0.
 - handle_deallocations: 1.


Internal statistics:

num_allocs_failed_limit: 9.
num_arena_births: 508.
num_arena_deaths: 14.
num_vsnodes_births: 8.
num_vsnodes_deaths: 0.
num_space_committed: 989.
num_space_uncommitted: 0.
num_chunks_returned_to_freelist: 23.
num_chunks_taken_from_freelist: 2760.
num_chunk_merges: 13.
num_chunk_splits: 1874.
num_chunks_enlarged: 1269.
num_purges: 2.
num_inconsistent_stats: 0.

CodeHeap 'non-profiled nmethods': size=120000Kb used=3576Kb max_used=3576Kb free=116424Kb
 bounds [0x000001be55d60000, 0x000001be560e0000, 0x000001be5d290000]
CodeHeap 'profiled nmethods': size=120000Kb used=10826Kb max_used=10826Kb free=109173Kb
 bounds [0x000001be4e290000, 0x000001be4ed30000, 0x000001be557c0000]
CodeHeap 'non-nmethods': size=5760Kb used=1336Kb max_used=1373Kb free=4423Kb
 bounds [0x000001be557c0000, 0x000001be55a30000, 0x000001be55d60000]
 total_blobs=6216 nmethods=5559 adapters=570
 compilation: enabled
              stopped_count=0, restarted_count=0
 full_count=0

Compilation events (20 events):
Event: 3.865 Thread 0x000001be6849cf70 6375       4       java.nio.file.attribute.FileTime::from (18 bytes)
Event: 3.865 Thread 0x000001be6849cf70 nmethod 6375 0x000001be560d5210 code [0x000001be560d53a0, 0x000001be560d5478]
Event: 3.871 Thread 0x000001be6849bb30 nmethod 6353 0x000001be560d5590 code [0x000001be560d57a0, 0x000001be560d89d8]
Event: 3.871 Thread 0x000001be634da0b0 6376       3       jdk.internal.jimage.ImageLocation::verify (218 bytes)
Event: 3.871 Thread 0x000001be634da0b0 nmethod 6376 0x000001be4ed1b810 code [0x000001be4ed1bac0, 0x000001be4ed1c818]
Event: 3.874 Thread 0x000001be634da0b0 6377       3       java.util.regex.Pattern$SliceNode::study (37 bytes)
Event: 3.874 Thread 0x000001be634da0b0 nmethod 6377 0x000001be4ed1cd90 code [0x000001be4ed1cf40, 0x000001be4ed1d128]
Event: 3.879 Thread 0x000001be634da0b0 6378       3       java.util.zip.ZipEntry::<init> (172 bytes)
Event: 3.879 Thread 0x000001be634da0b0 nmethod 6378 0x000001be4ed1d210 code [0x000001be4ed1d3c0, 0x000001be4ed1d7c8]
Event: 3.882 Thread 0x000001be634da0b0 6379       3       sun.net.www.protocol.jar.URLJarFile::getJarFile (46 bytes)
Event: 3.882 Thread 0x000001be634da0b0 nmethod 6379 0x000001be4ed1d910 code [0x000001be4ed1db00, 0x000001be4ed1def8]
Event: 3.882 Thread 0x000001be634da0b0 6380       3       java.util.jar.JarFile::baseVersion (4 bytes)
Event: 3.883 Thread 0x000001be634da0b0 nmethod 6380 0x000001be4e2a6f90 code [0x000001be4e2a7120, 0x000001be4e2a7218]
Event: 3.883 Thread 0x000001be6849bb30 6381       4       jdk.internal.org.objectweb.asm.MethodWriter::visitVarInsn (302 bytes)
Event: 3.883 Thread 0x000001be634da0b0 6382       3       sun.net.www.protocol.jar.URLJarFile::close (22 bytes)
Event: 3.884 Thread 0x000001be634da0b0 nmethod 6382 0x000001be4ed1e090 code [0x000001be4ed1e240, 0x000001be4ed1e438]
Event: 3.884 Thread 0x000001be634da0b0 6383   !   3       sun.net.www.protocol.jar.JarFileFactory::close (46 bytes)
Event: 3.884 Thread 0x000001be634da0b0 nmethod 6383 0x000001be4ed1e590 code [0x000001be4ed1e760, 0x000001be4ed1ec28]
Event: 3.885 Thread 0x000001be6849bb30 nmethod 6381 0x000001be560da010 code [0x000001be560da1e0, 0x000001be560da830]
Event: 3.893 Thread 0x000001be6849bb30 6384       4       sun.nio.fs.WindowsPathParser::normalize (233 bytes)

GC Heap History (20 events):
Event: 3.612 GC heap before
{Heap before GC invocations=37 (full 3):
 PSYoungGen      total 12288K, used 11392K [0x00000000d5580000, 0x00000000d6600000, 0x0000000100000000)
  eden space 10240K, 100% used [0x00000000d5580000,0x00000000d5f80000,0x00000000d5f80000)
  from space 2048K, 56% used [0x00000000d6200000,0x00000000d6320010,0x00000000d6400000)
  to   space 1536K, 0% used [0x00000000d6480000,0x00000000d6480000,0x00000000d6600000)
 ParOldGen       total 68608K, used 37813K [0x0000000080000000, 0x0000000084300000, 0x00000000d5580000)
  object space 68608K, 55% used [0x0000000080000000,0x00000000824ed760,0x0000000084300000)
 Metaspace       used 59864K, committed 60864K, reserved 1105920K
  class space    used 6920K, committed 7360K, reserved 1048576K
}
Event: 3.612 GC heap after
{Heap after GC invocations=37 (full 3):
 PSYoungGen      total 11776K, used 1120K [0x00000000d5580000, 0x00000000d6600000, 0x0000000100000000)
  eden space 10240K, 0% used [0x00000000d5580000,0x00000000d5580000,0x00000000d5f80000)
  from space 1536K, 72% used [0x00000000d6480000,0x00000000d6598000,0x00000000d6600000)
  to   space 1536K, 0% used [0x00000000d6300000,0x00000000d6300000,0x00000000d6480000)
 ParOldGen       total 68608K, used 38861K [0x0000000080000000, 0x0000000084300000, 0x00000000d5580000)
  object space 68608K, 56% used [0x0000000080000000,0x00000000825f3770,0x0000000084300000)
 Metaspace       used 59864K, committed 60864K, reserved 1105920K
  class space    used 6920K, committed 7360K, reserved 1048576K
}
Event: 3.625 GC heap before
{Heap before GC invocations=38 (full 3):
 PSYoungGen      total 11776K, used 11360K [0x00000000d5580000, 0x00000000d6600000, 0x0000000100000000)
  eden space 10240K, 100% used [0x00000000d5580000,0x00000000d5f80000,0x00000000d5f80000)
  from space 1536K, 72% used [0x00000000d6480000,0x00000000d6598000,0x00000000d6600000)
  to   space 1536K, 0% used [0x00000000d6300000,0x00000000d6300000,0x00000000d6480000)
 ParOldGen       total 68608K, used 38861K [0x0000000080000000, 0x0000000084300000, 0x00000000d5580000)
  object space 68608K, 56% used [0x0000000080000000,0x00000000825f3770,0x0000000084300000)
 Metaspace       used 59931K, committed 60928K, reserved 1105920K
  class space    used 6931K, committed 7360K, reserved 1048576K
}
Event: 3.626 GC heap after
{Heap after GC invocations=38 (full 3):
 PSYoungGen      total 11776K, used 1184K [0x00000000d5580000, 0x00000000d6500000, 0x0000000100000000)
  eden space 10240K, 0% used [0x00000000d5580000,0x00000000d5580000,0x00000000d5f80000)
  from space 1536K, 77% used [0x00000000d6300000,0x00000000d6428010,0x00000000d6480000)
  to   space 512K, 0% used [0x00000000d6480000,0x00000000d6480000,0x00000000d6500000)
 ParOldGen       total 68608K, used 39850K [0x0000000080000000, 0x0000000084300000, 0x00000000d5580000)
  object space 68608K, 58% used [0x0000000080000000,0x00000000826ea870,0x0000000084300000)
 Metaspace       used 59931K, committed 60928K, reserved 1105920K
  class space    used 6931K, committed 7360K, reserved 1048576K
}
Event: 3.634 GC heap before
{Heap before GC invocations=39 (full 3):
 PSYoungGen      total 11776K, used 11424K [0x00000000d5580000, 0x00000000d6500000, 0x0000000100000000)
  eden space 10240K, 100% used [0x00000000d5580000,0x00000000d5f80000,0x00000000d5f80000)
  from space 1536K, 77% used [0x00000000d6300000,0x00000000d6428010,0x00000000d6480000)
  to   space 512K, 0% used [0x00000000d6480000,0x00000000d6480000,0x00000000d6500000)
 ParOldGen       total 68608K, used 39850K [0x0000000080000000, 0x0000000084300000, 0x00000000d5580000)
  object space 68608K, 58% used [0x0000000080000000,0x00000000826ea870,0x0000000084300000)
 Metaspace       used 59966K, committed 60928K, reserved 1105920K
  class space    used 6934K, committed 7360K, reserved 1048576K
}
Event: 3.635 GC heap after
{Heap after GC invocations=39 (full 3):
 PSYoungGen      total 10752K, used 512K [0x00000000d5580000, 0x00000000d6680000, 0x0000000100000000)
  eden space 10240K, 0% used [0x00000000d5580000,0x00000000d5580000,0x00000000d5f80000)
  from space 512K, 100% used [0x00000000d6480000,0x00000000d6500000,0x00000000d6500000)
  to   space 3584K, 0% used [0x00000000d5f80000,0x00000000d5f80000,0x00000000d6300000)
 ParOldGen       total 68608K, used 42501K [0x0000000080000000, 0x0000000084300000, 0x00000000d5580000)
  object space 68608K, 61% used [0x0000000080000000,0x0000000082981790,0x0000000084300000)
 Metaspace       used 59966K, committed 60928K, reserved 1105920K
  class space    used 6934K, committed 7360K, reserved 1048576K
}
Event: 3.642 GC heap before
{Heap before GC invocations=40 (full 3):
 PSYoungGen      total 10752K, used 10752K [0x00000000d5580000, 0x00000000d6680000, 0x0000000100000000)
  eden space 10240K, 100% used [0x00000000d5580000,0x00000000d5f80000,0x00000000d5f80000)
  from space 512K, 100% used [0x00000000d6480000,0x00000000d6500000,0x00000000d6500000)
  to   space 3584K, 0% used [0x00000000d5f80000,0x00000000d5f80000,0x00000000d6300000)
 ParOldGen       total 68608K, used 42501K [0x0000000080000000, 0x0000000084300000, 0x00000000d5580000)
  object space 68608K, 61% used [0x0000000080000000,0x0000000082981790,0x0000000084300000)
 Metaspace       used 59968K, committed 60928K, reserved 1105920K
  class space    used 6934K, committed 7360K, reserved 1048576K
}
Event: 3.643 GC heap after
{Heap after GC invocations=40 (full 3):
 PSYoungGen      total 13824K, used 1184K [0x00000000d5580000, 0x00000000d6500000, 0x0000000100000000)
  eden space 10240K, 0% used [0x00000000d5580000,0x00000000d5580000,0x00000000d5f80000)
  from space 3584K, 33% used [0x00000000d5f80000,0x00000000d60a8000,0x00000000d6300000)
  to   space 2048K, 0% used [0x00000000d6300000,0x00000000d6300000,0x00000000d6500000)
 ParOldGen       total 68608K, used 43045K [0x0000000080000000, 0x0000000084300000, 0x00000000d5580000)
  object space 68608K, 62% used [0x0000000080000000,0x0000000082a09790,0x0000000084300000)
 Metaspace       used 59968K, committed 60928K, reserved 1105920K
  class space    used 6934K, committed 7360K, reserved 1048576K
}
Event: 3.649 GC heap before
{Heap before GC invocations=41 (full 3):
 PSYoungGen      total 13824K, used 11424K [0x00000000d5580000, 0x00000000d6500000, 0x0000000100000000)
  eden space 10240K, 100% used [0x00000000d5580000,0x00000000d5f80000,0x00000000d5f80000)
  from space 3584K, 33% used [0x00000000d5f80000,0x00000000d60a8000,0x00000000d6300000)
  to   space 2048K, 0% used [0x00000000d6300000,0x00000000d6300000,0x00000000d6500000)
 ParOldGen       total 68608K, used 43045K [0x0000000080000000, 0x0000000084300000, 0x00000000d5580000)
  object space 68608K, 62% used [0x0000000080000000,0x0000000082a09790,0x0000000084300000)
 Metaspace       used 59968K, committed 60928K, reserved 1105920K
  class space    used 6934K, committed 7360K, reserved 1048576K
}
Event: 3.650 GC heap after
{Heap after GC invocations=41 (full 3):
 PSYoungGen      total 11776K, used 1184K [0x00000000d5580000, 0x00000000d6480000, 0x0000000100000000)
  eden space 10240K, 0% used [0x00000000d5580000,0x00000000d5580000,0x00000000d5f80000)
  from space 1536K, 77% used [0x00000000d6300000,0x00000000d6428000,0x00000000d6480000)
  to   space 1536K, 0% used [0x00000000d6180000,0x00000000d6180000,0x00000000d6300000)
 ParOldGen       total 68608K, used 44117K [0x0000000080000000, 0x0000000084300000, 0x00000000d5580000)
  object space 68608K, 64% used [0x0000000080000000,0x0000000082b15790,0x0000000084300000)
 Metaspace       used 59968K, committed 60928K, reserved 1105920K
  class space    used 6934K, committed 7360K, reserved 1048576K
}
Event: 3.657 GC heap before
{Heap before GC invocations=42 (full 3):
 PSYoungGen      total 11776K, used 11424K [0x00000000d5580000, 0x00000000d6480000, 0x0000000100000000)
  eden space 10240K, 100% used [0x00000000d5580000,0x00000000d5f80000,0x00000000d5f80000)
  from space 1536K, 77% used [0x00000000d6300000,0x00000000d6428000,0x00000000d6480000)
  to   space 1536K, 0% used [0x00000000d6180000,0x00000000d6180000,0x00000000d6300000)
 ParOldGen       total 68608K, used 44117K [0x0000000080000000, 0x0000000084300000, 0x00000000d5580000)
  object space 68608K, 64% used [0x0000000080000000,0x0000000082b15790,0x0000000084300000)
 Metaspace       used 59968K, committed 60928K, reserved 1105920K
  class space    used 6934K, committed 7360K, reserved 1048576K
}
Event: 3.658 GC heap after
{Heap after GC invocations=42 (full 3):
 PSYoungGen      total 11776K, used 1408K [0x00000000d5580000, 0x00000000d6380000, 0x0000000100000000)
  eden space 10240K, 0% used [0x00000000d5580000,0x00000000d5580000,0x00000000d5f80000)
  from space 1536K, 91% used [0x00000000d6180000,0x00000000d62e0010,0x00000000d6300000)
  to   space 512K, 0% used [0x00000000d6300000,0x00000000d6300000,0x00000000d6380000)
 ParOldGen       total 68608K, used 45205K [0x0000000080000000, 0x0000000084300000, 0x00000000d5580000)
  object space 68608K, 65% used [0x0000000080000000,0x0000000082c25790,0x0000000084300000)
 Metaspace       used 59968K, committed 60928K, reserved 1105920K
  class space    used 6934K, committed 7360K, reserved 1048576K
}
Event: 3.666 GC heap before
{Heap before GC invocations=43 (full 3):
 PSYoungGen      total 11776K, used 11648K [0x00000000d5580000, 0x00000000d6380000, 0x0000000100000000)
  eden space 10240K, 100% used [0x00000000d5580000,0x00000000d5f80000,0x00000000d5f80000)
  from space 1536K, 91% used [0x00000000d6180000,0x00000000d62e0010,0x00000000d6300000)
  to   space 512K, 0% used [0x00000000d6300000,0x00000000d6300000,0x00000000d6380000)
 ParOldGen       total 68608K, used 45205K [0x0000000080000000, 0x0000000084300000, 0x00000000d5580000)
  object space 68608K, 65% used [0x0000000080000000,0x0000000082c25790,0x0000000084300000)
 Metaspace       used 59968K, committed 60928K, reserved 1105920K
  class space    used 6934K, committed 7360K, reserved 1048576K
}
Event: 3.667 GC heap after
{Heap after GC invocations=43 (full 3):
 PSYoungGen      total 10752K, used 512K [0x00000000d5580000, 0x00000000d6480000, 0x0000000100000000)
  eden space 10240K, 0% used [0x00000000d5580000,0x00000000d5580000,0x00000000d5f80000)
  from space 512K, 100% used [0x00000000d6300000,0x00000000d6380000,0x00000000d6380000)
  to   space 2560K, 0% used [0x00000000d5f80000,0x00000000d5f80000,0x00000000d6200000)
 ParOldGen       total 68608K, used 46669K [0x0000000080000000, 0x0000000084300000, 0x00000000d5580000)
  object space 68608K, 68% used [0x0000000080000000,0x0000000082d937a0,0x0000000084300000)
 Metaspace       used 59968K, committed 60928K, reserved 1105920K
  class space    used 6934K, committed 7360K, reserved 1048576K
}
Event: 3.721 GC heap before
{Heap before GC invocations=44 (full 3):
 PSYoungGen      total 10752K, used 10752K [0x00000000d5580000, 0x00000000d6480000, 0x0000000100000000)
  eden space 10240K, 100% used [0x00000000d5580000,0x00000000d5f80000,0x00000000d5f80000)
  from space 512K, 100% used [0x00000000d6300000,0x00000000d6380000,0x00000000d6380000)
  to   space 2560K, 0% used [0x00000000d5f80000,0x00000000d5f80000,0x00000000d6200000)
 ParOldGen       total 68608K, used 46669K [0x0000000080000000, 0x0000000084300000, 0x00000000d5580000)
  object space 68608K, 68% used [0x0000000080000000,0x0000000082d937a0,0x0000000084300000)
 Metaspace       used 60663K, committed 61696K, reserved 1105920K
  class space    used 7031K, committed 7488K, reserved 1048576K
}
Event: 3.722 GC heap after
{Heap after GC invocations=44 (full 3):
 PSYoungGen      total 12800K, used 672K [0x00000000d5580000, 0x00000000d6380000, 0x0000000100000000)
  eden space 10240K, 0% used [0x00000000d5580000,0x00000000d5580000,0x00000000d5f80000)
  from space 2560K, 26% used [0x00000000d5f80000,0x00000000d6028000,0x00000000d6200000)
  to   space 1536K, 0% used [0x00000000d6200000,0x00000000d6200000,0x00000000d6380000)
 ParOldGen       total 68608K, used 47221K [0x0000000080000000, 0x0000000084300000, 0x00000000d5580000)
  object space 68608K, 68% used [0x0000000080000000,0x0000000082e1d7a0,0x0000000084300000)
 Metaspace       used 60663K, committed 61696K, reserved 1105920K
  class space    used 7031K, committed 7488K, reserved 1048576K
}
Event: 3.792 GC heap before
{Heap before GC invocations=45 (full 3):
 PSYoungGen      total 12800K, used 10912K [0x00000000d5580000, 0x00000000d6380000, 0x0000000100000000)
  eden space 10240K, 100% used [0x00000000d5580000,0x00000000d5f80000,0x00000000d5f80000)
  from space 2560K, 26% used [0x00000000d5f80000,0x00000000d6028000,0x00000000d6200000)
  to   space 1536K, 0% used [0x00000000d6200000,0x00000000d6200000,0x00000000d6380000)
 ParOldGen       total 68608K, used 47221K [0x0000000080000000, 0x0000000084300000, 0x00000000d5580000)
  object space 68608K, 68% used [0x0000000080000000,0x0000000082e1d7a0,0x0000000084300000)
 Metaspace       used 61399K, committed 62400K, reserved 1105920K
  class space    used 7159K, committed 7616K, reserved 1048576K
}
Event: 3.793 GC heap after
{Heap after GC invocations=45 (full 3):
 PSYoungGen      total 10752K, used 320K [0x00000000d5580000, 0x00000000d6280000, 0x0000000100000000)
  eden space 10240K, 0% used [0x00000000d5580000,0x00000000d5580000,0x00000000d5f80000)
  from space 512K, 62% used [0x00000000d6200000,0x00000000d6250000,0x00000000d6280000)
  to   space 1024K, 0% used [0x00000000d6080000,0x00000000d6080000,0x00000000d6180000)
 ParOldGen       total 68608K, used 47742K [0x0000000080000000, 0x0000000084300000, 0x00000000d5580000)
  object space 68608K, 69% used [0x0000000080000000,0x0000000082e9f950,0x0000000084300000)
 Metaspace       used 61399K, committed 62400K, reserved 1105920K
  class space    used 7159K, committed 7616K, reserved 1048576K
}
Event: 3.881 GC heap before
{Heap before GC invocations=46 (full 3):
 PSYoungGen      total 10752K, used 10560K [0x00000000d5580000, 0x00000000d6280000, 0x0000000100000000)
  eden space 10240K, 100% used [0x00000000d5580000,0x00000000d5f80000,0x00000000d5f80000)
  from space 512K, 62% used [0x00000000d6200000,0x00000000d6250000,0x00000000d6280000)
  to   space 1024K, 0% used [0x00000000d6080000,0x00000000d6080000,0x00000000d6180000)
 ParOldGen       total 68608K, used 47742K [0x0000000080000000, 0x0000000084300000, 0x00000000d5580000)
  object space 68608K, 69% used [0x0000000080000000,0x0000000082e9f950,0x0000000084300000)
 Metaspace       used 61963K, committed 62976K, reserved 1105920K
  class space    used 7220K, committed 7680K, reserved 1048576K
}
Event: 3.882 GC heap after
{Heap after GC invocations=46 (full 3):
 PSYoungGen      total 11264K, used 320K [0x00000000d5580000, 0x00000000d6280000, 0x0000000100000000)
  eden space 10240K, 0% used [0x00000000d5580000,0x00000000d5580000,0x00000000d5f80000)
  from space 1024K, 31% used [0x00000000d6080000,0x00000000d60d0000,0x00000000d6180000)
  to   space 512K, 0% used [0x00000000d6200000,0x00000000d6200000,0x00000000d6280000)
 ParOldGen       total 68608K, used 47878K [0x0000000080000000, 0x0000000084300000, 0x00000000d5580000)
  object space 68608K, 69% used [0x0000000080000000,0x0000000082ec1950,0x0000000084300000)
 Metaspace       used 61963K, committed 62976K, reserved 1105920K
  class space    used 7220K, committed 7680K, reserved 1048576K
}

Dll operation events (14 events):
Event: 0.008 Loaded shared library c:\Users\MILU\.vscode\extensions\redhat.java-1.15.0-win32-x64\jre\17.0.6-win32-x86_64\bin\java.dll
Event: 0.098 Loaded shared library c:\Users\MILU\.vscode\extensions\redhat.java-1.15.0-win32-x64\jre\17.0.6-win32-x86_64\bin\zip.dll
Event: 0.102 Loaded shared library C:\Users\MILU\.vscode\extensions\redhat.java-1.15.0-win32-x64\jre\17.0.6-win32-x86_64\bin\instrument.dll
Event: 0.109 Loaded shared library C:\Users\MILU\.vscode\extensions\redhat.java-1.15.0-win32-x64\jre\17.0.6-win32-x86_64\bin\net.dll
Event: 0.111 Loaded shared library C:\Users\MILU\.vscode\extensions\redhat.java-1.15.0-win32-x64\jre\17.0.6-win32-x86_64\bin\nio.dll
Event: 0.115 Loaded shared library C:\Users\MILU\.vscode\extensions\redhat.java-1.15.0-win32-x64\jre\17.0.6-win32-x86_64\bin\zip.dll
Event: 0.124 Loaded shared library C:\Users\MILU\.vscode\extensions\redhat.java-1.15.0-win32-x64\jre\17.0.6-win32-x86_64\bin\jimage.dll
Event: 0.152 Loaded shared library c:\Users\MILU\.vscode\extensions\redhat.java-1.15.0-win32-x64\jre\17.0.6-win32-x86_64\bin\verify.dll
Event: 0.574 Loaded shared library C:\Users\MILU\AppData\Roaming\Code\User\globalStorage\redhat.java\1.15.0\config_win\org.eclipse.equinox.launcher\org.eclipse.equinox.launcher.win32.win32.x86_64_1.2.700.v20221108-1024\eclipse_11801.dll
Event: 1.306 Loaded shared library C:\Users\MILU\AppData\Local\Temp\jna-2366501\jna11956633765597434528.dll
Event: 2.292 Loaded shared library C:\Users\MILU\.gradle\native\68d5fa5c4cc2d200863cafc0d521ce42e7d3e7ee720ec0a83991735586a16f82\windows-amd64\native-platform.dll
Event: 2.585 Loaded shared library C:\Users\MILU\.vscode\extensions\redhat.java-1.15.0-win32-x64\jre\17.0.6-win32-x86_64\bin\management.dll
Event: 2.586 Loaded shared library C:\Users\MILU\.vscode\extensions\redhat.java-1.15.0-win32-x64\jre\17.0.6-win32-x86_64\bin\management_ext.dll
Event: 2.913 Loaded shared library C:\Users\MILU\.vscode\extensions\redhat.java-1.15.0-win32-x64\jre\17.0.6-win32-x86_64\bin\sunmscapi.dll

Deoptimization events (20 events):
Event: 3.833 Thread 0x000001be663eff30 DEOPT PACKING pc=0x000001be560cfb78 sp=0x0000009c132f7e50
Event: 3.833 Thread 0x000001be663eff30 DEOPT UNPACKING pc=0x000001be55819ea3 sp=0x0000009c132f7dc8 mode 2
Event: 3.833 Thread 0x000001be663eff30 Uncommon trap: trap_request=0xffffffbe fr.pc=0x000001be560cfb78 relative=0x0000000000000558
Event: 3.833 Thread 0x000001be663eff30 Uncommon trap: reason=profile_predicate action=maybe_recompile pc=0x000001be560cfb78 method=jdk.internal.jimage.ImageStringsReader.stringFromByteBufferMatches(Ljava/nio/ByteBuffer;ILjava/lang/String;I)I @ 19 c2
Event: 3.833 Thread 0x000001be663eff30 DEOPT PACKING pc=0x000001be560cfb78 sp=0x0000009c132f7e50
Event: 3.833 Thread 0x000001be663eff30 DEOPT UNPACKING pc=0x000001be55819ea3 sp=0x0000009c132f7dc8 mode 2
Event: 3.833 Thread 0x000001be663eff30 Uncommon trap: trap_request=0xffffffbe fr.pc=0x000001be560cfb78 relative=0x0000000000000558
Event: 3.833 Thread 0x000001be663eff30 Uncommon trap: reason=profile_predicate action=maybe_recompile pc=0x000001be560cfb78 method=jdk.internal.jimage.ImageStringsReader.stringFromByteBufferMatches(Ljava/nio/ByteBuffer;ILjava/lang/String;I)I @ 19 c2
Event: 3.833 Thread 0x000001be663eff30 DEOPT PACKING pc=0x000001be560cfb78 sp=0x0000009c132f7e50
Event: 3.833 Thread 0x000001be663eff30 DEOPT UNPACKING pc=0x000001be55819ea3 sp=0x0000009c132f7dc8 mode 2
Event: 3.833 Thread 0x000001be663eff30 Uncommon trap: trap_request=0xffffffbe fr.pc=0x000001be560cfb78 relative=0x0000000000000558
Event: 3.833 Thread 0x000001be663eff30 Uncommon trap: reason=profile_predicate action=maybe_recompile pc=0x000001be560cfb78 method=jdk.internal.jimage.ImageStringsReader.stringFromByteBufferMatches(Ljava/nio/ByteBuffer;ILjava/lang/String;I)I @ 19 c2
Event: 3.833 Thread 0x000001be663eff30 DEOPT PACKING pc=0x000001be560cfb78 sp=0x0000009c132f7e50
Event: 3.833 Thread 0x000001be663eff30 DEOPT UNPACKING pc=0x000001be55819ea3 sp=0x0000009c132f7dc8 mode 2
Event: 3.871 Thread 0x000001be663eff30 Uncommon trap: trap_request=0xffffffbe fr.pc=0x000001be560d75e4 relative=0x0000000000001e44
Event: 3.871 Thread 0x000001be663eff30 Uncommon trap: reason=profile_predicate action=maybe_recompile pc=0x000001be560d75e4 method=jdk.internal.jimage.ImageStringsReader.stringFromByteBufferMatches(Ljava/nio/ByteBuffer;ILjava/lang/String;I)I @ 19 c2
Event: 3.871 Thread 0x000001be663eff30 DEOPT PACKING pc=0x000001be560d75e4 sp=0x0000009c132f8060
Event: 3.871 Thread 0x000001be663eff30 DEOPT UNPACKING pc=0x000001be55819ea3 sp=0x0000009c132f7db8 mode 2
Event: 3.893 Thread 0x000001be663eff30 DEOPT PACKING pc=0x000001be4e3d460c sp=0x0000009c132fb060
Event: 3.893 Thread 0x000001be663eff30 DEOPT UNPACKING pc=0x000001be5581a9e3 sp=0x0000009c132fa5e0 mode 0

Classes unloaded (7 events):
Event: 0.875 Thread 0x000001be63472fe0 Unloading class 0x0000000100216400 'java/lang/invoke/LambdaForm$MH+0x0000000100216400'
Event: 0.875 Thread 0x000001be63472fe0 Unloading class 0x0000000100216000 'java/lang/invoke/LambdaForm$MH+0x0000000100216000'
Event: 0.875 Thread 0x000001be63472fe0 Unloading class 0x0000000100215c00 'java/lang/invoke/LambdaForm$MH+0x0000000100215c00'
Event: 0.875 Thread 0x000001be63472fe0 Unloading class 0x0000000100215800 'java/lang/invoke/LambdaForm$MH+0x0000000100215800'
Event: 0.875 Thread 0x000001be63472fe0 Unloading class 0x0000000100215000 'java/lang/invoke/LambdaForm$BMH+0x0000000100215000'
Event: 0.875 Thread 0x000001be63472fe0 Unloading class 0x0000000100214c00 'java/lang/invoke/LambdaForm$DMH+0x0000000100214c00'
Event: 0.875 Thread 0x000001be63472fe0 Unloading class 0x0000000100212000 'java/lang/invoke/LambdaForm$DMH+0x0000000100212000'

Classes redefined (0 events):
No events

Internal exceptions (20 events):
Event: 3.315 Thread 0x000001be663ef590 Exception <a 'java/lang/NoSuchMethodError'{0x00000000d59f8d38}: static Lorg/gradle/internal/classloader/ClassLoaderSpec;.<clinit>()V> (0x00000000d59f8d38) 
thrown [s\src\hotspot\share\prims\jni.cpp, line 1107]
Event: 3.316 Thread 0x000001be663ef590 Exception <a 'java/lang/NoSuchMethodError'{0x00000000d5a081e8}: static Lorg/gradle/tooling/internal/provider/serialization/WellKnownClassLoaderRegistry$KnownClassLoaderSpec;.<clinit>()V> (0x00000000d5a081e8) 
thrown [s\src\hotspot\share\prims\jni.cpp, line 1107]
Event: 3.329 Thread 0x000001be6612db30 Exception <a 'java/io/FileNotFoundException'{0x00000000d5b07b10}> (0x00000000d5b07b10) 
thrown [s\src\hotspot\share\prims\jni.cpp, line 516]
Event: 3.334 Thread 0x000001be6612db30 Exception <a 'java/io/FileNotFoundException'{0x00000000d5b7ede0}> (0x00000000d5b7ede0) 
thrown [s\src\hotspot\share\prims\jni.cpp, line 516]
Event: 3.334 Thread 0x000001be6612db30 Exception <a 'java/io/FileNotFoundException'{0x00000000d5b80680}> (0x00000000d5b80680) 
thrown [s\src\hotspot\share\prims\jni.cpp, line 516]
Event: 3.341 Thread 0x000001be6612db30 Exception <a 'sun/nio/fs/WindowsException'{0x00000000d5bd4ea0}> (0x00000000d5bd4ea0) 
thrown [s\src\hotspot\share\prims\jni.cpp, line 516]
Event: 3.341 Thread 0x000001be663f08d0 Exception <a 'java/lang/NoSuchMethodError'{0x00000000d5bc9e68}: 'int java.lang.invoke.DirectMethodHandle$Holder.invokeVirtual(java.lang.Object, java.lang.Object)'> (0x00000000d5bc9e68) 
thrown [s\src\hotspot\share\interpreter\linkResolver.cpp, line 759]
Event: 3.343 Thread 0x000001be6612db30 Exception <a 'sun/nio/fs/WindowsException'{0x00000000d5c079d8}> (0x00000000d5c079d8) 
thrown [s\src\hotspot\share\prims\jni.cpp, line 516]
Event: 3.360 Thread 0x000001be663eff30 Exception <a 'sun/nio/fs/WindowsException'{0x00000000d5e16220}> (0x00000000d5e16220) 
thrown [s\src\hotspot\share\prims\jni.cpp, line 516]
Event: 3.363 Thread 0x000001be663eff30 Exception <a 'sun/nio/fs/WindowsException'{0x00000000d5e689c8}> (0x00000000d5e689c8) 
thrown [s\src\hotspot\share\prims\jni.cpp, line 516]
Event: 3.365 Thread 0x000001be663ee250 Exception <a 'java/io/FileNotFoundException'{0x00000000d5ea6828}> (0x00000000d5ea6828) 
thrown [s\src\hotspot\share\prims\jni.cpp, line 516]
Event: 3.365 Thread 0x000001be663ee250 Exception <a 'java/io/FileNotFoundException'{0x00000000d5ea80a0}> (0x00000000d5ea80a0) 
thrown [s\src\hotspot\share\prims\jni.cpp, line 516]
Event: 3.370 Thread 0x000001be663eff30 Exception <a 'java/lang/NoSuchMethodError'{0x00000000d5eff560}: 'java.lang.Object java.lang.invoke.DirectMethodHandle$Holder.invokeStatic(java.lang.Object, java.lang.Object, int, java.lang.Object)'> (0x00000000d5eff560) 
thrown [s\src\hotspot\share\interpreter\linkResolver.cpp, line 759]
Event: 3.371 Thread 0x000001be663eff30 Exception <a 'java/lang/NoSuchMethodError'{0x00000000d5f13b90}: 'java.lang.Object java.lang.invoke.DirectMethodHandle$Holder.newInvokeSpecial(java.lang.Object, java.lang.Object, int)'> (0x00000000d5f13b90) 
thrown [s\src\hotspot\share\interpreter\linkResolver.cpp, line 759]
Event: 3.381 Thread 0x000001be663eff30 Exception <a 'java/lang/NoSuchMethodError'{0x00000000d5665bb8}: 'java.lang.Object java.lang.invoke.DirectMethodHandle$Holder.invokeInterface(java.lang.Object, java.lang.Object, java.lang.Object)'> (0x00000000d5665bb8) 
thrown [s\src\hotspot\share\interpreter\linkResolver.cpp, line 759]
Event: 3.424 Thread 0x000001be6b02db60 Exception <a 'java/lang/NoSuchMethodError'{0x00000000d5cf91b8}: 'java.lang.Object java.lang.invoke.DirectMethodHandle$Holder.newInvokeSpecial(java.lang.Object, java.lang.Object, java.lang.Object, java.lang.Object, java.lang.Object, java.lang.Object)'> (0x00000000d5cf91b8) 
thrown [s\src\hotspot\share\interpreter\linkResolver.cpp, line 759]
Event: 3.425 Thread 0x000001be6b02db60 Exception <a 'java/lang/NoSuchMethodError'{0x00000000d5d13200}: 'int java.lang.invoke.DirectMethodHandle$Holder.invokeStatic(java.lang.Object)'> (0x00000000d5d13200) 
thrown [s\src\hotspot\share\interpreter\linkResolver.cpp, line 759]
Event: 3.452 Thread 0x000001be6b02db60 Implicit null exception at 0x000001be55e6d048 to 0x000001be55e6d108
Event: 3.537 Thread 0x000001be6b02db60 Exception <a 'java/lang/NoSuchMethodError'{0x00000000d57da840}: 'java.lang.Object java.lang.invoke.Invokers$Holder.invoke_MT(java.lang.Object, java.lang.Object, java.lang.Object)'> (0x00000000d57da840) 
thrown [s\src\hotspot\share\interpreter\linkResolver.cpp, line 759]
Event: 3.717 Thread 0x000001be663eff30 Exception <a 'java/io/FileNotFoundException'{0x00000000d5f395f8}> (0x00000000d5f395f8) 
thrown [s\src\hotspot\share\prims\jni.cpp, line 516]

VM Operations (20 events):
Event: 3.634 Executing VM operation: ParallelGCFailedAllocation
Event: 3.635 Executing VM operation: ParallelGCFailedAllocation done
Event: 3.642 Executing VM operation: ParallelGCFailedAllocation
Event: 3.643 Executing VM operation: ParallelGCFailedAllocation done
Event: 3.649 Executing VM operation: ParallelGCFailedAllocation
Event: 3.650 Executing VM operation: ParallelGCFailedAllocation done
Event: 3.656 Executing VM operation: ParallelGCFailedAllocation
Event: 3.658 Executing VM operation: ParallelGCFailedAllocation done
Event: 3.666 Executing VM operation: ParallelGCFailedAllocation
Event: 3.667 Executing VM operation: ParallelGCFailedAllocation done
Event: 3.703 Executing VM operation: HandshakeAllThreads
Event: 3.703 Executing VM operation: HandshakeAllThreads done
Event: 3.704 Executing VM operation: HandshakeAllThreads
Event: 3.704 Executing VM operation: HandshakeAllThreads done
Event: 3.721 Executing VM operation: ParallelGCFailedAllocation
Event: 3.722 Executing VM operation: ParallelGCFailedAllocation done
Event: 3.792 Executing VM operation: ParallelGCFailedAllocation
Event: 3.793 Executing VM operation: ParallelGCFailedAllocation done
Event: 3.881 Executing VM operation: ParallelGCFailedAllocation
Event: 3.882 Executing VM operation: ParallelGCFailedAllocation done

Events (20 events):
Event: 3.543 loading class jdk/internal/jimage/ImageReader$Directory done
Event: 3.559 Thread 0x000001be6849bb30 Thread added: 0x000001be6849bb30
Event: 3.576 loading class java/nio/channels/Channels$ReadableByteChannelImpl
Event: 3.576 loading class java/nio/channels/Channels$ReadableByteChannelImpl done
Event: 3.576 loading class java/nio/channels/NonWritableChannelException
Event: 3.576 loading class java/nio/channels/NonWritableChannelException done
Event: 3.696 loading class java/lang/Character$CharacterCache
Event: 3.696 loading class java/lang/Character$CharacterCache done
Event: 3.709 loading class java/io/SequenceInputStream
Event: 3.709 loading class java/io/SequenceInputStream done
Event: 3.721 loading class sun/nio/cs/ThreadLocalCoders
Event: 3.721 loading class sun/nio/cs/ThreadLocalCoders done
Event: 3.721 loading class sun/nio/cs/ThreadLocalCoders$1
Event: 3.721 loading class sun/nio/cs/ThreadLocalCoders$Cache
Event: 3.721 loading class sun/nio/cs/ThreadLocalCoders$Cache done
Event: 3.721 loading class sun/nio/cs/ThreadLocalCoders$1 done
Event: 3.721 loading class sun/nio/cs/ThreadLocalCoders$2
Event: 3.721 loading class sun/nio/cs/ThreadLocalCoders$2 done
Event: 3.814 loading class java/util/Vector$1
Event: 3.815 loading class java/util/Vector$1 done


Dynamic libraries:
0x00007ff700cd0000 - 0x00007ff700cde000 	c:\Users\MILU\.vscode\extensions\redhat.java-1.15.0-win32-x64\jre\17.0.6-win32-x86_64\bin\java.exe
0x00007ffccc840000 - 0x00007ffccca49000 	C:\WINDOWS\SYSTEM32\ntdll.dll
0x00007ffccb870000 - 0x00007ffccb92e000 	C:\WINDOWS\System32\KERNEL32.DLL
0x00007ffcca050000 - 0x00007ffcca3cc000 	C:\WINDOWS\System32\KERNELBASE.dll
0x00007ffcca4e0000 - 0x00007ffcca5f1000 	C:\WINDOWS\System32\ucrtbase.dll
0x00007ffcbd860000 - 0x00007ffcbd877000 	c:\Users\MILU\.vscode\extensions\redhat.java-1.15.0-win32-x64\jre\17.0.6-win32-x86_64\bin\jli.dll
0x00007ffccbdb0000 - 0x00007ffccbf5d000 	C:\WINDOWS\System32\USER32.dll
0x00007ffcc9d90000 - 0x00007ffcc9db6000 	C:\WINDOWS\System32\win32u.dll
0x00007ffcbd880000 - 0x00007ffcbd899000 	c:\Users\MILU\.vscode\extensions\redhat.java-1.15.0-win32-x64\jre\17.0.6-win32-x86_64\bin\VCRUNTIME140.dll
0x00007ffccadb0000 - 0x00007ffccadd9000 	C:\WINDOWS\System32\GDI32.dll
0x00007ffcc9dc0000 - 0x00007ffcc9ed8000 	C:\WINDOWS\System32\gdi32full.dll
0x00007ffcca440000 - 0x00007ffcca4dd000 	C:\WINDOWS\System32\msvcp_win.dll
0x00007ffcb7ca0000 - 0x00007ffcb7f45000 	C:\WINDOWS\WinSxS\amd64_microsoft.windows.common-controls_6595b64144ccf1df_6.0.22000.120_none_9d947278b86cc467\COMCTL32.dll
0x00007ffccad00000 - 0x00007ffccada3000 	C:\WINDOWS\System32\msvcrt.dll
0x00007ffccaeb0000 - 0x00007ffccaee2000 	C:\WINDOWS\System32\IMM32.DLL
0x00007ffcb64a0000 - 0x00007ffcb64ac000 	c:\Users\MILU\.vscode\extensions\redhat.java-1.15.0-win32-x64\jre\17.0.6-win32-x86_64\bin\vcruntime140_1.dll
0x00007ffc7f640000 - 0x00007ffc7f6d1000 	c:\Users\MILU\.vscode\extensions\redhat.java-1.15.0-win32-x64\jre\17.0.6-win32-x86_64\bin\msvcp140.dll
0x00007ffc47b00000 - 0x00007ffc48747000 	c:\Users\MILU\.vscode\extensions\redhat.java-1.15.0-win32-x64\jre\17.0.6-win32-x86_64\bin\server\jvm.dll
0x00007ffccaf80000 - 0x00007ffccb02e000 	C:\WINDOWS\System32\ADVAPI32.dll
0x00007ffccc080000 - 0x00007ffccc11e000 	C:\WINDOWS\System32\sechost.dll
0x00007ffcca7c0000 - 0x00007ffcca8e0000 	C:\WINDOWS\System32\RPCRT4.dll
0x00007ffca39e0000 - 0x00007ffca39e9000 	C:\WINDOWS\SYSTEM32\WSOCK32.dll
0x00007ffccc320000 - 0x00007ffccc38f000 	C:\WINDOWS\System32\WS2_32.dll
0x00007ffcba4b0000 - 0x00007ffcba4e3000 	C:\WINDOWS\SYSTEM32\WINMM.dll
0x00007ffcc09d0000 - 0x00007ffcc09da000 	C:\WINDOWS\SYSTEM32\VERSION.dll
0x00007ffcc8d50000 - 0x00007ffcc8d68000 	C:\WINDOWS\SYSTEM32\kernel.appcore.dll
0x00007ffcb29c0000 - 0x00007ffcb29ca000 	c:\Users\MILU\.vscode\extensions\redhat.java-1.15.0-win32-x64\jre\17.0.6-win32-x86_64\bin\jimage.dll
0x00007ffcc76f0000 - 0x00007ffcc7911000 	C:\WINDOWS\SYSTEM32\DBGHELP.DLL
0x00007ffcb96e0000 - 0x00007ffcb9711000 	C:\WINDOWS\SYSTEM32\dbgcore.DLL
0x00007ffcc9d10000 - 0x00007ffcc9d8f000 	C:\WINDOWS\System32\bcryptPrimitives.dll
0x00007ffcb29b0000 - 0x00007ffcb29be000 	c:\Users\MILU\.vscode\extensions\redhat.java-1.15.0-win32-x64\jre\17.0.6-win32-x86_64\bin\instrument.dll
0x00007ffcb2690000 - 0x00007ffcb26b5000 	c:\Users\MILU\.vscode\extensions\redhat.java-1.15.0-win32-x64\jre\17.0.6-win32-x86_64\bin\java.dll
0x00007ffcaadf0000 - 0x00007ffcaae08000 	c:\Users\MILU\.vscode\extensions\redhat.java-1.15.0-win32-x64\jre\17.0.6-win32-x86_64\bin\zip.dll
0x00007ffccb030000 - 0x00007ffccb7f5000 	C:\WINDOWS\System32\SHELL32.dll
0x00007ffcc7dc0000 - 0x00007ffcc8625000 	C:\WINDOWS\SYSTEM32\windows.storage.dll
0x00007ffcca8e0000 - 0x00007ffccac58000 	C:\WINDOWS\System32\combase.dll
0x00007ffcc7c50000 - 0x00007ffcc7db6000 	C:\WINDOWS\SYSTEM32\wintypes.dll
0x00007ffccbcc0000 - 0x00007ffccbdaa000 	C:\WINDOWS\System32\SHCORE.dll
0x00007ffccc120000 - 0x00007ffccc17d000 	C:\WINDOWS\System32\shlwapi.dll
0x00007ffcc9c40000 - 0x00007ffcc9c61000 	C:\WINDOWS\SYSTEM32\profapi.dll
0x00007ffcc4aa0000 - 0x00007ffcc4ab9000 	C:\Users\MILU\.vscode\extensions\redhat.java-1.15.0-win32-x64\jre\17.0.6-win32-x86_64\bin\net.dll
0x00007ffcc40b0000 - 0x00007ffcc41c4000 	C:\WINDOWS\SYSTEM32\WINHTTP.dll
0x00007ffcc9250000 - 0x00007ffcc92b7000 	C:\WINDOWS\system32\mswsock.dll
0x00007ffca86e0000 - 0x00007ffca86f5000 	C:\Users\MILU\.vscode\extensions\redhat.java-1.15.0-win32-x64\jre\17.0.6-win32-x86_64\bin\nio.dll
0x00007ffcc4a90000 - 0x00007ffcc4aa0000 	c:\Users\MILU\.vscode\extensions\redhat.java-1.15.0-win32-x64\jre\17.0.6-win32-x86_64\bin\verify.dll
0x00007ffc9a6c0000 - 0x00007ffc9a6fe000 	C:\Users\MILU\AppData\Roaming\Code\User\globalStorage\redhat.java\1.15.0\config_win\org.eclipse.equinox.launcher\org.eclipse.equinox.launcher.win32.win32.x86_64_1.2.700.v20221108-1024\eclipse_11801.dll
0x00007ffccc180000 - 0x00007ffccc31a000 	C:\WINDOWS\System32\ole32.dll
0x00007ffcc95b0000 - 0x00007ffcc95c8000 	C:\WINDOWS\SYSTEM32\CRYPTSP.dll
0x00007ffcc8cb0000 - 0x00007ffcc8ce5000 	C:\WINDOWS\system32\rsaenh.dll
0x00007ffcc9320000 - 0x00007ffcc9349000 	C:\WINDOWS\SYSTEM32\USERENV.dll
0x00007ffcc96f0000 - 0x00007ffcc9717000 	C:\WINDOWS\SYSTEM32\bcrypt.dll
0x00007ffcc9470000 - 0x00007ffcc947c000 	C:\WINDOWS\SYSTEM32\CRYPTBASE.dll
0x00007ffcc8880000 - 0x00007ffcc88ad000 	C:\WINDOWS\SYSTEM32\IPHLPAPI.DLL
0x00007ffcca7b0000 - 0x00007ffcca7b9000 	C:\WINDOWS\System32\NSI.dll
0x00007ffcc3e50000 - 0x00007ffcc3e69000 	C:\WINDOWS\SYSTEM32\dhcpcsvc6.DLL
0x00007ffcc56d0000 - 0x00007ffcc56ee000 	C:\WINDOWS\SYSTEM32\dhcpcsvc.DLL
0x00007ffcc88b0000 - 0x00007ffcc8998000 	C:\WINDOWS\SYSTEM32\DNSAPI.dll
0x00007ffc98010000 - 0x00007ffc98055000 	C:\Users\MILU\AppData\Local\Temp\jna-2366501\jna11956633765597434528.dll
0x00007ffccb860000 - 0x00007ffccb868000 	C:\WINDOWS\System32\PSAPI.DLL
0x00007ffcb28d0000 - 0x00007ffcb28f7000 	C:\Users\MILU\.gradle\native\68d5fa5c4cc2d200863cafc0d521ce42e7d3e7ee720ec0a83991735586a16f82\windows-amd64\native-platform.dll
0x00007ffcb2680000 - 0x00007ffcb2689000 	C:\Users\MILU\.vscode\extensions\redhat.java-1.15.0-win32-x64\jre\17.0.6-win32-x86_64\bin\management.dll
0x00007ffcb0c60000 - 0x00007ffcb0c6b000 	C:\Users\MILU\.vscode\extensions\redhat.java-1.15.0-win32-x64\jre\17.0.6-win32-x86_64\bin\management_ext.dll
0x00007ffcad2c0000 - 0x00007ffcad2ce000 	C:\Users\MILU\.vscode\extensions\redhat.java-1.15.0-win32-x64\jre\17.0.6-win32-x86_64\bin\sunmscapi.dll
0x00007ffcc9ee0000 - 0x00007ffcca042000 	C:\WINDOWS\System32\CRYPT32.dll
0x00007ffcc96c0000 - 0x00007ffcc96e8000 	C:\WINDOWS\SYSTEM32\ncrypt.dll
0x00007ffcc9680000 - 0x00007ffcc96b7000 	C:\WINDOWS\SYSTEM32\NTASN1.dll
0x00007ffc92d70000 - 0x00007ffc92d78000 	C:\WINDOWS\system32\wshunix.dll

dbghelp: loaded successfully - version: 4.0.5 - missing functions: none
symbol engine: initialized successfully - sym options: 0x614 - pdb path: .;c:\Users\MILU\.vscode\extensions\redhat.java-1.15.0-win32-x64\jre\17.0.6-win32-x86_64\bin;C:\WINDOWS\SYSTEM32;C:\WINDOWS\WinSxS\amd64_microsoft.windows.common-controls_6595b64144ccf1df_6.0.22000.120_none_9d947278b86cc467;c:\Users\MILU\.vscode\extensions\redhat.java-1.15.0-win32-x64\jre\17.0.6-win32-x86_64\bin\server;C:\Users\MILU\AppData\Roaming\Code\User\globalStorage\redhat.java\1.15.0\config_win\org.eclipse.equinox.launcher\org.eclipse.equinox.launcher.win32.win32.x86_64_1.2.700.v20221108-1024;C:\Users\MILU\AppData\Local\Temp\jna-2366501;C:\Users\MILU\.gradle\native\68d5fa5c4cc2d200863cafc0d521ce42e7d3e7ee720ec0a83991735586a16f82\windows-amd64

VM Arguments:
jvm_args: --add-modules=ALL-SYSTEM --add-opens=java.base/java.util=ALL-UNNAMED --add-opens=java.base/java.lang=ALL-UNNAMED --add-opens=java.base/sun.nio.fs=ALL-UNNAMED -Declipse.application=org.eclipse.jdt.ls.core.id1 -Dosgi.bundles.defaultStartLevel=4 -Declipse.product=org.eclipse.jdt.ls.core.product -Djava.import.generatesMetadataFilesAtProjectRoot=false -Dfile.encoding=utf8 -XX:+UseParallelGC -XX:GCTimeRatio=4 -XX:AdaptiveSizePolicyWeight=90 -Dsun.zip.disableMemoryMapping=true -Xmx2G -Xms100m -Xlog:disable -javaagent:c:\Users\MILU\.vscode\extensions\redhat.java-1.15.0-win32-x64\lombok\lombok-1.18.24.jar -XX:+HeapDumpOnOutOfMemoryError -XX:HeapDumpPath=c:\Users\MILU\AppData\Roaming\Code\User\workspaceStorage\fc16c159672cfacfee64a0ca5a9c0ba6\redhat.java 
java_command: c:\Users\MILU\.vscode\extensions\redhat.java-1.15.0-win32-x64\server\plugins\org.eclipse.equinox.launcher_1.6.400.v20210924-0641.jar -configuration c:\Users\MILU\AppData\Roaming\Code\User\globalStorage\redhat.java\1.15.0\config_win -data c:\Users\MILU\AppData\Roaming\Code\User\workspaceStorage\fc16c159672cfacfee64a0ca5a9c0ba6\redhat.java\jdt_ws
java_class_path (initial): c:\Users\MILU\.vscode\extensions\redhat.java-1.15.0-win32-x64\server\plugins\org.eclipse.equinox.launcher_1.6.400.v20210924-0641.jar
Launcher Type: SUN_STANDARD

[Global flags]
    uintx AdaptiveSizePolicyWeight                 = 90                                        {product} {command line}
     intx CICompilerCount                          = 4                                         {product} {ergonomic}
    uintx GCTimeRatio                              = 4                                         {product} {command line}
     bool HeapDumpOnOutOfMemoryError               = true                                   {manageable} {command line}
    ccstr HeapDumpPath                             = c:\Users\MILU\AppData\Roaming\Code\User\workspaceStorage\fc16c159672cfacfee64a0ca5a9c0ba6\redhat.java         {manageable} {command line}
   size_t InitialHeapSize                          = 104857600                                 {product} {command line}
   size_t MaxHeapSize                              = 2147483648                                {product} {command line}
   size_t MaxNewSize                               = 715653120                                 {product} {ergonomic}
   size_t MinHeapDeltaBytes                        = 524288                                    {product} {ergonomic}
   size_t MinHeapSize                              = 104857600                                 {product} {command line}
   size_t NewSize                                  = 34603008                                  {product} {ergonomic}
    uintx NonNMethodCodeHeapSize                   = 5839372                                {pd product} {ergonomic}
    uintx NonProfiledCodeHeapSize                  = 122909434                              {pd product} {ergonomic}
   size_t OldSize                                  = 70254592                                  {product} {ergonomic}
    uintx ProfiledCodeHeapSize                     = 122909434                              {pd product} {ergonomic}
    uintx ReservedCodeCacheSize                    = 251658240                              {pd product} {ergonomic}
     bool SegmentedCodeCache                       = true                                      {product} {ergonomic}
   size_t SoftMaxHeapSize                          = 2147483648                             {manageable} {ergonomic}
     bool UseCompressedClassPointers               = true                           {product lp64_product} {ergonomic}
     bool UseCompressedOops                        = true                           {product lp64_product} {ergonomic}
     bool UseLargePagesIndividualAllocation        = false                                  {pd product} {ergonomic}
     bool UseParallelGC                            = true                                      {product} {command line}

Logging:
Log output configuration:
 #0: stdout all=off uptime,level,tags
 #1: stderr all=off uptime,level,tags

Environment Variables:
JAVA_HOME=C:\Program Files\Java\jdk1.8.0_351
PATH=C:\ffmpeg\bin;C:\Program Files (x86)\Common Files\Oracle\Java\javapath;C:\Program Files\Oculus\Support\oculus-runtime;c:\windows\system32;c:\windows;c:\windows\system32\wbem;c:\windows\system32\windowspowershell\v1.0\;c:\windows\system32\openssh\;C:\Program Files (x86)\NVIDIA Corporation\PhysX\Common;C:\Program Files\dotnet\;C:\WINDOWS\system32;C:\WINDOWS;C:\WINDOWS\System32\Wbem;C:\WINDOWS\System32\WindowsPowerShell\v1.0\;C:\WINDOWS\System32\OpenSSH\;C:\Program Files\NVIDIA Corporation\NVIDIA NvDLISR;C:\WINDOWS\system32;C:\WINDOWS;C:\WINDOWS\System32\Wbem;C:\WINDOWS\System32\WindowsPowerShell\v1.0\;C:\WINDOWS\System32\OpenSSH\;C:\Program Files\IDM Computer Solutions\UltraEdit;C:\Program Files\Git\cmd;C:\Program Files\Cloudflare\Cloudflare WARP\;C:\Program Files\Java\jdk1.8.0_351\bin;C:\Users\MILU\AppData\Local\Programs\Python\Python310\Scripts\;C:\Users\MILU\AppData\Local\Programs\Python\Python310\;C:\Cadence\SPB_17.2\OpenAccess\bin\win32\opt;C:\Cadence\SPB_17.2\tools\pcb\bin;C:\Cadence\SPB_17.2\tools\fet\bi;C:\Program Files\nodejs\;C:\Users\MILU\AppData\Local\Programs\Python\Python310\Scripts\;C:\Users\MILU\AppData\Local\Programs\Python\Python310\;C:\Cadence\SPB_17.2\OpenAccess\bin\win32\opt;C:\Cadence\SPB_17.2\tools\pcb\bin;C:\Cadence\SPB_17.2\tools\fet\bin;C:\Cadence\SPB_17.2\tools\Capture;C:\Cadence\SPB_17.2\tools\PSpice;C:\Cadence\SPB_17.2\tools\specctra\bin;C:\Cadence\SPB_17.2\tools\bin;C:\Users\MILU\AppData\Local\Microsoft\WindowsApps;C:\Program Files\Bandizip\;;C:\Users\MILU\AppData\Local\afreeca;C:\Users\MILU\AppData\Local\Programs\Microsoft VS Code\bin;C:\Program Files\JetBrains\IntelliJ IDEA Community Edition 2022.2.2\bin;;C:\Users\MILU\AppData\Local\Programs\Fiddler;C:\Users\MILU\.dotnet\tools;C:\Users\MILU\AppData\Roaming\npm
USERNAME=MILU
OS=Windows_NT
PROCESSOR_IDENTIFIER=AMD64 Family 25 Model 97 Stepping 2, AuthenticAMD
TMP=C:\Users\MILU\AppData\Local\Temp
TEMP=C:\Users\MILU\AppData\Local\Temp



---------------  S Y S T E M  ---------------

OS:
 Windows 11 , 64 bit Build 22000 (10.0.22000.1516)
OS uptime: 0 days 0:07 hours
Hyper-V role detected

CPU: total 12 (initial active 12) (12 cores per cpu, 2 threads per core) family 25 model 97 stepping 2 microcode 0x0, cx8, cmov, fxsr, ht, mmx, 3dnowpref, sse, sse2, sse3, ssse3, sse4a, sse4.1, sse4.2, popcnt, lzcnt, tsc, tscinvbit, avx, avx2, aes, erms, clmul, bmi1, bmi2, adx, avx512f, avx512dq, avx512cd, avx512bw, avx512vl, sha, fma, vzeroupper, avx512_vpopcntdq, avx512_vpclmulqdq, avx512_vaes, avx512_vnni, clflush, clflushopt, avx512_vbmi2, avx512_vbmi, hv

Memory: 4k page, system-wide physical 15516M (7195M free)
TotalPageFile size 15516M (AvailPageFile size 5M)
current process WorkingSet (physical memory assigned to process): 264M, peak: 265M
current process commit charge ("private bytes"): 365M, peak: 373M

vm_info: OpenJDK 64-Bit Server VM (17.0.6+10) for windows-amd64 JRE (17.0.6+10), built on Jan 18 2023 10:08:59 by "temurin" with MS VC++ 16.7 (VS2019)

END.
